[2024-03-04T04:25:43.524+0000] {processor.py:161} INFO - Started process (PID=38) to work on /opt/airflow/dags/kubedag.py
[2024-03-04T04:25:43.524+0000] {processor.py:830} INFO - Processing file /opt/airflow/dags/kubedag.py for tasks to queue
[2024-03-04T04:25:43.525+0000] {logging_mixin.py:188} INFO - [2024-03-04T04:25:43.525+0000] {dagbag.py:538} INFO - Filling up the DagBag from /opt/airflow/dags/kubedag.py
[2024-03-04T04:25:43.537+0000] {processor.py:840} INFO - DAG(s) 'my_kubernetes_dag' retrieved from /opt/airflow/dags/kubedag.py
[2024-03-04T04:25:43.562+0000] {logging_mixin.py:188} INFO - [2024-03-04T04:25:43.561+0000] {dag.py:3036} INFO - Sync 1 DAGs
[2024-03-04T04:25:43.585+0000] {logging_mixin.py:188} INFO - [2024-03-04T04:25:43.584+0000] {dag.py:3823} INFO - Setting next_dagrun for my_kubernetes_dag to None, run_after=None
[2024-03-04T04:25:43.602+0000] {processor.py:183} INFO - Processing /opt/airflow/dags/kubedag.py took 0.081 seconds
[2024-03-04T04:26:13.965+0000] {processor.py:161} INFO - Started process (PID=50) to work on /opt/airflow/dags/kubedag.py
[2024-03-04T04:26:13.967+0000] {processor.py:830} INFO - Processing file /opt/airflow/dags/kubedag.py for tasks to queue
[2024-03-04T04:26:13.968+0000] {logging_mixin.py:188} INFO - [2024-03-04T04:26:13.968+0000] {dagbag.py:538} INFO - Filling up the DagBag from /opt/airflow/dags/kubedag.py
[2024-03-04T04:26:13.975+0000] {processor.py:840} INFO - DAG(s) 'my_kubernetes_dag' retrieved from /opt/airflow/dags/kubedag.py
[2024-03-04T04:26:13.996+0000] {logging_mixin.py:188} INFO - [2024-03-04T04:26:13.996+0000] {dag.py:3036} INFO - Sync 1 DAGs
[2024-03-04T04:26:14.019+0000] {logging_mixin.py:188} INFO - [2024-03-04T04:26:14.019+0000] {dag.py:3823} INFO - Setting next_dagrun for my_kubernetes_dag to None, run_after=None
[2024-03-04T04:26:14.035+0000] {processor.py:183} INFO - Processing /opt/airflow/dags/kubedag.py took 0.073 seconds
[2024-03-04T04:26:44.306+0000] {processor.py:161} INFO - Started process (PID=62) to work on /opt/airflow/dags/kubedag.py
[2024-03-04T04:26:44.308+0000] {processor.py:830} INFO - Processing file /opt/airflow/dags/kubedag.py for tasks to queue
[2024-03-04T04:26:44.309+0000] {logging_mixin.py:188} INFO - [2024-03-04T04:26:44.309+0000] {dagbag.py:538} INFO - Filling up the DagBag from /opt/airflow/dags/kubedag.py
[2024-03-04T04:26:44.316+0000] {processor.py:840} INFO - DAG(s) 'my_kubernetes_dag' retrieved from /opt/airflow/dags/kubedag.py
[2024-03-04T04:26:44.335+0000] {logging_mixin.py:188} INFO - [2024-03-04T04:26:44.335+0000] {dag.py:3036} INFO - Sync 1 DAGs
[2024-03-04T04:26:44.355+0000] {logging_mixin.py:188} INFO - [2024-03-04T04:26:44.355+0000] {dag.py:3823} INFO - Setting next_dagrun for my_kubernetes_dag to None, run_after=None
[2024-03-04T04:26:44.371+0000] {processor.py:183} INFO - Processing /opt/airflow/dags/kubedag.py took 0.068 seconds
[2024-03-04T04:27:14.701+0000] {processor.py:161} INFO - Started process (PID=74) to work on /opt/airflow/dags/kubedag.py
[2024-03-04T04:27:14.703+0000] {processor.py:830} INFO - Processing file /opt/airflow/dags/kubedag.py for tasks to queue
[2024-03-04T04:27:14.704+0000] {logging_mixin.py:188} INFO - [2024-03-04T04:27:14.704+0000] {dagbag.py:538} INFO - Filling up the DagBag from /opt/airflow/dags/kubedag.py
[2024-03-04T04:27:14.710+0000] {processor.py:840} INFO - DAG(s) 'my_kubernetes_dag' retrieved from /opt/airflow/dags/kubedag.py
[2024-03-04T04:27:14.728+0000] {logging_mixin.py:188} INFO - [2024-03-04T04:27:14.728+0000] {dag.py:3036} INFO - Sync 1 DAGs
[2024-03-04T04:27:14.744+0000] {logging_mixin.py:188} INFO - [2024-03-04T04:27:14.744+0000] {dag.py:3823} INFO - Setting next_dagrun for my_kubernetes_dag to None, run_after=None
[2024-03-04T04:27:14.758+0000] {processor.py:183} INFO - Processing /opt/airflow/dags/kubedag.py took 0.059 seconds
[2024-03-04T04:27:45.102+0000] {processor.py:161} INFO - Started process (PID=86) to work on /opt/airflow/dags/kubedag.py
[2024-03-04T04:27:45.104+0000] {processor.py:830} INFO - Processing file /opt/airflow/dags/kubedag.py for tasks to queue
[2024-03-04T04:27:45.106+0000] {logging_mixin.py:188} INFO - [2024-03-04T04:27:45.105+0000] {dagbag.py:538} INFO - Filling up the DagBag from /opt/airflow/dags/kubedag.py
[2024-03-04T04:27:45.111+0000] {processor.py:840} INFO - DAG(s) 'my_kubernetes_dag' retrieved from /opt/airflow/dags/kubedag.py
[2024-03-04T04:27:45.131+0000] {logging_mixin.py:188} INFO - [2024-03-04T04:27:45.131+0000] {dag.py:3036} INFO - Sync 1 DAGs
[2024-03-04T04:27:45.146+0000] {logging_mixin.py:188} INFO - [2024-03-04T04:27:45.145+0000] {dag.py:3823} INFO - Setting next_dagrun for my_kubernetes_dag to None, run_after=None
[2024-03-04T04:27:45.157+0000] {processor.py:183} INFO - Processing /opt/airflow/dags/kubedag.py took 0.057 seconds
[2024-03-04T04:28:15.491+0000] {processor.py:161} INFO - Started process (PID=98) to work on /opt/airflow/dags/kubedag.py
[2024-03-04T04:28:15.494+0000] {processor.py:830} INFO - Processing file /opt/airflow/dags/kubedag.py for tasks to queue
[2024-03-04T04:28:15.495+0000] {logging_mixin.py:188} INFO - [2024-03-04T04:28:15.495+0000] {dagbag.py:538} INFO - Filling up the DagBag from /opt/airflow/dags/kubedag.py
[2024-03-04T04:28:15.500+0000] {processor.py:840} INFO - DAG(s) 'my_kubernetes_dag' retrieved from /opt/airflow/dags/kubedag.py
[2024-03-04T04:28:15.519+0000] {logging_mixin.py:188} INFO - [2024-03-04T04:28:15.518+0000] {dag.py:3036} INFO - Sync 1 DAGs
[2024-03-04T04:28:15.538+0000] {logging_mixin.py:188} INFO - [2024-03-04T04:28:15.538+0000] {dag.py:3823} INFO - Setting next_dagrun for my_kubernetes_dag to None, run_after=None
[2024-03-04T04:28:15.556+0000] {processor.py:183} INFO - Processing /opt/airflow/dags/kubedag.py took 0.068 seconds
[2024-03-04T04:28:45.870+0000] {processor.py:161} INFO - Started process (PID=110) to work on /opt/airflow/dags/kubedag.py
[2024-03-04T04:28:45.871+0000] {processor.py:830} INFO - Processing file /opt/airflow/dags/kubedag.py for tasks to queue
[2024-03-04T04:28:45.872+0000] {logging_mixin.py:188} INFO - [2024-03-04T04:28:45.871+0000] {dagbag.py:538} INFO - Filling up the DagBag from /opt/airflow/dags/kubedag.py
[2024-03-04T04:28:45.877+0000] {processor.py:840} INFO - DAG(s) 'my_kubernetes_dag' retrieved from /opt/airflow/dags/kubedag.py
[2024-03-04T04:28:45.894+0000] {logging_mixin.py:188} INFO - [2024-03-04T04:28:45.894+0000] {dag.py:3036} INFO - Sync 1 DAGs
[2024-03-04T04:28:45.913+0000] {logging_mixin.py:188} INFO - [2024-03-04T04:28:45.913+0000] {dag.py:3823} INFO - Setting next_dagrun for my_kubernetes_dag to None, run_after=None
[2024-03-04T04:28:45.929+0000] {processor.py:183} INFO - Processing /opt/airflow/dags/kubedag.py took 0.061 seconds
[2024-03-04T04:29:16.259+0000] {processor.py:161} INFO - Started process (PID=122) to work on /opt/airflow/dags/kubedag.py
[2024-03-04T04:29:16.261+0000] {processor.py:830} INFO - Processing file /opt/airflow/dags/kubedag.py for tasks to queue
[2024-03-04T04:29:16.263+0000] {logging_mixin.py:188} INFO - [2024-03-04T04:29:16.263+0000] {dagbag.py:538} INFO - Filling up the DagBag from /opt/airflow/dags/kubedag.py
[2024-03-04T04:29:16.270+0000] {processor.py:840} INFO - DAG(s) 'my_kubernetes_dag' retrieved from /opt/airflow/dags/kubedag.py
[2024-03-04T04:29:16.288+0000] {logging_mixin.py:188} INFO - [2024-03-04T04:29:16.288+0000] {dag.py:3036} INFO - Sync 1 DAGs
[2024-03-04T04:29:16.305+0000] {logging_mixin.py:188} INFO - [2024-03-04T04:29:16.304+0000] {dag.py:3823} INFO - Setting next_dagrun for my_kubernetes_dag to None, run_after=None
[2024-03-04T04:29:16.317+0000] {processor.py:183} INFO - Processing /opt/airflow/dags/kubedag.py took 0.060 seconds
[2024-03-04T04:29:46.650+0000] {processor.py:161} INFO - Started process (PID=134) to work on /opt/airflow/dags/kubedag.py
[2024-03-04T04:29:46.652+0000] {processor.py:830} INFO - Processing file /opt/airflow/dags/kubedag.py for tasks to queue
[2024-03-04T04:29:46.653+0000] {logging_mixin.py:188} INFO - [2024-03-04T04:29:46.653+0000] {dagbag.py:538} INFO - Filling up the DagBag from /opt/airflow/dags/kubedag.py
[2024-03-04T04:29:46.658+0000] {processor.py:840} INFO - DAG(s) 'my_kubernetes_dag' retrieved from /opt/airflow/dags/kubedag.py
[2024-03-04T04:29:46.675+0000] {logging_mixin.py:188} INFO - [2024-03-04T04:29:46.675+0000] {dag.py:3036} INFO - Sync 1 DAGs
[2024-03-04T04:29:46.690+0000] {logging_mixin.py:188} INFO - [2024-03-04T04:29:46.690+0000] {dag.py:3823} INFO - Setting next_dagrun for my_kubernetes_dag to None, run_after=None
[2024-03-04T04:29:46.705+0000] {processor.py:183} INFO - Processing /opt/airflow/dags/kubedag.py took 0.057 seconds
[2024-03-04T04:30:17.085+0000] {processor.py:161} INFO - Started process (PID=146) to work on /opt/airflow/dags/kubedag.py
[2024-03-04T04:30:17.091+0000] {processor.py:830} INFO - Processing file /opt/airflow/dags/kubedag.py for tasks to queue
[2024-03-04T04:30:17.100+0000] {logging_mixin.py:188} INFO - [2024-03-04T04:30:17.098+0000] {dagbag.py:538} INFO - Filling up the DagBag from /opt/airflow/dags/kubedag.py
[2024-03-04T04:30:17.148+0000] {processor.py:840} INFO - DAG(s) 'my_kubernetes_dag' retrieved from /opt/airflow/dags/kubedag.py
[2024-03-04T04:30:17.287+0000] {logging_mixin.py:188} INFO - [2024-03-04T04:30:17.286+0000] {dag.py:3036} INFO - Sync 1 DAGs
[2024-03-04T04:30:17.394+0000] {logging_mixin.py:188} INFO - [2024-03-04T04:30:17.394+0000] {dag.py:3823} INFO - Setting next_dagrun for my_kubernetes_dag to None, run_after=None
[2024-03-04T04:30:17.459+0000] {processor.py:183} INFO - Processing /opt/airflow/dags/kubedag.py took 0.390 seconds
[2024-03-04T04:30:47.942+0000] {processor.py:161} INFO - Started process (PID=158) to work on /opt/airflow/dags/kubedag.py
[2024-03-04T04:30:47.944+0000] {processor.py:830} INFO - Processing file /opt/airflow/dags/kubedag.py for tasks to queue
[2024-03-04T04:30:47.945+0000] {logging_mixin.py:188} INFO - [2024-03-04T04:30:47.945+0000] {dagbag.py:538} INFO - Filling up the DagBag from /opt/airflow/dags/kubedag.py
[2024-03-04T04:30:47.952+0000] {processor.py:840} INFO - DAG(s) 'my_kubernetes_dag' retrieved from /opt/airflow/dags/kubedag.py
[2024-03-04T04:30:47.969+0000] {logging_mixin.py:188} INFO - [2024-03-04T04:30:47.969+0000] {dag.py:3036} INFO - Sync 1 DAGs
[2024-03-04T04:30:47.985+0000] {logging_mixin.py:188} INFO - [2024-03-04T04:30:47.985+0000] {dag.py:3823} INFO - Setting next_dagrun for my_kubernetes_dag to None, run_after=None
[2024-03-04T04:30:47.998+0000] {processor.py:183} INFO - Processing /opt/airflow/dags/kubedag.py took 0.060 seconds
[2024-03-04T04:31:18.311+0000] {processor.py:161} INFO - Started process (PID=170) to work on /opt/airflow/dags/kubedag.py
[2024-03-04T04:31:18.312+0000] {processor.py:830} INFO - Processing file /opt/airflow/dags/kubedag.py for tasks to queue
[2024-03-04T04:31:18.314+0000] {logging_mixin.py:188} INFO - [2024-03-04T04:31:18.314+0000] {dagbag.py:538} INFO - Filling up the DagBag from /opt/airflow/dags/kubedag.py
[2024-03-04T04:31:18.320+0000] {processor.py:840} INFO - DAG(s) 'my_kubernetes_dag' retrieved from /opt/airflow/dags/kubedag.py
[2024-03-04T04:31:18.335+0000] {logging_mixin.py:188} INFO - [2024-03-04T04:31:18.335+0000] {dag.py:3036} INFO - Sync 1 DAGs
[2024-03-04T04:31:18.351+0000] {logging_mixin.py:188} INFO - [2024-03-04T04:31:18.351+0000] {dag.py:3823} INFO - Setting next_dagrun for my_kubernetes_dag to None, run_after=None
[2024-03-04T04:31:18.362+0000] {processor.py:183} INFO - Processing /opt/airflow/dags/kubedag.py took 0.053 seconds
[2024-03-04T04:31:48.669+0000] {processor.py:161} INFO - Started process (PID=182) to work on /opt/airflow/dags/kubedag.py
[2024-03-04T04:31:48.671+0000] {processor.py:830} INFO - Processing file /opt/airflow/dags/kubedag.py for tasks to queue
[2024-03-04T04:31:48.673+0000] {logging_mixin.py:188} INFO - [2024-03-04T04:31:48.672+0000] {dagbag.py:538} INFO - Filling up the DagBag from /opt/airflow/dags/kubedag.py
[2024-03-04T04:31:48.678+0000] {processor.py:840} INFO - DAG(s) 'my_kubernetes_dag' retrieved from /opt/airflow/dags/kubedag.py
[2024-03-04T04:31:48.694+0000] {logging_mixin.py:188} INFO - [2024-03-04T04:31:48.694+0000] {dag.py:3036} INFO - Sync 1 DAGs
[2024-03-04T04:31:48.710+0000] {logging_mixin.py:188} INFO - [2024-03-04T04:31:48.709+0000] {dag.py:3823} INFO - Setting next_dagrun for my_kubernetes_dag to None, run_after=None
[2024-03-04T04:31:48.727+0000] {processor.py:183} INFO - Processing /opt/airflow/dags/kubedag.py took 0.060 seconds
[2024-03-04T04:32:19.055+0000] {processor.py:161} INFO - Started process (PID=194) to work on /opt/airflow/dags/kubedag.py
[2024-03-04T04:32:19.056+0000] {processor.py:830} INFO - Processing file /opt/airflow/dags/kubedag.py for tasks to queue
[2024-03-04T04:32:19.057+0000] {logging_mixin.py:188} INFO - [2024-03-04T04:32:19.057+0000] {dagbag.py:538} INFO - Filling up the DagBag from /opt/airflow/dags/kubedag.py
[2024-03-04T04:32:19.063+0000] {processor.py:840} INFO - DAG(s) 'my_kubernetes_dag' retrieved from /opt/airflow/dags/kubedag.py
[2024-03-04T04:32:19.080+0000] {logging_mixin.py:188} INFO - [2024-03-04T04:32:19.080+0000] {dag.py:3036} INFO - Sync 1 DAGs
[2024-03-04T04:32:19.096+0000] {logging_mixin.py:188} INFO - [2024-03-04T04:32:19.095+0000] {dag.py:3823} INFO - Setting next_dagrun for my_kubernetes_dag to None, run_after=None
[2024-03-04T04:32:19.108+0000] {processor.py:183} INFO - Processing /opt/airflow/dags/kubedag.py took 0.056 seconds
[2024-03-04T04:32:49.445+0000] {processor.py:161} INFO - Started process (PID=206) to work on /opt/airflow/dags/kubedag.py
[2024-03-04T04:32:49.447+0000] {processor.py:830} INFO - Processing file /opt/airflow/dags/kubedag.py for tasks to queue
[2024-03-04T04:32:49.448+0000] {logging_mixin.py:188} INFO - [2024-03-04T04:32:49.448+0000] {dagbag.py:538} INFO - Filling up the DagBag from /opt/airflow/dags/kubedag.py
[2024-03-04T04:32:49.456+0000] {processor.py:840} INFO - DAG(s) 'my_kubernetes_dag' retrieved from /opt/airflow/dags/kubedag.py
[2024-03-04T04:32:49.474+0000] {logging_mixin.py:188} INFO - [2024-03-04T04:32:49.474+0000] {dag.py:3036} INFO - Sync 1 DAGs
[2024-03-04T04:32:49.489+0000] {logging_mixin.py:188} INFO - [2024-03-04T04:32:49.489+0000] {dag.py:3823} INFO - Setting next_dagrun for my_kubernetes_dag to None, run_after=None
[2024-03-04T04:32:49.503+0000] {processor.py:183} INFO - Processing /opt/airflow/dags/kubedag.py took 0.060 seconds
[2024-03-04T04:33:19.831+0000] {processor.py:161} INFO - Started process (PID=218) to work on /opt/airflow/dags/kubedag.py
[2024-03-04T04:33:19.832+0000] {processor.py:830} INFO - Processing file /opt/airflow/dags/kubedag.py for tasks to queue
[2024-03-04T04:33:19.833+0000] {logging_mixin.py:188} INFO - [2024-03-04T04:33:19.833+0000] {dagbag.py:538} INFO - Filling up the DagBag from /opt/airflow/dags/kubedag.py
[2024-03-04T04:33:19.840+0000] {processor.py:840} INFO - DAG(s) 'my_kubernetes_dag' retrieved from /opt/airflow/dags/kubedag.py
[2024-03-04T04:33:19.871+0000] {logging_mixin.py:188} INFO - [2024-03-04T04:33:19.871+0000] {dag.py:3036} INFO - Sync 1 DAGs
[2024-03-04T04:33:19.892+0000] {logging_mixin.py:188} INFO - [2024-03-04T04:33:19.891+0000] {dag.py:3823} INFO - Setting next_dagrun for my_kubernetes_dag to None, run_after=None
[2024-03-04T04:33:19.907+0000] {processor.py:183} INFO - Processing /opt/airflow/dags/kubedag.py took 0.079 seconds
[2024-03-04T04:33:50.507+0000] {processor.py:161} INFO - Started process (PID=230) to work on /opt/airflow/dags/kubedag.py
[2024-03-04T04:33:50.509+0000] {processor.py:830} INFO - Processing file /opt/airflow/dags/kubedag.py for tasks to queue
[2024-03-04T04:33:50.510+0000] {logging_mixin.py:188} INFO - [2024-03-04T04:33:50.510+0000] {dagbag.py:538} INFO - Filling up the DagBag from /opt/airflow/dags/kubedag.py
[2024-03-04T04:33:50.515+0000] {processor.py:840} INFO - DAG(s) 'my_kubernetes_dag' retrieved from /opt/airflow/dags/kubedag.py
[2024-03-04T04:33:50.532+0000] {logging_mixin.py:188} INFO - [2024-03-04T04:33:50.532+0000] {dag.py:3036} INFO - Sync 1 DAGs
[2024-03-04T04:33:50.552+0000] {logging_mixin.py:188} INFO - [2024-03-04T04:33:50.552+0000] {dag.py:3823} INFO - Setting next_dagrun for my_kubernetes_dag to None, run_after=None
[2024-03-04T04:33:50.567+0000] {processor.py:183} INFO - Processing /opt/airflow/dags/kubedag.py took 0.063 seconds
[2024-03-04T04:34:20.905+0000] {processor.py:161} INFO - Started process (PID=242) to work on /opt/airflow/dags/kubedag.py
[2024-03-04T04:34:20.909+0000] {processor.py:830} INFO - Processing file /opt/airflow/dags/kubedag.py for tasks to queue
[2024-03-04T04:34:20.911+0000] {logging_mixin.py:188} INFO - [2024-03-04T04:34:20.911+0000] {dagbag.py:538} INFO - Filling up the DagBag from /opt/airflow/dags/kubedag.py
[2024-03-04T04:34:20.923+0000] {processor.py:840} INFO - DAG(s) 'my_kubernetes_dag' retrieved from /opt/airflow/dags/kubedag.py
[2024-03-04T04:34:20.948+0000] {logging_mixin.py:188} INFO - [2024-03-04T04:34:20.948+0000] {dag.py:3036} INFO - Sync 1 DAGs
[2024-03-04T04:34:20.975+0000] {logging_mixin.py:188} INFO - [2024-03-04T04:34:20.975+0000] {dag.py:3823} INFO - Setting next_dagrun for my_kubernetes_dag to None, run_after=None
[2024-03-04T04:34:21.009+0000] {processor.py:183} INFO - Processing /opt/airflow/dags/kubedag.py took 0.116 seconds
[2024-03-04T04:34:51.456+0000] {processor.py:161} INFO - Started process (PID=254) to work on /opt/airflow/dags/kubedag.py
[2024-03-04T04:34:51.457+0000] {processor.py:830} INFO - Processing file /opt/airflow/dags/kubedag.py for tasks to queue
[2024-03-04T04:34:51.458+0000] {logging_mixin.py:188} INFO - [2024-03-04T04:34:51.458+0000] {dagbag.py:538} INFO - Filling up the DagBag from /opt/airflow/dags/kubedag.py
[2024-03-04T04:34:51.464+0000] {processor.py:840} INFO - DAG(s) 'my_kubernetes_dag' retrieved from /opt/airflow/dags/kubedag.py
[2024-03-04T04:34:51.480+0000] {logging_mixin.py:188} INFO - [2024-03-04T04:34:51.480+0000] {dag.py:3036} INFO - Sync 1 DAGs
[2024-03-04T04:34:51.497+0000] {logging_mixin.py:188} INFO - [2024-03-04T04:34:51.496+0000] {dag.py:3823} INFO - Setting next_dagrun for my_kubernetes_dag to None, run_after=None
[2024-03-04T04:34:51.511+0000] {processor.py:183} INFO - Processing /opt/airflow/dags/kubedag.py took 0.058 seconds
[2024-03-04T04:35:21.825+0000] {processor.py:161} INFO - Started process (PID=266) to work on /opt/airflow/dags/kubedag.py
[2024-03-04T04:35:21.826+0000] {processor.py:830} INFO - Processing file /opt/airflow/dags/kubedag.py for tasks to queue
[2024-03-04T04:35:21.827+0000] {logging_mixin.py:188} INFO - [2024-03-04T04:35:21.826+0000] {dagbag.py:538} INFO - Filling up the DagBag from /opt/airflow/dags/kubedag.py
[2024-03-04T04:35:21.832+0000] {processor.py:840} INFO - DAG(s) 'my_kubernetes_dag' retrieved from /opt/airflow/dags/kubedag.py
[2024-03-04T04:35:21.849+0000] {logging_mixin.py:188} INFO - [2024-03-04T04:35:21.849+0000] {dag.py:3036} INFO - Sync 1 DAGs
[2024-03-04T04:35:21.867+0000] {logging_mixin.py:188} INFO - [2024-03-04T04:35:21.867+0000] {dag.py:3823} INFO - Setting next_dagrun for my_kubernetes_dag to None, run_after=None
[2024-03-04T04:35:21.887+0000] {processor.py:183} INFO - Processing /opt/airflow/dags/kubedag.py took 0.064 seconds
[2024-03-04T04:35:52.230+0000] {processor.py:161} INFO - Started process (PID=278) to work on /opt/airflow/dags/kubedag.py
[2024-03-04T04:35:52.231+0000] {processor.py:830} INFO - Processing file /opt/airflow/dags/kubedag.py for tasks to queue
[2024-03-04T04:35:52.233+0000] {logging_mixin.py:188} INFO - [2024-03-04T04:35:52.233+0000] {dagbag.py:538} INFO - Filling up the DagBag from /opt/airflow/dags/kubedag.py
[2024-03-04T04:35:52.242+0000] {processor.py:840} INFO - DAG(s) 'my_kubernetes_dag' retrieved from /opt/airflow/dags/kubedag.py
[2024-03-04T04:35:52.263+0000] {logging_mixin.py:188} INFO - [2024-03-04T04:35:52.262+0000] {dag.py:3036} INFO - Sync 1 DAGs
[2024-03-04T04:35:52.288+0000] {logging_mixin.py:188} INFO - [2024-03-04T04:35:52.287+0000] {dag.py:3823} INFO - Setting next_dagrun for my_kubernetes_dag to None, run_after=None
[2024-03-04T04:35:52.302+0000] {processor.py:183} INFO - Processing /opt/airflow/dags/kubedag.py took 0.074 seconds
[2024-03-04T04:36:22.704+0000] {processor.py:161} INFO - Started process (PID=290) to work on /opt/airflow/dags/kubedag.py
[2024-03-04T04:36:22.705+0000] {processor.py:830} INFO - Processing file /opt/airflow/dags/kubedag.py for tasks to queue
[2024-03-04T04:36:22.706+0000] {logging_mixin.py:188} INFO - [2024-03-04T04:36:22.706+0000] {dagbag.py:538} INFO - Filling up the DagBag from /opt/airflow/dags/kubedag.py
[2024-03-04T04:36:22.713+0000] {processor.py:840} INFO - DAG(s) 'my_kubernetes_dag' retrieved from /opt/airflow/dags/kubedag.py
[2024-03-04T04:36:22.732+0000] {logging_mixin.py:188} INFO - [2024-03-04T04:36:22.731+0000] {dag.py:3036} INFO - Sync 1 DAGs
[2024-03-04T04:36:22.756+0000] {logging_mixin.py:188} INFO - [2024-03-04T04:36:22.755+0000] {dag.py:3823} INFO - Setting next_dagrun for my_kubernetes_dag to None, run_after=None
[2024-03-04T04:36:22.771+0000] {processor.py:183} INFO - Processing /opt/airflow/dags/kubedag.py took 0.069 seconds
[2024-03-04T04:36:53.041+0000] {processor.py:161} INFO - Started process (PID=302) to work on /opt/airflow/dags/kubedag.py
[2024-03-04T04:36:53.043+0000] {processor.py:830} INFO - Processing file /opt/airflow/dags/kubedag.py for tasks to queue
[2024-03-04T04:36:53.046+0000] {logging_mixin.py:188} INFO - [2024-03-04T04:36:53.045+0000] {dagbag.py:538} INFO - Filling up the DagBag from /opt/airflow/dags/kubedag.py
[2024-03-04T04:36:53.056+0000] {processor.py:840} INFO - DAG(s) 'my_kubernetes_dag' retrieved from /opt/airflow/dags/kubedag.py
[2024-03-04T04:36:53.074+0000] {logging_mixin.py:188} INFO - [2024-03-04T04:36:53.074+0000] {dag.py:3036} INFO - Sync 1 DAGs
[2024-03-04T04:36:53.095+0000] {logging_mixin.py:188} INFO - [2024-03-04T04:36:53.095+0000] {dag.py:3823} INFO - Setting next_dagrun for my_kubernetes_dag to None, run_after=None
[2024-03-04T04:36:53.110+0000] {processor.py:183} INFO - Processing /opt/airflow/dags/kubedag.py took 0.072 seconds
[2024-03-04T04:37:23.434+0000] {processor.py:161} INFO - Started process (PID=314) to work on /opt/airflow/dags/kubedag.py
[2024-03-04T04:37:23.435+0000] {processor.py:830} INFO - Processing file /opt/airflow/dags/kubedag.py for tasks to queue
[2024-03-04T04:37:23.436+0000] {logging_mixin.py:188} INFO - [2024-03-04T04:37:23.436+0000] {dagbag.py:538} INFO - Filling up the DagBag from /opt/airflow/dags/kubedag.py
[2024-03-04T04:37:23.442+0000] {processor.py:840} INFO - DAG(s) 'my_kubernetes_dag' retrieved from /opt/airflow/dags/kubedag.py
[2024-03-04T04:37:23.465+0000] {logging_mixin.py:188} INFO - [2024-03-04T04:37:23.465+0000] {dag.py:3036} INFO - Sync 1 DAGs
[2024-03-04T04:37:23.492+0000] {logging_mixin.py:188} INFO - [2024-03-04T04:37:23.492+0000] {dag.py:3823} INFO - Setting next_dagrun for my_kubernetes_dag to None, run_after=None
[2024-03-04T04:37:23.505+0000] {processor.py:183} INFO - Processing /opt/airflow/dags/kubedag.py took 0.072 seconds
[2024-03-04T04:37:53.854+0000] {processor.py:161} INFO - Started process (PID=326) to work on /opt/airflow/dags/kubedag.py
[2024-03-04T04:37:53.856+0000] {processor.py:830} INFO - Processing file /opt/airflow/dags/kubedag.py for tasks to queue
[2024-03-04T04:37:53.858+0000] {logging_mixin.py:188} INFO - [2024-03-04T04:37:53.858+0000] {dagbag.py:538} INFO - Filling up the DagBag from /opt/airflow/dags/kubedag.py
[2024-03-04T04:37:53.865+0000] {processor.py:840} INFO - DAG(s) 'my_kubernetes_dag' retrieved from /opt/airflow/dags/kubedag.py
[2024-03-04T04:37:53.885+0000] {logging_mixin.py:188} INFO - [2024-03-04T04:37:53.885+0000] {dag.py:3036} INFO - Sync 1 DAGs
[2024-03-04T04:37:53.904+0000] {logging_mixin.py:188} INFO - [2024-03-04T04:37:53.904+0000] {dag.py:3823} INFO - Setting next_dagrun for my_kubernetes_dag to None, run_after=None
[2024-03-04T04:37:53.919+0000] {processor.py:183} INFO - Processing /opt/airflow/dags/kubedag.py took 0.067 seconds
[2024-03-04T04:38:24.233+0000] {processor.py:161} INFO - Started process (PID=338) to work on /opt/airflow/dags/kubedag.py
[2024-03-04T04:38:24.235+0000] {processor.py:830} INFO - Processing file /opt/airflow/dags/kubedag.py for tasks to queue
[2024-03-04T04:38:24.236+0000] {logging_mixin.py:188} INFO - [2024-03-04T04:38:24.236+0000] {dagbag.py:538} INFO - Filling up the DagBag from /opt/airflow/dags/kubedag.py
[2024-03-04T04:38:24.243+0000] {processor.py:840} INFO - DAG(s) 'my_kubernetes_dag' retrieved from /opt/airflow/dags/kubedag.py
[2024-03-04T04:38:24.261+0000] {logging_mixin.py:188} INFO - [2024-03-04T04:38:24.261+0000] {dag.py:3036} INFO - Sync 1 DAGs
[2024-03-04T04:38:24.277+0000] {logging_mixin.py:188} INFO - [2024-03-04T04:38:24.277+0000] {dag.py:3823} INFO - Setting next_dagrun for my_kubernetes_dag to None, run_after=None
[2024-03-04T04:38:24.291+0000] {processor.py:183} INFO - Processing /opt/airflow/dags/kubedag.py took 0.060 seconds
[2024-03-04T04:38:54.673+0000] {processor.py:161} INFO - Started process (PID=350) to work on /opt/airflow/dags/kubedag.py
[2024-03-04T04:38:54.678+0000] {processor.py:830} INFO - Processing file /opt/airflow/dags/kubedag.py for tasks to queue
[2024-03-04T04:38:54.685+0000] {logging_mixin.py:188} INFO - [2024-03-04T04:38:54.685+0000] {dagbag.py:538} INFO - Filling up the DagBag from /opt/airflow/dags/kubedag.py
[2024-03-04T04:38:54.713+0000] {processor.py:840} INFO - DAG(s) 'my_kubernetes_dag' retrieved from /opt/airflow/dags/kubedag.py
[2024-03-04T04:38:54.819+0000] {logging_mixin.py:188} INFO - [2024-03-04T04:38:54.817+0000] {dag.py:3036} INFO - Sync 1 DAGs
[2024-03-04T04:38:54.909+0000] {logging_mixin.py:188} INFO - [2024-03-04T04:38:54.909+0000] {dag.py:3823} INFO - Setting next_dagrun for my_kubernetes_dag to None, run_after=None
[2024-03-04T04:38:54.924+0000] {processor.py:183} INFO - Processing /opt/airflow/dags/kubedag.py took 0.265 seconds
[2024-03-04T04:39:25.298+0000] {processor.py:161} INFO - Started process (PID=362) to work on /opt/airflow/dags/kubedag.py
[2024-03-04T04:39:25.299+0000] {processor.py:830} INFO - Processing file /opt/airflow/dags/kubedag.py for tasks to queue
[2024-03-04T04:39:25.300+0000] {logging_mixin.py:188} INFO - [2024-03-04T04:39:25.300+0000] {dagbag.py:538} INFO - Filling up the DagBag from /opt/airflow/dags/kubedag.py
[2024-03-04T04:39:25.309+0000] {processor.py:840} INFO - DAG(s) 'my_kubernetes_dag' retrieved from /opt/airflow/dags/kubedag.py
[2024-03-04T04:39:25.337+0000] {logging_mixin.py:188} INFO - [2024-03-04T04:39:25.336+0000] {dag.py:3036} INFO - Sync 1 DAGs
[2024-03-04T04:39:25.365+0000] {logging_mixin.py:188} INFO - [2024-03-04T04:39:25.365+0000] {dag.py:3823} INFO - Setting next_dagrun for my_kubernetes_dag to None, run_after=None
[2024-03-04T04:39:25.401+0000] {processor.py:183} INFO - Processing /opt/airflow/dags/kubedag.py took 0.106 seconds
[2024-03-04T04:39:55.772+0000] {processor.py:161} INFO - Started process (PID=374) to work on /opt/airflow/dags/kubedag.py
[2024-03-04T04:39:55.774+0000] {processor.py:830} INFO - Processing file /opt/airflow/dags/kubedag.py for tasks to queue
[2024-03-04T04:39:55.776+0000] {logging_mixin.py:188} INFO - [2024-03-04T04:39:55.775+0000] {dagbag.py:538} INFO - Filling up the DagBag from /opt/airflow/dags/kubedag.py
[2024-03-04T04:39:55.781+0000] {processor.py:840} INFO - DAG(s) 'my_kubernetes_dag' retrieved from /opt/airflow/dags/kubedag.py
[2024-03-04T04:39:55.798+0000] {logging_mixin.py:188} INFO - [2024-03-04T04:39:55.798+0000] {dag.py:3036} INFO - Sync 1 DAGs
[2024-03-04T04:39:55.814+0000] {logging_mixin.py:188} INFO - [2024-03-04T04:39:55.814+0000] {dag.py:3823} INFO - Setting next_dagrun for my_kubernetes_dag to None, run_after=None
[2024-03-04T04:39:55.830+0000] {processor.py:183} INFO - Processing /opt/airflow/dags/kubedag.py took 0.061 seconds
[2024-03-04T04:40:26.141+0000] {processor.py:161} INFO - Started process (PID=386) to work on /opt/airflow/dags/kubedag.py
[2024-03-04T04:40:26.143+0000] {processor.py:830} INFO - Processing file /opt/airflow/dags/kubedag.py for tasks to queue
[2024-03-04T04:40:26.145+0000] {logging_mixin.py:188} INFO - [2024-03-04T04:40:26.144+0000] {dagbag.py:538} INFO - Filling up the DagBag from /opt/airflow/dags/kubedag.py
[2024-03-04T04:40:26.152+0000] {processor.py:840} INFO - DAG(s) 'my_kubernetes_dag' retrieved from /opt/airflow/dags/kubedag.py
[2024-03-04T04:40:26.170+0000] {logging_mixin.py:188} INFO - [2024-03-04T04:40:26.170+0000] {dag.py:3036} INFO - Sync 1 DAGs
[2024-03-04T04:40:26.198+0000] {logging_mixin.py:188} INFO - [2024-03-04T04:40:26.198+0000] {dag.py:3823} INFO - Setting next_dagrun for my_kubernetes_dag to None, run_after=None
[2024-03-04T04:40:26.250+0000] {processor.py:183} INFO - Processing /opt/airflow/dags/kubedag.py took 0.112 seconds
[2024-03-04T04:40:56.722+0000] {processor.py:161} INFO - Started process (PID=398) to work on /opt/airflow/dags/kubedag.py
[2024-03-04T04:40:56.723+0000] {processor.py:830} INFO - Processing file /opt/airflow/dags/kubedag.py for tasks to queue
[2024-03-04T04:40:56.726+0000] {logging_mixin.py:188} INFO - [2024-03-04T04:40:56.725+0000] {dagbag.py:538} INFO - Filling up the DagBag from /opt/airflow/dags/kubedag.py
[2024-03-04T04:40:56.742+0000] {processor.py:840} INFO - DAG(s) 'my_kubernetes_dag' retrieved from /opt/airflow/dags/kubedag.py
[2024-03-04T04:40:56.763+0000] {logging_mixin.py:188} INFO - [2024-03-04T04:40:56.762+0000] {dag.py:3036} INFO - Sync 1 DAGs
[2024-03-04T04:40:56.820+0000] {logging_mixin.py:188} INFO - [2024-03-04T04:40:56.820+0000] {dag.py:3823} INFO - Setting next_dagrun for my_kubernetes_dag to None, run_after=None
[2024-03-04T04:40:56.835+0000] {processor.py:183} INFO - Processing /opt/airflow/dags/kubedag.py took 0.117 seconds
[2024-03-04T04:41:27.125+0000] {processor.py:161} INFO - Started process (PID=410) to work on /opt/airflow/dags/kubedag.py
[2024-03-04T04:41:27.125+0000] {processor.py:830} INFO - Processing file /opt/airflow/dags/kubedag.py for tasks to queue
[2024-03-04T04:41:27.127+0000] {logging_mixin.py:188} INFO - [2024-03-04T04:41:27.126+0000] {dagbag.py:538} INFO - Filling up the DagBag from /opt/airflow/dags/kubedag.py
[2024-03-04T04:41:27.132+0000] {processor.py:840} INFO - DAG(s) 'my_kubernetes_dag' retrieved from /opt/airflow/dags/kubedag.py
[2024-03-04T04:41:27.151+0000] {logging_mixin.py:188} INFO - [2024-03-04T04:41:27.151+0000] {dag.py:3036} INFO - Sync 1 DAGs
[2024-03-04T04:41:27.174+0000] {logging_mixin.py:188} INFO - [2024-03-04T04:41:27.174+0000] {dag.py:3823} INFO - Setting next_dagrun for my_kubernetes_dag to None, run_after=None
[2024-03-04T04:41:27.192+0000] {processor.py:183} INFO - Processing /opt/airflow/dags/kubedag.py took 0.070 seconds
[2024-03-04T04:41:57.644+0000] {processor.py:161} INFO - Started process (PID=422) to work on /opt/airflow/dags/kubedag.py
[2024-03-04T04:41:57.647+0000] {processor.py:830} INFO - Processing file /opt/airflow/dags/kubedag.py for tasks to queue
[2024-03-04T04:41:57.648+0000] {logging_mixin.py:188} INFO - [2024-03-04T04:41:57.648+0000] {dagbag.py:538} INFO - Filling up the DagBag from /opt/airflow/dags/kubedag.py
[2024-03-04T04:41:57.655+0000] {processor.py:840} INFO - DAG(s) 'my_kubernetes_dag' retrieved from /opt/airflow/dags/kubedag.py
[2024-03-04T04:41:57.672+0000] {logging_mixin.py:188} INFO - [2024-03-04T04:41:57.672+0000] {dag.py:3036} INFO - Sync 1 DAGs
[2024-03-04T04:41:57.692+0000] {logging_mixin.py:188} INFO - [2024-03-04T04:41:57.691+0000] {dag.py:3823} INFO - Setting next_dagrun for my_kubernetes_dag to None, run_after=None
[2024-03-04T04:41:57.708+0000] {processor.py:183} INFO - Processing /opt/airflow/dags/kubedag.py took 0.065 seconds
[2024-03-04T04:42:28.015+0000] {processor.py:161} INFO - Started process (PID=434) to work on /opt/airflow/dags/kubedag.py
[2024-03-04T04:42:28.017+0000] {processor.py:830} INFO - Processing file /opt/airflow/dags/kubedag.py for tasks to queue
[2024-03-04T04:42:28.021+0000] {logging_mixin.py:188} INFO - [2024-03-04T04:42:28.020+0000] {dagbag.py:538} INFO - Filling up the DagBag from /opt/airflow/dags/kubedag.py
[2024-03-04T04:42:28.027+0000] {processor.py:840} INFO - DAG(s) 'my_kubernetes_dag' retrieved from /opt/airflow/dags/kubedag.py
[2024-03-04T04:42:28.045+0000] {logging_mixin.py:188} INFO - [2024-03-04T04:42:28.044+0000] {dag.py:3036} INFO - Sync 1 DAGs
[2024-03-04T04:42:28.064+0000] {logging_mixin.py:188} INFO - [2024-03-04T04:42:28.064+0000] {dag.py:3823} INFO - Setting next_dagrun for my_kubernetes_dag to None, run_after=None
[2024-03-04T04:42:28.078+0000] {processor.py:183} INFO - Processing /opt/airflow/dags/kubedag.py took 0.067 seconds
[2024-03-04T04:42:58.376+0000] {processor.py:161} INFO - Started process (PID=446) to work on /opt/airflow/dags/kubedag.py
[2024-03-04T04:42:58.377+0000] {processor.py:830} INFO - Processing file /opt/airflow/dags/kubedag.py for tasks to queue
[2024-03-04T04:42:58.379+0000] {logging_mixin.py:188} INFO - [2024-03-04T04:42:58.378+0000] {dagbag.py:538} INFO - Filling up the DagBag from /opt/airflow/dags/kubedag.py
[2024-03-04T04:42:58.386+0000] {processor.py:840} INFO - DAG(s) 'my_kubernetes_dag' retrieved from /opt/airflow/dags/kubedag.py
[2024-03-04T04:42:58.403+0000] {logging_mixin.py:188} INFO - [2024-03-04T04:42:58.403+0000] {dag.py:3036} INFO - Sync 1 DAGs
[2024-03-04T04:42:58.419+0000] {logging_mixin.py:188} INFO - [2024-03-04T04:42:58.418+0000] {dag.py:3823} INFO - Setting next_dagrun for my_kubernetes_dag to None, run_after=None
[2024-03-04T04:42:58.432+0000] {processor.py:183} INFO - Processing /opt/airflow/dags/kubedag.py took 0.058 seconds
[2024-03-04T04:43:28.721+0000] {processor.py:161} INFO - Started process (PID=458) to work on /opt/airflow/dags/kubedag.py
[2024-03-04T04:43:28.722+0000] {processor.py:830} INFO - Processing file /opt/airflow/dags/kubedag.py for tasks to queue
[2024-03-04T04:43:28.723+0000] {logging_mixin.py:188} INFO - [2024-03-04T04:43:28.723+0000] {dagbag.py:538} INFO - Filling up the DagBag from /opt/airflow/dags/kubedag.py
[2024-03-04T04:43:28.729+0000] {processor.py:840} INFO - DAG(s) 'my_kubernetes_dag' retrieved from /opt/airflow/dags/kubedag.py
[2024-03-04T04:43:28.751+0000] {logging_mixin.py:188} INFO - [2024-03-04T04:43:28.751+0000] {dag.py:3036} INFO - Sync 1 DAGs
[2024-03-04T04:43:28.772+0000] {logging_mixin.py:188} INFO - [2024-03-04T04:43:28.771+0000] {dag.py:3823} INFO - Setting next_dagrun for my_kubernetes_dag to None, run_after=None
[2024-03-04T04:43:28.788+0000] {processor.py:183} INFO - Processing /opt/airflow/dags/kubedag.py took 0.069 seconds
[2024-03-04T04:43:59.225+0000] {processor.py:161} INFO - Started process (PID=470) to work on /opt/airflow/dags/kubedag.py
[2024-03-04T04:43:59.226+0000] {processor.py:830} INFO - Processing file /opt/airflow/dags/kubedag.py for tasks to queue
[2024-03-04T04:43:59.228+0000] {logging_mixin.py:188} INFO - [2024-03-04T04:43:59.227+0000] {dagbag.py:538} INFO - Filling up the DagBag from /opt/airflow/dags/kubedag.py
[2024-03-04T04:43:59.246+0000] {processor.py:840} INFO - DAG(s) 'my_kubernetes_dag' retrieved from /opt/airflow/dags/kubedag.py
[2024-03-04T04:43:59.300+0000] {logging_mixin.py:188} INFO - [2024-03-04T04:43:59.299+0000] {dag.py:3036} INFO - Sync 1 DAGs
[2024-03-04T04:43:59.332+0000] {logging_mixin.py:188} INFO - [2024-03-04T04:43:59.332+0000] {dag.py:3823} INFO - Setting next_dagrun for my_kubernetes_dag to None, run_after=None
[2024-03-04T04:43:59.398+0000] {processor.py:183} INFO - Processing /opt/airflow/dags/kubedag.py took 0.176 seconds
[2024-03-04T04:44:29.861+0000] {processor.py:161} INFO - Started process (PID=482) to work on /opt/airflow/dags/kubedag.py
[2024-03-04T04:44:29.862+0000] {processor.py:830} INFO - Processing file /opt/airflow/dags/kubedag.py for tasks to queue
[2024-03-04T04:44:29.863+0000] {logging_mixin.py:188} INFO - [2024-03-04T04:44:29.863+0000] {dagbag.py:538} INFO - Filling up the DagBag from /opt/airflow/dags/kubedag.py
[2024-03-04T04:44:29.868+0000] {processor.py:840} INFO - DAG(s) 'my_kubernetes_dag' retrieved from /opt/airflow/dags/kubedag.py
[2024-03-04T04:44:29.888+0000] {logging_mixin.py:188} INFO - [2024-03-04T04:44:29.887+0000] {dag.py:3036} INFO - Sync 1 DAGs
[2024-03-04T04:44:29.907+0000] {logging_mixin.py:188} INFO - [2024-03-04T04:44:29.907+0000] {dag.py:3823} INFO - Setting next_dagrun for my_kubernetes_dag to None, run_after=None
[2024-03-04T04:44:29.938+0000] {processor.py:183} INFO - Processing /opt/airflow/dags/kubedag.py took 0.079 seconds
[2024-03-04T04:45:00.348+0000] {processor.py:161} INFO - Started process (PID=494) to work on /opt/airflow/dags/kubedag.py
[2024-03-04T04:45:00.348+0000] {processor.py:830} INFO - Processing file /opt/airflow/dags/kubedag.py for tasks to queue
[2024-03-04T04:45:00.349+0000] {logging_mixin.py:188} INFO - [2024-03-04T04:45:00.349+0000] {dagbag.py:538} INFO - Filling up the DagBag from /opt/airflow/dags/kubedag.py
[2024-03-04T04:45:00.355+0000] {processor.py:840} INFO - DAG(s) 'my_kubernetes_dag' retrieved from /opt/airflow/dags/kubedag.py
[2024-03-04T04:45:00.376+0000] {logging_mixin.py:188} INFO - [2024-03-04T04:45:00.376+0000] {dag.py:3036} INFO - Sync 1 DAGs
[2024-03-04T04:45:00.395+0000] {logging_mixin.py:188} INFO - [2024-03-04T04:45:00.394+0000] {dag.py:3823} INFO - Setting next_dagrun for my_kubernetes_dag to None, run_after=None
[2024-03-04T04:45:00.418+0000] {processor.py:183} INFO - Processing /opt/airflow/dags/kubedag.py took 0.073 seconds
[2024-03-04T04:45:30.813+0000] {processor.py:161} INFO - Started process (PID=506) to work on /opt/airflow/dags/kubedag.py
[2024-03-04T04:45:30.815+0000] {processor.py:830} INFO - Processing file /opt/airflow/dags/kubedag.py for tasks to queue
[2024-03-04T04:45:30.816+0000] {logging_mixin.py:188} INFO - [2024-03-04T04:45:30.816+0000] {dagbag.py:538} INFO - Filling up the DagBag from /opt/airflow/dags/kubedag.py
[2024-03-04T04:45:30.821+0000] {processor.py:840} INFO - DAG(s) 'my_kubernetes_dag' retrieved from /opt/airflow/dags/kubedag.py
[2024-03-04T04:45:30.839+0000] {logging_mixin.py:188} INFO - [2024-03-04T04:45:30.838+0000] {dag.py:3036} INFO - Sync 1 DAGs
[2024-03-04T04:45:30.854+0000] {logging_mixin.py:188} INFO - [2024-03-04T04:45:30.853+0000] {dag.py:3823} INFO - Setting next_dagrun for my_kubernetes_dag to None, run_after=None
[2024-03-04T04:45:30.866+0000] {processor.py:183} INFO - Processing /opt/airflow/dags/kubedag.py took 0.056 seconds
[2024-03-04T04:46:01.319+0000] {processor.py:161} INFO - Started process (PID=518) to work on /opt/airflow/dags/kubedag.py
[2024-03-04T04:46:01.320+0000] {processor.py:830} INFO - Processing file /opt/airflow/dags/kubedag.py for tasks to queue
[2024-03-04T04:46:01.321+0000] {logging_mixin.py:188} INFO - [2024-03-04T04:46:01.321+0000] {dagbag.py:538} INFO - Filling up the DagBag from /opt/airflow/dags/kubedag.py
[2024-03-04T04:46:01.329+0000] {processor.py:840} INFO - DAG(s) 'my_kubernetes_dag' retrieved from /opt/airflow/dags/kubedag.py
[2024-03-04T04:46:01.344+0000] {logging_mixin.py:188} INFO - [2024-03-04T04:46:01.343+0000] {dag.py:3036} INFO - Sync 1 DAGs
[2024-03-04T04:46:01.361+0000] {logging_mixin.py:188} INFO - [2024-03-04T04:46:01.361+0000] {dag.py:3823} INFO - Setting next_dagrun for my_kubernetes_dag to None, run_after=None
[2024-03-04T04:46:01.379+0000] {processor.py:183} INFO - Processing /opt/airflow/dags/kubedag.py took 0.063 seconds
[2024-03-04T04:46:31.814+0000] {processor.py:161} INFO - Started process (PID=530) to work on /opt/airflow/dags/kubedag.py
[2024-03-04T04:46:31.816+0000] {processor.py:830} INFO - Processing file /opt/airflow/dags/kubedag.py for tasks to queue
[2024-03-04T04:46:31.819+0000] {logging_mixin.py:188} INFO - [2024-03-04T04:46:31.818+0000] {dagbag.py:538} INFO - Filling up the DagBag from /opt/airflow/dags/kubedag.py
[2024-03-04T04:46:31.828+0000] {processor.py:840} INFO - DAG(s) 'my_kubernetes_dag' retrieved from /opt/airflow/dags/kubedag.py
[2024-03-04T04:46:31.850+0000] {logging_mixin.py:188} INFO - [2024-03-04T04:46:31.850+0000] {dag.py:3036} INFO - Sync 1 DAGs
[2024-03-04T04:46:31.867+0000] {logging_mixin.py:188} INFO - [2024-03-04T04:46:31.866+0000] {dag.py:3823} INFO - Setting next_dagrun for my_kubernetes_dag to None, run_after=None
[2024-03-04T04:46:31.881+0000] {processor.py:183} INFO - Processing /opt/airflow/dags/kubedag.py took 0.071 seconds
[2024-03-04T04:47:02.299+0000] {processor.py:161} INFO - Started process (PID=542) to work on /opt/airflow/dags/kubedag.py
[2024-03-04T04:47:02.300+0000] {processor.py:830} INFO - Processing file /opt/airflow/dags/kubedag.py for tasks to queue
[2024-03-04T04:47:02.302+0000] {logging_mixin.py:188} INFO - [2024-03-04T04:47:02.302+0000] {dagbag.py:538} INFO - Filling up the DagBag from /opt/airflow/dags/kubedag.py
[2024-03-04T04:47:02.308+0000] {processor.py:840} INFO - DAG(s) 'my_kubernetes_dag' retrieved from /opt/airflow/dags/kubedag.py
[2024-03-04T04:47:02.327+0000] {logging_mixin.py:188} INFO - [2024-03-04T04:47:02.327+0000] {dag.py:3036} INFO - Sync 1 DAGs
[2024-03-04T04:47:02.342+0000] {logging_mixin.py:188} INFO - [2024-03-04T04:47:02.342+0000] {dag.py:3823} INFO - Setting next_dagrun for my_kubernetes_dag to None, run_after=None
[2024-03-04T04:47:02.353+0000] {processor.py:183} INFO - Processing /opt/airflow/dags/kubedag.py took 0.058 seconds
[2024-03-04T04:47:32.777+0000] {processor.py:161} INFO - Started process (PID=554) to work on /opt/airflow/dags/kubedag.py
[2024-03-04T04:47:32.779+0000] {processor.py:830} INFO - Processing file /opt/airflow/dags/kubedag.py for tasks to queue
[2024-03-04T04:47:32.781+0000] {logging_mixin.py:188} INFO - [2024-03-04T04:47:32.780+0000] {dagbag.py:538} INFO - Filling up the DagBag from /opt/airflow/dags/kubedag.py
[2024-03-04T04:47:32.787+0000] {processor.py:840} INFO - DAG(s) 'my_kubernetes_dag' retrieved from /opt/airflow/dags/kubedag.py
[2024-03-04T04:47:32.807+0000] {logging_mixin.py:188} INFO - [2024-03-04T04:47:32.806+0000] {dag.py:3036} INFO - Sync 1 DAGs
[2024-03-04T04:47:32.885+0000] {logging_mixin.py:188} INFO - [2024-03-04T04:47:32.884+0000] {dag.py:3823} INFO - Setting next_dagrun for my_kubernetes_dag to None, run_after=None
[2024-03-04T04:47:32.968+0000] {processor.py:183} INFO - Processing /opt/airflow/dags/kubedag.py took 0.193 seconds
[2024-03-04T04:48:03.279+0000] {processor.py:161} INFO - Started process (PID=566) to work on /opt/airflow/dags/kubedag.py
[2024-03-04T04:48:03.280+0000] {processor.py:830} INFO - Processing file /opt/airflow/dags/kubedag.py for tasks to queue
[2024-03-04T04:48:03.281+0000] {logging_mixin.py:188} INFO - [2024-03-04T04:48:03.281+0000] {dagbag.py:538} INFO - Filling up the DagBag from /opt/airflow/dags/kubedag.py
[2024-03-04T04:48:03.293+0000] {processor.py:840} INFO - DAG(s) 'my_kubernetes_dag' retrieved from /opt/airflow/dags/kubedag.py
[2024-03-04T04:48:03.404+0000] {logging_mixin.py:188} INFO - [2024-03-04T04:48:03.403+0000] {dag.py:3036} INFO - Sync 1 DAGs
[2024-03-04T04:48:03.459+0000] {logging_mixin.py:188} INFO - [2024-03-04T04:48:03.458+0000] {dag.py:3823} INFO - Setting next_dagrun for my_kubernetes_dag to None, run_after=None
[2024-03-04T04:48:03.512+0000] {processor.py:183} INFO - Processing /opt/airflow/dags/kubedag.py took 0.235 seconds
[2024-03-04T04:48:33.957+0000] {processor.py:161} INFO - Started process (PID=578) to work on /opt/airflow/dags/kubedag.py
[2024-03-04T04:48:33.958+0000] {processor.py:830} INFO - Processing file /opt/airflow/dags/kubedag.py for tasks to queue
[2024-03-04T04:48:33.960+0000] {logging_mixin.py:188} INFO - [2024-03-04T04:48:33.960+0000] {dagbag.py:538} INFO - Filling up the DagBag from /opt/airflow/dags/kubedag.py
[2024-03-04T04:48:33.988+0000] {processor.py:840} INFO - DAG(s) 'my_kubernetes_dag' retrieved from /opt/airflow/dags/kubedag.py
[2024-03-04T04:48:34.028+0000] {logging_mixin.py:188} INFO - [2024-03-04T04:48:34.027+0000] {dag.py:3036} INFO - Sync 1 DAGs
[2024-03-04T04:48:34.094+0000] {logging_mixin.py:188} INFO - [2024-03-04T04:48:34.094+0000] {dag.py:3823} INFO - Setting next_dagrun for my_kubernetes_dag to None, run_after=None
[2024-03-04T04:48:34.135+0000] {processor.py:183} INFO - Processing /opt/airflow/dags/kubedag.py took 0.182 seconds
[2024-03-04T04:49:04.642+0000] {processor.py:161} INFO - Started process (PID=590) to work on /opt/airflow/dags/kubedag.py
[2024-03-04T04:49:04.644+0000] {processor.py:830} INFO - Processing file /opt/airflow/dags/kubedag.py for tasks to queue
[2024-03-04T04:49:04.649+0000] {logging_mixin.py:188} INFO - [2024-03-04T04:49:04.648+0000] {dagbag.py:538} INFO - Filling up the DagBag from /opt/airflow/dags/kubedag.py
[2024-03-04T04:49:04.656+0000] {processor.py:840} INFO - DAG(s) 'my_kubernetes_dag' retrieved from /opt/airflow/dags/kubedag.py
[2024-03-04T04:49:04.699+0000] {logging_mixin.py:188} INFO - [2024-03-04T04:49:04.699+0000] {dag.py:3036} INFO - Sync 1 DAGs
[2024-03-04T04:49:04.732+0000] {logging_mixin.py:188} INFO - [2024-03-04T04:49:04.731+0000] {dag.py:3823} INFO - Setting next_dagrun for my_kubernetes_dag to None, run_after=None
[2024-03-04T04:49:04.766+0000] {processor.py:183} INFO - Processing /opt/airflow/dags/kubedag.py took 0.133 seconds
[2024-03-04T04:49:35.114+0000] {processor.py:161} INFO - Started process (PID=602) to work on /opt/airflow/dags/kubedag.py
[2024-03-04T04:49:35.115+0000] {processor.py:830} INFO - Processing file /opt/airflow/dags/kubedag.py for tasks to queue
[2024-03-04T04:49:35.116+0000] {logging_mixin.py:188} INFO - [2024-03-04T04:49:35.116+0000] {dagbag.py:538} INFO - Filling up the DagBag from /opt/airflow/dags/kubedag.py
[2024-03-04T04:49:35.124+0000] {processor.py:840} INFO - DAG(s) 'my_kubernetes_dag' retrieved from /opt/airflow/dags/kubedag.py
[2024-03-04T04:49:35.143+0000] {logging_mixin.py:188} INFO - [2024-03-04T04:49:35.143+0000] {dag.py:3036} INFO - Sync 1 DAGs
[2024-03-04T04:49:35.165+0000] {logging_mixin.py:188} INFO - [2024-03-04T04:49:35.165+0000] {dag.py:3823} INFO - Setting next_dagrun for my_kubernetes_dag to None, run_after=None
[2024-03-04T04:49:35.181+0000] {processor.py:183} INFO - Processing /opt/airflow/dags/kubedag.py took 0.069 seconds
[2024-03-04T04:50:05.909+0000] {processor.py:161} INFO - Started process (PID=614) to work on /opt/airflow/dags/kubedag.py
[2024-03-04T04:50:05.912+0000] {processor.py:830} INFO - Processing file /opt/airflow/dags/kubedag.py for tasks to queue
[2024-03-04T04:50:05.913+0000] {logging_mixin.py:188} INFO - [2024-03-04T04:50:05.913+0000] {dagbag.py:538} INFO - Filling up the DagBag from /opt/airflow/dags/kubedag.py
[2024-03-04T04:50:05.921+0000] {processor.py:840} INFO - DAG(s) 'my_kubernetes_dag' retrieved from /opt/airflow/dags/kubedag.py
[2024-03-04T04:50:05.955+0000] {logging_mixin.py:188} INFO - [2024-03-04T04:50:05.954+0000] {dag.py:3036} INFO - Sync 1 DAGs
[2024-03-04T04:50:05.979+0000] {logging_mixin.py:188} INFO - [2024-03-04T04:50:05.979+0000] {dag.py:3823} INFO - Setting next_dagrun for my_kubernetes_dag to None, run_after=None
[2024-03-04T04:50:06.021+0000] {processor.py:183} INFO - Processing /opt/airflow/dags/kubedag.py took 0.114 seconds
[2024-03-04T04:50:36.455+0000] {processor.py:161} INFO - Started process (PID=632) to work on /opt/airflow/dags/kubedag.py
[2024-03-04T04:50:36.456+0000] {processor.py:830} INFO - Processing file /opt/airflow/dags/kubedag.py for tasks to queue
[2024-03-04T04:50:36.458+0000] {logging_mixin.py:188} INFO - [2024-03-04T04:50:36.458+0000] {dagbag.py:538} INFO - Filling up the DagBag from /opt/airflow/dags/kubedag.py
[2024-03-04T04:50:36.476+0000] {processor.py:840} INFO - DAG(s) 'my_kubernetes_dag' retrieved from /opt/airflow/dags/kubedag.py
[2024-03-04T04:50:36.524+0000] {logging_mixin.py:188} INFO - [2024-03-04T04:50:36.523+0000] {dag.py:3036} INFO - Sync 1 DAGs
[2024-03-04T04:50:36.566+0000] {logging_mixin.py:188} INFO - [2024-03-04T04:50:36.566+0000] {dag.py:3823} INFO - Setting next_dagrun for my_kubernetes_dag to None, run_after=None
[2024-03-04T04:50:36.595+0000] {processor.py:183} INFO - Processing /opt/airflow/dags/kubedag.py took 0.146 seconds
[2024-03-04T04:51:06.811+0000] {processor.py:161} INFO - Started process (PID=644) to work on /opt/airflow/dags/kubedag.py
[2024-03-04T04:51:06.812+0000] {processor.py:830} INFO - Processing file /opt/airflow/dags/kubedag.py for tasks to queue
[2024-03-04T04:51:06.813+0000] {logging_mixin.py:188} INFO - [2024-03-04T04:51:06.813+0000] {dagbag.py:538} INFO - Filling up the DagBag from /opt/airflow/dags/kubedag.py
[2024-03-04T04:51:06.818+0000] {processor.py:840} INFO - DAG(s) 'my_kubernetes_dag' retrieved from /opt/airflow/dags/kubedag.py
[2024-03-04T04:51:06.838+0000] {logging_mixin.py:188} INFO - [2024-03-04T04:51:06.838+0000] {dag.py:3036} INFO - Sync 1 DAGs
[2024-03-04T04:51:06.860+0000] {logging_mixin.py:188} INFO - [2024-03-04T04:51:06.860+0000] {dag.py:3823} INFO - Setting next_dagrun for my_kubernetes_dag to None, run_after=None
[2024-03-04T04:51:06.877+0000] {processor.py:183} INFO - Processing /opt/airflow/dags/kubedag.py took 0.069 seconds
[2024-03-04T04:51:37.196+0000] {processor.py:161} INFO - Started process (PID=656) to work on /opt/airflow/dags/kubedag.py
[2024-03-04T04:51:37.198+0000] {processor.py:830} INFO - Processing file /opt/airflow/dags/kubedag.py for tasks to queue
[2024-03-04T04:51:37.201+0000] {logging_mixin.py:188} INFO - [2024-03-04T04:51:37.200+0000] {dagbag.py:538} INFO - Filling up the DagBag from /opt/airflow/dags/kubedag.py
[2024-03-04T04:51:37.220+0000] {processor.py:840} INFO - DAG(s) 'my_kubernetes_dag' retrieved from /opt/airflow/dags/kubedag.py
[2024-03-04T04:51:37.240+0000] {logging_mixin.py:188} INFO - [2024-03-04T04:51:37.240+0000] {dag.py:3036} INFO - Sync 1 DAGs
[2024-03-04T04:51:37.256+0000] {logging_mixin.py:188} INFO - [2024-03-04T04:51:37.256+0000] {dag.py:3823} INFO - Setting next_dagrun for my_kubernetes_dag to None, run_after=None
[2024-03-04T04:51:37.270+0000] {processor.py:183} INFO - Processing /opt/airflow/dags/kubedag.py took 0.078 seconds
[2024-03-04T04:52:08.007+0000] {processor.py:161} INFO - Started process (PID=668) to work on /opt/airflow/dags/kubedag.py
[2024-03-04T04:52:08.009+0000] {processor.py:830} INFO - Processing file /opt/airflow/dags/kubedag.py for tasks to queue
[2024-03-04T04:52:08.010+0000] {logging_mixin.py:188} INFO - [2024-03-04T04:52:08.010+0000] {dagbag.py:538} INFO - Filling up the DagBag from /opt/airflow/dags/kubedag.py
[2024-03-04T04:52:08.019+0000] {processor.py:840} INFO - DAG(s) 'my_kubernetes_dag' retrieved from /opt/airflow/dags/kubedag.py
[2024-03-04T04:52:08.041+0000] {logging_mixin.py:188} INFO - [2024-03-04T04:52:08.041+0000] {dag.py:3036} INFO - Sync 1 DAGs
[2024-03-04T04:52:08.064+0000] {logging_mixin.py:188} INFO - [2024-03-04T04:52:08.064+0000] {dag.py:3823} INFO - Setting next_dagrun for my_kubernetes_dag to None, run_after=None
[2024-03-04T04:52:08.079+0000] {processor.py:183} INFO - Processing /opt/airflow/dags/kubedag.py took 0.076 seconds
[2024-03-04T04:52:38.696+0000] {processor.py:161} INFO - Started process (PID=680) to work on /opt/airflow/dags/kubedag.py
[2024-03-04T04:52:38.697+0000] {processor.py:830} INFO - Processing file /opt/airflow/dags/kubedag.py for tasks to queue
[2024-03-04T04:52:38.699+0000] {logging_mixin.py:188} INFO - [2024-03-04T04:52:38.698+0000] {dagbag.py:538} INFO - Filling up the DagBag from /opt/airflow/dags/kubedag.py
[2024-03-04T04:52:38.705+0000] {processor.py:840} INFO - DAG(s) 'my_kubernetes_dag' retrieved from /opt/airflow/dags/kubedag.py
[2024-03-04T04:52:38.726+0000] {logging_mixin.py:188} INFO - [2024-03-04T04:52:38.726+0000] {dag.py:3036} INFO - Sync 1 DAGs
[2024-03-04T04:52:38.743+0000] {logging_mixin.py:188} INFO - [2024-03-04T04:52:38.743+0000] {dag.py:3823} INFO - Setting next_dagrun for my_kubernetes_dag to None, run_after=None
[2024-03-04T04:52:38.759+0000] {processor.py:183} INFO - Processing /opt/airflow/dags/kubedag.py took 0.065 seconds
[2024-03-04T04:53:09.171+0000] {processor.py:161} INFO - Started process (PID=691) to work on /opt/airflow/dags/kubedag.py
[2024-03-04T04:53:09.172+0000] {processor.py:830} INFO - Processing file /opt/airflow/dags/kubedag.py for tasks to queue
[2024-03-04T04:53:09.174+0000] {logging_mixin.py:188} INFO - [2024-03-04T04:53:09.173+0000] {dagbag.py:538} INFO - Filling up the DagBag from /opt/airflow/dags/kubedag.py
[2024-03-04T04:53:09.201+0000] {processor.py:840} INFO - DAG(s) 'my_kubernetes_dag' retrieved from /opt/airflow/dags/kubedag.py
[2024-03-04T04:53:09.221+0000] {logging_mixin.py:188} INFO - [2024-03-04T04:53:09.221+0000] {dag.py:3036} INFO - Sync 1 DAGs
[2024-03-04T04:53:09.246+0000] {logging_mixin.py:188} INFO - [2024-03-04T04:53:09.246+0000] {dag.py:3823} INFO - Setting next_dagrun for my_kubernetes_dag to None, run_after=None
[2024-03-04T04:53:09.296+0000] {processor.py:183} INFO - Processing /opt/airflow/dags/kubedag.py took 0.129 seconds
[2024-03-04T04:53:39.631+0000] {processor.py:161} INFO - Started process (PID=703) to work on /opt/airflow/dags/kubedag.py
[2024-03-04T04:53:39.632+0000] {processor.py:830} INFO - Processing file /opt/airflow/dags/kubedag.py for tasks to queue
[2024-03-04T04:53:39.634+0000] {logging_mixin.py:188} INFO - [2024-03-04T04:53:39.633+0000] {dagbag.py:538} INFO - Filling up the DagBag from /opt/airflow/dags/kubedag.py
[2024-03-04T04:53:39.643+0000] {processor.py:840} INFO - DAG(s) 'my_kubernetes_dag' retrieved from /opt/airflow/dags/kubedag.py
[2024-03-04T04:53:39.667+0000] {logging_mixin.py:188} INFO - [2024-03-04T04:53:39.667+0000] {dag.py:3036} INFO - Sync 1 DAGs
[2024-03-04T04:53:39.695+0000] {logging_mixin.py:188} INFO - [2024-03-04T04:53:39.695+0000] {dag.py:3823} INFO - Setting next_dagrun for my_kubernetes_dag to None, run_after=None
[2024-03-04T04:53:39.760+0000] {processor.py:183} INFO - Processing /opt/airflow/dags/kubedag.py took 0.133 seconds
[2024-03-04T04:54:10.105+0000] {processor.py:161} INFO - Started process (PID=715) to work on /opt/airflow/dags/kubedag.py
[2024-03-04T04:54:10.108+0000] {processor.py:830} INFO - Processing file /opt/airflow/dags/kubedag.py for tasks to queue
[2024-03-04T04:54:10.110+0000] {logging_mixin.py:188} INFO - [2024-03-04T04:54:10.109+0000] {dagbag.py:538} INFO - Filling up the DagBag from /opt/airflow/dags/kubedag.py
[2024-03-04T04:54:10.119+0000] {processor.py:840} INFO - DAG(s) 'my_kubernetes_dag' retrieved from /opt/airflow/dags/kubedag.py
[2024-03-04T04:54:10.147+0000] {logging_mixin.py:188} INFO - [2024-03-04T04:54:10.147+0000] {dag.py:3036} INFO - Sync 1 DAGs
[2024-03-04T04:54:10.174+0000] {logging_mixin.py:188} INFO - [2024-03-04T04:54:10.173+0000] {dag.py:3823} INFO - Setting next_dagrun for my_kubernetes_dag to None, run_after=None
[2024-03-04T04:54:10.481+0000] {processor.py:183} INFO - Processing /opt/airflow/dags/kubedag.py took 0.380 seconds
[2024-03-04T04:54:40.770+0000] {processor.py:161} INFO - Started process (PID=727) to work on /opt/airflow/dags/kubedag.py
[2024-03-04T04:54:40.771+0000] {processor.py:830} INFO - Processing file /opt/airflow/dags/kubedag.py for tasks to queue
[2024-03-04T04:54:40.772+0000] {logging_mixin.py:188} INFO - [2024-03-04T04:54:40.772+0000] {dagbag.py:538} INFO - Filling up the DagBag from /opt/airflow/dags/kubedag.py
[2024-03-04T04:54:40.802+0000] {processor.py:840} INFO - DAG(s) 'my_kubernetes_dag' retrieved from /opt/airflow/dags/kubedag.py
[2024-03-04T04:54:40.827+0000] {logging_mixin.py:188} INFO - [2024-03-04T04:54:40.827+0000] {dag.py:3036} INFO - Sync 1 DAGs
[2024-03-04T04:54:40.853+0000] {logging_mixin.py:188} INFO - [2024-03-04T04:54:40.853+0000] {dag.py:3823} INFO - Setting next_dagrun for my_kubernetes_dag to None, run_after=None
[2024-03-04T04:54:40.873+0000] {processor.py:183} INFO - Processing /opt/airflow/dags/kubedag.py took 0.106 seconds
[2024-03-04T04:55:11.259+0000] {processor.py:161} INFO - Started process (PID=739) to work on /opt/airflow/dags/kubedag.py
[2024-03-04T04:55:11.261+0000] {processor.py:830} INFO - Processing file /opt/airflow/dags/kubedag.py for tasks to queue
[2024-03-04T04:55:11.262+0000] {logging_mixin.py:188} INFO - [2024-03-04T04:55:11.262+0000] {dagbag.py:538} INFO - Filling up the DagBag from /opt/airflow/dags/kubedag.py
[2024-03-04T04:55:11.267+0000] {processor.py:840} INFO - DAG(s) 'my_kubernetes_dag' retrieved from /opt/airflow/dags/kubedag.py
[2024-03-04T04:55:11.283+0000] {logging_mixin.py:188} INFO - [2024-03-04T04:55:11.283+0000] {dag.py:3036} INFO - Sync 1 DAGs
[2024-03-04T04:55:11.300+0000] {logging_mixin.py:188} INFO - [2024-03-04T04:55:11.300+0000] {dag.py:3823} INFO - Setting next_dagrun for my_kubernetes_dag to None, run_after=None
[2024-03-04T04:55:11.314+0000] {processor.py:183} INFO - Processing /opt/airflow/dags/kubedag.py took 0.057 seconds
[2024-03-04T04:55:41.635+0000] {processor.py:161} INFO - Started process (PID=751) to work on /opt/airflow/dags/kubedag.py
[2024-03-04T04:55:41.637+0000] {processor.py:830} INFO - Processing file /opt/airflow/dags/kubedag.py for tasks to queue
[2024-03-04T04:55:41.639+0000] {logging_mixin.py:188} INFO - [2024-03-04T04:55:41.639+0000] {dagbag.py:538} INFO - Filling up the DagBag from /opt/airflow/dags/kubedag.py
[2024-03-04T04:55:41.646+0000] {processor.py:840} INFO - DAG(s) 'my_kubernetes_dag' retrieved from /opt/airflow/dags/kubedag.py
[2024-03-04T04:55:41.662+0000] {logging_mixin.py:188} INFO - [2024-03-04T04:55:41.662+0000] {dag.py:3036} INFO - Sync 1 DAGs
[2024-03-04T04:55:41.678+0000] {logging_mixin.py:188} INFO - [2024-03-04T04:55:41.677+0000] {dag.py:3823} INFO - Setting next_dagrun for my_kubernetes_dag to None, run_after=None
[2024-03-04T04:55:41.694+0000] {processor.py:183} INFO - Processing /opt/airflow/dags/kubedag.py took 0.061 seconds
[2024-03-04T04:56:12.051+0000] {processor.py:161} INFO - Started process (PID=763) to work on /opt/airflow/dags/kubedag.py
[2024-03-04T04:56:12.057+0000] {processor.py:830} INFO - Processing file /opt/airflow/dags/kubedag.py for tasks to queue
[2024-03-04T04:56:12.058+0000] {logging_mixin.py:188} INFO - [2024-03-04T04:56:12.058+0000] {dagbag.py:538} INFO - Filling up the DagBag from /opt/airflow/dags/kubedag.py
[2024-03-04T04:56:12.063+0000] {processor.py:840} INFO - DAG(s) 'my_kubernetes_dag' retrieved from /opt/airflow/dags/kubedag.py
[2024-03-04T04:56:12.079+0000] {logging_mixin.py:188} INFO - [2024-03-04T04:56:12.078+0000] {dag.py:3036} INFO - Sync 1 DAGs
[2024-03-04T04:56:12.096+0000] {logging_mixin.py:188} INFO - [2024-03-04T04:56:12.096+0000] {dag.py:3823} INFO - Setting next_dagrun for my_kubernetes_dag to None, run_after=None
[2024-03-04T04:56:12.113+0000] {processor.py:183} INFO - Processing /opt/airflow/dags/kubedag.py took 0.064 seconds
[2024-03-04T04:56:42.430+0000] {processor.py:161} INFO - Started process (PID=775) to work on /opt/airflow/dags/kubedag.py
[2024-03-04T04:56:42.432+0000] {processor.py:830} INFO - Processing file /opt/airflow/dags/kubedag.py for tasks to queue
[2024-03-04T04:56:42.434+0000] {logging_mixin.py:188} INFO - [2024-03-04T04:56:42.434+0000] {dagbag.py:538} INFO - Filling up the DagBag from /opt/airflow/dags/kubedag.py
[2024-03-04T04:56:42.443+0000] {processor.py:840} INFO - DAG(s) 'my_kubernetes_dag' retrieved from /opt/airflow/dags/kubedag.py
[2024-03-04T04:56:42.464+0000] {logging_mixin.py:188} INFO - [2024-03-04T04:56:42.464+0000] {dag.py:3036} INFO - Sync 1 DAGs
[2024-03-04T04:56:42.483+0000] {logging_mixin.py:188} INFO - [2024-03-04T04:56:42.483+0000] {dag.py:3823} INFO - Setting next_dagrun for my_kubernetes_dag to None, run_after=None
[2024-03-04T04:56:42.507+0000] {processor.py:183} INFO - Processing /opt/airflow/dags/kubedag.py took 0.080 seconds
[2024-03-04T04:57:13.009+0000] {processor.py:161} INFO - Started process (PID=787) to work on /opt/airflow/dags/kubedag.py
[2024-03-04T04:57:13.011+0000] {processor.py:830} INFO - Processing file /opt/airflow/dags/kubedag.py for tasks to queue
[2024-03-04T04:57:13.012+0000] {logging_mixin.py:188} INFO - [2024-03-04T04:57:13.012+0000] {dagbag.py:538} INFO - Filling up the DagBag from /opt/airflow/dags/kubedag.py
[2024-03-04T04:57:13.019+0000] {processor.py:840} INFO - DAG(s) 'my_kubernetes_dag' retrieved from /opt/airflow/dags/kubedag.py
[2024-03-04T04:57:13.052+0000] {logging_mixin.py:188} INFO - [2024-03-04T04:57:13.052+0000] {dag.py:3036} INFO - Sync 1 DAGs
[2024-03-04T04:57:13.121+0000] {logging_mixin.py:188} INFO - [2024-03-04T04:57:13.119+0000] {dag.py:3823} INFO - Setting next_dagrun for my_kubernetes_dag to None, run_after=None
[2024-03-04T04:57:13.145+0000] {processor.py:183} INFO - Processing /opt/airflow/dags/kubedag.py took 0.139 seconds
[2024-03-04T04:57:43.456+0000] {processor.py:161} INFO - Started process (PID=799) to work on /opt/airflow/dags/kubedag.py
[2024-03-04T04:57:43.459+0000] {processor.py:830} INFO - Processing file /opt/airflow/dags/kubedag.py for tasks to queue
[2024-03-04T04:57:43.461+0000] {logging_mixin.py:188} INFO - [2024-03-04T04:57:43.461+0000] {dagbag.py:538} INFO - Filling up the DagBag from /opt/airflow/dags/kubedag.py
[2024-03-04T04:57:43.469+0000] {processor.py:840} INFO - DAG(s) 'my_kubernetes_dag' retrieved from /opt/airflow/dags/kubedag.py
[2024-03-04T04:57:43.487+0000] {logging_mixin.py:188} INFO - [2024-03-04T04:57:43.487+0000] {dag.py:3036} INFO - Sync 1 DAGs
[2024-03-04T04:57:43.505+0000] {logging_mixin.py:188} INFO - [2024-03-04T04:57:43.504+0000] {dag.py:3823} INFO - Setting next_dagrun for my_kubernetes_dag to None, run_after=None
[2024-03-04T04:57:43.528+0000] {processor.py:183} INFO - Processing /opt/airflow/dags/kubedag.py took 0.075 seconds
[2024-03-04T04:58:13.844+0000] {processor.py:161} INFO - Started process (PID=811) to work on /opt/airflow/dags/kubedag.py
[2024-03-04T04:58:13.847+0000] {processor.py:830} INFO - Processing file /opt/airflow/dags/kubedag.py for tasks to queue
[2024-03-04T04:58:13.848+0000] {logging_mixin.py:188} INFO - [2024-03-04T04:58:13.848+0000] {dagbag.py:538} INFO - Filling up the DagBag from /opt/airflow/dags/kubedag.py
[2024-03-04T04:58:13.858+0000] {processor.py:840} INFO - DAG(s) 'my_kubernetes_dag' retrieved from /opt/airflow/dags/kubedag.py
[2024-03-04T04:58:13.876+0000] {logging_mixin.py:188} INFO - [2024-03-04T04:58:13.876+0000] {dag.py:3036} INFO - Sync 1 DAGs
[2024-03-04T04:58:13.894+0000] {logging_mixin.py:188} INFO - [2024-03-04T04:58:13.894+0000] {dag.py:3823} INFO - Setting next_dagrun for my_kubernetes_dag to None, run_after=None
[2024-03-04T04:58:13.911+0000] {processor.py:183} INFO - Processing /opt/airflow/dags/kubedag.py took 0.069 seconds
[2024-03-04T04:58:44.227+0000] {processor.py:161} INFO - Started process (PID=823) to work on /opt/airflow/dags/kubedag.py
[2024-03-04T04:58:44.228+0000] {processor.py:830} INFO - Processing file /opt/airflow/dags/kubedag.py for tasks to queue
[2024-03-04T04:58:44.230+0000] {logging_mixin.py:188} INFO - [2024-03-04T04:58:44.230+0000] {dagbag.py:538} INFO - Filling up the DagBag from /opt/airflow/dags/kubedag.py
[2024-03-04T04:58:44.239+0000] {processor.py:840} INFO - DAG(s) 'my_kubernetes_dag' retrieved from /opt/airflow/dags/kubedag.py
[2024-03-04T04:58:44.260+0000] {logging_mixin.py:188} INFO - [2024-03-04T04:58:44.260+0000] {dag.py:3036} INFO - Sync 1 DAGs
[2024-03-04T04:58:44.295+0000] {logging_mixin.py:188} INFO - [2024-03-04T04:58:44.295+0000] {dag.py:3823} INFO - Setting next_dagrun for my_kubernetes_dag to None, run_after=None
[2024-03-04T04:58:44.311+0000] {processor.py:183} INFO - Processing /opt/airflow/dags/kubedag.py took 0.088 seconds
[2024-03-04T04:59:14.709+0000] {processor.py:161} INFO - Started process (PID=835) to work on /opt/airflow/dags/kubedag.py
[2024-03-04T04:59:14.710+0000] {processor.py:830} INFO - Processing file /opt/airflow/dags/kubedag.py for tasks to queue
[2024-03-04T04:59:14.711+0000] {logging_mixin.py:188} INFO - [2024-03-04T04:59:14.711+0000] {dagbag.py:538} INFO - Filling up the DagBag from /opt/airflow/dags/kubedag.py
[2024-03-04T04:59:14.719+0000] {processor.py:840} INFO - DAG(s) 'my_kubernetes_dag' retrieved from /opt/airflow/dags/kubedag.py
[2024-03-04T04:59:14.753+0000] {logging_mixin.py:188} INFO - [2024-03-04T04:59:14.753+0000] {dag.py:3036} INFO - Sync 1 DAGs
[2024-03-04T04:59:14.780+0000] {logging_mixin.py:188} INFO - [2024-03-04T04:59:14.780+0000] {dag.py:3823} INFO - Setting next_dagrun for my_kubernetes_dag to None, run_after=None
[2024-03-04T04:59:14.799+0000] {processor.py:183} INFO - Processing /opt/airflow/dags/kubedag.py took 0.093 seconds
[2024-03-04T04:59:45.312+0000] {processor.py:161} INFO - Started process (PID=847) to work on /opt/airflow/dags/kubedag.py
[2024-03-04T04:59:45.314+0000] {processor.py:830} INFO - Processing file /opt/airflow/dags/kubedag.py for tasks to queue
[2024-03-04T04:59:45.315+0000] {logging_mixin.py:188} INFO - [2024-03-04T04:59:45.315+0000] {dagbag.py:538} INFO - Filling up the DagBag from /opt/airflow/dags/kubedag.py
[2024-03-04T04:59:45.321+0000] {processor.py:840} INFO - DAG(s) 'my_kubernetes_dag' retrieved from /opt/airflow/dags/kubedag.py
[2024-03-04T04:59:45.340+0000] {logging_mixin.py:188} INFO - [2024-03-04T04:59:45.340+0000] {dag.py:3036} INFO - Sync 1 DAGs
[2024-03-04T04:59:45.358+0000] {logging_mixin.py:188} INFO - [2024-03-04T04:59:45.358+0000] {dag.py:3823} INFO - Setting next_dagrun for my_kubernetes_dag to None, run_after=None
[2024-03-04T04:59:45.374+0000] {processor.py:183} INFO - Processing /opt/airflow/dags/kubedag.py took 0.065 seconds
[2024-03-04T05:00:15.615+0000] {processor.py:161} INFO - Started process (PID=859) to work on /opt/airflow/dags/kubedag.py
[2024-03-04T05:00:15.615+0000] {processor.py:830} INFO - Processing file /opt/airflow/dags/kubedag.py for tasks to queue
[2024-03-04T05:00:15.617+0000] {logging_mixin.py:188} INFO - [2024-03-04T05:00:15.616+0000] {dagbag.py:538} INFO - Filling up the DagBag from /opt/airflow/dags/kubedag.py
[2024-03-04T05:00:15.622+0000] {processor.py:840} INFO - DAG(s) 'my_kubernetes_dag' retrieved from /opt/airflow/dags/kubedag.py
[2024-03-04T05:00:15.640+0000] {logging_mixin.py:188} INFO - [2024-03-04T05:00:15.640+0000] {dag.py:3036} INFO - Sync 1 DAGs
[2024-03-04T05:00:15.656+0000] {logging_mixin.py:188} INFO - [2024-03-04T05:00:15.656+0000] {dag.py:3823} INFO - Setting next_dagrun for my_kubernetes_dag to None, run_after=None
[2024-03-04T05:00:15.669+0000] {processor.py:183} INFO - Processing /opt/airflow/dags/kubedag.py took 0.056 seconds
[2024-03-04T05:00:46.092+0000] {processor.py:161} INFO - Started process (PID=870) to work on /opt/airflow/dags/kubedag.py
[2024-03-04T05:00:46.093+0000] {processor.py:830} INFO - Processing file /opt/airflow/dags/kubedag.py for tasks to queue
[2024-03-04T05:00:46.094+0000] {logging_mixin.py:188} INFO - [2024-03-04T05:00:46.094+0000] {dagbag.py:538} INFO - Filling up the DagBag from /opt/airflow/dags/kubedag.py
[2024-03-04T05:00:46.100+0000] {processor.py:840} INFO - DAG(s) 'my_kubernetes_dag' retrieved from /opt/airflow/dags/kubedag.py
[2024-03-04T05:00:46.120+0000] {logging_mixin.py:188} INFO - [2024-03-04T05:00:46.120+0000] {dag.py:3036} INFO - Sync 1 DAGs
[2024-03-04T05:00:46.141+0000] {logging_mixin.py:188} INFO - [2024-03-04T05:00:46.140+0000] {dag.py:3823} INFO - Setting next_dagrun for my_kubernetes_dag to None, run_after=None
[2024-03-04T05:00:46.158+0000] {processor.py:183} INFO - Processing /opt/airflow/dags/kubedag.py took 0.068 seconds
[2024-03-04T05:01:16.434+0000] {processor.py:161} INFO - Started process (PID=882) to work on /opt/airflow/dags/kubedag.py
[2024-03-04T05:01:16.437+0000] {processor.py:830} INFO - Processing file /opt/airflow/dags/kubedag.py for tasks to queue
[2024-03-04T05:01:16.439+0000] {logging_mixin.py:188} INFO - [2024-03-04T05:01:16.438+0000] {dagbag.py:538} INFO - Filling up the DagBag from /opt/airflow/dags/kubedag.py
[2024-03-04T05:01:16.449+0000] {processor.py:840} INFO - DAG(s) 'my_kubernetes_dag' retrieved from /opt/airflow/dags/kubedag.py
[2024-03-04T05:01:16.471+0000] {logging_mixin.py:188} INFO - [2024-03-04T05:01:16.471+0000] {dag.py:3036} INFO - Sync 1 DAGs
[2024-03-04T05:01:16.491+0000] {logging_mixin.py:188} INFO - [2024-03-04T05:01:16.490+0000] {dag.py:3823} INFO - Setting next_dagrun for my_kubernetes_dag to None, run_after=None
[2024-03-04T05:01:16.507+0000] {processor.py:183} INFO - Processing /opt/airflow/dags/kubedag.py took 0.079 seconds
[2024-03-04T05:01:46.812+0000] {processor.py:161} INFO - Started process (PID=894) to work on /opt/airflow/dags/kubedag.py
[2024-03-04T05:01:46.813+0000] {processor.py:830} INFO - Processing file /opt/airflow/dags/kubedag.py for tasks to queue
[2024-03-04T05:01:46.814+0000] {logging_mixin.py:188} INFO - [2024-03-04T05:01:46.814+0000] {dagbag.py:538} INFO - Filling up the DagBag from /opt/airflow/dags/kubedag.py
[2024-03-04T05:01:46.820+0000] {processor.py:840} INFO - DAG(s) 'my_kubernetes_dag' retrieved from /opt/airflow/dags/kubedag.py
[2024-03-04T05:01:46.837+0000] {logging_mixin.py:188} INFO - [2024-03-04T05:01:46.837+0000] {dag.py:3036} INFO - Sync 1 DAGs
[2024-03-04T05:01:46.856+0000] {logging_mixin.py:188} INFO - [2024-03-04T05:01:46.856+0000] {dag.py:3823} INFO - Setting next_dagrun for my_kubernetes_dag to None, run_after=None
[2024-03-04T05:01:46.870+0000] {processor.py:183} INFO - Processing /opt/airflow/dags/kubedag.py took 0.059 seconds
[2024-03-04T05:02:17.380+0000] {processor.py:161} INFO - Started process (PID=906) to work on /opt/airflow/dags/kubedag.py
[2024-03-04T05:02:17.381+0000] {processor.py:830} INFO - Processing file /opt/airflow/dags/kubedag.py for tasks to queue
[2024-03-04T05:02:17.382+0000] {logging_mixin.py:188} INFO - [2024-03-04T05:02:17.382+0000] {dagbag.py:538} INFO - Filling up the DagBag from /opt/airflow/dags/kubedag.py
[2024-03-04T05:02:17.420+0000] {processor.py:840} INFO - DAG(s) 'my_kubernetes_dag' retrieved from /opt/airflow/dags/kubedag.py
[2024-03-04T05:02:17.533+0000] {logging_mixin.py:188} INFO - [2024-03-04T05:02:17.531+0000] {dag.py:3036} INFO - Sync 1 DAGs
[2024-03-04T05:02:17.576+0000] {logging_mixin.py:188} INFO - [2024-03-04T05:02:17.576+0000] {dag.py:3823} INFO - Setting next_dagrun for my_kubernetes_dag to None, run_after=None
[2024-03-04T05:02:17.590+0000] {processor.py:183} INFO - Processing /opt/airflow/dags/kubedag.py took 0.214 seconds
[2024-03-04T05:02:47.879+0000] {processor.py:161} INFO - Started process (PID=918) to work on /opt/airflow/dags/kubedag.py
[2024-03-04T05:02:47.881+0000] {processor.py:830} INFO - Processing file /opt/airflow/dags/kubedag.py for tasks to queue
[2024-03-04T05:02:47.882+0000] {logging_mixin.py:188} INFO - [2024-03-04T05:02:47.882+0000] {dagbag.py:538} INFO - Filling up the DagBag from /opt/airflow/dags/kubedag.py
[2024-03-04T05:02:47.888+0000] {processor.py:840} INFO - DAG(s) 'my_kubernetes_dag' retrieved from /opt/airflow/dags/kubedag.py
[2024-03-04T05:02:47.906+0000] {logging_mixin.py:188} INFO - [2024-03-04T05:02:47.906+0000] {dag.py:3036} INFO - Sync 1 DAGs
[2024-03-04T05:02:47.926+0000] {logging_mixin.py:188} INFO - [2024-03-04T05:02:47.926+0000] {dag.py:3823} INFO - Setting next_dagrun for my_kubernetes_dag to None, run_after=None
[2024-03-04T05:02:47.941+0000] {processor.py:183} INFO - Processing /opt/airflow/dags/kubedag.py took 0.065 seconds
[2024-03-04T05:03:18.528+0000] {processor.py:161} INFO - Started process (PID=930) to work on /opt/airflow/dags/kubedag.py
[2024-03-04T05:03:18.530+0000] {processor.py:830} INFO - Processing file /opt/airflow/dags/kubedag.py for tasks to queue
[2024-03-04T05:03:18.531+0000] {logging_mixin.py:188} INFO - [2024-03-04T05:03:18.531+0000] {dagbag.py:538} INFO - Filling up the DagBag from /opt/airflow/dags/kubedag.py
[2024-03-04T05:03:18.537+0000] {processor.py:840} INFO - DAG(s) 'my_kubernetes_dag' retrieved from /opt/airflow/dags/kubedag.py
[2024-03-04T05:03:18.555+0000] {logging_mixin.py:188} INFO - [2024-03-04T05:03:18.555+0000] {dag.py:3036} INFO - Sync 1 DAGs
[2024-03-04T05:03:18.570+0000] {logging_mixin.py:188} INFO - [2024-03-04T05:03:18.570+0000] {dag.py:3823} INFO - Setting next_dagrun for my_kubernetes_dag to None, run_after=None
[2024-03-04T05:03:18.586+0000] {processor.py:183} INFO - Processing /opt/airflow/dags/kubedag.py took 0.059 seconds
[2024-03-04T05:03:49.002+0000] {processor.py:161} INFO - Started process (PID=943) to work on /opt/airflow/dags/kubedag.py
[2024-03-04T05:03:49.003+0000] {processor.py:830} INFO - Processing file /opt/airflow/dags/kubedag.py for tasks to queue
[2024-03-04T05:03:49.004+0000] {logging_mixin.py:188} INFO - [2024-03-04T05:03:49.004+0000] {dagbag.py:538} INFO - Filling up the DagBag from /opt/airflow/dags/kubedag.py
[2024-03-04T05:03:49.012+0000] {processor.py:840} INFO - DAG(s) 'my_kubernetes_dag' retrieved from /opt/airflow/dags/kubedag.py
[2024-03-04T05:03:49.060+0000] {logging_mixin.py:188} INFO - [2024-03-04T05:03:49.058+0000] {dag.py:3036} INFO - Sync 1 DAGs
[2024-03-04T05:03:49.191+0000] {logging_mixin.py:188} INFO - [2024-03-04T05:03:49.190+0000] {dag.py:3823} INFO - Setting next_dagrun for my_kubernetes_dag to None, run_after=None
[2024-03-04T05:03:49.298+0000] {processor.py:183} INFO - Processing /opt/airflow/dags/kubedag.py took 0.298 seconds
[2024-03-04T05:04:19.778+0000] {processor.py:161} INFO - Started process (PID=955) to work on /opt/airflow/dags/kubedag.py
[2024-03-04T05:04:19.786+0000] {processor.py:830} INFO - Processing file /opt/airflow/dags/kubedag.py for tasks to queue
[2024-03-04T05:04:19.787+0000] {logging_mixin.py:188} INFO - [2024-03-04T05:04:19.787+0000] {dagbag.py:538} INFO - Filling up the DagBag from /opt/airflow/dags/kubedag.py
[2024-03-04T05:04:19.794+0000] {processor.py:840} INFO - DAG(s) 'my_kubernetes_dag' retrieved from /opt/airflow/dags/kubedag.py
[2024-03-04T05:04:19.813+0000] {logging_mixin.py:188} INFO - [2024-03-04T05:04:19.813+0000] {dag.py:3036} INFO - Sync 1 DAGs
[2024-03-04T05:04:19.829+0000] {logging_mixin.py:188} INFO - [2024-03-04T05:04:19.829+0000] {dag.py:3823} INFO - Setting next_dagrun for my_kubernetes_dag to None, run_after=None
[2024-03-04T05:04:19.854+0000] {processor.py:183} INFO - Processing /opt/airflow/dags/kubedag.py took 0.078 seconds
[2024-03-04T05:04:50.167+0000] {processor.py:161} INFO - Started process (PID=967) to work on /opt/airflow/dags/kubedag.py
[2024-03-04T05:04:50.168+0000] {processor.py:830} INFO - Processing file /opt/airflow/dags/kubedag.py for tasks to queue
[2024-03-04T05:04:50.169+0000] {logging_mixin.py:188} INFO - [2024-03-04T05:04:50.169+0000] {dagbag.py:538} INFO - Filling up the DagBag from /opt/airflow/dags/kubedag.py
[2024-03-04T05:04:50.175+0000] {processor.py:840} INFO - DAG(s) 'my_kubernetes_dag' retrieved from /opt/airflow/dags/kubedag.py
[2024-03-04T05:04:50.193+0000] {logging_mixin.py:188} INFO - [2024-03-04T05:04:50.193+0000] {dag.py:3036} INFO - Sync 1 DAGs
[2024-03-04T05:04:50.215+0000] {logging_mixin.py:188} INFO - [2024-03-04T05:04:50.214+0000] {dag.py:3823} INFO - Setting next_dagrun for my_kubernetes_dag to None, run_after=None
[2024-03-04T05:04:50.328+0000] {processor.py:183} INFO - Processing /opt/airflow/dags/kubedag.py took 0.164 seconds
