[2024-03-04T04:25:43.650+0000] {processor.py:161} INFO - Started process (PID=41) to work on /opt/airflow/dags/my_first_dag.py
[2024-03-04T04:25:43.651+0000] {processor.py:830} INFO - Processing file /opt/airflow/dags/my_first_dag.py for tasks to queue
[2024-03-04T04:25:43.652+0000] {logging_mixin.py:188} INFO - [2024-03-04T04:25:43.652+0000] {dagbag.py:538} INFO - Filling up the DagBag from /opt/airflow/dags/my_first_dag.py
[2024-03-04T04:25:43.659+0000] {processor.py:840} INFO - DAG(s) 'my_first_dag_1' retrieved from /opt/airflow/dags/my_first_dag.py
[2024-03-04T04:25:43.674+0000] {logging_mixin.py:188} INFO - [2024-03-04T04:25:43.674+0000] {dag.py:3036} INFO - Sync 1 DAGs
[2024-03-04T04:25:43.691+0000] {logging_mixin.py:188} INFO - [2024-03-04T04:25:43.691+0000] {dag.py:3823} INFO - Setting next_dagrun for my_first_dag_1 to 2024-01-29 00:50:00+00:00, run_after=2024-01-29 01:50:00+00:00
[2024-03-04T04:25:43.705+0000] {processor.py:183} INFO - Processing /opt/airflow/dags/my_first_dag.py took 0.057 seconds
[2024-03-04T04:26:14.077+0000] {processor.py:161} INFO - Started process (PID=53) to work on /opt/airflow/dags/my_first_dag.py
[2024-03-04T04:26:14.078+0000] {processor.py:830} INFO - Processing file /opt/airflow/dags/my_first_dag.py for tasks to queue
[2024-03-04T04:26:14.079+0000] {logging_mixin.py:188} INFO - [2024-03-04T04:26:14.079+0000] {dagbag.py:538} INFO - Filling up the DagBag from /opt/airflow/dags/my_first_dag.py
[2024-03-04T04:26:14.086+0000] {processor.py:840} INFO - DAG(s) 'my_first_dag_1' retrieved from /opt/airflow/dags/my_first_dag.py
[2024-03-04T04:26:14.104+0000] {logging_mixin.py:188} INFO - [2024-03-04T04:26:14.104+0000] {dag.py:3036} INFO - Sync 1 DAGs
[2024-03-04T04:26:14.125+0000] {logging_mixin.py:188} INFO - [2024-03-04T04:26:14.125+0000] {dag.py:3823} INFO - Setting next_dagrun for my_first_dag_1 to 2024-01-29 00:50:00+00:00, run_after=2024-01-29 01:50:00+00:00
[2024-03-04T04:26:14.139+0000] {processor.py:183} INFO - Processing /opt/airflow/dags/my_first_dag.py took 0.064 seconds
[2024-03-04T04:26:44.414+0000] {processor.py:161} INFO - Started process (PID=65) to work on /opt/airflow/dags/my_first_dag.py
[2024-03-04T04:26:44.415+0000] {processor.py:830} INFO - Processing file /opt/airflow/dags/my_first_dag.py for tasks to queue
[2024-03-04T04:26:44.416+0000] {logging_mixin.py:188} INFO - [2024-03-04T04:26:44.416+0000] {dagbag.py:538} INFO - Filling up the DagBag from /opt/airflow/dags/my_first_dag.py
[2024-03-04T04:26:44.425+0000] {processor.py:840} INFO - DAG(s) 'my_first_dag_1' retrieved from /opt/airflow/dags/my_first_dag.py
[2024-03-04T04:26:44.444+0000] {logging_mixin.py:188} INFO - [2024-03-04T04:26:44.444+0000] {dag.py:3036} INFO - Sync 1 DAGs
[2024-03-04T04:26:44.463+0000] {logging_mixin.py:188} INFO - [2024-03-04T04:26:44.462+0000] {dag.py:3823} INFO - Setting next_dagrun for my_first_dag_1 to 2024-01-29 00:50:00+00:00, run_after=2024-01-29 01:50:00+00:00
[2024-03-04T04:26:44.475+0000] {processor.py:183} INFO - Processing /opt/airflow/dags/my_first_dag.py took 0.063 seconds
[2024-03-04T04:27:14.804+0000] {processor.py:161} INFO - Started process (PID=77) to work on /opt/airflow/dags/my_first_dag.py
[2024-03-04T04:27:14.805+0000] {processor.py:830} INFO - Processing file /opt/airflow/dags/my_first_dag.py for tasks to queue
[2024-03-04T04:27:14.807+0000] {logging_mixin.py:188} INFO - [2024-03-04T04:27:14.807+0000] {dagbag.py:538} INFO - Filling up the DagBag from /opt/airflow/dags/my_first_dag.py
[2024-03-04T04:27:14.815+0000] {processor.py:840} INFO - DAG(s) 'my_first_dag_1' retrieved from /opt/airflow/dags/my_first_dag.py
[2024-03-04T04:27:14.831+0000] {logging_mixin.py:188} INFO - [2024-03-04T04:27:14.830+0000] {dag.py:3036} INFO - Sync 1 DAGs
[2024-03-04T04:27:14.846+0000] {logging_mixin.py:188} INFO - [2024-03-04T04:27:14.845+0000] {dag.py:3823} INFO - Setting next_dagrun for my_first_dag_1 to 2024-01-29 00:50:00+00:00, run_after=2024-01-29 01:50:00+00:00
[2024-03-04T04:27:14.860+0000] {processor.py:183} INFO - Processing /opt/airflow/dags/my_first_dag.py took 0.058 seconds
[2024-03-04T04:27:45.204+0000] {processor.py:161} INFO - Started process (PID=89) to work on /opt/airflow/dags/my_first_dag.py
[2024-03-04T04:27:45.205+0000] {processor.py:830} INFO - Processing file /opt/airflow/dags/my_first_dag.py for tasks to queue
[2024-03-04T04:27:45.206+0000] {logging_mixin.py:188} INFO - [2024-03-04T04:27:45.206+0000] {dagbag.py:538} INFO - Filling up the DagBag from /opt/airflow/dags/my_first_dag.py
[2024-03-04T04:27:45.214+0000] {processor.py:840} INFO - DAG(s) 'my_first_dag_1' retrieved from /opt/airflow/dags/my_first_dag.py
[2024-03-04T04:27:45.229+0000] {logging_mixin.py:188} INFO - [2024-03-04T04:27:45.228+0000] {dag.py:3036} INFO - Sync 1 DAGs
[2024-03-04T04:27:45.244+0000] {logging_mixin.py:188} INFO - [2024-03-04T04:27:45.244+0000] {dag.py:3823} INFO - Setting next_dagrun for my_first_dag_1 to 2024-01-29 00:50:00+00:00, run_after=2024-01-29 01:50:00+00:00
[2024-03-04T04:27:45.255+0000] {processor.py:183} INFO - Processing /opt/airflow/dags/my_first_dag.py took 0.054 seconds
[2024-03-04T04:28:15.597+0000] {processor.py:161} INFO - Started process (PID=101) to work on /opt/airflow/dags/my_first_dag.py
[2024-03-04T04:28:15.598+0000] {processor.py:830} INFO - Processing file /opt/airflow/dags/my_first_dag.py for tasks to queue
[2024-03-04T04:28:15.599+0000] {logging_mixin.py:188} INFO - [2024-03-04T04:28:15.599+0000] {dagbag.py:538} INFO - Filling up the DagBag from /opt/airflow/dags/my_first_dag.py
[2024-03-04T04:28:15.605+0000] {processor.py:840} INFO - DAG(s) 'my_first_dag_1' retrieved from /opt/airflow/dags/my_first_dag.py
[2024-03-04T04:28:15.625+0000] {logging_mixin.py:188} INFO - [2024-03-04T04:28:15.625+0000] {dag.py:3036} INFO - Sync 1 DAGs
[2024-03-04T04:28:15.641+0000] {logging_mixin.py:188} INFO - [2024-03-04T04:28:15.641+0000] {dag.py:3823} INFO - Setting next_dagrun for my_first_dag_1 to 2024-01-29 00:50:00+00:00, run_after=2024-01-29 01:50:00+00:00
[2024-03-04T04:28:15.658+0000] {processor.py:183} INFO - Processing /opt/airflow/dags/my_first_dag.py took 0.062 seconds
[2024-03-04T04:28:45.945+0000] {processor.py:161} INFO - Started process (PID=113) to work on /opt/airflow/dags/my_first_dag.py
[2024-03-04T04:28:45.946+0000] {processor.py:830} INFO - Processing file /opt/airflow/dags/my_first_dag.py for tasks to queue
[2024-03-04T04:28:45.947+0000] {logging_mixin.py:188} INFO - [2024-03-04T04:28:45.946+0000] {dagbag.py:538} INFO - Filling up the DagBag from /opt/airflow/dags/my_first_dag.py
[2024-03-04T04:28:45.953+0000] {processor.py:840} INFO - DAG(s) 'my_first_dag_1' retrieved from /opt/airflow/dags/my_first_dag.py
[2024-03-04T04:28:45.969+0000] {logging_mixin.py:188} INFO - [2024-03-04T04:28:45.969+0000] {dag.py:3036} INFO - Sync 1 DAGs
[2024-03-04T04:28:45.986+0000] {logging_mixin.py:188} INFO - [2024-03-04T04:28:45.985+0000] {dag.py:3823} INFO - Setting next_dagrun for my_first_dag_1 to 2024-01-29 00:50:00+00:00, run_after=2024-01-29 01:50:00+00:00
[2024-03-04T04:28:45.997+0000] {processor.py:183} INFO - Processing /opt/airflow/dags/my_first_dag.py took 0.054 seconds
[2024-03-04T04:29:16.354+0000] {processor.py:161} INFO - Started process (PID=125) to work on /opt/airflow/dags/my_first_dag.py
[2024-03-04T04:29:16.355+0000] {processor.py:830} INFO - Processing file /opt/airflow/dags/my_first_dag.py for tasks to queue
[2024-03-04T04:29:16.357+0000] {logging_mixin.py:188} INFO - [2024-03-04T04:29:16.356+0000] {dagbag.py:538} INFO - Filling up the DagBag from /opt/airflow/dags/my_first_dag.py
[2024-03-04T04:29:16.365+0000] {processor.py:840} INFO - DAG(s) 'my_first_dag_1' retrieved from /opt/airflow/dags/my_first_dag.py
[2024-03-04T04:29:16.382+0000] {logging_mixin.py:188} INFO - [2024-03-04T04:29:16.382+0000] {dag.py:3036} INFO - Sync 1 DAGs
[2024-03-04T04:29:16.402+0000] {logging_mixin.py:188} INFO - [2024-03-04T04:29:16.401+0000] {dag.py:3823} INFO - Setting next_dagrun for my_first_dag_1 to 2024-01-29 00:50:00+00:00, run_after=2024-01-29 01:50:00+00:00
[2024-03-04T04:29:16.415+0000] {processor.py:183} INFO - Processing /opt/airflow/dags/my_first_dag.py took 0.063 seconds
[2024-03-04T04:29:46.750+0000] {processor.py:161} INFO - Started process (PID=137) to work on /opt/airflow/dags/my_first_dag.py
[2024-03-04T04:29:46.750+0000] {processor.py:830} INFO - Processing file /opt/airflow/dags/my_first_dag.py for tasks to queue
[2024-03-04T04:29:46.751+0000] {logging_mixin.py:188} INFO - [2024-03-04T04:29:46.751+0000] {dagbag.py:538} INFO - Filling up the DagBag from /opt/airflow/dags/my_first_dag.py
[2024-03-04T04:29:46.758+0000] {processor.py:840} INFO - DAG(s) 'my_first_dag_1' retrieved from /opt/airflow/dags/my_first_dag.py
[2024-03-04T04:29:46.778+0000] {logging_mixin.py:188} INFO - [2024-03-04T04:29:46.778+0000] {dag.py:3036} INFO - Sync 1 DAGs
[2024-03-04T04:29:46.795+0000] {logging_mixin.py:188} INFO - [2024-03-04T04:29:46.795+0000] {dag.py:3823} INFO - Setting next_dagrun for my_first_dag_1 to 2024-01-29 00:50:00+00:00, run_after=2024-01-29 01:50:00+00:00
[2024-03-04T04:29:46.808+0000] {processor.py:183} INFO - Processing /opt/airflow/dags/my_first_dag.py took 0.060 seconds
[2024-03-04T04:30:17.521+0000] {processor.py:161} INFO - Started process (PID=149) to work on /opt/airflow/dags/my_first_dag.py
[2024-03-04T04:30:17.526+0000] {processor.py:830} INFO - Processing file /opt/airflow/dags/my_first_dag.py for tasks to queue
[2024-03-04T04:30:17.536+0000] {logging_mixin.py:188} INFO - [2024-03-04T04:30:17.534+0000] {dagbag.py:538} INFO - Filling up the DagBag from /opt/airflow/dags/my_first_dag.py
[2024-03-04T04:30:17.550+0000] {processor.py:840} INFO - DAG(s) 'my_first_dag_1' retrieved from /opt/airflow/dags/my_first_dag.py
[2024-03-04T04:30:17.591+0000] {logging_mixin.py:188} INFO - [2024-03-04T04:30:17.589+0000] {dag.py:3036} INFO - Sync 1 DAGs
[2024-03-04T04:30:17.634+0000] {logging_mixin.py:188} INFO - [2024-03-04T04:30:17.634+0000] {dag.py:3823} INFO - Setting next_dagrun for my_first_dag_1 to 2024-01-29 00:50:00+00:00, run_after=2024-01-29 01:50:00+00:00
[2024-03-04T04:30:17.670+0000] {processor.py:183} INFO - Processing /opt/airflow/dags/my_first_dag.py took 0.170 seconds
[2024-03-04T04:30:48.018+0000] {processor.py:161} INFO - Started process (PID=161) to work on /opt/airflow/dags/my_first_dag.py
[2024-03-04T04:30:48.019+0000] {processor.py:830} INFO - Processing file /opt/airflow/dags/my_first_dag.py for tasks to queue
[2024-03-04T04:30:48.020+0000] {logging_mixin.py:188} INFO - [2024-03-04T04:30:48.020+0000] {dagbag.py:538} INFO - Filling up the DagBag from /opt/airflow/dags/my_first_dag.py
[2024-03-04T04:30:48.026+0000] {processor.py:840} INFO - DAG(s) 'my_first_dag_1' retrieved from /opt/airflow/dags/my_first_dag.py
[2024-03-04T04:30:48.041+0000] {logging_mixin.py:188} INFO - [2024-03-04T04:30:48.041+0000] {dag.py:3036} INFO - Sync 1 DAGs
[2024-03-04T04:30:48.061+0000] {logging_mixin.py:188} INFO - [2024-03-04T04:30:48.061+0000] {dag.py:3823} INFO - Setting next_dagrun for my_first_dag_1 to 2024-01-29 00:50:00+00:00, run_after=2024-01-29 01:50:00+00:00
[2024-03-04T04:30:48.077+0000] {processor.py:183} INFO - Processing /opt/airflow/dags/my_first_dag.py took 0.061 seconds
[2024-03-04T04:31:18.388+0000] {processor.py:161} INFO - Started process (PID=173) to work on /opt/airflow/dags/my_first_dag.py
[2024-03-04T04:31:18.389+0000] {processor.py:830} INFO - Processing file /opt/airflow/dags/my_first_dag.py for tasks to queue
[2024-03-04T04:31:18.390+0000] {logging_mixin.py:188} INFO - [2024-03-04T04:31:18.390+0000] {dagbag.py:538} INFO - Filling up the DagBag from /opt/airflow/dags/my_first_dag.py
[2024-03-04T04:31:18.397+0000] {processor.py:840} INFO - DAG(s) 'my_first_dag_1' retrieved from /opt/airflow/dags/my_first_dag.py
[2024-03-04T04:31:18.416+0000] {logging_mixin.py:188} INFO - [2024-03-04T04:31:18.415+0000] {dag.py:3036} INFO - Sync 1 DAGs
[2024-03-04T04:31:18.436+0000] {logging_mixin.py:188} INFO - [2024-03-04T04:31:18.436+0000] {dag.py:3823} INFO - Setting next_dagrun for my_first_dag_1 to 2024-01-29 00:50:00+00:00, run_after=2024-01-29 01:50:00+00:00
[2024-03-04T04:31:18.450+0000] {processor.py:183} INFO - Processing /opt/airflow/dags/my_first_dag.py took 0.064 seconds
[2024-03-04T04:31:48.770+0000] {processor.py:161} INFO - Started process (PID=185) to work on /opt/airflow/dags/my_first_dag.py
[2024-03-04T04:31:48.770+0000] {processor.py:830} INFO - Processing file /opt/airflow/dags/my_first_dag.py for tasks to queue
[2024-03-04T04:31:48.771+0000] {logging_mixin.py:188} INFO - [2024-03-04T04:31:48.771+0000] {dagbag.py:538} INFO - Filling up the DagBag from /opt/airflow/dags/my_first_dag.py
[2024-03-04T04:31:48.778+0000] {processor.py:840} INFO - DAG(s) 'my_first_dag_1' retrieved from /opt/airflow/dags/my_first_dag.py
[2024-03-04T04:31:48.798+0000] {logging_mixin.py:188} INFO - [2024-03-04T04:31:48.798+0000] {dag.py:3036} INFO - Sync 1 DAGs
[2024-03-04T04:31:48.817+0000] {logging_mixin.py:188} INFO - [2024-03-04T04:31:48.817+0000] {dag.py:3823} INFO - Setting next_dagrun for my_first_dag_1 to 2024-01-29 00:50:00+00:00, run_after=2024-01-29 01:50:00+00:00
[2024-03-04T04:31:48.830+0000] {processor.py:183} INFO - Processing /opt/airflow/dags/my_first_dag.py took 0.063 seconds
[2024-03-04T04:32:19.142+0000] {processor.py:161} INFO - Started process (PID=197) to work on /opt/airflow/dags/my_first_dag.py
[2024-03-04T04:32:19.143+0000] {processor.py:830} INFO - Processing file /opt/airflow/dags/my_first_dag.py for tasks to queue
[2024-03-04T04:32:19.144+0000] {logging_mixin.py:188} INFO - [2024-03-04T04:32:19.144+0000] {dagbag.py:538} INFO - Filling up the DagBag from /opt/airflow/dags/my_first_dag.py
[2024-03-04T04:32:19.150+0000] {processor.py:840} INFO - DAG(s) 'my_first_dag_1' retrieved from /opt/airflow/dags/my_first_dag.py
[2024-03-04T04:32:19.169+0000] {logging_mixin.py:188} INFO - [2024-03-04T04:32:19.169+0000] {dag.py:3036} INFO - Sync 1 DAGs
[2024-03-04T04:32:19.189+0000] {logging_mixin.py:188} INFO - [2024-03-04T04:32:19.189+0000] {dag.py:3823} INFO - Setting next_dagrun for my_first_dag_1 to 2024-01-29 00:50:00+00:00, run_after=2024-01-29 01:50:00+00:00
[2024-03-04T04:32:19.204+0000] {processor.py:183} INFO - Processing /opt/airflow/dags/my_first_dag.py took 0.063 seconds
[2024-03-04T04:32:49.521+0000] {processor.py:161} INFO - Started process (PID=209) to work on /opt/airflow/dags/my_first_dag.py
[2024-03-04T04:32:49.521+0000] {processor.py:830} INFO - Processing file /opt/airflow/dags/my_first_dag.py for tasks to queue
[2024-03-04T04:32:49.523+0000] {logging_mixin.py:188} INFO - [2024-03-04T04:32:49.522+0000] {dagbag.py:538} INFO - Filling up the DagBag from /opt/airflow/dags/my_first_dag.py
[2024-03-04T04:32:49.529+0000] {processor.py:840} INFO - DAG(s) 'my_first_dag_1' retrieved from /opt/airflow/dags/my_first_dag.py
[2024-03-04T04:32:49.545+0000] {logging_mixin.py:188} INFO - [2024-03-04T04:32:49.545+0000] {dag.py:3036} INFO - Sync 1 DAGs
[2024-03-04T04:32:49.561+0000] {logging_mixin.py:188} INFO - [2024-03-04T04:32:49.561+0000] {dag.py:3823} INFO - Setting next_dagrun for my_first_dag_1 to 2024-01-29 00:50:00+00:00, run_after=2024-01-29 01:50:00+00:00
[2024-03-04T04:32:49.573+0000] {processor.py:183} INFO - Processing /opt/airflow/dags/my_first_dag.py took 0.055 seconds
[2024-03-04T04:33:19.948+0000] {processor.py:161} INFO - Started process (PID=221) to work on /opt/airflow/dags/my_first_dag.py
[2024-03-04T04:33:19.949+0000] {processor.py:830} INFO - Processing file /opt/airflow/dags/my_first_dag.py for tasks to queue
[2024-03-04T04:33:19.951+0000] {logging_mixin.py:188} INFO - [2024-03-04T04:33:19.951+0000] {dagbag.py:538} INFO - Filling up the DagBag from /opt/airflow/dags/my_first_dag.py
[2024-03-04T04:33:19.974+0000] {processor.py:840} INFO - DAG(s) 'my_first_dag_1' retrieved from /opt/airflow/dags/my_first_dag.py
[2024-03-04T04:33:19.993+0000] {logging_mixin.py:188} INFO - [2024-03-04T04:33:19.993+0000] {dag.py:3036} INFO - Sync 1 DAGs
[2024-03-04T04:33:20.094+0000] {logging_mixin.py:188} INFO - [2024-03-04T04:33:20.094+0000] {dag.py:3823} INFO - Setting next_dagrun for my_first_dag_1 to 2024-01-29 00:50:00+00:00, run_after=2024-01-29 01:50:00+00:00
[2024-03-04T04:33:20.144+0000] {processor.py:183} INFO - Processing /opt/airflow/dags/my_first_dag.py took 0.198 seconds
[2024-03-04T04:33:50.590+0000] {processor.py:161} INFO - Started process (PID=233) to work on /opt/airflow/dags/my_first_dag.py
[2024-03-04T04:33:50.591+0000] {processor.py:830} INFO - Processing file /opt/airflow/dags/my_first_dag.py for tasks to queue
[2024-03-04T04:33:50.592+0000] {logging_mixin.py:188} INFO - [2024-03-04T04:33:50.592+0000] {dagbag.py:538} INFO - Filling up the DagBag from /opt/airflow/dags/my_first_dag.py
[2024-03-04T04:33:50.599+0000] {processor.py:840} INFO - DAG(s) 'my_first_dag_1' retrieved from /opt/airflow/dags/my_first_dag.py
[2024-03-04T04:33:50.617+0000] {logging_mixin.py:188} INFO - [2024-03-04T04:33:50.617+0000] {dag.py:3036} INFO - Sync 1 DAGs
[2024-03-04T04:33:50.638+0000] {logging_mixin.py:188} INFO - [2024-03-04T04:33:50.638+0000] {dag.py:3823} INFO - Setting next_dagrun for my_first_dag_1 to 2024-01-29 00:50:00+00:00, run_after=2024-01-29 01:50:00+00:00
[2024-03-04T04:33:50.651+0000] {processor.py:183} INFO - Processing /opt/airflow/dags/my_first_dag.py took 0.063 seconds
[2024-03-04T04:34:21.117+0000] {processor.py:161} INFO - Started process (PID=245) to work on /opt/airflow/dags/my_first_dag.py
[2024-03-04T04:34:21.119+0000] {processor.py:830} INFO - Processing file /opt/airflow/dags/my_first_dag.py for tasks to queue
[2024-03-04T04:34:21.121+0000] {logging_mixin.py:188} INFO - [2024-03-04T04:34:21.120+0000] {dagbag.py:538} INFO - Filling up the DagBag from /opt/airflow/dags/my_first_dag.py
[2024-03-04T04:34:21.134+0000] {processor.py:840} INFO - DAG(s) 'my_first_dag_1' retrieved from /opt/airflow/dags/my_first_dag.py
[2024-03-04T04:34:21.164+0000] {logging_mixin.py:188} INFO - [2024-03-04T04:34:21.164+0000] {dag.py:3036} INFO - Sync 1 DAGs
[2024-03-04T04:34:21.216+0000] {logging_mixin.py:188} INFO - [2024-03-04T04:34:21.215+0000] {dag.py:3823} INFO - Setting next_dagrun for my_first_dag_1 to 2024-01-29 00:50:00+00:00, run_after=2024-01-29 01:50:00+00:00
[2024-03-04T04:34:21.245+0000] {processor.py:183} INFO - Processing /opt/airflow/dags/my_first_dag.py took 0.132 seconds
[2024-03-04T04:34:51.541+0000] {processor.py:161} INFO - Started process (PID=257) to work on /opt/airflow/dags/my_first_dag.py
[2024-03-04T04:34:51.541+0000] {processor.py:830} INFO - Processing file /opt/airflow/dags/my_first_dag.py for tasks to queue
[2024-03-04T04:34:51.543+0000] {logging_mixin.py:188} INFO - [2024-03-04T04:34:51.542+0000] {dagbag.py:538} INFO - Filling up the DagBag from /opt/airflow/dags/my_first_dag.py
[2024-03-04T04:34:51.549+0000] {processor.py:840} INFO - DAG(s) 'my_first_dag_1' retrieved from /opt/airflow/dags/my_first_dag.py
[2024-03-04T04:34:51.569+0000] {logging_mixin.py:188} INFO - [2024-03-04T04:34:51.569+0000] {dag.py:3036} INFO - Sync 1 DAGs
[2024-03-04T04:34:51.597+0000] {logging_mixin.py:188} INFO - [2024-03-04T04:34:51.597+0000] {dag.py:3823} INFO - Setting next_dagrun for my_first_dag_1 to 2024-01-29 00:50:00+00:00, run_after=2024-01-29 01:50:00+00:00
[2024-03-04T04:34:51.611+0000] {processor.py:183} INFO - Processing /opt/airflow/dags/my_first_dag.py took 0.072 seconds
[2024-03-04T04:35:21.910+0000] {processor.py:161} INFO - Started process (PID=269) to work on /opt/airflow/dags/my_first_dag.py
[2024-03-04T04:35:21.911+0000] {processor.py:830} INFO - Processing file /opt/airflow/dags/my_first_dag.py for tasks to queue
[2024-03-04T04:35:21.912+0000] {logging_mixin.py:188} INFO - [2024-03-04T04:35:21.912+0000] {dagbag.py:538} INFO - Filling up the DagBag from /opt/airflow/dags/my_first_dag.py
[2024-03-04T04:35:21.918+0000] {processor.py:840} INFO - DAG(s) 'my_first_dag_1' retrieved from /opt/airflow/dags/my_first_dag.py
[2024-03-04T04:35:21.938+0000] {logging_mixin.py:188} INFO - [2024-03-04T04:35:21.937+0000] {dag.py:3036} INFO - Sync 1 DAGs
[2024-03-04T04:35:21.955+0000] {logging_mixin.py:188} INFO - [2024-03-04T04:35:21.955+0000] {dag.py:3823} INFO - Setting next_dagrun for my_first_dag_1 to 2024-01-29 00:50:00+00:00, run_after=2024-01-29 01:50:00+00:00
[2024-03-04T04:35:21.971+0000] {processor.py:183} INFO - Processing /opt/airflow/dags/my_first_dag.py took 0.062 seconds
[2024-03-04T04:35:52.351+0000] {processor.py:161} INFO - Started process (PID=281) to work on /opt/airflow/dags/my_first_dag.py
[2024-03-04T04:35:52.352+0000] {processor.py:830} INFO - Processing file /opt/airflow/dags/my_first_dag.py for tasks to queue
[2024-03-04T04:35:52.353+0000] {logging_mixin.py:188} INFO - [2024-03-04T04:35:52.353+0000] {dagbag.py:538} INFO - Filling up the DagBag from /opt/airflow/dags/my_first_dag.py
[2024-03-04T04:35:52.360+0000] {processor.py:840} INFO - DAG(s) 'my_first_dag_1' retrieved from /opt/airflow/dags/my_first_dag.py
[2024-03-04T04:35:52.401+0000] {logging_mixin.py:188} INFO - [2024-03-04T04:35:52.400+0000] {dag.py:3036} INFO - Sync 1 DAGs
[2024-03-04T04:35:52.424+0000] {logging_mixin.py:188} INFO - [2024-03-04T04:35:52.424+0000] {dag.py:3823} INFO - Setting next_dagrun for my_first_dag_1 to 2024-01-29 00:50:00+00:00, run_after=2024-01-29 01:50:00+00:00
[2024-03-04T04:35:52.504+0000] {processor.py:183} INFO - Processing /opt/airflow/dags/my_first_dag.py took 0.155 seconds
[2024-03-04T04:36:22.806+0000] {processor.py:161} INFO - Started process (PID=293) to work on /opt/airflow/dags/my_first_dag.py
[2024-03-04T04:36:22.807+0000] {processor.py:830} INFO - Processing file /opt/airflow/dags/my_first_dag.py for tasks to queue
[2024-03-04T04:36:22.808+0000] {logging_mixin.py:188} INFO - [2024-03-04T04:36:22.808+0000] {dagbag.py:538} INFO - Filling up the DagBag from /opt/airflow/dags/my_first_dag.py
[2024-03-04T04:36:22.815+0000] {processor.py:840} INFO - DAG(s) 'my_first_dag_1' retrieved from /opt/airflow/dags/my_first_dag.py
[2024-03-04T04:36:22.832+0000] {logging_mixin.py:188} INFO - [2024-03-04T04:36:22.831+0000] {dag.py:3036} INFO - Sync 1 DAGs
[2024-03-04T04:36:22.850+0000] {logging_mixin.py:188} INFO - [2024-03-04T04:36:22.850+0000] {dag.py:3823} INFO - Setting next_dagrun for my_first_dag_1 to 2024-01-29 00:50:00+00:00, run_after=2024-01-29 01:50:00+00:00
[2024-03-04T04:36:22.866+0000] {processor.py:183} INFO - Processing /opt/airflow/dags/my_first_dag.py took 0.062 seconds
[2024-03-04T04:36:53.166+0000] {processor.py:161} INFO - Started process (PID=305) to work on /opt/airflow/dags/my_first_dag.py
[2024-03-04T04:36:53.167+0000] {processor.py:830} INFO - Processing file /opt/airflow/dags/my_first_dag.py for tasks to queue
[2024-03-04T04:36:53.168+0000] {logging_mixin.py:188} INFO - [2024-03-04T04:36:53.168+0000] {dagbag.py:538} INFO - Filling up the DagBag from /opt/airflow/dags/my_first_dag.py
[2024-03-04T04:36:53.175+0000] {processor.py:840} INFO - DAG(s) 'my_first_dag_1' retrieved from /opt/airflow/dags/my_first_dag.py
[2024-03-04T04:36:53.206+0000] {logging_mixin.py:188} INFO - [2024-03-04T04:36:53.205+0000] {dag.py:3036} INFO - Sync 1 DAGs
[2024-03-04T04:36:53.229+0000] {logging_mixin.py:188} INFO - [2024-03-04T04:36:53.229+0000] {dag.py:3823} INFO - Setting next_dagrun for my_first_dag_1 to 2024-01-29 00:50:00+00:00, run_after=2024-01-29 01:50:00+00:00
[2024-03-04T04:36:53.246+0000] {processor.py:183} INFO - Processing /opt/airflow/dags/my_first_dag.py took 0.082 seconds
[2024-03-04T04:37:23.554+0000] {processor.py:161} INFO - Started process (PID=317) to work on /opt/airflow/dags/my_first_dag.py
[2024-03-04T04:37:23.555+0000] {processor.py:830} INFO - Processing file /opt/airflow/dags/my_first_dag.py for tasks to queue
[2024-03-04T04:37:23.556+0000] {logging_mixin.py:188} INFO - [2024-03-04T04:37:23.556+0000] {dagbag.py:538} INFO - Filling up the DagBag from /opt/airflow/dags/my_first_dag.py
[2024-03-04T04:37:23.563+0000] {processor.py:840} INFO - DAG(s) 'my_first_dag_1' retrieved from /opt/airflow/dags/my_first_dag.py
[2024-03-04T04:37:23.594+0000] {logging_mixin.py:188} INFO - [2024-03-04T04:37:23.594+0000] {dag.py:3036} INFO - Sync 1 DAGs
[2024-03-04T04:37:23.613+0000] {logging_mixin.py:188} INFO - [2024-03-04T04:37:23.613+0000] {dag.py:3823} INFO - Setting next_dagrun for my_first_dag_1 to 2024-01-29 00:50:00+00:00, run_after=2024-01-29 01:50:00+00:00
[2024-03-04T04:37:23.628+0000] {processor.py:183} INFO - Processing /opt/airflow/dags/my_first_dag.py took 0.076 seconds
[2024-03-04T04:37:53.964+0000] {processor.py:161} INFO - Started process (PID=329) to work on /opt/airflow/dags/my_first_dag.py
[2024-03-04T04:37:53.965+0000] {processor.py:830} INFO - Processing file /opt/airflow/dags/my_first_dag.py for tasks to queue
[2024-03-04T04:37:53.966+0000] {logging_mixin.py:188} INFO - [2024-03-04T04:37:53.966+0000] {dagbag.py:538} INFO - Filling up the DagBag from /opt/airflow/dags/my_first_dag.py
[2024-03-04T04:37:53.973+0000] {processor.py:840} INFO - DAG(s) 'my_first_dag_1' retrieved from /opt/airflow/dags/my_first_dag.py
[2024-03-04T04:37:53.992+0000] {logging_mixin.py:188} INFO - [2024-03-04T04:37:53.992+0000] {dag.py:3036} INFO - Sync 1 DAGs
[2024-03-04T04:37:54.025+0000] {logging_mixin.py:188} INFO - [2024-03-04T04:37:54.024+0000] {dag.py:3823} INFO - Setting next_dagrun for my_first_dag_1 to 2024-01-29 00:50:00+00:00, run_after=2024-01-29 01:50:00+00:00
[2024-03-04T04:37:54.043+0000] {processor.py:183} INFO - Processing /opt/airflow/dags/my_first_dag.py took 0.081 seconds
[2024-03-04T04:38:24.316+0000] {processor.py:161} INFO - Started process (PID=341) to work on /opt/airflow/dags/my_first_dag.py
[2024-03-04T04:38:24.317+0000] {processor.py:830} INFO - Processing file /opt/airflow/dags/my_first_dag.py for tasks to queue
[2024-03-04T04:38:24.318+0000] {logging_mixin.py:188} INFO - [2024-03-04T04:38:24.318+0000] {dagbag.py:538} INFO - Filling up the DagBag from /opt/airflow/dags/my_first_dag.py
[2024-03-04T04:38:24.325+0000] {processor.py:840} INFO - DAG(s) 'my_first_dag_1' retrieved from /opt/airflow/dags/my_first_dag.py
[2024-03-04T04:38:24.345+0000] {logging_mixin.py:188} INFO - [2024-03-04T04:38:24.344+0000] {dag.py:3036} INFO - Sync 1 DAGs
[2024-03-04T04:38:24.367+0000] {logging_mixin.py:188} INFO - [2024-03-04T04:38:24.367+0000] {dag.py:3823} INFO - Setting next_dagrun for my_first_dag_1 to 2024-01-29 00:50:00+00:00, run_after=2024-01-29 01:50:00+00:00
[2024-03-04T04:38:24.384+0000] {processor.py:183} INFO - Processing /opt/airflow/dags/my_first_dag.py took 0.070 seconds
[2024-03-04T04:38:54.950+0000] {processor.py:161} INFO - Started process (PID=353) to work on /opt/airflow/dags/my_first_dag.py
[2024-03-04T04:38:54.951+0000] {processor.py:830} INFO - Processing file /opt/airflow/dags/my_first_dag.py for tasks to queue
[2024-03-04T04:38:54.952+0000] {logging_mixin.py:188} INFO - [2024-03-04T04:38:54.952+0000] {dagbag.py:538} INFO - Filling up the DagBag from /opt/airflow/dags/my_first_dag.py
[2024-03-04T04:38:54.959+0000] {processor.py:840} INFO - DAG(s) 'my_first_dag_1' retrieved from /opt/airflow/dags/my_first_dag.py
[2024-03-04T04:38:54.976+0000] {logging_mixin.py:188} INFO - [2024-03-04T04:38:54.976+0000] {dag.py:3036} INFO - Sync 1 DAGs
[2024-03-04T04:38:54.994+0000] {logging_mixin.py:188} INFO - [2024-03-04T04:38:54.994+0000] {dag.py:3823} INFO - Setting next_dagrun for my_first_dag_1 to 2024-01-29 00:50:00+00:00, run_after=2024-01-29 01:50:00+00:00
[2024-03-04T04:38:55.009+0000] {processor.py:183} INFO - Processing /opt/airflow/dags/my_first_dag.py took 0.061 seconds
[2024-03-04T04:39:25.460+0000] {processor.py:161} INFO - Started process (PID=365) to work on /opt/airflow/dags/my_first_dag.py
[2024-03-04T04:39:25.461+0000] {processor.py:830} INFO - Processing file /opt/airflow/dags/my_first_dag.py for tasks to queue
[2024-03-04T04:39:25.463+0000] {logging_mixin.py:188} INFO - [2024-03-04T04:39:25.463+0000] {dagbag.py:538} INFO - Filling up the DagBag from /opt/airflow/dags/my_first_dag.py
[2024-03-04T04:39:25.474+0000] {processor.py:840} INFO - DAG(s) 'my_first_dag_1' retrieved from /opt/airflow/dags/my_first_dag.py
[2024-03-04T04:39:25.497+0000] {logging_mixin.py:188} INFO - [2024-03-04T04:39:25.497+0000] {dag.py:3036} INFO - Sync 1 DAGs
[2024-03-04T04:39:25.515+0000] {logging_mixin.py:188} INFO - [2024-03-04T04:39:25.515+0000] {dag.py:3823} INFO - Setting next_dagrun for my_first_dag_1 to 2024-01-29 00:50:00+00:00, run_after=2024-01-29 01:50:00+00:00
[2024-03-04T04:39:25.536+0000] {processor.py:183} INFO - Processing /opt/airflow/dags/my_first_dag.py took 0.079 seconds
[2024-03-04T04:39:55.878+0000] {processor.py:161} INFO - Started process (PID=377) to work on /opt/airflow/dags/my_first_dag.py
[2024-03-04T04:39:55.879+0000] {processor.py:830} INFO - Processing file /opt/airflow/dags/my_first_dag.py for tasks to queue
[2024-03-04T04:39:55.881+0000] {logging_mixin.py:188} INFO - [2024-03-04T04:39:55.880+0000] {dagbag.py:538} INFO - Filling up the DagBag from /opt/airflow/dags/my_first_dag.py
[2024-03-04T04:39:55.891+0000] {processor.py:840} INFO - DAG(s) 'my_first_dag_1' retrieved from /opt/airflow/dags/my_first_dag.py
[2024-03-04T04:39:55.912+0000] {logging_mixin.py:188} INFO - [2024-03-04T04:39:55.911+0000] {dag.py:3036} INFO - Sync 1 DAGs
[2024-03-04T04:39:55.944+0000] {logging_mixin.py:188} INFO - [2024-03-04T04:39:55.944+0000] {dag.py:3823} INFO - Setting next_dagrun for my_first_dag_1 to 2024-01-29 00:50:00+00:00, run_after=2024-01-29 01:50:00+00:00
[2024-03-04T04:39:55.959+0000] {processor.py:183} INFO - Processing /opt/airflow/dags/my_first_dag.py took 0.084 seconds
[2024-03-04T04:40:26.282+0000] {processor.py:161} INFO - Started process (PID=389) to work on /opt/airflow/dags/my_first_dag.py
[2024-03-04T04:40:26.283+0000] {processor.py:830} INFO - Processing file /opt/airflow/dags/my_first_dag.py for tasks to queue
[2024-03-04T04:40:26.285+0000] {logging_mixin.py:188} INFO - [2024-03-04T04:40:26.285+0000] {dagbag.py:538} INFO - Filling up the DagBag from /opt/airflow/dags/my_first_dag.py
[2024-03-04T04:40:26.293+0000] {processor.py:840} INFO - DAG(s) 'my_first_dag_1' retrieved from /opt/airflow/dags/my_first_dag.py
[2024-03-04T04:40:26.314+0000] {logging_mixin.py:188} INFO - [2024-03-04T04:40:26.314+0000] {dag.py:3036} INFO - Sync 1 DAGs
[2024-03-04T04:40:26.344+0000] {logging_mixin.py:188} INFO - [2024-03-04T04:40:26.344+0000] {dag.py:3823} INFO - Setting next_dagrun for my_first_dag_1 to 2024-01-29 00:50:00+00:00, run_after=2024-01-29 01:50:00+00:00
[2024-03-04T04:40:26.419+0000] {processor.py:183} INFO - Processing /opt/airflow/dags/my_first_dag.py took 0.140 seconds
[2024-03-04T04:40:56.878+0000] {processor.py:161} INFO - Started process (PID=401) to work on /opt/airflow/dags/my_first_dag.py
[2024-03-04T04:40:56.879+0000] {processor.py:830} INFO - Processing file /opt/airflow/dags/my_first_dag.py for tasks to queue
[2024-03-04T04:40:56.880+0000] {logging_mixin.py:188} INFO - [2024-03-04T04:40:56.880+0000] {dagbag.py:538} INFO - Filling up the DagBag from /opt/airflow/dags/my_first_dag.py
[2024-03-04T04:40:56.886+0000] {processor.py:840} INFO - DAG(s) 'my_first_dag_1' retrieved from /opt/airflow/dags/my_first_dag.py
[2024-03-04T04:40:56.908+0000] {logging_mixin.py:188} INFO - [2024-03-04T04:40:56.908+0000] {dag.py:3036} INFO - Sync 1 DAGs
[2024-03-04T04:40:56.932+0000] {logging_mixin.py:188} INFO - [2024-03-04T04:40:56.931+0000] {dag.py:3823} INFO - Setting next_dagrun for my_first_dag_1 to 2024-01-29 00:50:00+00:00, run_after=2024-01-29 01:50:00+00:00
[2024-03-04T04:40:56.948+0000] {processor.py:183} INFO - Processing /opt/airflow/dags/my_first_dag.py took 0.072 seconds
[2024-03-04T04:41:27.242+0000] {processor.py:161} INFO - Started process (PID=413) to work on /opt/airflow/dags/my_first_dag.py
[2024-03-04T04:41:27.247+0000] {processor.py:830} INFO - Processing file /opt/airflow/dags/my_first_dag.py for tasks to queue
[2024-03-04T04:41:27.249+0000] {logging_mixin.py:188} INFO - [2024-03-04T04:41:27.249+0000] {dagbag.py:538} INFO - Filling up the DagBag from /opt/airflow/dags/my_first_dag.py
[2024-03-04T04:41:27.287+0000] {processor.py:840} INFO - DAG(s) 'my_first_dag_1' retrieved from /opt/airflow/dags/my_first_dag.py
[2024-03-04T04:41:27.334+0000] {logging_mixin.py:188} INFO - [2024-03-04T04:41:27.334+0000] {dag.py:3036} INFO - Sync 1 DAGs
[2024-03-04T04:41:27.383+0000] {logging_mixin.py:188} INFO - [2024-03-04T04:41:27.382+0000] {dag.py:3823} INFO - Setting next_dagrun for my_first_dag_1 to 2024-01-29 00:50:00+00:00, run_after=2024-01-29 01:50:00+00:00
[2024-03-04T04:41:27.416+0000] {processor.py:183} INFO - Processing /opt/airflow/dags/my_first_dag.py took 0.183 seconds
[2024-03-04T04:41:57.727+0000] {processor.py:161} INFO - Started process (PID=425) to work on /opt/airflow/dags/my_first_dag.py
[2024-03-04T04:41:57.728+0000] {processor.py:830} INFO - Processing file /opt/airflow/dags/my_first_dag.py for tasks to queue
[2024-03-04T04:41:57.729+0000] {logging_mixin.py:188} INFO - [2024-03-04T04:41:57.729+0000] {dagbag.py:538} INFO - Filling up the DagBag from /opt/airflow/dags/my_first_dag.py
[2024-03-04T04:41:57.738+0000] {processor.py:840} INFO - DAG(s) 'my_first_dag_1' retrieved from /opt/airflow/dags/my_first_dag.py
[2024-03-04T04:41:57.755+0000] {logging_mixin.py:188} INFO - [2024-03-04T04:41:57.755+0000] {dag.py:3036} INFO - Sync 1 DAGs
[2024-03-04T04:41:57.776+0000] {logging_mixin.py:188} INFO - [2024-03-04T04:41:57.775+0000] {dag.py:3823} INFO - Setting next_dagrun for my_first_dag_1 to 2024-01-29 00:50:00+00:00, run_after=2024-01-29 01:50:00+00:00
[2024-03-04T04:41:57.792+0000] {processor.py:183} INFO - Processing /opt/airflow/dags/my_first_dag.py took 0.068 seconds
[2024-03-04T04:42:28.102+0000] {processor.py:161} INFO - Started process (PID=437) to work on /opt/airflow/dags/my_first_dag.py
[2024-03-04T04:42:28.103+0000] {processor.py:830} INFO - Processing file /opt/airflow/dags/my_first_dag.py for tasks to queue
[2024-03-04T04:42:28.104+0000] {logging_mixin.py:188} INFO - [2024-03-04T04:42:28.103+0000] {dagbag.py:538} INFO - Filling up the DagBag from /opt/airflow/dags/my_first_dag.py
[2024-03-04T04:42:28.110+0000] {processor.py:840} INFO - DAG(s) 'my_first_dag_1' retrieved from /opt/airflow/dags/my_first_dag.py
[2024-03-04T04:42:28.127+0000] {logging_mixin.py:188} INFO - [2024-03-04T04:42:28.127+0000] {dag.py:3036} INFO - Sync 1 DAGs
[2024-03-04T04:42:28.158+0000] {logging_mixin.py:188} INFO - [2024-03-04T04:42:28.158+0000] {dag.py:3823} INFO - Setting next_dagrun for my_first_dag_1 to 2024-01-29 00:50:00+00:00, run_after=2024-01-29 01:50:00+00:00
[2024-03-04T04:42:28.176+0000] {processor.py:183} INFO - Processing /opt/airflow/dags/my_first_dag.py took 0.076 seconds
[2024-03-04T04:42:58.476+0000] {processor.py:161} INFO - Started process (PID=449) to work on /opt/airflow/dags/my_first_dag.py
[2024-03-04T04:42:58.477+0000] {processor.py:830} INFO - Processing file /opt/airflow/dags/my_first_dag.py for tasks to queue
[2024-03-04T04:42:58.478+0000] {logging_mixin.py:188} INFO - [2024-03-04T04:42:58.478+0000] {dagbag.py:538} INFO - Filling up the DagBag from /opt/airflow/dags/my_first_dag.py
[2024-03-04T04:42:58.485+0000] {processor.py:840} INFO - DAG(s) 'my_first_dag_1' retrieved from /opt/airflow/dags/my_first_dag.py
[2024-03-04T04:42:58.500+0000] {logging_mixin.py:188} INFO - [2024-03-04T04:42:58.500+0000] {dag.py:3036} INFO - Sync 1 DAGs
[2024-03-04T04:42:58.516+0000] {logging_mixin.py:188} INFO - [2024-03-04T04:42:58.516+0000] {dag.py:3823} INFO - Setting next_dagrun for my_first_dag_1 to 2024-01-29 00:50:00+00:00, run_after=2024-01-29 01:50:00+00:00
[2024-03-04T04:42:58.542+0000] {processor.py:183} INFO - Processing /opt/airflow/dags/my_first_dag.py took 0.068 seconds
[2024-03-04T04:43:28.814+0000] {processor.py:161} INFO - Started process (PID=461) to work on /opt/airflow/dags/my_first_dag.py
[2024-03-04T04:43:28.815+0000] {processor.py:830} INFO - Processing file /opt/airflow/dags/my_first_dag.py for tasks to queue
[2024-03-04T04:43:28.816+0000] {logging_mixin.py:188} INFO - [2024-03-04T04:43:28.815+0000] {dagbag.py:538} INFO - Filling up the DagBag from /opt/airflow/dags/my_first_dag.py
[2024-03-04T04:43:28.822+0000] {processor.py:840} INFO - DAG(s) 'my_first_dag_1' retrieved from /opt/airflow/dags/my_first_dag.py
[2024-03-04T04:43:28.838+0000] {logging_mixin.py:188} INFO - [2024-03-04T04:43:28.838+0000] {dag.py:3036} INFO - Sync 1 DAGs
[2024-03-04T04:43:28.879+0000] {logging_mixin.py:188} INFO - [2024-03-04T04:43:28.879+0000] {dag.py:3823} INFO - Setting next_dagrun for my_first_dag_1 to 2024-01-29 00:50:00+00:00, run_after=2024-01-29 01:50:00+00:00
[2024-03-04T04:43:28.904+0000] {processor.py:183} INFO - Processing /opt/airflow/dags/my_first_dag.py took 0.092 seconds
[2024-03-04T04:43:59.445+0000] {processor.py:161} INFO - Started process (PID=473) to work on /opt/airflow/dags/my_first_dag.py
[2024-03-04T04:43:59.448+0000] {processor.py:830} INFO - Processing file /opt/airflow/dags/my_first_dag.py for tasks to queue
[2024-03-04T04:43:59.451+0000] {logging_mixin.py:188} INFO - [2024-03-04T04:43:59.451+0000] {dagbag.py:538} INFO - Filling up the DagBag from /opt/airflow/dags/my_first_dag.py
[2024-03-04T04:43:59.461+0000] {processor.py:840} INFO - DAG(s) 'my_first_dag_1' retrieved from /opt/airflow/dags/my_first_dag.py
[2024-03-04T04:43:59.492+0000] {logging_mixin.py:188} INFO - [2024-03-04T04:43:59.492+0000] {dag.py:3036} INFO - Sync 1 DAGs
[2024-03-04T04:43:59.532+0000] {logging_mixin.py:188} INFO - [2024-03-04T04:43:59.530+0000] {dag.py:3823} INFO - Setting next_dagrun for my_first_dag_1 to 2024-01-29 00:50:00+00:00, run_after=2024-01-29 01:50:00+00:00
[2024-03-04T04:43:59.611+0000] {processor.py:183} INFO - Processing /opt/airflow/dags/my_first_dag.py took 0.169 seconds
[2024-03-04T04:44:30.002+0000] {processor.py:161} INFO - Started process (PID=485) to work on /opt/airflow/dags/my_first_dag.py
[2024-03-04T04:44:30.003+0000] {processor.py:830} INFO - Processing file /opt/airflow/dags/my_first_dag.py for tasks to queue
[2024-03-04T04:44:30.004+0000] {logging_mixin.py:188} INFO - [2024-03-04T04:44:30.004+0000] {dagbag.py:538} INFO - Filling up the DagBag from /opt/airflow/dags/my_first_dag.py
[2024-03-04T04:44:30.012+0000] {processor.py:840} INFO - DAG(s) 'my_first_dag_1' retrieved from /opt/airflow/dags/my_first_dag.py
[2024-03-04T04:44:30.034+0000] {logging_mixin.py:188} INFO - [2024-03-04T04:44:30.034+0000] {dag.py:3036} INFO - Sync 1 DAGs
[2024-03-04T04:44:30.110+0000] {logging_mixin.py:188} INFO - [2024-03-04T04:44:30.110+0000] {dag.py:3823} INFO - Setting next_dagrun for my_first_dag_1 to 2024-01-29 00:50:00+00:00, run_after=2024-01-29 01:50:00+00:00
[2024-03-04T04:44:30.137+0000] {processor.py:183} INFO - Processing /opt/airflow/dags/my_first_dag.py took 0.136 seconds
[2024-03-04T04:45:00.452+0000] {processor.py:161} INFO - Started process (PID=497) to work on /opt/airflow/dags/my_first_dag.py
[2024-03-04T04:45:00.453+0000] {processor.py:830} INFO - Processing file /opt/airflow/dags/my_first_dag.py for tasks to queue
[2024-03-04T04:45:00.454+0000] {logging_mixin.py:188} INFO - [2024-03-04T04:45:00.454+0000] {dagbag.py:538} INFO - Filling up the DagBag from /opt/airflow/dags/my_first_dag.py
[2024-03-04T04:45:00.464+0000] {processor.py:840} INFO - DAG(s) 'my_first_dag_1' retrieved from /opt/airflow/dags/my_first_dag.py
[2024-03-04T04:45:00.486+0000] {logging_mixin.py:188} INFO - [2024-03-04T04:45:00.486+0000] {dag.py:3036} INFO - Sync 1 DAGs
[2024-03-04T04:45:00.546+0000] {logging_mixin.py:188} INFO - [2024-03-04T04:45:00.546+0000] {dag.py:3823} INFO - Setting next_dagrun for my_first_dag_1 to 2024-01-29 00:50:00+00:00, run_after=2024-01-29 01:50:00+00:00
[2024-03-04T04:45:00.580+0000] {processor.py:183} INFO - Processing /opt/airflow/dags/my_first_dag.py took 0.131 seconds
[2024-03-04T04:45:30.897+0000] {processor.py:161} INFO - Started process (PID=509) to work on /opt/airflow/dags/my_first_dag.py
[2024-03-04T04:45:30.897+0000] {processor.py:830} INFO - Processing file /opt/airflow/dags/my_first_dag.py for tasks to queue
[2024-03-04T04:45:30.899+0000] {logging_mixin.py:188} INFO - [2024-03-04T04:45:30.898+0000] {dagbag.py:538} INFO - Filling up the DagBag from /opt/airflow/dags/my_first_dag.py
[2024-03-04T04:45:30.905+0000] {processor.py:840} INFO - DAG(s) 'my_first_dag_1' retrieved from /opt/airflow/dags/my_first_dag.py
[2024-03-04T04:45:30.920+0000] {logging_mixin.py:188} INFO - [2024-03-04T04:45:30.920+0000] {dag.py:3036} INFO - Sync 1 DAGs
[2024-03-04T04:45:30.942+0000] {logging_mixin.py:188} INFO - [2024-03-04T04:45:30.941+0000] {dag.py:3823} INFO - Setting next_dagrun for my_first_dag_1 to 2024-01-29 00:50:00+00:00, run_after=2024-01-29 01:50:00+00:00
[2024-03-04T04:45:31.055+0000] {processor.py:183} INFO - Processing /opt/airflow/dags/my_first_dag.py took 0.161 seconds
[2024-03-04T04:46:01.425+0000] {processor.py:161} INFO - Started process (PID=521) to work on /opt/airflow/dags/my_first_dag.py
[2024-03-04T04:46:01.426+0000] {processor.py:830} INFO - Processing file /opt/airflow/dags/my_first_dag.py for tasks to queue
[2024-03-04T04:46:01.427+0000] {logging_mixin.py:188} INFO - [2024-03-04T04:46:01.426+0000] {dagbag.py:538} INFO - Filling up the DagBag from /opt/airflow/dags/my_first_dag.py
[2024-03-04T04:46:01.434+0000] {processor.py:840} INFO - DAG(s) 'my_first_dag_1' retrieved from /opt/airflow/dags/my_first_dag.py
[2024-03-04T04:46:01.454+0000] {logging_mixin.py:188} INFO - [2024-03-04T04:46:01.454+0000] {dag.py:3036} INFO - Sync 1 DAGs
[2024-03-04T04:46:01.540+0000] {logging_mixin.py:188} INFO - [2024-03-04T04:46:01.540+0000] {dag.py:3823} INFO - Setting next_dagrun for my_first_dag_1 to 2024-01-29 00:50:00+00:00, run_after=2024-01-29 01:50:00+00:00
[2024-03-04T04:46:01.610+0000] {processor.py:183} INFO - Processing /opt/airflow/dags/my_first_dag.py took 0.188 seconds
[2024-03-04T04:46:31.926+0000] {processor.py:161} INFO - Started process (PID=533) to work on /opt/airflow/dags/my_first_dag.py
[2024-03-04T04:46:31.927+0000] {processor.py:830} INFO - Processing file /opt/airflow/dags/my_first_dag.py for tasks to queue
[2024-03-04T04:46:31.928+0000] {logging_mixin.py:188} INFO - [2024-03-04T04:46:31.928+0000] {dagbag.py:538} INFO - Filling up the DagBag from /opt/airflow/dags/my_first_dag.py
[2024-03-04T04:46:31.936+0000] {processor.py:840} INFO - DAG(s) 'my_first_dag_1' retrieved from /opt/airflow/dags/my_first_dag.py
[2024-03-04T04:46:31.957+0000] {logging_mixin.py:188} INFO - [2024-03-04T04:46:31.957+0000] {dag.py:3036} INFO - Sync 1 DAGs
[2024-03-04T04:46:31.981+0000] {logging_mixin.py:188} INFO - [2024-03-04T04:46:31.981+0000] {dag.py:3823} INFO - Setting next_dagrun for my_first_dag_1 to 2024-01-29 00:50:00+00:00, run_after=2024-01-29 01:50:00+00:00
[2024-03-04T04:46:31.997+0000] {processor.py:183} INFO - Processing /opt/airflow/dags/my_first_dag.py took 0.073 seconds
[2024-03-04T04:47:02.388+0000] {processor.py:161} INFO - Started process (PID=545) to work on /opt/airflow/dags/my_first_dag.py
[2024-03-04T04:47:02.389+0000] {processor.py:830} INFO - Processing file /opt/airflow/dags/my_first_dag.py for tasks to queue
[2024-03-04T04:47:02.390+0000] {logging_mixin.py:188} INFO - [2024-03-04T04:47:02.390+0000] {dagbag.py:538} INFO - Filling up the DagBag from /opt/airflow/dags/my_first_dag.py
[2024-03-04T04:47:02.400+0000] {processor.py:840} INFO - DAG(s) 'my_first_dag_1' retrieved from /opt/airflow/dags/my_first_dag.py
[2024-03-04T04:47:02.418+0000] {logging_mixin.py:188} INFO - [2024-03-04T04:47:02.417+0000] {dag.py:3036} INFO - Sync 1 DAGs
[2024-03-04T04:47:02.439+0000] {logging_mixin.py:188} INFO - [2024-03-04T04:47:02.439+0000] {dag.py:3823} INFO - Setting next_dagrun for my_first_dag_1 to 2024-01-29 00:50:00+00:00, run_after=2024-01-29 01:50:00+00:00
[2024-03-04T04:47:02.526+0000] {processor.py:183} INFO - Processing /opt/airflow/dags/my_first_dag.py took 0.140 seconds
[2024-03-04T04:47:32.991+0000] {processor.py:161} INFO - Started process (PID=557) to work on /opt/airflow/dags/my_first_dag.py
[2024-03-04T04:47:32.992+0000] {processor.py:830} INFO - Processing file /opt/airflow/dags/my_first_dag.py for tasks to queue
[2024-03-04T04:47:32.993+0000] {logging_mixin.py:188} INFO - [2024-03-04T04:47:32.993+0000] {dagbag.py:538} INFO - Filling up the DagBag from /opt/airflow/dags/my_first_dag.py
[2024-03-04T04:47:33.003+0000] {processor.py:840} INFO - DAG(s) 'my_first_dag_1' retrieved from /opt/airflow/dags/my_first_dag.py
[2024-03-04T04:47:33.022+0000] {logging_mixin.py:188} INFO - [2024-03-04T04:47:33.022+0000] {dag.py:3036} INFO - Sync 1 DAGs
[2024-03-04T04:47:33.042+0000] {logging_mixin.py:188} INFO - [2024-03-04T04:47:33.042+0000] {dag.py:3823} INFO - Setting next_dagrun for my_first_dag_1 to 2024-01-29 00:50:00+00:00, run_after=2024-01-29 01:50:00+00:00
[2024-03-04T04:47:33.057+0000] {processor.py:183} INFO - Processing /opt/airflow/dags/my_first_dag.py took 0.068 seconds
[2024-03-04T04:48:03.564+0000] {processor.py:161} INFO - Started process (PID=569) to work on /opt/airflow/dags/my_first_dag.py
[2024-03-04T04:48:03.565+0000] {processor.py:830} INFO - Processing file /opt/airflow/dags/my_first_dag.py for tasks to queue
[2024-03-04T04:48:03.567+0000] {logging_mixin.py:188} INFO - [2024-03-04T04:48:03.567+0000] {dagbag.py:538} INFO - Filling up the DagBag from /opt/airflow/dags/my_first_dag.py
[2024-03-04T04:48:03.579+0000] {processor.py:840} INFO - DAG(s) 'my_first_dag_1' retrieved from /opt/airflow/dags/my_first_dag.py
[2024-03-04T04:48:03.603+0000] {logging_mixin.py:188} INFO - [2024-03-04T04:48:03.602+0000] {dag.py:3036} INFO - Sync 1 DAGs
[2024-03-04T04:48:03.628+0000] {logging_mixin.py:188} INFO - [2024-03-04T04:48:03.628+0000] {dag.py:3823} INFO - Setting next_dagrun for my_first_dag_1 to 2024-01-29 00:50:00+00:00, run_after=2024-01-29 01:50:00+00:00
[2024-03-04T04:48:03.687+0000] {processor.py:183} INFO - Processing /opt/airflow/dags/my_first_dag.py took 0.125 seconds
[2024-03-04T04:48:34.233+0000] {processor.py:161} INFO - Started process (PID=581) to work on /opt/airflow/dags/my_first_dag.py
[2024-03-04T04:48:34.235+0000] {processor.py:830} INFO - Processing file /opt/airflow/dags/my_first_dag.py for tasks to queue
[2024-03-04T04:48:34.237+0000] {logging_mixin.py:188} INFO - [2024-03-04T04:48:34.237+0000] {dagbag.py:538} INFO - Filling up the DagBag from /opt/airflow/dags/my_first_dag.py
[2024-03-04T04:48:34.249+0000] {processor.py:840} INFO - DAG(s) 'my_first_dag_1' retrieved from /opt/airflow/dags/my_first_dag.py
[2024-03-04T04:48:34.314+0000] {logging_mixin.py:188} INFO - [2024-03-04T04:48:34.313+0000] {dag.py:3036} INFO - Sync 1 DAGs
[2024-03-04T04:48:34.361+0000] {logging_mixin.py:188} INFO - [2024-03-04T04:48:34.361+0000] {dag.py:3823} INFO - Setting next_dagrun for my_first_dag_1 to 2024-01-29 00:50:00+00:00, run_after=2024-01-29 01:50:00+00:00
[2024-03-04T04:48:34.408+0000] {processor.py:183} INFO - Processing /opt/airflow/dags/my_first_dag.py took 0.179 seconds
[2024-03-04T04:49:04.833+0000] {processor.py:161} INFO - Started process (PID=593) to work on /opt/airflow/dags/my_first_dag.py
[2024-03-04T04:49:04.834+0000] {processor.py:830} INFO - Processing file /opt/airflow/dags/my_first_dag.py for tasks to queue
[2024-03-04T04:49:04.836+0000] {logging_mixin.py:188} INFO - [2024-03-04T04:49:04.836+0000] {dagbag.py:538} INFO - Filling up the DagBag from /opt/airflow/dags/my_first_dag.py
[2024-03-04T04:49:04.846+0000] {processor.py:840} INFO - DAG(s) 'my_first_dag_1' retrieved from /opt/airflow/dags/my_first_dag.py
[2024-03-04T04:49:04.867+0000] {logging_mixin.py:188} INFO - [2024-03-04T04:49:04.867+0000] {dag.py:3036} INFO - Sync 1 DAGs
[2024-03-04T04:49:04.906+0000] {logging_mixin.py:188} INFO - [2024-03-04T04:49:04.906+0000] {dag.py:3823} INFO - Setting next_dagrun for my_first_dag_1 to 2024-01-29 00:50:00+00:00, run_after=2024-01-29 01:50:00+00:00
[2024-03-04T04:49:04.931+0000] {processor.py:183} INFO - Processing /opt/airflow/dags/my_first_dag.py took 0.101 seconds
[2024-03-04T04:49:36.197+0000] {processor.py:161} INFO - Started process (PID=611) to work on /opt/airflow/dags/my_first_dag.py
[2024-03-04T04:49:36.200+0000] {processor.py:830} INFO - Processing file /opt/airflow/dags/my_first_dag.py for tasks to queue
[2024-03-04T04:49:36.210+0000] {logging_mixin.py:188} INFO - [2024-03-04T04:49:36.208+0000] {dagbag.py:538} INFO - Filling up the DagBag from /opt/airflow/dags/my_first_dag.py
[2024-03-04T04:49:36.246+0000] {processor.py:840} INFO - DAG(s) 'my_first_dag_1' retrieved from /opt/airflow/dags/my_first_dag.py
[2024-03-04T04:49:36.389+0000] {logging_mixin.py:188} INFO - [2024-03-04T04:49:36.387+0000] {dag.py:3036} INFO - Sync 1 DAGs
[2024-03-04T04:49:36.572+0000] {logging_mixin.py:188} INFO - [2024-03-04T04:49:36.571+0000] {dag.py:3823} INFO - Setting next_dagrun for my_first_dag_1 to 2024-01-29 00:50:00+00:00, run_after=2024-01-29 01:50:00+00:00
[2024-03-04T04:49:36.672+0000] {processor.py:183} INFO - Processing /opt/airflow/dags/my_first_dag.py took 0.486 seconds
[2024-03-04T04:50:07.054+0000] {processor.py:161} INFO - Started process (PID=623) to work on /opt/airflow/dags/my_first_dag.py
[2024-03-04T04:50:07.055+0000] {processor.py:830} INFO - Processing file /opt/airflow/dags/my_first_dag.py for tasks to queue
[2024-03-04T04:50:07.058+0000] {logging_mixin.py:188} INFO - [2024-03-04T04:50:07.057+0000] {dagbag.py:538} INFO - Filling up the DagBag from /opt/airflow/dags/my_first_dag.py
[2024-03-04T04:50:07.073+0000] {processor.py:840} INFO - DAG(s) 'my_first_dag_1' retrieved from /opt/airflow/dags/my_first_dag.py
[2024-03-04T04:50:07.112+0000] {logging_mixin.py:188} INFO - [2024-03-04T04:50:07.112+0000] {dag.py:3036} INFO - Sync 1 DAGs
[2024-03-04T04:50:07.139+0000] {logging_mixin.py:188} INFO - [2024-03-04T04:50:07.139+0000] {dag.py:3823} INFO - Setting next_dagrun for my_first_dag_1 to 2024-01-29 00:50:00+00:00, run_after=2024-01-29 01:50:00+00:00
[2024-03-04T04:50:07.198+0000] {processor.py:183} INFO - Processing /opt/airflow/dags/my_first_dag.py took 0.147 seconds
[2024-03-04T04:50:37.517+0000] {processor.py:161} INFO - Started process (PID=635) to work on /opt/airflow/dags/my_first_dag.py
[2024-03-04T04:50:37.518+0000] {processor.py:830} INFO - Processing file /opt/airflow/dags/my_first_dag.py for tasks to queue
[2024-03-04T04:50:37.520+0000] {logging_mixin.py:188} INFO - [2024-03-04T04:50:37.519+0000] {dagbag.py:538} INFO - Filling up the DagBag from /opt/airflow/dags/my_first_dag.py
[2024-03-04T04:50:37.526+0000] {processor.py:840} INFO - DAG(s) 'my_first_dag_1' retrieved from /opt/airflow/dags/my_first_dag.py
[2024-03-04T04:50:37.546+0000] {logging_mixin.py:188} INFO - [2024-03-04T04:50:37.546+0000] {dag.py:3036} INFO - Sync 1 DAGs
[2024-03-04T04:50:37.565+0000] {logging_mixin.py:188} INFO - [2024-03-04T04:50:37.565+0000] {dag.py:3823} INFO - Setting next_dagrun for my_first_dag_1 to 2024-01-29 00:50:00+00:00, run_after=2024-01-29 01:50:00+00:00
[2024-03-04T04:50:37.578+0000] {processor.py:183} INFO - Processing /opt/airflow/dags/my_first_dag.py took 0.063 seconds
[2024-03-04T04:51:07.906+0000] {processor.py:161} INFO - Started process (PID=647) to work on /opt/airflow/dags/my_first_dag.py
[2024-03-04T04:51:07.908+0000] {processor.py:830} INFO - Processing file /opt/airflow/dags/my_first_dag.py for tasks to queue
[2024-03-04T04:51:07.910+0000] {logging_mixin.py:188} INFO - [2024-03-04T04:51:07.910+0000] {dagbag.py:538} INFO - Filling up the DagBag from /opt/airflow/dags/my_first_dag.py
[2024-03-04T04:51:07.917+0000] {processor.py:840} INFO - DAG(s) 'my_first_dag_1' retrieved from /opt/airflow/dags/my_first_dag.py
[2024-03-04T04:51:07.937+0000] {logging_mixin.py:188} INFO - [2024-03-04T04:51:07.937+0000] {dag.py:3036} INFO - Sync 1 DAGs
[2024-03-04T04:51:07.958+0000] {logging_mixin.py:188} INFO - [2024-03-04T04:51:07.958+0000] {dag.py:3823} INFO - Setting next_dagrun for my_first_dag_1 to 2024-01-29 00:50:00+00:00, run_after=2024-01-29 01:50:00+00:00
[2024-03-04T04:51:07.974+0000] {processor.py:183} INFO - Processing /opt/airflow/dags/my_first_dag.py took 0.070 seconds
[2024-03-04T04:51:38.327+0000] {processor.py:161} INFO - Started process (PID=659) to work on /opt/airflow/dags/my_first_dag.py
[2024-03-04T04:51:38.335+0000] {processor.py:830} INFO - Processing file /opt/airflow/dags/my_first_dag.py for tasks to queue
[2024-03-04T04:51:38.337+0000] {logging_mixin.py:188} INFO - [2024-03-04T04:51:38.336+0000] {dagbag.py:538} INFO - Filling up the DagBag from /opt/airflow/dags/my_first_dag.py
[2024-03-04T04:51:38.364+0000] {processor.py:840} INFO - DAG(s) 'my_first_dag_1' retrieved from /opt/airflow/dags/my_first_dag.py
[2024-03-04T04:51:38.468+0000] {logging_mixin.py:188} INFO - [2024-03-04T04:51:38.467+0000] {dag.py:3036} INFO - Sync 1 DAGs
[2024-03-04T04:51:38.626+0000] {logging_mixin.py:188} INFO - [2024-03-04T04:51:38.624+0000] {dag.py:3823} INFO - Setting next_dagrun for my_first_dag_1 to 2024-01-29 00:50:00+00:00, run_after=2024-01-29 01:50:00+00:00
[2024-03-04T04:51:38.727+0000] {processor.py:183} INFO - Processing /opt/airflow/dags/my_first_dag.py took 0.413 seconds
[2024-03-04T04:52:09.067+0000] {processor.py:161} INFO - Started process (PID=671) to work on /opt/airflow/dags/my_first_dag.py
[2024-03-04T04:52:09.069+0000] {processor.py:830} INFO - Processing file /opt/airflow/dags/my_first_dag.py for tasks to queue
[2024-03-04T04:52:09.073+0000] {logging_mixin.py:188} INFO - [2024-03-04T04:52:09.072+0000] {dagbag.py:538} INFO - Filling up the DagBag from /opt/airflow/dags/my_first_dag.py
[2024-03-04T04:52:09.091+0000] {processor.py:840} INFO - DAG(s) 'my_first_dag_1' retrieved from /opt/airflow/dags/my_first_dag.py
[2024-03-04T04:52:09.167+0000] {logging_mixin.py:188} INFO - [2024-03-04T04:52:09.167+0000] {dag.py:3036} INFO - Sync 1 DAGs
[2024-03-04T04:52:09.298+0000] {logging_mixin.py:188} INFO - [2024-03-04T04:52:09.298+0000] {dag.py:3823} INFO - Setting next_dagrun for my_first_dag_1 to 2024-01-29 00:50:00+00:00, run_after=2024-01-29 01:50:00+00:00
[2024-03-04T04:52:09.405+0000] {processor.py:183} INFO - Processing /opt/airflow/dags/my_first_dag.py took 0.347 seconds
[2024-03-04T04:52:39.790+0000] {processor.py:161} INFO - Started process (PID=683) to work on /opt/airflow/dags/my_first_dag.py
[2024-03-04T04:52:39.791+0000] {processor.py:830} INFO - Processing file /opt/airflow/dags/my_first_dag.py for tasks to queue
[2024-03-04T04:52:39.792+0000] {logging_mixin.py:188} INFO - [2024-03-04T04:52:39.792+0000] {dagbag.py:538} INFO - Filling up the DagBag from /opt/airflow/dags/my_first_dag.py
[2024-03-04T04:52:39.805+0000] {processor.py:840} INFO - DAG(s) 'my_first_dag_1' retrieved from /opt/airflow/dags/my_first_dag.py
[2024-03-04T04:52:39.836+0000] {logging_mixin.py:188} INFO - [2024-03-04T04:52:39.835+0000] {dag.py:3036} INFO - Sync 1 DAGs
[2024-03-04T04:52:39.867+0000] {logging_mixin.py:188} INFO - [2024-03-04T04:52:39.866+0000] {dag.py:3823} INFO - Setting next_dagrun for my_first_dag_1 to 2024-01-29 00:50:00+00:00, run_after=2024-01-29 01:50:00+00:00
[2024-03-04T04:52:39.900+0000] {processor.py:183} INFO - Processing /opt/airflow/dags/my_first_dag.py took 0.113 seconds
[2024-03-04T04:53:10.324+0000] {processor.py:161} INFO - Started process (PID=694) to work on /opt/airflow/dags/my_first_dag.py
[2024-03-04T04:53:10.325+0000] {processor.py:830} INFO - Processing file /opt/airflow/dags/my_first_dag.py for tasks to queue
[2024-03-04T04:53:10.327+0000] {logging_mixin.py:188} INFO - [2024-03-04T04:53:10.327+0000] {dagbag.py:538} INFO - Filling up the DagBag from /opt/airflow/dags/my_first_dag.py
[2024-03-04T04:53:10.335+0000] {processor.py:840} INFO - DAG(s) 'my_first_dag_1' retrieved from /opt/airflow/dags/my_first_dag.py
[2024-03-04T04:53:10.355+0000] {logging_mixin.py:188} INFO - [2024-03-04T04:53:10.354+0000] {dag.py:3036} INFO - Sync 1 DAGs
[2024-03-04T04:53:10.383+0000] {logging_mixin.py:188} INFO - [2024-03-04T04:53:10.383+0000] {dag.py:3823} INFO - Setting next_dagrun for my_first_dag_1 to 2024-01-29 00:50:00+00:00, run_after=2024-01-29 01:50:00+00:00
[2024-03-04T04:53:10.401+0000] {processor.py:183} INFO - Processing /opt/airflow/dags/my_first_dag.py took 0.080 seconds
[2024-03-04T04:53:40.794+0000] {processor.py:161} INFO - Started process (PID=706) to work on /opt/airflow/dags/my_first_dag.py
[2024-03-04T04:53:40.796+0000] {processor.py:830} INFO - Processing file /opt/airflow/dags/my_first_dag.py for tasks to queue
[2024-03-04T04:53:40.798+0000] {logging_mixin.py:188} INFO - [2024-03-04T04:53:40.797+0000] {dagbag.py:538} INFO - Filling up the DagBag from /opt/airflow/dags/my_first_dag.py
[2024-03-04T04:53:40.809+0000] {processor.py:840} INFO - DAG(s) 'my_first_dag_1' retrieved from /opt/airflow/dags/my_first_dag.py
[2024-03-04T04:53:40.834+0000] {logging_mixin.py:188} INFO - [2024-03-04T04:53:40.834+0000] {dag.py:3036} INFO - Sync 1 DAGs
[2024-03-04T04:53:40.863+0000] {logging_mixin.py:188} INFO - [2024-03-04T04:53:40.862+0000] {dag.py:3823} INFO - Setting next_dagrun for my_first_dag_1 to 2024-01-29 00:50:00+00:00, run_after=2024-01-29 01:50:00+00:00
[2024-03-04T04:53:40.891+0000] {processor.py:183} INFO - Processing /opt/airflow/dags/my_first_dag.py took 0.099 seconds
[2024-03-04T04:54:11.513+0000] {processor.py:161} INFO - Started process (PID=718) to work on /opt/airflow/dags/my_first_dag.py
[2024-03-04T04:54:11.514+0000] {processor.py:830} INFO - Processing file /opt/airflow/dags/my_first_dag.py for tasks to queue
[2024-03-04T04:54:11.515+0000] {logging_mixin.py:188} INFO - [2024-03-04T04:54:11.515+0000] {dagbag.py:538} INFO - Filling up the DagBag from /opt/airflow/dags/my_first_dag.py
[2024-03-04T04:54:11.524+0000] {processor.py:840} INFO - DAG(s) 'my_first_dag_1' retrieved from /opt/airflow/dags/my_first_dag.py
[2024-03-04T04:54:11.540+0000] {logging_mixin.py:188} INFO - [2024-03-04T04:54:11.540+0000] {dag.py:3036} INFO - Sync 1 DAGs
[2024-03-04T04:54:11.559+0000] {logging_mixin.py:188} INFO - [2024-03-04T04:54:11.559+0000] {dag.py:3823} INFO - Setting next_dagrun for my_first_dag_1 to 2024-01-29 00:50:00+00:00, run_after=2024-01-29 01:50:00+00:00
[2024-03-04T04:54:11.572+0000] {processor.py:183} INFO - Processing /opt/airflow/dags/my_first_dag.py took 0.062 seconds
[2024-03-04T04:54:41.898+0000] {processor.py:161} INFO - Started process (PID=730) to work on /opt/airflow/dags/my_first_dag.py
[2024-03-04T04:54:41.899+0000] {processor.py:830} INFO - Processing file /opt/airflow/dags/my_first_dag.py for tasks to queue
[2024-03-04T04:54:41.901+0000] {logging_mixin.py:188} INFO - [2024-03-04T04:54:41.900+0000] {dagbag.py:538} INFO - Filling up the DagBag from /opt/airflow/dags/my_first_dag.py
[2024-03-04T04:54:41.914+0000] {processor.py:840} INFO - DAG(s) 'my_first_dag_1' retrieved from /opt/airflow/dags/my_first_dag.py
[2024-03-04T04:54:41.940+0000] {logging_mixin.py:188} INFO - [2024-03-04T04:54:41.940+0000] {dag.py:3036} INFO - Sync 1 DAGs
[2024-03-04T04:54:41.984+0000] {logging_mixin.py:188} INFO - [2024-03-04T04:54:41.983+0000] {dag.py:3823} INFO - Setting next_dagrun for my_first_dag_1 to 2024-01-29 00:50:00+00:00, run_after=2024-01-29 01:50:00+00:00
[2024-03-04T04:54:42.012+0000] {processor.py:183} INFO - Processing /opt/airflow/dags/my_first_dag.py took 0.116 seconds
[2024-03-04T04:55:12.340+0000] {processor.py:161} INFO - Started process (PID=742) to work on /opt/airflow/dags/my_first_dag.py
[2024-03-04T04:55:12.341+0000] {processor.py:830} INFO - Processing file /opt/airflow/dags/my_first_dag.py for tasks to queue
[2024-03-04T04:55:12.342+0000] {logging_mixin.py:188} INFO - [2024-03-04T04:55:12.342+0000] {dagbag.py:538} INFO - Filling up the DagBag from /opt/airflow/dags/my_first_dag.py
[2024-03-04T04:55:12.349+0000] {processor.py:840} INFO - DAG(s) 'my_first_dag_1' retrieved from /opt/airflow/dags/my_first_dag.py
[2024-03-04T04:55:12.366+0000] {logging_mixin.py:188} INFO - [2024-03-04T04:55:12.365+0000] {dag.py:3036} INFO - Sync 1 DAGs
[2024-03-04T04:55:12.383+0000] {logging_mixin.py:188} INFO - [2024-03-04T04:55:12.383+0000] {dag.py:3823} INFO - Setting next_dagrun for my_first_dag_1 to 2024-01-29 00:50:00+00:00, run_after=2024-01-29 01:50:00+00:00
[2024-03-04T04:55:12.397+0000] {processor.py:183} INFO - Processing /opt/airflow/dags/my_first_dag.py took 0.058 seconds
[2024-03-04T04:55:42.728+0000] {processor.py:161} INFO - Started process (PID=754) to work on /opt/airflow/dags/my_first_dag.py
[2024-03-04T04:55:42.729+0000] {processor.py:830} INFO - Processing file /opt/airflow/dags/my_first_dag.py for tasks to queue
[2024-03-04T04:55:42.730+0000] {logging_mixin.py:188} INFO - [2024-03-04T04:55:42.730+0000] {dagbag.py:538} INFO - Filling up the DagBag from /opt/airflow/dags/my_first_dag.py
[2024-03-04T04:55:42.738+0000] {processor.py:840} INFO - DAG(s) 'my_first_dag_1' retrieved from /opt/airflow/dags/my_first_dag.py
[2024-03-04T04:55:42.767+0000] {logging_mixin.py:188} INFO - [2024-03-04T04:55:42.767+0000] {dag.py:3036} INFO - Sync 1 DAGs
[2024-03-04T04:55:42.784+0000] {logging_mixin.py:188} INFO - [2024-03-04T04:55:42.784+0000] {dag.py:3823} INFO - Setting next_dagrun for my_first_dag_1 to 2024-01-29 00:50:00+00:00, run_after=2024-01-29 01:50:00+00:00
[2024-03-04T04:55:42.799+0000] {processor.py:183} INFO - Processing /opt/airflow/dags/my_first_dag.py took 0.073 seconds
[2024-03-04T04:56:13.146+0000] {processor.py:161} INFO - Started process (PID=766) to work on /opt/airflow/dags/my_first_dag.py
[2024-03-04T04:56:13.151+0000] {processor.py:830} INFO - Processing file /opt/airflow/dags/my_first_dag.py for tasks to queue
[2024-03-04T04:56:13.160+0000] {logging_mixin.py:188} INFO - [2024-03-04T04:56:13.159+0000] {dagbag.py:538} INFO - Filling up the DagBag from /opt/airflow/dags/my_first_dag.py
[2024-03-04T04:56:13.177+0000] {processor.py:840} INFO - DAG(s) 'my_first_dag_1' retrieved from /opt/airflow/dags/my_first_dag.py
[2024-03-04T04:56:13.196+0000] {logging_mixin.py:188} INFO - [2024-03-04T04:56:13.196+0000] {dag.py:3036} INFO - Sync 1 DAGs
[2024-03-04T04:56:13.217+0000] {logging_mixin.py:188} INFO - [2024-03-04T04:56:13.217+0000] {dag.py:3823} INFO - Setting next_dagrun for my_first_dag_1 to 2024-01-29 00:50:00+00:00, run_after=2024-01-29 01:50:00+00:00
[2024-03-04T04:56:13.232+0000] {processor.py:183} INFO - Processing /opt/airflow/dags/my_first_dag.py took 0.091 seconds
[2024-03-04T04:56:43.536+0000] {processor.py:161} INFO - Started process (PID=778) to work on /opt/airflow/dags/my_first_dag.py
[2024-03-04T04:56:43.537+0000] {processor.py:830} INFO - Processing file /opt/airflow/dags/my_first_dag.py for tasks to queue
[2024-03-04T04:56:43.539+0000] {logging_mixin.py:188} INFO - [2024-03-04T04:56:43.539+0000] {dagbag.py:538} INFO - Filling up the DagBag from /opt/airflow/dags/my_first_dag.py
[2024-03-04T04:56:43.550+0000] {processor.py:840} INFO - DAG(s) 'my_first_dag_1' retrieved from /opt/airflow/dags/my_first_dag.py
[2024-03-04T04:56:43.591+0000] {logging_mixin.py:188} INFO - [2024-03-04T04:56:43.591+0000] {dag.py:3036} INFO - Sync 1 DAGs
[2024-03-04T04:56:43.642+0000] {logging_mixin.py:188} INFO - [2024-03-04T04:56:43.642+0000] {dag.py:3823} INFO - Setting next_dagrun for my_first_dag_1 to 2024-01-29 00:50:00+00:00, run_after=2024-01-29 01:50:00+00:00
[2024-03-04T04:56:43.805+0000] {processor.py:183} INFO - Processing /opt/airflow/dags/my_first_dag.py took 0.272 seconds
[2024-03-04T04:57:14.170+0000] {processor.py:161} INFO - Started process (PID=790) to work on /opt/airflow/dags/my_first_dag.py
[2024-03-04T04:57:14.171+0000] {processor.py:830} INFO - Processing file /opt/airflow/dags/my_first_dag.py for tasks to queue
[2024-03-04T04:57:14.172+0000] {logging_mixin.py:188} INFO - [2024-03-04T04:57:14.172+0000] {dagbag.py:538} INFO - Filling up the DagBag from /opt/airflow/dags/my_first_dag.py
[2024-03-04T04:57:14.181+0000] {processor.py:840} INFO - DAG(s) 'my_first_dag_1' retrieved from /opt/airflow/dags/my_first_dag.py
[2024-03-04T04:57:14.202+0000] {logging_mixin.py:188} INFO - [2024-03-04T04:57:14.202+0000] {dag.py:3036} INFO - Sync 1 DAGs
[2024-03-04T04:57:14.225+0000] {logging_mixin.py:188} INFO - [2024-03-04T04:57:14.225+0000] {dag.py:3823} INFO - Setting next_dagrun for my_first_dag_1 to 2024-01-29 00:50:00+00:00, run_after=2024-01-29 01:50:00+00:00
[2024-03-04T04:57:14.244+0000] {processor.py:183} INFO - Processing /opt/airflow/dags/my_first_dag.py took 0.076 seconds
[2024-03-04T04:57:44.556+0000] {processor.py:161} INFO - Started process (PID=802) to work on /opt/airflow/dags/my_first_dag.py
[2024-03-04T04:57:44.557+0000] {processor.py:830} INFO - Processing file /opt/airflow/dags/my_first_dag.py for tasks to queue
[2024-03-04T04:57:44.559+0000] {logging_mixin.py:188} INFO - [2024-03-04T04:57:44.559+0000] {dagbag.py:538} INFO - Filling up the DagBag from /opt/airflow/dags/my_first_dag.py
[2024-03-04T04:57:44.569+0000] {processor.py:840} INFO - DAG(s) 'my_first_dag_1' retrieved from /opt/airflow/dags/my_first_dag.py
[2024-03-04T04:57:44.590+0000] {logging_mixin.py:188} INFO - [2024-03-04T04:57:44.589+0000] {dag.py:3036} INFO - Sync 1 DAGs
[2024-03-04T04:57:44.606+0000] {logging_mixin.py:188} INFO - [2024-03-04T04:57:44.606+0000] {dag.py:3823} INFO - Setting next_dagrun for my_first_dag_1 to 2024-01-29 00:50:00+00:00, run_after=2024-01-29 01:50:00+00:00
[2024-03-04T04:57:44.619+0000] {processor.py:183} INFO - Processing /opt/airflow/dags/my_first_dag.py took 0.065 seconds
[2024-03-04T04:58:14.937+0000] {processor.py:161} INFO - Started process (PID=814) to work on /opt/airflow/dags/my_first_dag.py
[2024-03-04T04:58:14.938+0000] {processor.py:830} INFO - Processing file /opt/airflow/dags/my_first_dag.py for tasks to queue
[2024-03-04T04:58:14.939+0000] {logging_mixin.py:188} INFO - [2024-03-04T04:58:14.939+0000] {dagbag.py:538} INFO - Filling up the DagBag from /opt/airflow/dags/my_first_dag.py
[2024-03-04T04:58:14.949+0000] {processor.py:840} INFO - DAG(s) 'my_first_dag_1' retrieved from /opt/airflow/dags/my_first_dag.py
[2024-03-04T04:58:14.968+0000] {logging_mixin.py:188} INFO - [2024-03-04T04:58:14.967+0000] {dag.py:3036} INFO - Sync 1 DAGs
[2024-03-04T04:58:14.985+0000] {logging_mixin.py:188} INFO - [2024-03-04T04:58:14.985+0000] {dag.py:3823} INFO - Setting next_dagrun for my_first_dag_1 to 2024-01-29 00:50:00+00:00, run_after=2024-01-29 01:50:00+00:00
[2024-03-04T04:58:14.999+0000] {processor.py:183} INFO - Processing /opt/airflow/dags/my_first_dag.py took 0.064 seconds
[2024-03-04T04:58:45.337+0000] {processor.py:161} INFO - Started process (PID=826) to work on /opt/airflow/dags/my_first_dag.py
[2024-03-04T04:58:45.338+0000] {processor.py:830} INFO - Processing file /opt/airflow/dags/my_first_dag.py for tasks to queue
[2024-03-04T04:58:45.340+0000] {logging_mixin.py:188} INFO - [2024-03-04T04:58:45.340+0000] {dagbag.py:538} INFO - Filling up the DagBag from /opt/airflow/dags/my_first_dag.py
[2024-03-04T04:58:45.350+0000] {processor.py:840} INFO - DAG(s) 'my_first_dag_1' retrieved from /opt/airflow/dags/my_first_dag.py
[2024-03-04T04:58:45.373+0000] {logging_mixin.py:188} INFO - [2024-03-04T04:58:45.373+0000] {dag.py:3036} INFO - Sync 1 DAGs
[2024-03-04T04:58:45.396+0000] {logging_mixin.py:188} INFO - [2024-03-04T04:58:45.395+0000] {dag.py:3823} INFO - Setting next_dagrun for my_first_dag_1 to 2024-01-29 00:50:00+00:00, run_after=2024-01-29 01:50:00+00:00
[2024-03-04T04:58:45.418+0000] {processor.py:183} INFO - Processing /opt/airflow/dags/my_first_dag.py took 0.084 seconds
[2024-03-04T04:59:15.876+0000] {processor.py:161} INFO - Started process (PID=838) to work on /opt/airflow/dags/my_first_dag.py
[2024-03-04T04:59:15.877+0000] {processor.py:830} INFO - Processing file /opt/airflow/dags/my_first_dag.py for tasks to queue
[2024-03-04T04:59:15.878+0000] {logging_mixin.py:188} INFO - [2024-03-04T04:59:15.878+0000] {dagbag.py:538} INFO - Filling up the DagBag from /opt/airflow/dags/my_first_dag.py
[2024-03-04T04:59:15.895+0000] {processor.py:840} INFO - DAG(s) 'my_first_dag_1' retrieved from /opt/airflow/dags/my_first_dag.py
[2024-03-04T04:59:15.960+0000] {logging_mixin.py:188} INFO - [2024-03-04T04:59:15.960+0000] {dag.py:3036} INFO - Sync 1 DAGs
[2024-03-04T04:59:15.990+0000] {logging_mixin.py:188} INFO - [2024-03-04T04:59:15.989+0000] {dag.py:3823} INFO - Setting next_dagrun for my_first_dag_1 to 2024-01-29 00:50:00+00:00, run_after=2024-01-29 01:50:00+00:00
[2024-03-04T04:59:16.021+0000] {processor.py:183} INFO - Processing /opt/airflow/dags/my_first_dag.py took 0.157 seconds
[2024-03-04T04:59:46.344+0000] {processor.py:161} INFO - Started process (PID=850) to work on /opt/airflow/dags/my_first_dag.py
[2024-03-04T04:59:46.345+0000] {processor.py:830} INFO - Processing file /opt/airflow/dags/my_first_dag.py for tasks to queue
[2024-03-04T04:59:46.346+0000] {logging_mixin.py:188} INFO - [2024-03-04T04:59:46.346+0000] {dagbag.py:538} INFO - Filling up the DagBag from /opt/airflow/dags/my_first_dag.py
[2024-03-04T04:59:46.356+0000] {processor.py:840} INFO - DAG(s) 'my_first_dag_1' retrieved from /opt/airflow/dags/my_first_dag.py
[2024-03-04T04:59:46.376+0000] {logging_mixin.py:188} INFO - [2024-03-04T04:59:46.376+0000] {dag.py:3036} INFO - Sync 1 DAGs
[2024-03-04T04:59:46.397+0000] {logging_mixin.py:188} INFO - [2024-03-04T04:59:46.397+0000] {dag.py:3823} INFO - Setting next_dagrun for my_first_dag_1 to 2024-01-29 00:50:00+00:00, run_after=2024-01-29 01:50:00+00:00
[2024-03-04T04:59:46.414+0000] {processor.py:183} INFO - Processing /opt/airflow/dags/my_first_dag.py took 0.072 seconds
[2024-03-04T05:00:16.693+0000] {processor.py:161} INFO - Started process (PID=862) to work on /opt/airflow/dags/my_first_dag.py
[2024-03-04T05:00:16.694+0000] {processor.py:830} INFO - Processing file /opt/airflow/dags/my_first_dag.py for tasks to queue
[2024-03-04T05:00:16.695+0000] {logging_mixin.py:188} INFO - [2024-03-04T05:00:16.695+0000] {dagbag.py:538} INFO - Filling up the DagBag from /opt/airflow/dags/my_first_dag.py
[2024-03-04T05:00:16.704+0000] {processor.py:840} INFO - DAG(s) 'my_first_dag_1' retrieved from /opt/airflow/dags/my_first_dag.py
[2024-03-04T05:00:16.721+0000] {logging_mixin.py:188} INFO - [2024-03-04T05:00:16.721+0000] {dag.py:3036} INFO - Sync 1 DAGs
[2024-03-04T05:00:16.738+0000] {logging_mixin.py:188} INFO - [2024-03-04T05:00:16.738+0000] {dag.py:3823} INFO - Setting next_dagrun for my_first_dag_1 to 2024-01-29 00:50:00+00:00, run_after=2024-01-29 01:50:00+00:00
[2024-03-04T05:00:16.753+0000] {processor.py:183} INFO - Processing /opt/airflow/dags/my_first_dag.py took 0.062 seconds
[2024-03-04T05:00:47.113+0000] {processor.py:161} INFO - Started process (PID=873) to work on /opt/airflow/dags/my_first_dag.py
[2024-03-04T05:00:47.114+0000] {processor.py:830} INFO - Processing file /opt/airflow/dags/my_first_dag.py for tasks to queue
[2024-03-04T05:00:47.115+0000] {logging_mixin.py:188} INFO - [2024-03-04T05:00:47.115+0000] {dagbag.py:538} INFO - Filling up the DagBag from /opt/airflow/dags/my_first_dag.py
[2024-03-04T05:00:47.122+0000] {processor.py:840} INFO - DAG(s) 'my_first_dag_1' retrieved from /opt/airflow/dags/my_first_dag.py
[2024-03-04T05:00:47.144+0000] {logging_mixin.py:188} INFO - [2024-03-04T05:00:47.144+0000] {dag.py:3036} INFO - Sync 1 DAGs
[2024-03-04T05:00:47.165+0000] {logging_mixin.py:188} INFO - [2024-03-04T05:00:47.164+0000] {dag.py:3823} INFO - Setting next_dagrun for my_first_dag_1 to 2024-01-29 00:50:00+00:00, run_after=2024-01-29 01:50:00+00:00
[2024-03-04T05:00:47.182+0000] {processor.py:183} INFO - Processing /opt/airflow/dags/my_first_dag.py took 0.070 seconds
[2024-03-04T05:01:17.530+0000] {processor.py:161} INFO - Started process (PID=885) to work on /opt/airflow/dags/my_first_dag.py
[2024-03-04T05:01:17.530+0000] {processor.py:830} INFO - Processing file /opt/airflow/dags/my_first_dag.py for tasks to queue
[2024-03-04T05:01:17.531+0000] {logging_mixin.py:188} INFO - [2024-03-04T05:01:17.531+0000] {dagbag.py:538} INFO - Filling up the DagBag from /opt/airflow/dags/my_first_dag.py
[2024-03-04T05:01:17.538+0000] {processor.py:840} INFO - DAG(s) 'my_first_dag_1' retrieved from /opt/airflow/dags/my_first_dag.py
[2024-03-04T05:01:17.558+0000] {logging_mixin.py:188} INFO - [2024-03-04T05:01:17.557+0000] {dag.py:3036} INFO - Sync 1 DAGs
[2024-03-04T05:01:17.577+0000] {logging_mixin.py:188} INFO - [2024-03-04T05:01:17.577+0000] {dag.py:3823} INFO - Setting next_dagrun for my_first_dag_1 to 2024-01-29 00:50:00+00:00, run_after=2024-01-29 01:50:00+00:00
[2024-03-04T05:01:17.592+0000] {processor.py:183} INFO - Processing /opt/airflow/dags/my_first_dag.py took 0.065 seconds
[2024-03-04T05:01:47.904+0000] {processor.py:161} INFO - Started process (PID=897) to work on /opt/airflow/dags/my_first_dag.py
[2024-03-04T05:01:47.905+0000] {processor.py:830} INFO - Processing file /opt/airflow/dags/my_first_dag.py for tasks to queue
[2024-03-04T05:01:47.906+0000] {logging_mixin.py:188} INFO - [2024-03-04T05:01:47.906+0000] {dagbag.py:538} INFO - Filling up the DagBag from /opt/airflow/dags/my_first_dag.py
[2024-03-04T05:01:47.916+0000] {processor.py:840} INFO - DAG(s) 'my_first_dag_1' retrieved from /opt/airflow/dags/my_first_dag.py
[2024-03-04T05:01:47.978+0000] {logging_mixin.py:188} INFO - [2024-03-04T05:01:47.977+0000] {dag.py:3036} INFO - Sync 1 DAGs
[2024-03-04T05:01:48.009+0000] {logging_mixin.py:188} INFO - [2024-03-04T05:01:48.009+0000] {dag.py:3823} INFO - Setting next_dagrun for my_first_dag_1 to 2024-01-29 00:50:00+00:00, run_after=2024-01-29 01:50:00+00:00
[2024-03-04T05:01:48.023+0000] {processor.py:183} INFO - Processing /opt/airflow/dags/my_first_dag.py took 0.121 seconds
[2024-03-04T05:02:18.616+0000] {processor.py:161} INFO - Started process (PID=909) to work on /opt/airflow/dags/my_first_dag.py
[2024-03-04T05:02:18.618+0000] {processor.py:830} INFO - Processing file /opt/airflow/dags/my_first_dag.py for tasks to queue
[2024-03-04T05:02:18.619+0000] {logging_mixin.py:188} INFO - [2024-03-04T05:02:18.619+0000] {dagbag.py:538} INFO - Filling up the DagBag from /opt/airflow/dags/my_first_dag.py
[2024-03-04T05:02:18.626+0000] {processor.py:840} INFO - DAG(s) 'my_first_dag_1' retrieved from /opt/airflow/dags/my_first_dag.py
[2024-03-04T05:02:18.643+0000] {logging_mixin.py:188} INFO - [2024-03-04T05:02:18.642+0000] {dag.py:3036} INFO - Sync 1 DAGs
[2024-03-04T05:02:18.663+0000] {logging_mixin.py:188} INFO - [2024-03-04T05:02:18.662+0000] {dag.py:3823} INFO - Setting next_dagrun for my_first_dag_1 to 2024-01-29 00:50:00+00:00, run_after=2024-01-29 01:50:00+00:00
[2024-03-04T05:02:18.679+0000] {processor.py:183} INFO - Processing /opt/airflow/dags/my_first_dag.py took 0.066 seconds
[2024-03-04T05:02:48.973+0000] {processor.py:161} INFO - Started process (PID=921) to work on /opt/airflow/dags/my_first_dag.py
[2024-03-04T05:02:48.974+0000] {processor.py:830} INFO - Processing file /opt/airflow/dags/my_first_dag.py for tasks to queue
[2024-03-04T05:02:48.975+0000] {logging_mixin.py:188} INFO - [2024-03-04T05:02:48.974+0000] {dagbag.py:538} INFO - Filling up the DagBag from /opt/airflow/dags/my_first_dag.py
[2024-03-04T05:02:48.981+0000] {processor.py:840} INFO - DAG(s) 'my_first_dag_1' retrieved from /opt/airflow/dags/my_first_dag.py
[2024-03-04T05:02:48.997+0000] {logging_mixin.py:188} INFO - [2024-03-04T05:02:48.997+0000] {dag.py:3036} INFO - Sync 1 DAGs
[2024-03-04T05:02:49.014+0000] {logging_mixin.py:188} INFO - [2024-03-04T05:02:49.013+0000] {dag.py:3823} INFO - Setting next_dagrun for my_first_dag_1 to 2024-01-29 00:50:00+00:00, run_after=2024-01-29 01:50:00+00:00
[2024-03-04T05:02:49.027+0000] {processor.py:183} INFO - Processing /opt/airflow/dags/my_first_dag.py took 0.056 seconds
[2024-03-04T05:03:19.613+0000] {processor.py:161} INFO - Started process (PID=933) to work on /opt/airflow/dags/my_first_dag.py
[2024-03-04T05:03:19.614+0000] {processor.py:830} INFO - Processing file /opt/airflow/dags/my_first_dag.py for tasks to queue
[2024-03-04T05:03:19.616+0000] {logging_mixin.py:188} INFO - [2024-03-04T05:03:19.615+0000] {dagbag.py:538} INFO - Filling up the DagBag from /opt/airflow/dags/my_first_dag.py
[2024-03-04T05:03:19.625+0000] {processor.py:840} INFO - DAG(s) 'my_first_dag_1' retrieved from /opt/airflow/dags/my_first_dag.py
[2024-03-04T05:03:19.703+0000] {logging_mixin.py:188} INFO - [2024-03-04T05:03:19.702+0000] {dag.py:3036} INFO - Sync 1 DAGs
[2024-03-04T05:03:19.732+0000] {logging_mixin.py:188} INFO - [2024-03-04T05:03:19.732+0000] {dag.py:3823} INFO - Setting next_dagrun for my_first_dag_1 to 2024-01-29 00:50:00+00:00, run_after=2024-01-29 01:50:00+00:00
[2024-03-04T05:03:19.767+0000] {processor.py:183} INFO - Processing /opt/airflow/dags/my_first_dag.py took 0.156 seconds
[2024-03-04T05:03:50.378+0000] {processor.py:161} INFO - Started process (PID=946) to work on /opt/airflow/dags/my_first_dag.py
[2024-03-04T05:03:50.380+0000] {processor.py:830} INFO - Processing file /opt/airflow/dags/my_first_dag.py for tasks to queue
[2024-03-04T05:03:50.381+0000] {logging_mixin.py:188} INFO - [2024-03-04T05:03:50.381+0000] {dagbag.py:538} INFO - Filling up the DagBag from /opt/airflow/dags/my_first_dag.py
[2024-03-04T05:03:50.395+0000] {processor.py:840} INFO - DAG(s) 'my_first_dag_1' retrieved from /opt/airflow/dags/my_first_dag.py
[2024-03-04T05:03:50.433+0000] {logging_mixin.py:188} INFO - [2024-03-04T05:03:50.433+0000] {dag.py:3036} INFO - Sync 1 DAGs
[2024-03-04T05:03:50.496+0000] {logging_mixin.py:188} INFO - [2024-03-04T05:03:50.496+0000] {dag.py:3823} INFO - Setting next_dagrun for my_first_dag_1 to 2024-01-29 00:50:00+00:00, run_after=2024-01-29 01:50:00+00:00
[2024-03-04T05:03:50.524+0000] {processor.py:183} INFO - Processing /opt/airflow/dags/my_first_dag.py took 0.150 seconds
[2024-03-04T05:04:20.886+0000] {processor.py:161} INFO - Started process (PID=958) to work on /opt/airflow/dags/my_first_dag.py
[2024-03-04T05:04:20.890+0000] {processor.py:830} INFO - Processing file /opt/airflow/dags/my_first_dag.py for tasks to queue
[2024-03-04T05:04:20.894+0000] {logging_mixin.py:188} INFO - [2024-03-04T05:04:20.894+0000] {dagbag.py:538} INFO - Filling up the DagBag from /opt/airflow/dags/my_first_dag.py
[2024-03-04T05:04:20.904+0000] {processor.py:840} INFO - DAG(s) 'my_first_dag_1' retrieved from /opt/airflow/dags/my_first_dag.py
[2024-03-04T05:04:20.925+0000] {logging_mixin.py:188} INFO - [2024-03-04T05:04:20.924+0000] {dag.py:3036} INFO - Sync 1 DAGs
[2024-03-04T05:04:20.946+0000] {logging_mixin.py:188} INFO - [2024-03-04T05:04:20.946+0000] {dag.py:3823} INFO - Setting next_dagrun for my_first_dag_1 to 2024-01-29 00:50:00+00:00, run_after=2024-01-29 01:50:00+00:00
[2024-03-04T05:04:20.963+0000] {processor.py:183} INFO - Processing /opt/airflow/dags/my_first_dag.py took 0.084 seconds
