[2024-03-04T04:25:43.739+0000] {processor.py:161} INFO - Started process (PID=42) to work on /opt/airflow/dags/sample3.py
[2024-03-04T04:25:43.740+0000] {processor.py:830} INFO - Processing file /opt/airflow/dags/sample3.py for tasks to queue
[2024-03-04T04:25:43.741+0000] {logging_mixin.py:188} INFO - [2024-03-04T04:25:43.741+0000] {dagbag.py:538} INFO - Filling up the DagBag from /opt/airflow/dags/sample3.py
[2024-03-04T04:25:43.762+0000] {processor.py:840} INFO - DAG(s) 'sample_dag' retrieved from /opt/airflow/dags/sample3.py
[2024-03-04T04:25:43.775+0000] {logging_mixin.py:188} INFO - [2024-03-04T04:25:43.775+0000] {dag.py:3036} INFO - Sync 1 DAGs
[2024-03-04T04:25:43.800+0000] {logging_mixin.py:188} INFO - [2024-03-04T04:25:43.799+0000] {dag.py:3823} INFO - Setting next_dagrun for sample_dag to 2024-02-21 20:08:00+00:00, run_after=2024-02-22 20:08:00+00:00
[2024-03-04T04:25:43.819+0000] {processor.py:183} INFO - Processing /opt/airflow/dags/sample3.py took 0.084 seconds
[2024-03-04T04:26:14.083+0000] {processor.py:161} INFO - Started process (PID=54) to work on /opt/airflow/dags/sample3.py
[2024-03-04T04:26:14.084+0000] {processor.py:830} INFO - Processing file /opt/airflow/dags/sample3.py for tasks to queue
[2024-03-04T04:26:14.085+0000] {logging_mixin.py:188} INFO - [2024-03-04T04:26:14.085+0000] {dagbag.py:538} INFO - Filling up the DagBag from /opt/airflow/dags/sample3.py
[2024-03-04T04:26:14.098+0000] {processor.py:840} INFO - DAG(s) 'sample_dag' retrieved from /opt/airflow/dags/sample3.py
[2024-03-04T04:26:14.107+0000] {logging_mixin.py:188} INFO - [2024-03-04T04:26:14.107+0000] {dag.py:3036} INFO - Sync 1 DAGs
[2024-03-04T04:26:14.125+0000] {logging_mixin.py:188} INFO - [2024-03-04T04:26:14.125+0000] {dag.py:3823} INFO - Setting next_dagrun for sample_dag to 2024-02-21 20:08:00+00:00, run_after=2024-02-22 20:08:00+00:00
[2024-03-04T04:26:14.140+0000] {processor.py:183} INFO - Processing /opt/airflow/dags/sample3.py took 0.059 seconds
[2024-03-04T04:26:44.419+0000] {processor.py:161} INFO - Started process (PID=66) to work on /opt/airflow/dags/sample3.py
[2024-03-04T04:26:44.420+0000] {processor.py:830} INFO - Processing file /opt/airflow/dags/sample3.py for tasks to queue
[2024-03-04T04:26:44.421+0000] {logging_mixin.py:188} INFO - [2024-03-04T04:26:44.421+0000] {dagbag.py:538} INFO - Filling up the DagBag from /opt/airflow/dags/sample3.py
[2024-03-04T04:26:44.437+0000] {processor.py:840} INFO - DAG(s) 'sample_dag' retrieved from /opt/airflow/dags/sample3.py
[2024-03-04T04:26:44.448+0000] {logging_mixin.py:188} INFO - [2024-03-04T04:26:44.448+0000] {dag.py:3036} INFO - Sync 1 DAGs
[2024-03-04T04:26:44.469+0000] {logging_mixin.py:188} INFO - [2024-03-04T04:26:44.469+0000] {dag.py:3823} INFO - Setting next_dagrun for sample_dag to 2024-02-21 20:08:00+00:00, run_after=2024-02-22 20:08:00+00:00
[2024-03-04T04:26:44.484+0000] {processor.py:183} INFO - Processing /opt/airflow/dags/sample3.py took 0.067 seconds
[2024-03-04T04:27:14.809+0000] {processor.py:161} INFO - Started process (PID=78) to work on /opt/airflow/dags/sample3.py
[2024-03-04T04:27:14.810+0000] {processor.py:830} INFO - Processing file /opt/airflow/dags/sample3.py for tasks to queue
[2024-03-04T04:27:14.812+0000] {logging_mixin.py:188} INFO - [2024-03-04T04:27:14.811+0000] {dagbag.py:538} INFO - Filling up the DagBag from /opt/airflow/dags/sample3.py
[2024-03-04T04:27:14.826+0000] {processor.py:840} INFO - DAG(s) 'sample_dag' retrieved from /opt/airflow/dags/sample3.py
[2024-03-04T04:27:14.835+0000] {logging_mixin.py:188} INFO - [2024-03-04T04:27:14.835+0000] {dag.py:3036} INFO - Sync 1 DAGs
[2024-03-04T04:27:14.853+0000] {logging_mixin.py:188} INFO - [2024-03-04T04:27:14.853+0000] {dag.py:3823} INFO - Setting next_dagrun for sample_dag to 2024-02-21 20:08:00+00:00, run_after=2024-02-22 20:08:00+00:00
[2024-03-04T04:27:14.867+0000] {processor.py:183} INFO - Processing /opt/airflow/dags/sample3.py took 0.060 seconds
[2024-03-04T04:27:45.207+0000] {processor.py:161} INFO - Started process (PID=90) to work on /opt/airflow/dags/sample3.py
[2024-03-04T04:27:45.208+0000] {processor.py:830} INFO - Processing file /opt/airflow/dags/sample3.py for tasks to queue
[2024-03-04T04:27:45.209+0000] {logging_mixin.py:188} INFO - [2024-03-04T04:27:45.209+0000] {dagbag.py:538} INFO - Filling up the DagBag from /opt/airflow/dags/sample3.py
[2024-03-04T04:27:45.225+0000] {processor.py:840} INFO - DAG(s) 'sample_dag' retrieved from /opt/airflow/dags/sample3.py
[2024-03-04T04:27:45.237+0000] {logging_mixin.py:188} INFO - [2024-03-04T04:27:45.237+0000] {dag.py:3036} INFO - Sync 1 DAGs
[2024-03-04T04:27:45.255+0000] {logging_mixin.py:188} INFO - [2024-03-04T04:27:45.254+0000] {dag.py:3823} INFO - Setting next_dagrun for sample_dag to 2024-02-21 20:08:00+00:00, run_after=2024-02-22 20:08:00+00:00
[2024-03-04T04:27:45.270+0000] {processor.py:183} INFO - Processing /opt/airflow/dags/sample3.py took 0.065 seconds
[2024-03-04T04:28:15.602+0000] {processor.py:161} INFO - Started process (PID=102) to work on /opt/airflow/dags/sample3.py
[2024-03-04T04:28:15.603+0000] {processor.py:830} INFO - Processing file /opt/airflow/dags/sample3.py for tasks to queue
[2024-03-04T04:28:15.604+0000] {logging_mixin.py:188} INFO - [2024-03-04T04:28:15.604+0000] {dagbag.py:538} INFO - Filling up the DagBag from /opt/airflow/dags/sample3.py
[2024-03-04T04:28:15.618+0000] {processor.py:840} INFO - DAG(s) 'sample_dag' retrieved from /opt/airflow/dags/sample3.py
[2024-03-04T04:28:15.627+0000] {logging_mixin.py:188} INFO - [2024-03-04T04:28:15.627+0000] {dag.py:3036} INFO - Sync 1 DAGs
[2024-03-04T04:28:15.642+0000] {logging_mixin.py:188} INFO - [2024-03-04T04:28:15.641+0000] {dag.py:3823} INFO - Setting next_dagrun for sample_dag to 2024-02-21 20:08:00+00:00, run_after=2024-02-22 20:08:00+00:00
[2024-03-04T04:28:15.655+0000] {processor.py:183} INFO - Processing /opt/airflow/dags/sample3.py took 0.055 seconds
[2024-03-04T04:28:45.968+0000] {processor.py:161} INFO - Started process (PID=114) to work on /opt/airflow/dags/sample3.py
[2024-03-04T04:28:45.969+0000] {processor.py:830} INFO - Processing file /opt/airflow/dags/sample3.py for tasks to queue
[2024-03-04T04:28:45.970+0000] {logging_mixin.py:188} INFO - [2024-03-04T04:28:45.969+0000] {dagbag.py:538} INFO - Filling up the DagBag from /opt/airflow/dags/sample3.py
[2024-03-04T04:28:45.985+0000] {processor.py:840} INFO - DAG(s) 'sample_dag' retrieved from /opt/airflow/dags/sample3.py
[2024-03-04T04:28:45.996+0000] {logging_mixin.py:188} INFO - [2024-03-04T04:28:45.995+0000] {dag.py:3036} INFO - Sync 1 DAGs
[2024-03-04T04:28:46.012+0000] {logging_mixin.py:188} INFO - [2024-03-04T04:28:46.012+0000] {dag.py:3823} INFO - Setting next_dagrun for sample_dag to 2024-02-21 20:08:00+00:00, run_after=2024-02-22 20:08:00+00:00
[2024-03-04T04:28:46.027+0000] {processor.py:183} INFO - Processing /opt/airflow/dags/sample3.py took 0.061 seconds
[2024-03-04T04:29:16.357+0000] {processor.py:161} INFO - Started process (PID=126) to work on /opt/airflow/dags/sample3.py
[2024-03-04T04:29:16.357+0000] {processor.py:830} INFO - Processing file /opt/airflow/dags/sample3.py for tasks to queue
[2024-03-04T04:29:16.358+0000] {logging_mixin.py:188} INFO - [2024-03-04T04:29:16.358+0000] {dagbag.py:538} INFO - Filling up the DagBag from /opt/airflow/dags/sample3.py
[2024-03-04T04:29:16.372+0000] {processor.py:840} INFO - DAG(s) 'sample_dag' retrieved from /opt/airflow/dags/sample3.py
[2024-03-04T04:29:16.381+0000] {logging_mixin.py:188} INFO - [2024-03-04T04:29:16.381+0000] {dag.py:3036} INFO - Sync 1 DAGs
[2024-03-04T04:29:16.397+0000] {logging_mixin.py:188} INFO - [2024-03-04T04:29:16.396+0000] {dag.py:3823} INFO - Setting next_dagrun for sample_dag to 2024-02-21 20:08:00+00:00, run_after=2024-02-22 20:08:00+00:00
[2024-03-04T04:29:16.408+0000] {processor.py:183} INFO - Processing /opt/airflow/dags/sample3.py took 0.053 seconds
[2024-03-04T04:29:46.754+0000] {processor.py:161} INFO - Started process (PID=138) to work on /opt/airflow/dags/sample3.py
[2024-03-04T04:29:46.755+0000] {processor.py:830} INFO - Processing file /opt/airflow/dags/sample3.py for tasks to queue
[2024-03-04T04:29:46.756+0000] {logging_mixin.py:188} INFO - [2024-03-04T04:29:46.756+0000] {dagbag.py:538} INFO - Filling up the DagBag from /opt/airflow/dags/sample3.py
[2024-03-04T04:29:46.771+0000] {processor.py:840} INFO - DAG(s) 'sample_dag' retrieved from /opt/airflow/dags/sample3.py
[2024-03-04T04:29:46.780+0000] {logging_mixin.py:188} INFO - [2024-03-04T04:29:46.780+0000] {dag.py:3036} INFO - Sync 1 DAGs
[2024-03-04T04:29:46.795+0000] {logging_mixin.py:188} INFO - [2024-03-04T04:29:46.795+0000] {dag.py:3823} INFO - Setting next_dagrun for sample_dag to 2024-02-21 20:08:00+00:00, run_after=2024-02-22 20:08:00+00:00
[2024-03-04T04:29:46.809+0000] {processor.py:183} INFO - Processing /opt/airflow/dags/sample3.py took 0.057 seconds
[2024-03-04T04:30:17.564+0000] {processor.py:161} INFO - Started process (PID=150) to work on /opt/airflow/dags/sample3.py
[2024-03-04T04:30:17.565+0000] {processor.py:830} INFO - Processing file /opt/airflow/dags/sample3.py for tasks to queue
[2024-03-04T04:30:17.567+0000] {logging_mixin.py:188} INFO - [2024-03-04T04:30:17.567+0000] {dagbag.py:538} INFO - Filling up the DagBag from /opt/airflow/dags/sample3.py
[2024-03-04T04:30:17.625+0000] {processor.py:840} INFO - DAG(s) 'sample_dag' retrieved from /opt/airflow/dags/sample3.py
[2024-03-04T04:30:17.641+0000] {logging_mixin.py:188} INFO - [2024-03-04T04:30:17.640+0000] {dag.py:3036} INFO - Sync 1 DAGs
[2024-03-04T04:30:17.670+0000] {logging_mixin.py:188} INFO - [2024-03-04T04:30:17.669+0000] {dag.py:3823} INFO - Setting next_dagrun for sample_dag to 2024-02-21 20:08:00+00:00, run_after=2024-02-22 20:08:00+00:00
[2024-03-04T04:30:17.717+0000] {processor.py:183} INFO - Processing /opt/airflow/dags/sample3.py took 0.156 seconds
[2024-03-04T04:30:48.044+0000] {processor.py:161} INFO - Started process (PID=162) to work on /opt/airflow/dags/sample3.py
[2024-03-04T04:30:48.045+0000] {processor.py:830} INFO - Processing file /opt/airflow/dags/sample3.py for tasks to queue
[2024-03-04T04:30:48.046+0000] {logging_mixin.py:188} INFO - [2024-03-04T04:30:48.046+0000] {dagbag.py:538} INFO - Filling up the DagBag from /opt/airflow/dags/sample3.py
[2024-03-04T04:30:48.062+0000] {processor.py:840} INFO - DAG(s) 'sample_dag' retrieved from /opt/airflow/dags/sample3.py
[2024-03-04T04:30:48.074+0000] {logging_mixin.py:188} INFO - [2024-03-04T04:30:48.073+0000] {dag.py:3036} INFO - Sync 1 DAGs
[2024-03-04T04:30:48.091+0000] {logging_mixin.py:188} INFO - [2024-03-04T04:30:48.091+0000] {dag.py:3823} INFO - Setting next_dagrun for sample_dag to 2024-02-21 20:08:00+00:00, run_after=2024-02-22 20:08:00+00:00
[2024-03-04T04:30:48.104+0000] {processor.py:183} INFO - Processing /opt/airflow/dags/sample3.py took 0.062 seconds
[2024-03-04T04:31:18.409+0000] {processor.py:161} INFO - Started process (PID=174) to work on /opt/airflow/dags/sample3.py
[2024-03-04T04:31:18.410+0000] {processor.py:830} INFO - Processing file /opt/airflow/dags/sample3.py for tasks to queue
[2024-03-04T04:31:18.411+0000] {logging_mixin.py:188} INFO - [2024-03-04T04:31:18.411+0000] {dagbag.py:538} INFO - Filling up the DagBag from /opt/airflow/dags/sample3.py
[2024-03-04T04:31:18.426+0000] {processor.py:840} INFO - DAG(s) 'sample_dag' retrieved from /opt/airflow/dags/sample3.py
[2024-03-04T04:31:18.434+0000] {logging_mixin.py:188} INFO - [2024-03-04T04:31:18.434+0000] {dag.py:3036} INFO - Sync 1 DAGs
[2024-03-04T04:31:18.452+0000] {logging_mixin.py:188} INFO - [2024-03-04T04:31:18.452+0000] {dag.py:3823} INFO - Setting next_dagrun for sample_dag to 2024-02-21 20:08:00+00:00, run_after=2024-02-22 20:08:00+00:00
[2024-03-04T04:31:18.467+0000] {processor.py:183} INFO - Processing /opt/airflow/dags/sample3.py took 0.060 seconds
[2024-03-04T04:31:48.774+0000] {processor.py:161} INFO - Started process (PID=186) to work on /opt/airflow/dags/sample3.py
[2024-03-04T04:31:48.775+0000] {processor.py:830} INFO - Processing file /opt/airflow/dags/sample3.py for tasks to queue
[2024-03-04T04:31:48.776+0000] {logging_mixin.py:188} INFO - [2024-03-04T04:31:48.776+0000] {dagbag.py:538} INFO - Filling up the DagBag from /opt/airflow/dags/sample3.py
[2024-03-04T04:31:48.794+0000] {processor.py:840} INFO - DAG(s) 'sample_dag' retrieved from /opt/airflow/dags/sample3.py
[2024-03-04T04:31:48.806+0000] {logging_mixin.py:188} INFO - [2024-03-04T04:31:48.805+0000] {dag.py:3036} INFO - Sync 1 DAGs
[2024-03-04T04:31:48.825+0000] {logging_mixin.py:188} INFO - [2024-03-04T04:31:48.825+0000] {dag.py:3823} INFO - Setting next_dagrun for sample_dag to 2024-02-21 20:08:00+00:00, run_after=2024-02-22 20:08:00+00:00
[2024-03-04T04:31:48.843+0000] {processor.py:183} INFO - Processing /opt/airflow/dags/sample3.py took 0.071 seconds
[2024-03-04T04:32:19.156+0000] {processor.py:161} INFO - Started process (PID=198) to work on /opt/airflow/dags/sample3.py
[2024-03-04T04:32:19.157+0000] {processor.py:830} INFO - Processing file /opt/airflow/dags/sample3.py for tasks to queue
[2024-03-04T04:32:19.158+0000] {logging_mixin.py:188} INFO - [2024-03-04T04:32:19.157+0000] {dagbag.py:538} INFO - Filling up the DagBag from /opt/airflow/dags/sample3.py
[2024-03-04T04:32:19.173+0000] {processor.py:840} INFO - DAG(s) 'sample_dag' retrieved from /opt/airflow/dags/sample3.py
[2024-03-04T04:32:19.182+0000] {logging_mixin.py:188} INFO - [2024-03-04T04:32:19.182+0000] {dag.py:3036} INFO - Sync 1 DAGs
[2024-03-04T04:32:19.202+0000] {logging_mixin.py:188} INFO - [2024-03-04T04:32:19.202+0000] {dag.py:3823} INFO - Setting next_dagrun for sample_dag to 2024-02-21 20:08:00+00:00, run_after=2024-02-22 20:08:00+00:00
[2024-03-04T04:32:19.218+0000] {processor.py:183} INFO - Processing /opt/airflow/dags/sample3.py took 0.064 seconds
[2024-03-04T04:32:49.549+0000] {processor.py:161} INFO - Started process (PID=210) to work on /opt/airflow/dags/sample3.py
[2024-03-04T04:32:49.549+0000] {processor.py:830} INFO - Processing file /opt/airflow/dags/sample3.py for tasks to queue
[2024-03-04T04:32:49.550+0000] {logging_mixin.py:188} INFO - [2024-03-04T04:32:49.550+0000] {dagbag.py:538} INFO - Filling up the DagBag from /opt/airflow/dags/sample3.py
[2024-03-04T04:32:49.565+0000] {processor.py:840} INFO - DAG(s) 'sample_dag' retrieved from /opt/airflow/dags/sample3.py
[2024-03-04T04:32:49.574+0000] {logging_mixin.py:188} INFO - [2024-03-04T04:32:49.573+0000] {dag.py:3036} INFO - Sync 1 DAGs
[2024-03-04T04:32:49.591+0000] {logging_mixin.py:188} INFO - [2024-03-04T04:32:49.591+0000] {dag.py:3823} INFO - Setting next_dagrun for sample_dag to 2024-02-21 20:08:00+00:00, run_after=2024-02-22 20:08:00+00:00
[2024-03-04T04:32:49.606+0000] {processor.py:183} INFO - Processing /opt/airflow/dags/sample3.py took 0.059 seconds
[2024-03-04T04:33:19.984+0000] {processor.py:161} INFO - Started process (PID=222) to work on /opt/airflow/dags/sample3.py
[2024-03-04T04:33:19.990+0000] {processor.py:830} INFO - Processing file /opt/airflow/dags/sample3.py for tasks to queue
[2024-03-04T04:33:19.991+0000] {logging_mixin.py:188} INFO - [2024-03-04T04:33:19.991+0000] {dagbag.py:538} INFO - Filling up the DagBag from /opt/airflow/dags/sample3.py
[2024-03-04T04:33:20.100+0000] {processor.py:840} INFO - DAG(s) 'sample_dag' retrieved from /opt/airflow/dags/sample3.py
[2024-03-04T04:33:20.143+0000] {logging_mixin.py:188} INFO - [2024-03-04T04:33:20.143+0000] {dag.py:3036} INFO - Sync 1 DAGs
[2024-03-04T04:33:20.217+0000] {logging_mixin.py:188} INFO - [2024-03-04T04:33:20.216+0000] {dag.py:3823} INFO - Setting next_dagrun for sample_dag to 2024-02-21 20:08:00+00:00, run_after=2024-02-22 20:08:00+00:00
[2024-03-04T04:33:20.290+0000] {processor.py:183} INFO - Processing /opt/airflow/dags/sample3.py took 0.308 seconds
[2024-03-04T04:33:50.624+0000] {processor.py:161} INFO - Started process (PID=234) to work on /opt/airflow/dags/sample3.py
[2024-03-04T04:33:50.624+0000] {processor.py:830} INFO - Processing file /opt/airflow/dags/sample3.py for tasks to queue
[2024-03-04T04:33:50.626+0000] {logging_mixin.py:188} INFO - [2024-03-04T04:33:50.625+0000] {dagbag.py:538} INFO - Filling up the DagBag from /opt/airflow/dags/sample3.py
[2024-03-04T04:33:50.643+0000] {processor.py:840} INFO - DAG(s) 'sample_dag' retrieved from /opt/airflow/dags/sample3.py
[2024-03-04T04:33:50.655+0000] {logging_mixin.py:188} INFO - [2024-03-04T04:33:50.654+0000] {dag.py:3036} INFO - Sync 1 DAGs
[2024-03-04T04:33:50.676+0000] {logging_mixin.py:188} INFO - [2024-03-04T04:33:50.676+0000] {dag.py:3823} INFO - Setting next_dagrun for sample_dag to 2024-02-21 20:08:00+00:00, run_after=2024-02-22 20:08:00+00:00
[2024-03-04T04:33:50.692+0000] {processor.py:183} INFO - Processing /opt/airflow/dags/sample3.py took 0.070 seconds
[2024-03-04T04:34:21.124+0000] {processor.py:161} INFO - Started process (PID=246) to work on /opt/airflow/dags/sample3.py
[2024-03-04T04:34:21.125+0000] {processor.py:830} INFO - Processing file /opt/airflow/dags/sample3.py for tasks to queue
[2024-03-04T04:34:21.127+0000] {logging_mixin.py:188} INFO - [2024-03-04T04:34:21.127+0000] {dagbag.py:538} INFO - Filling up the DagBag from /opt/airflow/dags/sample3.py
[2024-03-04T04:34:21.154+0000] {processor.py:840} INFO - DAG(s) 'sample_dag' retrieved from /opt/airflow/dags/sample3.py
[2024-03-04T04:34:21.206+0000] {logging_mixin.py:188} INFO - [2024-03-04T04:34:21.206+0000] {dag.py:3036} INFO - Sync 1 DAGs
[2024-03-04T04:34:21.244+0000] {logging_mixin.py:188} INFO - [2024-03-04T04:34:21.244+0000] {dag.py:3823} INFO - Setting next_dagrun for sample_dag to 2024-02-21 20:08:00+00:00, run_after=2024-02-22 20:08:00+00:00
[2024-03-04T04:34:21.300+0000] {processor.py:183} INFO - Processing /opt/airflow/dags/sample3.py took 0.180 seconds
[2024-03-04T04:34:51.563+0000] {processor.py:161} INFO - Started process (PID=258) to work on /opt/airflow/dags/sample3.py
[2024-03-04T04:34:51.564+0000] {processor.py:830} INFO - Processing file /opt/airflow/dags/sample3.py for tasks to queue
[2024-03-04T04:34:51.565+0000] {logging_mixin.py:188} INFO - [2024-03-04T04:34:51.565+0000] {dagbag.py:538} INFO - Filling up the DagBag from /opt/airflow/dags/sample3.py
[2024-03-04T04:34:51.593+0000] {processor.py:840} INFO - DAG(s) 'sample_dag' retrieved from /opt/airflow/dags/sample3.py
[2024-03-04T04:34:51.606+0000] {logging_mixin.py:188} INFO - [2024-03-04T04:34:51.605+0000] {dag.py:3036} INFO - Sync 1 DAGs
[2024-03-04T04:34:51.625+0000] {logging_mixin.py:188} INFO - [2024-03-04T04:34:51.625+0000] {dag.py:3823} INFO - Setting next_dagrun for sample_dag to 2024-02-21 20:08:00+00:00, run_after=2024-02-22 20:08:00+00:00
[2024-03-04T04:34:51.640+0000] {processor.py:183} INFO - Processing /opt/airflow/dags/sample3.py took 0.079 seconds
[2024-03-04T04:35:21.939+0000] {processor.py:161} INFO - Started process (PID=270) to work on /opt/airflow/dags/sample3.py
[2024-03-04T04:35:21.940+0000] {processor.py:830} INFO - Processing file /opt/airflow/dags/sample3.py for tasks to queue
[2024-03-04T04:35:21.941+0000] {logging_mixin.py:188} INFO - [2024-03-04T04:35:21.941+0000] {dagbag.py:538} INFO - Filling up the DagBag from /opt/airflow/dags/sample3.py
[2024-03-04T04:35:21.958+0000] {processor.py:840} INFO - DAG(s) 'sample_dag' retrieved from /opt/airflow/dags/sample3.py
[2024-03-04T04:35:21.970+0000] {logging_mixin.py:188} INFO - [2024-03-04T04:35:21.970+0000] {dag.py:3036} INFO - Sync 1 DAGs
[2024-03-04T04:35:21.991+0000] {logging_mixin.py:188} INFO - [2024-03-04T04:35:21.990+0000] {dag.py:3823} INFO - Setting next_dagrun for sample_dag to 2024-02-21 20:08:00+00:00, run_after=2024-02-22 20:08:00+00:00
[2024-03-04T04:35:22.004+0000] {processor.py:183} INFO - Processing /opt/airflow/dags/sample3.py took 0.067 seconds
[2024-03-04T04:35:52.357+0000] {processor.py:161} INFO - Started process (PID=282) to work on /opt/airflow/dags/sample3.py
[2024-03-04T04:35:52.358+0000] {processor.py:830} INFO - Processing file /opt/airflow/dags/sample3.py for tasks to queue
[2024-03-04T04:35:52.359+0000] {logging_mixin.py:188} INFO - [2024-03-04T04:35:52.359+0000] {dagbag.py:538} INFO - Filling up the DagBag from /opt/airflow/dags/sample3.py
[2024-03-04T04:35:52.406+0000] {processor.py:840} INFO - DAG(s) 'sample_dag' retrieved from /opt/airflow/dags/sample3.py
[2024-03-04T04:35:52.419+0000] {logging_mixin.py:188} INFO - [2024-03-04T04:35:52.418+0000] {dag.py:3036} INFO - Sync 1 DAGs
[2024-03-04T04:35:52.504+0000] {logging_mixin.py:188} INFO - [2024-03-04T04:35:52.503+0000] {dag.py:3823} INFO - Setting next_dagrun for sample_dag to 2024-02-21 20:08:00+00:00, run_after=2024-02-22 20:08:00+00:00
[2024-03-04T04:35:52.531+0000] {processor.py:183} INFO - Processing /opt/airflow/dags/sample3.py took 0.177 seconds
[2024-03-04T04:36:22.810+0000] {processor.py:161} INFO - Started process (PID=294) to work on /opt/airflow/dags/sample3.py
[2024-03-04T04:36:22.811+0000] {processor.py:830} INFO - Processing file /opt/airflow/dags/sample3.py for tasks to queue
[2024-03-04T04:36:22.813+0000] {logging_mixin.py:188} INFO - [2024-03-04T04:36:22.812+0000] {dagbag.py:538} INFO - Filling up the DagBag from /opt/airflow/dags/sample3.py
[2024-03-04T04:36:22.831+0000] {processor.py:840} INFO - DAG(s) 'sample_dag' retrieved from /opt/airflow/dags/sample3.py
[2024-03-04T04:36:22.842+0000] {logging_mixin.py:188} INFO - [2024-03-04T04:36:22.842+0000] {dag.py:3036} INFO - Sync 1 DAGs
[2024-03-04T04:36:22.859+0000] {logging_mixin.py:188} INFO - [2024-03-04T04:36:22.859+0000] {dag.py:3823} INFO - Setting next_dagrun for sample_dag to 2024-02-21 20:08:00+00:00, run_after=2024-02-22 20:08:00+00:00
[2024-03-04T04:36:22.875+0000] {processor.py:183} INFO - Processing /opt/airflow/dags/sample3.py took 0.067 seconds
[2024-03-04T04:36:53.172+0000] {processor.py:161} INFO - Started process (PID=306) to work on /opt/airflow/dags/sample3.py
[2024-03-04T04:36:53.173+0000] {processor.py:830} INFO - Processing file /opt/airflow/dags/sample3.py for tasks to queue
[2024-03-04T04:36:53.174+0000] {logging_mixin.py:188} INFO - [2024-03-04T04:36:53.174+0000] {dagbag.py:538} INFO - Filling up the DagBag from /opt/airflow/dags/sample3.py
[2024-03-04T04:36:53.203+0000] {processor.py:840} INFO - DAG(s) 'sample_dag' retrieved from /opt/airflow/dags/sample3.py
[2024-03-04T04:36:53.215+0000] {logging_mixin.py:188} INFO - [2024-03-04T04:36:53.215+0000] {dag.py:3036} INFO - Sync 1 DAGs
[2024-03-04T04:36:53.238+0000] {logging_mixin.py:188} INFO - [2024-03-04T04:36:53.238+0000] {dag.py:3823} INFO - Setting next_dagrun for sample_dag to 2024-02-21 20:08:00+00:00, run_after=2024-02-22 20:08:00+00:00
[2024-03-04T04:36:53.254+0000] {processor.py:183} INFO - Processing /opt/airflow/dags/sample3.py took 0.085 seconds
[2024-03-04T04:37:23.560+0000] {processor.py:161} INFO - Started process (PID=318) to work on /opt/airflow/dags/sample3.py
[2024-03-04T04:37:23.561+0000] {processor.py:830} INFO - Processing file /opt/airflow/dags/sample3.py for tasks to queue
[2024-03-04T04:37:23.563+0000] {logging_mixin.py:188} INFO - [2024-03-04T04:37:23.563+0000] {dagbag.py:538} INFO - Filling up the DagBag from /opt/airflow/dags/sample3.py
[2024-03-04T04:37:23.595+0000] {processor.py:840} INFO - DAG(s) 'sample_dag' retrieved from /opt/airflow/dags/sample3.py
[2024-03-04T04:37:23.606+0000] {logging_mixin.py:188} INFO - [2024-03-04T04:37:23.606+0000] {dag.py:3036} INFO - Sync 1 DAGs
[2024-03-04T04:37:23.626+0000] {logging_mixin.py:188} INFO - [2024-03-04T04:37:23.626+0000] {dag.py:3823} INFO - Setting next_dagrun for sample_dag to 2024-02-21 20:08:00+00:00, run_after=2024-02-22 20:08:00+00:00
[2024-03-04T04:37:23.642+0000] {processor.py:183} INFO - Processing /opt/airflow/dags/sample3.py took 0.085 seconds
[2024-03-04T04:37:53.971+0000] {processor.py:161} INFO - Started process (PID=330) to work on /opt/airflow/dags/sample3.py
[2024-03-04T04:37:53.972+0000] {processor.py:830} INFO - Processing file /opt/airflow/dags/sample3.py for tasks to queue
[2024-03-04T04:37:53.973+0000] {logging_mixin.py:188} INFO - [2024-03-04T04:37:53.973+0000] {dagbag.py:538} INFO - Filling up the DagBag from /opt/airflow/dags/sample3.py
[2024-03-04T04:37:53.989+0000] {processor.py:840} INFO - DAG(s) 'sample_dag' retrieved from /opt/airflow/dags/sample3.py
[2024-03-04T04:37:54.000+0000] {logging_mixin.py:188} INFO - [2024-03-04T04:37:53.999+0000] {dag.py:3036} INFO - Sync 1 DAGs
[2024-03-04T04:37:54.031+0000] {logging_mixin.py:188} INFO - [2024-03-04T04:37:54.030+0000] {dag.py:3823} INFO - Setting next_dagrun for sample_dag to 2024-02-21 20:08:00+00:00, run_after=2024-02-22 20:08:00+00:00
[2024-03-04T04:37:54.048+0000] {processor.py:183} INFO - Processing /opt/airflow/dags/sample3.py took 0.080 seconds
[2024-03-04T04:38:24.339+0000] {processor.py:161} INFO - Started process (PID=342) to work on /opt/airflow/dags/sample3.py
[2024-03-04T04:38:24.340+0000] {processor.py:830} INFO - Processing file /opt/airflow/dags/sample3.py for tasks to queue
[2024-03-04T04:38:24.341+0000] {logging_mixin.py:188} INFO - [2024-03-04T04:38:24.341+0000] {dagbag.py:538} INFO - Filling up the DagBag from /opt/airflow/dags/sample3.py
[2024-03-04T04:38:24.358+0000] {processor.py:840} INFO - DAG(s) 'sample_dag' retrieved from /opt/airflow/dags/sample3.py
[2024-03-04T04:38:24.367+0000] {logging_mixin.py:188} INFO - [2024-03-04T04:38:24.367+0000] {dag.py:3036} INFO - Sync 1 DAGs
[2024-03-04T04:38:24.384+0000] {logging_mixin.py:188} INFO - [2024-03-04T04:38:24.384+0000] {dag.py:3823} INFO - Setting next_dagrun for sample_dag to 2024-02-21 20:08:00+00:00, run_after=2024-02-22 20:08:00+00:00
[2024-03-04T04:38:24.414+0000] {processor.py:183} INFO - Processing /opt/airflow/dags/sample3.py took 0.076 seconds
[2024-03-04T04:38:54.975+0000] {processor.py:161} INFO - Started process (PID=354) to work on /opt/airflow/dags/sample3.py
[2024-03-04T04:38:54.976+0000] {processor.py:830} INFO - Processing file /opt/airflow/dags/sample3.py for tasks to queue
[2024-03-04T04:38:54.977+0000] {logging_mixin.py:188} INFO - [2024-03-04T04:38:54.977+0000] {dagbag.py:538} INFO - Filling up the DagBag from /opt/airflow/dags/sample3.py
[2024-03-04T04:38:54.996+0000] {processor.py:840} INFO - DAG(s) 'sample_dag' retrieved from /opt/airflow/dags/sample3.py
[2024-03-04T04:38:55.008+0000] {logging_mixin.py:188} INFO - [2024-03-04T04:38:55.008+0000] {dag.py:3036} INFO - Sync 1 DAGs
[2024-03-04T04:38:55.029+0000] {logging_mixin.py:188} INFO - [2024-03-04T04:38:55.029+0000] {dag.py:3823} INFO - Setting next_dagrun for sample_dag to 2024-02-21 20:08:00+00:00, run_after=2024-02-22 20:08:00+00:00
[2024-03-04T04:38:55.057+0000] {processor.py:183} INFO - Processing /opt/airflow/dags/sample3.py took 0.083 seconds
[2024-03-04T04:39:25.487+0000] {processor.py:161} INFO - Started process (PID=366) to work on /opt/airflow/dags/sample3.py
[2024-03-04T04:39:25.490+0000] {processor.py:830} INFO - Processing file /opt/airflow/dags/sample3.py for tasks to queue
[2024-03-04T04:39:25.493+0000] {logging_mixin.py:188} INFO - [2024-03-04T04:39:25.492+0000] {dagbag.py:538} INFO - Filling up the DagBag from /opt/airflow/dags/sample3.py
[2024-03-04T04:39:25.515+0000] {processor.py:840} INFO - DAG(s) 'sample_dag' retrieved from /opt/airflow/dags/sample3.py
[2024-03-04T04:39:25.530+0000] {logging_mixin.py:188} INFO - [2024-03-04T04:39:25.529+0000] {dag.py:3036} INFO - Sync 1 DAGs
[2024-03-04T04:39:25.561+0000] {logging_mixin.py:188} INFO - [2024-03-04T04:39:25.561+0000] {dag.py:3823} INFO - Setting next_dagrun for sample_dag to 2024-02-21 20:08:00+00:00, run_after=2024-02-22 20:08:00+00:00
[2024-03-04T04:39:25.585+0000] {processor.py:183} INFO - Processing /opt/airflow/dags/sample3.py took 0.101 seconds
[2024-03-04T04:39:55.883+0000] {processor.py:161} INFO - Started process (PID=378) to work on /opt/airflow/dags/sample3.py
[2024-03-04T04:39:55.884+0000] {processor.py:830} INFO - Processing file /opt/airflow/dags/sample3.py for tasks to queue
[2024-03-04T04:39:55.885+0000] {logging_mixin.py:188} INFO - [2024-03-04T04:39:55.885+0000] {dagbag.py:538} INFO - Filling up the DagBag from /opt/airflow/dags/sample3.py
[2024-03-04T04:39:55.904+0000] {processor.py:840} INFO - DAG(s) 'sample_dag' retrieved from /opt/airflow/dags/sample3.py
[2024-03-04T04:39:55.916+0000] {logging_mixin.py:188} INFO - [2024-03-04T04:39:55.916+0000] {dag.py:3036} INFO - Sync 1 DAGs
[2024-03-04T04:39:55.944+0000] {logging_mixin.py:188} INFO - [2024-03-04T04:39:55.944+0000] {dag.py:3823} INFO - Setting next_dagrun for sample_dag to 2024-02-21 20:08:00+00:00, run_after=2024-02-22 20:08:00+00:00
[2024-03-04T04:39:55.960+0000] {processor.py:183} INFO - Processing /opt/airflow/dags/sample3.py took 0.080 seconds
[2024-03-04T04:40:26.309+0000] {processor.py:161} INFO - Started process (PID=390) to work on /opt/airflow/dags/sample3.py
[2024-03-04T04:40:26.310+0000] {processor.py:830} INFO - Processing file /opt/airflow/dags/sample3.py for tasks to queue
[2024-03-04T04:40:26.312+0000] {logging_mixin.py:188} INFO - [2024-03-04T04:40:26.311+0000] {dagbag.py:538} INFO - Filling up the DagBag from /opt/airflow/dags/sample3.py
[2024-03-04T04:40:26.334+0000] {processor.py:840} INFO - DAG(s) 'sample_dag' retrieved from /opt/airflow/dags/sample3.py
[2024-03-04T04:40:26.351+0000] {logging_mixin.py:188} INFO - [2024-03-04T04:40:26.351+0000] {dag.py:3036} INFO - Sync 1 DAGs
[2024-03-04T04:40:26.444+0000] {logging_mixin.py:188} INFO - [2024-03-04T04:40:26.444+0000] {dag.py:3823} INFO - Setting next_dagrun for sample_dag to 2024-02-21 20:08:00+00:00, run_after=2024-02-22 20:08:00+00:00
[2024-03-04T04:40:26.470+0000] {processor.py:183} INFO - Processing /opt/airflow/dags/sample3.py took 0.163 seconds
[2024-03-04T04:40:56.882+0000] {processor.py:161} INFO - Started process (PID=402) to work on /opt/airflow/dags/sample3.py
[2024-03-04T04:40:56.883+0000] {processor.py:830} INFO - Processing file /opt/airflow/dags/sample3.py for tasks to queue
[2024-03-04T04:40:56.884+0000] {logging_mixin.py:188} INFO - [2024-03-04T04:40:56.884+0000] {dagbag.py:538} INFO - Filling up the DagBag from /opt/airflow/dags/sample3.py
[2024-03-04T04:40:56.901+0000] {processor.py:840} INFO - DAG(s) 'sample_dag' retrieved from /opt/airflow/dags/sample3.py
[2024-03-04T04:40:56.914+0000] {logging_mixin.py:188} INFO - [2024-03-04T04:40:56.914+0000] {dag.py:3036} INFO - Sync 1 DAGs
[2024-03-04T04:40:56.938+0000] {logging_mixin.py:188} INFO - [2024-03-04T04:40:56.938+0000] {dag.py:3823} INFO - Setting next_dagrun for sample_dag to 2024-02-21 20:08:00+00:00, run_after=2024-02-22 20:08:00+00:00
[2024-03-04T04:40:56.955+0000] {processor.py:183} INFO - Processing /opt/airflow/dags/sample3.py took 0.075 seconds
[2024-03-04T04:41:27.318+0000] {processor.py:161} INFO - Started process (PID=414) to work on /opt/airflow/dags/sample3.py
[2024-03-04T04:41:27.319+0000] {processor.py:830} INFO - Processing file /opt/airflow/dags/sample3.py for tasks to queue
[2024-03-04T04:41:27.321+0000] {logging_mixin.py:188} INFO - [2024-03-04T04:41:27.321+0000] {dagbag.py:538} INFO - Filling up the DagBag from /opt/airflow/dags/sample3.py
[2024-03-04T04:41:27.366+0000] {processor.py:840} INFO - DAG(s) 'sample_dag' retrieved from /opt/airflow/dags/sample3.py
[2024-03-04T04:41:27.394+0000] {logging_mixin.py:188} INFO - [2024-03-04T04:41:27.394+0000] {dag.py:3036} INFO - Sync 1 DAGs
[2024-03-04T04:41:27.424+0000] {logging_mixin.py:188} INFO - [2024-03-04T04:41:27.424+0000] {dag.py:3823} INFO - Setting next_dagrun for sample_dag to 2024-02-21 20:08:00+00:00, run_after=2024-02-22 20:08:00+00:00
[2024-03-04T04:41:27.447+0000] {processor.py:183} INFO - Processing /opt/airflow/dags/sample3.py took 0.133 seconds
[2024-03-04T04:41:57.755+0000] {processor.py:161} INFO - Started process (PID=426) to work on /opt/airflow/dags/sample3.py
[2024-03-04T04:41:57.755+0000] {processor.py:830} INFO - Processing file /opt/airflow/dags/sample3.py for tasks to queue
[2024-03-04T04:41:57.757+0000] {logging_mixin.py:188} INFO - [2024-03-04T04:41:57.757+0000] {dagbag.py:538} INFO - Filling up the DagBag from /opt/airflow/dags/sample3.py
[2024-03-04T04:41:57.776+0000] {processor.py:840} INFO - DAG(s) 'sample_dag' retrieved from /opt/airflow/dags/sample3.py
[2024-03-04T04:41:57.786+0000] {logging_mixin.py:188} INFO - [2024-03-04T04:41:57.786+0000] {dag.py:3036} INFO - Sync 1 DAGs
[2024-03-04T04:41:57.815+0000] {logging_mixin.py:188} INFO - [2024-03-04T04:41:57.815+0000] {dag.py:3823} INFO - Setting next_dagrun for sample_dag to 2024-02-21 20:08:00+00:00, run_after=2024-02-22 20:08:00+00:00
[2024-03-04T04:41:57.830+0000] {processor.py:183} INFO - Processing /opt/airflow/dags/sample3.py took 0.078 seconds
[2024-03-04T04:42:28.129+0000] {processor.py:161} INFO - Started process (PID=438) to work on /opt/airflow/dags/sample3.py
[2024-03-04T04:42:28.130+0000] {processor.py:830} INFO - Processing file /opt/airflow/dags/sample3.py for tasks to queue
[2024-03-04T04:42:28.133+0000] {logging_mixin.py:188} INFO - [2024-03-04T04:42:28.131+0000] {dagbag.py:538} INFO - Filling up the DagBag from /opt/airflow/dags/sample3.py
[2024-03-04T04:42:28.158+0000] {processor.py:840} INFO - DAG(s) 'sample_dag' retrieved from /opt/airflow/dags/sample3.py
[2024-03-04T04:42:28.170+0000] {logging_mixin.py:188} INFO - [2024-03-04T04:42:28.170+0000] {dag.py:3036} INFO - Sync 1 DAGs
[2024-03-04T04:42:28.189+0000] {logging_mixin.py:188} INFO - [2024-03-04T04:42:28.189+0000] {dag.py:3823} INFO - Setting next_dagrun for sample_dag to 2024-02-21 20:08:00+00:00, run_after=2024-02-22 20:08:00+00:00
[2024-03-04T04:42:28.202+0000] {processor.py:183} INFO - Processing /opt/airflow/dags/sample3.py took 0.076 seconds
[2024-03-04T04:42:58.483+0000] {processor.py:161} INFO - Started process (PID=450) to work on /opt/airflow/dags/sample3.py
[2024-03-04T04:42:58.483+0000] {processor.py:830} INFO - Processing file /opt/airflow/dags/sample3.py for tasks to queue
[2024-03-04T04:42:58.485+0000] {logging_mixin.py:188} INFO - [2024-03-04T04:42:58.484+0000] {dagbag.py:538} INFO - Filling up the DagBag from /opt/airflow/dags/sample3.py
[2024-03-04T04:42:58.502+0000] {processor.py:840} INFO - DAG(s) 'sample_dag' retrieved from /opt/airflow/dags/sample3.py
[2024-03-04T04:42:58.514+0000] {logging_mixin.py:188} INFO - [2024-03-04T04:42:58.514+0000] {dag.py:3036} INFO - Sync 1 DAGs
[2024-03-04T04:42:58.546+0000] {logging_mixin.py:188} INFO - [2024-03-04T04:42:58.546+0000] {dag.py:3823} INFO - Setting next_dagrun for sample_dag to 2024-02-21 20:08:00+00:00, run_after=2024-02-22 20:08:00+00:00
[2024-03-04T04:42:58.562+0000] {processor.py:183} INFO - Processing /opt/airflow/dags/sample3.py took 0.082 seconds
[2024-03-04T04:43:28.838+0000] {processor.py:161} INFO - Started process (PID=462) to work on /opt/airflow/dags/sample3.py
[2024-03-04T04:43:28.839+0000] {processor.py:830} INFO - Processing file /opt/airflow/dags/sample3.py for tasks to queue
[2024-03-04T04:43:28.840+0000] {logging_mixin.py:188} INFO - [2024-03-04T04:43:28.840+0000] {dagbag.py:538} INFO - Filling up the DagBag from /opt/airflow/dags/sample3.py
[2024-03-04T04:43:28.883+0000] {processor.py:840} INFO - DAG(s) 'sample_dag' retrieved from /opt/airflow/dags/sample3.py
[2024-03-04T04:43:28.897+0000] {logging_mixin.py:188} INFO - [2024-03-04T04:43:28.897+0000] {dag.py:3036} INFO - Sync 1 DAGs
[2024-03-04T04:43:28.974+0000] {logging_mixin.py:188} INFO - [2024-03-04T04:43:28.974+0000] {dag.py:3823} INFO - Setting next_dagrun for sample_dag to 2024-02-21 20:08:00+00:00, run_after=2024-02-22 20:08:00+00:00
[2024-03-04T04:43:29.026+0000] {processor.py:183} INFO - Processing /opt/airflow/dags/sample3.py took 0.190 seconds
[2024-03-04T04:43:59.503+0000] {processor.py:161} INFO - Started process (PID=474) to work on /opt/airflow/dags/sample3.py
[2024-03-04T04:43:59.504+0000] {processor.py:830} INFO - Processing file /opt/airflow/dags/sample3.py for tasks to queue
[2024-03-04T04:43:59.506+0000] {logging_mixin.py:188} INFO - [2024-03-04T04:43:59.505+0000] {dagbag.py:538} INFO - Filling up the DagBag from /opt/airflow/dags/sample3.py
[2024-03-04T04:43:59.538+0000] {processor.py:840} INFO - DAG(s) 'sample_dag' retrieved from /opt/airflow/dags/sample3.py
[2024-03-04T04:43:59.588+0000] {logging_mixin.py:188} INFO - [2024-03-04T04:43:59.588+0000] {dag.py:3036} INFO - Sync 1 DAGs
[2024-03-04T04:43:59.629+0000] {logging_mixin.py:188} INFO - [2024-03-04T04:43:59.629+0000] {dag.py:3823} INFO - Setting next_dagrun for sample_dag to 2024-02-21 20:08:00+00:00, run_after=2024-02-22 20:08:00+00:00
[2024-03-04T04:43:59.692+0000] {processor.py:183} INFO - Processing /opt/airflow/dags/sample3.py took 0.195 seconds
[2024-03-04T04:44:30.009+0000] {processor.py:161} INFO - Started process (PID=486) to work on /opt/airflow/dags/sample3.py
[2024-03-04T04:44:30.010+0000] {processor.py:830} INFO - Processing file /opt/airflow/dags/sample3.py for tasks to queue
[2024-03-04T04:44:30.011+0000] {logging_mixin.py:188} INFO - [2024-03-04T04:44:30.011+0000] {dagbag.py:538} INFO - Filling up the DagBag from /opt/airflow/dags/sample3.py
[2024-03-04T04:44:30.027+0000] {processor.py:840} INFO - DAG(s) 'sample_dag' retrieved from /opt/airflow/dags/sample3.py
[2024-03-04T04:44:30.038+0000] {logging_mixin.py:188} INFO - [2024-03-04T04:44:30.038+0000] {dag.py:3036} INFO - Sync 1 DAGs
[2024-03-04T04:44:30.107+0000] {logging_mixin.py:188} INFO - [2024-03-04T04:44:30.106+0000] {dag.py:3823} INFO - Setting next_dagrun for sample_dag to 2024-02-21 20:08:00+00:00, run_after=2024-02-22 20:08:00+00:00
[2024-03-04T04:44:30.138+0000] {processor.py:183} INFO - Processing /opt/airflow/dags/sample3.py took 0.132 seconds
[2024-03-04T04:45:00.489+0000] {processor.py:161} INFO - Started process (PID=498) to work on /opt/airflow/dags/sample3.py
[2024-03-04T04:45:00.490+0000] {processor.py:830} INFO - Processing file /opt/airflow/dags/sample3.py for tasks to queue
[2024-03-04T04:45:00.492+0000] {logging_mixin.py:188} INFO - [2024-03-04T04:45:00.491+0000] {dagbag.py:538} INFO - Filling up the DagBag from /opt/airflow/dags/sample3.py
[2024-03-04T04:45:00.545+0000] {processor.py:840} INFO - DAG(s) 'sample_dag' retrieved from /opt/airflow/dags/sample3.py
[2024-03-04T04:45:00.570+0000] {logging_mixin.py:188} INFO - [2024-03-04T04:45:00.570+0000] {dag.py:3036} INFO - Sync 1 DAGs
[2024-03-04T04:45:00.595+0000] {logging_mixin.py:188} INFO - [2024-03-04T04:45:00.594+0000] {dag.py:3823} INFO - Setting next_dagrun for sample_dag to 2024-02-21 20:08:00+00:00, run_after=2024-02-22 20:08:00+00:00
[2024-03-04T04:45:00.610+0000] {processor.py:183} INFO - Processing /opt/airflow/dags/sample3.py took 0.124 seconds
[2024-03-04T04:45:30.918+0000] {processor.py:161} INFO - Started process (PID=510) to work on /opt/airflow/dags/sample3.py
[2024-03-04T04:45:30.918+0000] {processor.py:830} INFO - Processing file /opt/airflow/dags/sample3.py for tasks to queue
[2024-03-04T04:45:30.920+0000] {logging_mixin.py:188} INFO - [2024-03-04T04:45:30.920+0000] {dagbag.py:538} INFO - Filling up the DagBag from /opt/airflow/dags/sample3.py
[2024-03-04T04:45:30.937+0000] {processor.py:840} INFO - DAG(s) 'sample_dag' retrieved from /opt/airflow/dags/sample3.py
[2024-03-04T04:45:31.001+0000] {logging_mixin.py:188} INFO - [2024-03-04T04:45:31.000+0000] {dag.py:3036} INFO - Sync 1 DAGs
[2024-03-04T04:45:31.084+0000] {logging_mixin.py:188} INFO - [2024-03-04T04:45:31.084+0000] {dag.py:3823} INFO - Setting next_dagrun for sample_dag to 2024-02-21 20:08:00+00:00, run_after=2024-02-22 20:08:00+00:00
[2024-03-04T04:45:31.102+0000] {processor.py:183} INFO - Processing /opt/airflow/dags/sample3.py took 0.187 seconds
[2024-03-04T04:46:01.431+0000] {processor.py:161} INFO - Started process (PID=522) to work on /opt/airflow/dags/sample3.py
[2024-03-04T04:46:01.432+0000] {processor.py:830} INFO - Processing file /opt/airflow/dags/sample3.py for tasks to queue
[2024-03-04T04:46:01.433+0000] {logging_mixin.py:188} INFO - [2024-03-04T04:46:01.433+0000] {dagbag.py:538} INFO - Filling up the DagBag from /opt/airflow/dags/sample3.py
[2024-03-04T04:46:01.452+0000] {processor.py:840} INFO - DAG(s) 'sample_dag' retrieved from /opt/airflow/dags/sample3.py
[2024-03-04T04:46:01.484+0000] {logging_mixin.py:188} INFO - [2024-03-04T04:46:01.484+0000] {dag.py:3036} INFO - Sync 1 DAGs
[2024-03-04T04:46:01.591+0000] {logging_mixin.py:188} INFO - [2024-03-04T04:46:01.590+0000] {dag.py:3823} INFO - Setting next_dagrun for sample_dag to 2024-02-21 20:08:00+00:00, run_after=2024-02-22 20:08:00+00:00
[2024-03-04T04:46:01.621+0000] {processor.py:183} INFO - Processing /opt/airflow/dags/sample3.py took 0.193 seconds
[2024-03-04T04:46:31.948+0000] {processor.py:161} INFO - Started process (PID=534) to work on /opt/airflow/dags/sample3.py
[2024-03-04T04:46:31.949+0000] {processor.py:830} INFO - Processing file /opt/airflow/dags/sample3.py for tasks to queue
[2024-03-04T04:46:31.950+0000] {logging_mixin.py:188} INFO - [2024-03-04T04:46:31.950+0000] {dagbag.py:538} INFO - Filling up the DagBag from /opt/airflow/dags/sample3.py
[2024-03-04T04:46:31.970+0000] {processor.py:840} INFO - DAG(s) 'sample_dag' retrieved from /opt/airflow/dags/sample3.py
[2024-03-04T04:46:31.986+0000] {logging_mixin.py:188} INFO - [2024-03-04T04:46:31.986+0000] {dag.py:3036} INFO - Sync 1 DAGs
[2024-03-04T04:46:32.006+0000] {logging_mixin.py:188} INFO - [2024-03-04T04:46:32.006+0000] {dag.py:3823} INFO - Setting next_dagrun for sample_dag to 2024-02-21 20:08:00+00:00, run_after=2024-02-22 20:08:00+00:00
[2024-03-04T04:46:32.071+0000] {processor.py:183} INFO - Processing /opt/airflow/dags/sample3.py took 0.125 seconds
[2024-03-04T04:47:02.402+0000] {processor.py:161} INFO - Started process (PID=546) to work on /opt/airflow/dags/sample3.py
[2024-03-04T04:47:02.402+0000] {processor.py:830} INFO - Processing file /opt/airflow/dags/sample3.py for tasks to queue
[2024-03-04T04:47:02.403+0000] {logging_mixin.py:188} INFO - [2024-03-04T04:47:02.403+0000] {dagbag.py:538} INFO - Filling up the DagBag from /opt/airflow/dags/sample3.py
[2024-03-04T04:47:02.421+0000] {processor.py:840} INFO - DAG(s) 'sample_dag' retrieved from /opt/airflow/dags/sample3.py
[2024-03-04T04:47:02.430+0000] {logging_mixin.py:188} INFO - [2024-03-04T04:47:02.430+0000] {dag.py:3036} INFO - Sync 1 DAGs
[2024-03-04T04:47:02.481+0000] {logging_mixin.py:188} INFO - [2024-03-04T04:47:02.481+0000] {dag.py:3823} INFO - Setting next_dagrun for sample_dag to 2024-02-21 20:08:00+00:00, run_after=2024-02-22 20:08:00+00:00
[2024-03-04T04:47:02.572+0000] {processor.py:183} INFO - Processing /opt/airflow/dags/sample3.py took 0.173 seconds
[2024-03-04T04:47:33.019+0000] {processor.py:161} INFO - Started process (PID=558) to work on /opt/airflow/dags/sample3.py
[2024-03-04T04:47:33.020+0000] {processor.py:830} INFO - Processing file /opt/airflow/dags/sample3.py for tasks to queue
[2024-03-04T04:47:33.021+0000] {logging_mixin.py:188} INFO - [2024-03-04T04:47:33.021+0000] {dagbag.py:538} INFO - Filling up the DagBag from /opt/airflow/dags/sample3.py
[2024-03-04T04:47:33.040+0000] {processor.py:840} INFO - DAG(s) 'sample_dag' retrieved from /opt/airflow/dags/sample3.py
[2024-03-04T04:47:33.051+0000] {logging_mixin.py:188} INFO - [2024-03-04T04:47:33.051+0000] {dag.py:3036} INFO - Sync 1 DAGs
[2024-03-04T04:47:33.068+0000] {logging_mixin.py:188} INFO - [2024-03-04T04:47:33.068+0000] {dag.py:3823} INFO - Setting next_dagrun for sample_dag to 2024-02-21 20:08:00+00:00, run_after=2024-02-22 20:08:00+00:00
[2024-03-04T04:47:33.084+0000] {processor.py:183} INFO - Processing /opt/airflow/dags/sample3.py took 0.068 seconds
[2024-03-04T04:48:03.591+0000] {processor.py:161} INFO - Started process (PID=570) to work on /opt/airflow/dags/sample3.py
[2024-03-04T04:48:03.592+0000] {processor.py:830} INFO - Processing file /opt/airflow/dags/sample3.py for tasks to queue
[2024-03-04T04:48:03.593+0000] {logging_mixin.py:188} INFO - [2024-03-04T04:48:03.593+0000] {dagbag.py:538} INFO - Filling up the DagBag from /opt/airflow/dags/sample3.py
[2024-03-04T04:48:03.618+0000] {processor.py:840} INFO - DAG(s) 'sample_dag' retrieved from /opt/airflow/dags/sample3.py
[2024-03-04T04:48:03.661+0000] {logging_mixin.py:188} INFO - [2024-03-04T04:48:03.659+0000] {dag.py:3036} INFO - Sync 1 DAGs
[2024-03-04T04:48:03.706+0000] {logging_mixin.py:188} INFO - [2024-03-04T04:48:03.706+0000] {dag.py:3823} INFO - Setting next_dagrun for sample_dag to 2024-02-21 20:08:00+00:00, run_after=2024-02-22 20:08:00+00:00
[2024-03-04T04:48:03.731+0000] {processor.py:183} INFO - Processing /opt/airflow/dags/sample3.py took 0.143 seconds
[2024-03-04T04:48:34.244+0000] {processor.py:161} INFO - Started process (PID=582) to work on /opt/airflow/dags/sample3.py
[2024-03-04T04:48:34.245+0000] {processor.py:830} INFO - Processing file /opt/airflow/dags/sample3.py for tasks to queue
[2024-03-04T04:48:34.248+0000] {logging_mixin.py:188} INFO - [2024-03-04T04:48:34.248+0000] {dagbag.py:538} INFO - Filling up the DagBag from /opt/airflow/dags/sample3.py
[2024-03-04T04:48:34.313+0000] {processor.py:840} INFO - DAG(s) 'sample_dag' retrieved from /opt/airflow/dags/sample3.py
[2024-03-04T04:48:34.336+0000] {logging_mixin.py:188} INFO - [2024-03-04T04:48:34.336+0000] {dag.py:3036} INFO - Sync 1 DAGs
[2024-03-04T04:48:34.392+0000] {logging_mixin.py:188} INFO - [2024-03-04T04:48:34.392+0000] {dag.py:3823} INFO - Setting next_dagrun for sample_dag to 2024-02-21 20:08:00+00:00, run_after=2024-02-22 20:08:00+00:00
[2024-03-04T04:48:34.421+0000] {processor.py:183} INFO - Processing /opt/airflow/dags/sample3.py took 0.181 seconds
[2024-03-04T04:49:04.839+0000] {processor.py:161} INFO - Started process (PID=594) to work on /opt/airflow/dags/sample3.py
[2024-03-04T04:49:04.839+0000] {processor.py:830} INFO - Processing file /opt/airflow/dags/sample3.py for tasks to queue
[2024-03-04T04:49:04.840+0000] {logging_mixin.py:188} INFO - [2024-03-04T04:49:04.840+0000] {dagbag.py:538} INFO - Filling up the DagBag from /opt/airflow/dags/sample3.py
[2024-03-04T04:49:04.860+0000] {processor.py:840} INFO - DAG(s) 'sample_dag' retrieved from /opt/airflow/dags/sample3.py
[2024-03-04T04:49:04.875+0000] {logging_mixin.py:188} INFO - [2024-03-04T04:49:04.874+0000] {dag.py:3036} INFO - Sync 1 DAGs
[2024-03-04T04:49:04.913+0000] {logging_mixin.py:188} INFO - [2024-03-04T04:49:04.913+0000] {dag.py:3823} INFO - Setting next_dagrun for sample_dag to 2024-02-21 20:08:00+00:00, run_after=2024-02-22 20:08:00+00:00
[2024-03-04T04:49:04.938+0000] {processor.py:183} INFO - Processing /opt/airflow/dags/sample3.py took 0.102 seconds
[2024-03-04T04:49:36.371+0000] {processor.py:161} INFO - Started process (PID=612) to work on /opt/airflow/dags/sample3.py
[2024-03-04T04:49:36.376+0000] {processor.py:830} INFO - Processing file /opt/airflow/dags/sample3.py for tasks to queue
[2024-03-04T04:49:36.383+0000] {logging_mixin.py:188} INFO - [2024-03-04T04:49:36.383+0000] {dagbag.py:538} INFO - Filling up the DagBag from /opt/airflow/dags/sample3.py
[2024-03-04T04:49:36.560+0000] {processor.py:840} INFO - DAG(s) 'sample_dag' retrieved from /opt/airflow/dags/sample3.py
[2024-03-04T04:49:36.640+0000] {logging_mixin.py:188} INFO - [2024-03-04T04:49:36.639+0000] {dag.py:3036} INFO - Sync 1 DAGs
[2024-03-04T04:49:36.711+0000] {logging_mixin.py:188} INFO - [2024-03-04T04:49:36.710+0000] {dag.py:3823} INFO - Setting next_dagrun for sample_dag to 2024-02-21 20:08:00+00:00, run_after=2024-02-22 20:08:00+00:00
[2024-03-04T04:49:36.764+0000] {processor.py:183} INFO - Processing /opt/airflow/dags/sample3.py took 0.406 seconds
[2024-03-04T04:50:07.103+0000] {processor.py:161} INFO - Started process (PID=624) to work on /opt/airflow/dags/sample3.py
[2024-03-04T04:50:07.104+0000] {processor.py:830} INFO - Processing file /opt/airflow/dags/sample3.py for tasks to queue
[2024-03-04T04:50:07.106+0000] {logging_mixin.py:188} INFO - [2024-03-04T04:50:07.106+0000] {dagbag.py:538} INFO - Filling up the DagBag from /opt/airflow/dags/sample3.py
[2024-03-04T04:50:07.135+0000] {processor.py:840} INFO - DAG(s) 'sample_dag' retrieved from /opt/airflow/dags/sample3.py
[2024-03-04T04:50:07.161+0000] {logging_mixin.py:188} INFO - [2024-03-04T04:50:07.160+0000] {dag.py:3036} INFO - Sync 1 DAGs
[2024-03-04T04:50:07.210+0000] {logging_mixin.py:188} INFO - [2024-03-04T04:50:07.210+0000] {dag.py:3823} INFO - Setting next_dagrun for sample_dag to 2024-02-21 20:08:00+00:00, run_after=2024-02-22 20:08:00+00:00
[2024-03-04T04:50:07.239+0000] {processor.py:183} INFO - Processing /opt/airflow/dags/sample3.py took 0.139 seconds
[2024-03-04T04:50:37.555+0000] {processor.py:161} INFO - Started process (PID=636) to work on /opt/airflow/dags/sample3.py
[2024-03-04T04:50:37.556+0000] {processor.py:830} INFO - Processing file /opt/airflow/dags/sample3.py for tasks to queue
[2024-03-04T04:50:37.557+0000] {logging_mixin.py:188} INFO - [2024-03-04T04:50:37.557+0000] {dagbag.py:538} INFO - Filling up the DagBag from /opt/airflow/dags/sample3.py
[2024-03-04T04:50:37.572+0000] {processor.py:840} INFO - DAG(s) 'sample_dag' retrieved from /opt/airflow/dags/sample3.py
[2024-03-04T04:50:37.584+0000] {logging_mixin.py:188} INFO - [2024-03-04T04:50:37.584+0000] {dag.py:3036} INFO - Sync 1 DAGs
[2024-03-04T04:50:37.603+0000] {logging_mixin.py:188} INFO - [2024-03-04T04:50:37.603+0000] {dag.py:3823} INFO - Setting next_dagrun for sample_dag to 2024-02-21 20:08:00+00:00, run_after=2024-02-22 20:08:00+00:00
[2024-03-04T04:50:37.618+0000] {processor.py:183} INFO - Processing /opt/airflow/dags/sample3.py took 0.065 seconds
[2024-03-04T04:51:07.942+0000] {processor.py:161} INFO - Started process (PID=648) to work on /opt/airflow/dags/sample3.py
[2024-03-04T04:51:07.943+0000] {processor.py:830} INFO - Processing file /opt/airflow/dags/sample3.py for tasks to queue
[2024-03-04T04:51:07.944+0000] {logging_mixin.py:188} INFO - [2024-03-04T04:51:07.944+0000] {dagbag.py:538} INFO - Filling up the DagBag from /opt/airflow/dags/sample3.py
[2024-03-04T04:51:07.959+0000] {processor.py:840} INFO - DAG(s) 'sample_dag' retrieved from /opt/airflow/dags/sample3.py
[2024-03-04T04:51:07.971+0000] {logging_mixin.py:188} INFO - [2024-03-04T04:51:07.971+0000] {dag.py:3036} INFO - Sync 1 DAGs
[2024-03-04T04:51:07.992+0000] {logging_mixin.py:188} INFO - [2024-03-04T04:51:07.992+0000] {dag.py:3823} INFO - Setting next_dagrun for sample_dag to 2024-02-21 20:08:00+00:00, run_after=2024-02-22 20:08:00+00:00
[2024-03-04T04:51:08.010+0000] {processor.py:183} INFO - Processing /opt/airflow/dags/sample3.py took 0.070 seconds
[2024-03-04T04:51:38.431+0000] {processor.py:161} INFO - Started process (PID=660) to work on /opt/airflow/dags/sample3.py
[2024-03-04T04:51:38.435+0000] {processor.py:830} INFO - Processing file /opt/airflow/dags/sample3.py for tasks to queue
[2024-03-04T04:51:38.444+0000] {logging_mixin.py:188} INFO - [2024-03-04T04:51:38.441+0000] {dagbag.py:538} INFO - Filling up the DagBag from /opt/airflow/dags/sample3.py
[2024-03-04T04:51:38.566+0000] {processor.py:840} INFO - DAG(s) 'sample_dag' retrieved from /opt/airflow/dags/sample3.py
[2024-03-04T04:51:38.634+0000] {logging_mixin.py:188} INFO - [2024-03-04T04:51:38.633+0000] {dag.py:3036} INFO - Sync 1 DAGs
[2024-03-04T04:51:38.745+0000] {logging_mixin.py:188} INFO - [2024-03-04T04:51:38.744+0000] {dag.py:3823} INFO - Setting next_dagrun for sample_dag to 2024-02-21 20:08:00+00:00, run_after=2024-02-22 20:08:00+00:00
[2024-03-04T04:51:38.811+0000] {processor.py:183} INFO - Processing /opt/airflow/dags/sample3.py took 0.390 seconds
[2024-03-04T04:52:09.170+0000] {processor.py:161} INFO - Started process (PID=672) to work on /opt/airflow/dags/sample3.py
[2024-03-04T04:52:09.172+0000] {processor.py:830} INFO - Processing file /opt/airflow/dags/sample3.py for tasks to queue
[2024-03-04T04:52:09.183+0000] {logging_mixin.py:188} INFO - [2024-03-04T04:52:09.181+0000] {dagbag.py:538} INFO - Filling up the DagBag from /opt/airflow/dags/sample3.py
[2024-03-04T04:52:09.298+0000] {processor.py:840} INFO - DAG(s) 'sample_dag' retrieved from /opt/airflow/dags/sample3.py
[2024-03-04T04:52:09.374+0000] {logging_mixin.py:188} INFO - [2024-03-04T04:52:09.373+0000] {dag.py:3036} INFO - Sync 1 DAGs
[2024-03-04T04:52:09.449+0000] {logging_mixin.py:188} INFO - [2024-03-04T04:52:09.449+0000] {dag.py:3823} INFO - Setting next_dagrun for sample_dag to 2024-02-21 20:08:00+00:00, run_after=2024-02-22 20:08:00+00:00
[2024-03-04T04:52:09.511+0000] {processor.py:183} INFO - Processing /opt/airflow/dags/sample3.py took 0.344 seconds
[2024-03-04T04:52:39.844+0000] {processor.py:161} INFO - Started process (PID=684) to work on /opt/airflow/dags/sample3.py
[2024-03-04T04:52:39.845+0000] {processor.py:830} INFO - Processing file /opt/airflow/dags/sample3.py for tasks to queue
[2024-03-04T04:52:39.847+0000] {logging_mixin.py:188} INFO - [2024-03-04T04:52:39.847+0000] {dagbag.py:538} INFO - Filling up the DagBag from /opt/airflow/dags/sample3.py
[2024-03-04T04:52:39.879+0000] {processor.py:840} INFO - DAG(s) 'sample_dag' retrieved from /opt/airflow/dags/sample3.py
[2024-03-04T04:52:39.900+0000] {logging_mixin.py:188} INFO - [2024-03-04T04:52:39.899+0000] {dag.py:3036} INFO - Sync 1 DAGs
[2024-03-04T04:52:39.960+0000] {logging_mixin.py:188} INFO - [2024-03-04T04:52:39.960+0000] {dag.py:3823} INFO - Setting next_dagrun for sample_dag to 2024-02-21 20:08:00+00:00, run_after=2024-02-22 20:08:00+00:00
[2024-03-04T04:52:39.985+0000] {processor.py:183} INFO - Processing /opt/airflow/dags/sample3.py took 0.145 seconds
[2024-03-04T04:53:10.364+0000] {processor.py:161} INFO - Started process (PID=695) to work on /opt/airflow/dags/sample3.py
[2024-03-04T04:53:10.365+0000] {processor.py:830} INFO - Processing file /opt/airflow/dags/sample3.py for tasks to queue
[2024-03-04T04:53:10.367+0000] {logging_mixin.py:188} INFO - [2024-03-04T04:53:10.366+0000] {dagbag.py:538} INFO - Filling up the DagBag from /opt/airflow/dags/sample3.py
[2024-03-04T04:53:10.391+0000] {processor.py:840} INFO - DAG(s) 'sample_dag' retrieved from /opt/airflow/dags/sample3.py
[2024-03-04T04:53:10.405+0000] {logging_mixin.py:188} INFO - [2024-03-04T04:53:10.405+0000] {dag.py:3036} INFO - Sync 1 DAGs
[2024-03-04T04:53:10.432+0000] {logging_mixin.py:188} INFO - [2024-03-04T04:53:10.431+0000] {dag.py:3823} INFO - Setting next_dagrun for sample_dag to 2024-02-21 20:08:00+00:00, run_after=2024-02-22 20:08:00+00:00
[2024-03-04T04:53:10.446+0000] {processor.py:183} INFO - Processing /opt/airflow/dags/sample3.py took 0.087 seconds
[2024-03-04T04:53:40.836+0000] {processor.py:161} INFO - Started process (PID=707) to work on /opt/airflow/dags/sample3.py
[2024-03-04T04:53:40.837+0000] {processor.py:830} INFO - Processing file /opt/airflow/dags/sample3.py for tasks to queue
[2024-03-04T04:53:40.838+0000] {logging_mixin.py:188} INFO - [2024-03-04T04:53:40.838+0000] {dagbag.py:538} INFO - Filling up the DagBag from /opt/airflow/dags/sample3.py
[2024-03-04T04:53:40.862+0000] {processor.py:840} INFO - DAG(s) 'sample_dag' retrieved from /opt/airflow/dags/sample3.py
[2024-03-04T04:53:40.877+0000] {logging_mixin.py:188} INFO - [2024-03-04T04:53:40.876+0000] {dag.py:3036} INFO - Sync 1 DAGs
[2024-03-04T04:53:40.904+0000] {logging_mixin.py:188} INFO - [2024-03-04T04:53:40.903+0000] {dag.py:3823} INFO - Setting next_dagrun for sample_dag to 2024-02-21 20:08:00+00:00, run_after=2024-02-22 20:08:00+00:00
[2024-03-04T04:53:40.932+0000] {processor.py:183} INFO - Processing /opt/airflow/dags/sample3.py took 0.098 seconds
[2024-03-04T04:54:11.539+0000] {processor.py:161} INFO - Started process (PID=719) to work on /opt/airflow/dags/sample3.py
[2024-03-04T04:54:11.540+0000] {processor.py:830} INFO - Processing file /opt/airflow/dags/sample3.py for tasks to queue
[2024-03-04T04:54:11.541+0000] {logging_mixin.py:188} INFO - [2024-03-04T04:54:11.541+0000] {dagbag.py:538} INFO - Filling up the DagBag from /opt/airflow/dags/sample3.py
[2024-03-04T04:54:11.555+0000] {processor.py:840} INFO - DAG(s) 'sample_dag' retrieved from /opt/airflow/dags/sample3.py
[2024-03-04T04:54:11.564+0000] {logging_mixin.py:188} INFO - [2024-03-04T04:54:11.564+0000] {dag.py:3036} INFO - Sync 1 DAGs
[2024-03-04T04:54:11.581+0000] {logging_mixin.py:188} INFO - [2024-03-04T04:54:11.581+0000] {dag.py:3823} INFO - Setting next_dagrun for sample_dag to 2024-02-21 20:08:00+00:00, run_after=2024-02-22 20:08:00+00:00
[2024-03-04T04:54:11.596+0000] {processor.py:183} INFO - Processing /opt/airflow/dags/sample3.py took 0.059 seconds
[2024-03-04T04:54:41.941+0000] {processor.py:161} INFO - Started process (PID=731) to work on /opt/airflow/dags/sample3.py
[2024-03-04T04:54:41.942+0000] {processor.py:830} INFO - Processing file /opt/airflow/dags/sample3.py for tasks to queue
[2024-03-04T04:54:41.944+0000] {logging_mixin.py:188} INFO - [2024-03-04T04:54:41.943+0000] {dagbag.py:538} INFO - Filling up the DagBag from /opt/airflow/dags/sample3.py
[2024-03-04T04:54:41.980+0000] {processor.py:840} INFO - DAG(s) 'sample_dag' retrieved from /opt/airflow/dags/sample3.py
[2024-03-04T04:54:42.008+0000] {logging_mixin.py:188} INFO - [2024-03-04T04:54:42.008+0000] {dag.py:3036} INFO - Sync 1 DAGs
[2024-03-04T04:54:42.047+0000] {logging_mixin.py:188} INFO - [2024-03-04T04:54:42.046+0000] {dag.py:3823} INFO - Setting next_dagrun for sample_dag to 2024-02-21 20:08:00+00:00, run_after=2024-02-22 20:08:00+00:00
[2024-03-04T04:54:42.064+0000] {processor.py:183} INFO - Processing /opt/airflow/dags/sample3.py took 0.125 seconds
[2024-03-04T04:55:12.372+0000] {processor.py:161} INFO - Started process (PID=743) to work on /opt/airflow/dags/sample3.py
[2024-03-04T04:55:12.373+0000] {processor.py:830} INFO - Processing file /opt/airflow/dags/sample3.py for tasks to queue
[2024-03-04T04:55:12.374+0000] {logging_mixin.py:188} INFO - [2024-03-04T04:55:12.374+0000] {dagbag.py:538} INFO - Filling up the DagBag from /opt/airflow/dags/sample3.py
[2024-03-04T04:55:12.393+0000] {processor.py:840} INFO - DAG(s) 'sample_dag' retrieved from /opt/airflow/dags/sample3.py
[2024-03-04T04:55:12.403+0000] {logging_mixin.py:188} INFO - [2024-03-04T04:55:12.403+0000] {dag.py:3036} INFO - Sync 1 DAGs
[2024-03-04T04:55:12.423+0000] {logging_mixin.py:188} INFO - [2024-03-04T04:55:12.423+0000] {dag.py:3823} INFO - Setting next_dagrun for sample_dag to 2024-02-21 20:08:00+00:00, run_after=2024-02-22 20:08:00+00:00
[2024-03-04T04:55:12.446+0000] {processor.py:183} INFO - Processing /opt/airflow/dags/sample3.py took 0.076 seconds
[2024-03-04T04:55:42.776+0000] {processor.py:161} INFO - Started process (PID=755) to work on /opt/airflow/dags/sample3.py
[2024-03-04T04:55:42.777+0000] {processor.py:830} INFO - Processing file /opt/airflow/dags/sample3.py for tasks to queue
[2024-03-04T04:55:42.778+0000] {logging_mixin.py:188} INFO - [2024-03-04T04:55:42.778+0000] {dagbag.py:538} INFO - Filling up the DagBag from /opt/airflow/dags/sample3.py
[2024-03-04T04:55:42.792+0000] {processor.py:840} INFO - DAG(s) 'sample_dag' retrieved from /opt/airflow/dags/sample3.py
[2024-03-04T04:55:42.801+0000] {logging_mixin.py:188} INFO - [2024-03-04T04:55:42.801+0000] {dag.py:3036} INFO - Sync 1 DAGs
[2024-03-04T04:55:42.821+0000] {logging_mixin.py:188} INFO - [2024-03-04T04:55:42.821+0000] {dag.py:3823} INFO - Setting next_dagrun for sample_dag to 2024-02-21 20:08:00+00:00, run_after=2024-02-22 20:08:00+00:00
[2024-03-04T04:55:42.850+0000] {processor.py:183} INFO - Processing /opt/airflow/dags/sample3.py took 0.075 seconds
[2024-03-04T04:56:13.200+0000] {processor.py:161} INFO - Started process (PID=767) to work on /opt/airflow/dags/sample3.py
[2024-03-04T04:56:13.201+0000] {processor.py:830} INFO - Processing file /opt/airflow/dags/sample3.py for tasks to queue
[2024-03-04T04:56:13.202+0000] {logging_mixin.py:188} INFO - [2024-03-04T04:56:13.201+0000] {dagbag.py:538} INFO - Filling up the DagBag from /opt/airflow/dags/sample3.py
[2024-03-04T04:56:13.218+0000] {processor.py:840} INFO - DAG(s) 'sample_dag' retrieved from /opt/airflow/dags/sample3.py
[2024-03-04T04:56:13.227+0000] {logging_mixin.py:188} INFO - [2024-03-04T04:56:13.227+0000] {dag.py:3036} INFO - Sync 1 DAGs
[2024-03-04T04:56:13.244+0000] {logging_mixin.py:188} INFO - [2024-03-04T04:56:13.244+0000] {dag.py:3823} INFO - Setting next_dagrun for sample_dag to 2024-02-21 20:08:00+00:00, run_after=2024-02-22 20:08:00+00:00
[2024-03-04T04:56:13.262+0000] {processor.py:183} INFO - Processing /opt/airflow/dags/sample3.py took 0.064 seconds
[2024-03-04T04:56:43.598+0000] {processor.py:161} INFO - Started process (PID=779) to work on /opt/airflow/dags/sample3.py
[2024-03-04T04:56:43.599+0000] {processor.py:830} INFO - Processing file /opt/airflow/dags/sample3.py for tasks to queue
[2024-03-04T04:56:43.601+0000] {logging_mixin.py:188} INFO - [2024-03-04T04:56:43.600+0000] {dagbag.py:538} INFO - Filling up the DagBag from /opt/airflow/dags/sample3.py
[2024-03-04T04:56:43.664+0000] {processor.py:840} INFO - DAG(s) 'sample_dag' retrieved from /opt/airflow/dags/sample3.py
[2024-03-04T04:56:43.683+0000] {logging_mixin.py:188} INFO - [2024-03-04T04:56:43.683+0000] {dag.py:3036} INFO - Sync 1 DAGs
[2024-03-04T04:56:43.711+0000] {logging_mixin.py:188} INFO - [2024-03-04T04:56:43.710+0000] {dag.py:3823} INFO - Setting next_dagrun for sample_dag to 2024-02-21 20:08:00+00:00, run_after=2024-02-22 20:08:00+00:00
[2024-03-04T04:56:43.848+0000] {processor.py:183} INFO - Processing /opt/airflow/dags/sample3.py took 0.253 seconds
[2024-03-04T04:57:14.204+0000] {processor.py:161} INFO - Started process (PID=791) to work on /opt/airflow/dags/sample3.py
[2024-03-04T04:57:14.205+0000] {processor.py:830} INFO - Processing file /opt/airflow/dags/sample3.py for tasks to queue
[2024-03-04T04:57:14.207+0000] {logging_mixin.py:188} INFO - [2024-03-04T04:57:14.206+0000] {dagbag.py:538} INFO - Filling up the DagBag from /opt/airflow/dags/sample3.py
[2024-03-04T04:57:14.225+0000] {processor.py:840} INFO - DAG(s) 'sample_dag' retrieved from /opt/airflow/dags/sample3.py
[2024-03-04T04:57:14.239+0000] {logging_mixin.py:188} INFO - [2024-03-04T04:57:14.239+0000] {dag.py:3036} INFO - Sync 1 DAGs
[2024-03-04T04:57:14.263+0000] {logging_mixin.py:188} INFO - [2024-03-04T04:57:14.263+0000] {dag.py:3823} INFO - Setting next_dagrun for sample_dag to 2024-02-21 20:08:00+00:00, run_after=2024-02-22 20:08:00+00:00
[2024-03-04T04:57:14.280+0000] {processor.py:183} INFO - Processing /opt/airflow/dags/sample3.py took 0.078 seconds
[2024-03-04T04:57:44.592+0000] {processor.py:161} INFO - Started process (PID=803) to work on /opt/airflow/dags/sample3.py
[2024-03-04T04:57:44.592+0000] {processor.py:830} INFO - Processing file /opt/airflow/dags/sample3.py for tasks to queue
[2024-03-04T04:57:44.594+0000] {logging_mixin.py:188} INFO - [2024-03-04T04:57:44.594+0000] {dagbag.py:538} INFO - Filling up the DagBag from /opt/airflow/dags/sample3.py
[2024-03-04T04:57:44.608+0000] {processor.py:840} INFO - DAG(s) 'sample_dag' retrieved from /opt/airflow/dags/sample3.py
[2024-03-04T04:57:44.618+0000] {logging_mixin.py:188} INFO - [2024-03-04T04:57:44.617+0000] {dag.py:3036} INFO - Sync 1 DAGs
[2024-03-04T04:57:44.636+0000] {logging_mixin.py:188} INFO - [2024-03-04T04:57:44.635+0000] {dag.py:3823} INFO - Setting next_dagrun for sample_dag to 2024-02-21 20:08:00+00:00, run_after=2024-02-22 20:08:00+00:00
[2024-03-04T04:57:44.652+0000] {processor.py:183} INFO - Processing /opt/airflow/dags/sample3.py took 0.063 seconds
[2024-03-04T04:58:14.970+0000] {processor.py:161} INFO - Started process (PID=815) to work on /opt/airflow/dags/sample3.py
[2024-03-04T04:58:14.971+0000] {processor.py:830} INFO - Processing file /opt/airflow/dags/sample3.py for tasks to queue
[2024-03-04T04:58:14.972+0000] {logging_mixin.py:188} INFO - [2024-03-04T04:58:14.972+0000] {dagbag.py:538} INFO - Filling up the DagBag from /opt/airflow/dags/sample3.py
[2024-03-04T04:58:14.990+0000] {processor.py:840} INFO - DAG(s) 'sample_dag' retrieved from /opt/airflow/dags/sample3.py
[2024-03-04T04:58:14.999+0000] {logging_mixin.py:188} INFO - [2024-03-04T04:58:14.999+0000] {dag.py:3036} INFO - Sync 1 DAGs
[2024-03-04T04:58:15.019+0000] {logging_mixin.py:188} INFO - [2024-03-04T04:58:15.019+0000] {dag.py:3823} INFO - Setting next_dagrun for sample_dag to 2024-02-21 20:08:00+00:00, run_after=2024-02-22 20:08:00+00:00
[2024-03-04T04:58:15.033+0000] {processor.py:183} INFO - Processing /opt/airflow/dags/sample3.py took 0.065 seconds
[2024-03-04T04:58:45.374+0000] {processor.py:161} INFO - Started process (PID=827) to work on /opt/airflow/dags/sample3.py
[2024-03-04T04:58:45.375+0000] {processor.py:830} INFO - Processing file /opt/airflow/dags/sample3.py for tasks to queue
[2024-03-04T04:58:45.377+0000] {logging_mixin.py:188} INFO - [2024-03-04T04:58:45.377+0000] {dagbag.py:538} INFO - Filling up the DagBag from /opt/airflow/dags/sample3.py
[2024-03-04T04:58:45.399+0000] {processor.py:840} INFO - DAG(s) 'sample_dag' retrieved from /opt/airflow/dags/sample3.py
[2024-03-04T04:58:45.414+0000] {logging_mixin.py:188} INFO - [2024-03-04T04:58:45.414+0000] {dag.py:3036} INFO - Sync 1 DAGs
[2024-03-04T04:58:45.491+0000] {logging_mixin.py:188} INFO - [2024-03-04T04:58:45.491+0000] {dag.py:3823} INFO - Setting next_dagrun for sample_dag to 2024-02-21 20:08:00+00:00, run_after=2024-02-22 20:08:00+00:00
[2024-03-04T04:58:45.541+0000] {processor.py:183} INFO - Processing /opt/airflow/dags/sample3.py took 0.170 seconds
[2024-03-04T04:59:15.960+0000] {processor.py:161} INFO - Started process (PID=839) to work on /opt/airflow/dags/sample3.py
[2024-03-04T04:59:15.961+0000] {processor.py:830} INFO - Processing file /opt/airflow/dags/sample3.py for tasks to queue
[2024-03-04T04:59:15.963+0000] {logging_mixin.py:188} INFO - [2024-03-04T04:59:15.962+0000] {dagbag.py:538} INFO - Filling up the DagBag from /opt/airflow/dags/sample3.py
[2024-03-04T04:59:15.976+0000] {processor.py:840} INFO - DAG(s) 'sample_dag' retrieved from /opt/airflow/dags/sample3.py
[2024-03-04T04:59:16.007+0000] {logging_mixin.py:188} INFO - [2024-03-04T04:59:16.006+0000] {dag.py:3036} INFO - Sync 1 DAGs
[2024-03-04T04:59:16.023+0000] {logging_mixin.py:188} INFO - [2024-03-04T04:59:16.023+0000] {dag.py:3823} INFO - Setting next_dagrun for sample_dag to 2024-02-21 20:08:00+00:00, run_after=2024-02-22 20:08:00+00:00
[2024-03-04T04:59:16.138+0000] {processor.py:183} INFO - Processing /opt/airflow/dags/sample3.py took 0.179 seconds
[2024-03-04T04:59:46.380+0000] {processor.py:161} INFO - Started process (PID=851) to work on /opt/airflow/dags/sample3.py
[2024-03-04T04:59:46.381+0000] {processor.py:830} INFO - Processing file /opt/airflow/dags/sample3.py for tasks to queue
[2024-03-04T04:59:46.382+0000] {logging_mixin.py:188} INFO - [2024-03-04T04:59:46.382+0000] {dagbag.py:538} INFO - Filling up the DagBag from /opt/airflow/dags/sample3.py
[2024-03-04T04:59:46.399+0000] {processor.py:840} INFO - DAG(s) 'sample_dag' retrieved from /opt/airflow/dags/sample3.py
[2024-03-04T04:59:46.409+0000] {logging_mixin.py:188} INFO - [2024-03-04T04:59:46.409+0000] {dag.py:3036} INFO - Sync 1 DAGs
[2024-03-04T04:59:46.430+0000] {logging_mixin.py:188} INFO - [2024-03-04T04:59:46.430+0000] {dag.py:3823} INFO - Setting next_dagrun for sample_dag to 2024-02-21 20:08:00+00:00, run_after=2024-02-22 20:08:00+00:00
[2024-03-04T04:59:46.447+0000] {processor.py:183} INFO - Processing /opt/airflow/dags/sample3.py took 0.070 seconds
[2024-03-04T05:00:16.723+0000] {processor.py:161} INFO - Started process (PID=863) to work on /opt/airflow/dags/sample3.py
[2024-03-04T05:00:16.723+0000] {processor.py:830} INFO - Processing file /opt/airflow/dags/sample3.py for tasks to queue
[2024-03-04T05:00:16.725+0000] {logging_mixin.py:188} INFO - [2024-03-04T05:00:16.724+0000] {dagbag.py:538} INFO - Filling up the DagBag from /opt/airflow/dags/sample3.py
[2024-03-04T05:00:16.742+0000] {processor.py:840} INFO - DAG(s) 'sample_dag' retrieved from /opt/airflow/dags/sample3.py
[2024-03-04T05:00:16.752+0000] {logging_mixin.py:188} INFO - [2024-03-04T05:00:16.752+0000] {dag.py:3036} INFO - Sync 1 DAGs
[2024-03-04T05:00:16.772+0000] {logging_mixin.py:188} INFO - [2024-03-04T05:00:16.772+0000] {dag.py:3823} INFO - Setting next_dagrun for sample_dag to 2024-02-21 20:08:00+00:00, run_after=2024-02-22 20:08:00+00:00
[2024-03-04T05:00:16.857+0000] {processor.py:183} INFO - Processing /opt/airflow/dags/sample3.py took 0.136 seconds
[2024-03-04T05:00:47.152+0000] {processor.py:161} INFO - Started process (PID=874) to work on /opt/airflow/dags/sample3.py
[2024-03-04T05:00:47.153+0000] {processor.py:830} INFO - Processing file /opt/airflow/dags/sample3.py for tasks to queue
[2024-03-04T05:00:47.155+0000] {logging_mixin.py:188} INFO - [2024-03-04T05:00:47.154+0000] {dagbag.py:538} INFO - Filling up the DagBag from /opt/airflow/dags/sample3.py
[2024-03-04T05:00:47.174+0000] {processor.py:840} INFO - DAG(s) 'sample_dag' retrieved from /opt/airflow/dags/sample3.py
[2024-03-04T05:00:47.188+0000] {logging_mixin.py:188} INFO - [2024-03-04T05:00:47.188+0000] {dag.py:3036} INFO - Sync 1 DAGs
[2024-03-04T05:00:47.212+0000] {logging_mixin.py:188} INFO - [2024-03-04T05:00:47.212+0000] {dag.py:3823} INFO - Setting next_dagrun for sample_dag to 2024-02-21 20:08:00+00:00, run_after=2024-02-22 20:08:00+00:00
[2024-03-04T05:00:47.230+0000] {processor.py:183} INFO - Processing /opt/airflow/dags/sample3.py took 0.080 seconds
[2024-03-04T05:01:17.563+0000] {processor.py:161} INFO - Started process (PID=886) to work on /opt/airflow/dags/sample3.py
[2024-03-04T05:01:17.564+0000] {processor.py:830} INFO - Processing file /opt/airflow/dags/sample3.py for tasks to queue
[2024-03-04T05:01:17.565+0000] {logging_mixin.py:188} INFO - [2024-03-04T05:01:17.564+0000] {dagbag.py:538} INFO - Filling up the DagBag from /opt/airflow/dags/sample3.py
[2024-03-04T05:01:17.580+0000] {processor.py:840} INFO - DAG(s) 'sample_dag' retrieved from /opt/airflow/dags/sample3.py
[2024-03-04T05:01:17.591+0000] {logging_mixin.py:188} INFO - [2024-03-04T05:01:17.591+0000] {dag.py:3036} INFO - Sync 1 DAGs
[2024-03-04T05:01:17.613+0000] {logging_mixin.py:188} INFO - [2024-03-04T05:01:17.613+0000] {dag.py:3823} INFO - Setting next_dagrun for sample_dag to 2024-02-21 20:08:00+00:00, run_after=2024-02-22 20:08:00+00:00
[2024-03-04T05:01:17.631+0000] {processor.py:183} INFO - Processing /opt/airflow/dags/sample3.py took 0.070 seconds
[2024-03-04T05:01:47.985+0000] {processor.py:161} INFO - Started process (PID=898) to work on /opt/airflow/dags/sample3.py
[2024-03-04T05:01:47.990+0000] {processor.py:830} INFO - Processing file /opt/airflow/dags/sample3.py for tasks to queue
[2024-03-04T05:01:47.993+0000] {logging_mixin.py:188} INFO - [2024-03-04T05:01:47.992+0000] {dagbag.py:538} INFO - Filling up the DagBag from /opt/airflow/dags/sample3.py
[2024-03-04T05:01:48.010+0000] {processor.py:840} INFO - DAG(s) 'sample_dag' retrieved from /opt/airflow/dags/sample3.py
[2024-03-04T05:01:48.019+0000] {logging_mixin.py:188} INFO - [2024-03-04T05:01:48.019+0000] {dag.py:3036} INFO - Sync 1 DAGs
[2024-03-04T05:01:48.047+0000] {logging_mixin.py:188} INFO - [2024-03-04T05:01:48.047+0000] {dag.py:3823} INFO - Setting next_dagrun for sample_dag to 2024-02-21 20:08:00+00:00, run_after=2024-02-22 20:08:00+00:00
[2024-03-04T05:01:48.167+0000] {processor.py:183} INFO - Processing /opt/airflow/dags/sample3.py took 0.199 seconds
[2024-03-04T05:02:18.652+0000] {processor.py:161} INFO - Started process (PID=910) to work on /opt/airflow/dags/sample3.py
[2024-03-04T05:02:18.653+0000] {processor.py:830} INFO - Processing file /opt/airflow/dags/sample3.py for tasks to queue
[2024-03-04T05:02:18.654+0000] {logging_mixin.py:188} INFO - [2024-03-04T05:02:18.654+0000] {dagbag.py:538} INFO - Filling up the DagBag from /opt/airflow/dags/sample3.py
[2024-03-04T05:02:18.673+0000] {processor.py:840} INFO - DAG(s) 'sample_dag' retrieved from /opt/airflow/dags/sample3.py
[2024-03-04T05:02:18.684+0000] {logging_mixin.py:188} INFO - [2024-03-04T05:02:18.684+0000] {dag.py:3036} INFO - Sync 1 DAGs
[2024-03-04T05:02:18.701+0000] {logging_mixin.py:188} INFO - [2024-03-04T05:02:18.701+0000] {dag.py:3823} INFO - Setting next_dagrun for sample_dag to 2024-02-21 20:08:00+00:00, run_after=2024-02-22 20:08:00+00:00
[2024-03-04T05:02:18.715+0000] {processor.py:183} INFO - Processing /opt/airflow/dags/sample3.py took 0.064 seconds
[2024-03-04T05:02:49.006+0000] {processor.py:161} INFO - Started process (PID=922) to work on /opt/airflow/dags/sample3.py
[2024-03-04T05:02:49.007+0000] {processor.py:830} INFO - Processing file /opt/airflow/dags/sample3.py for tasks to queue
[2024-03-04T05:02:49.008+0000] {logging_mixin.py:188} INFO - [2024-03-04T05:02:49.007+0000] {dagbag.py:538} INFO - Filling up the DagBag from /opt/airflow/dags/sample3.py
[2024-03-04T05:02:49.024+0000] {processor.py:840} INFO - DAG(s) 'sample_dag' retrieved from /opt/airflow/dags/sample3.py
[2024-03-04T05:02:49.039+0000] {logging_mixin.py:188} INFO - [2024-03-04T05:02:49.038+0000] {dag.py:3036} INFO - Sync 1 DAGs
[2024-03-04T05:02:49.188+0000] {logging_mixin.py:188} INFO - [2024-03-04T05:02:49.186+0000] {dag.py:3823} INFO - Setting next_dagrun for sample_dag to 2024-02-21 20:08:00+00:00, run_after=2024-02-22 20:08:00+00:00
[2024-03-04T05:02:49.293+0000] {processor.py:183} INFO - Processing /opt/airflow/dags/sample3.py took 0.289 seconds
[2024-03-04T05:03:19.706+0000] {processor.py:161} INFO - Started process (PID=934) to work on /opt/airflow/dags/sample3.py
[2024-03-04T05:03:19.707+0000] {processor.py:830} INFO - Processing file /opt/airflow/dags/sample3.py for tasks to queue
[2024-03-04T05:03:19.710+0000] {logging_mixin.py:188} INFO - [2024-03-04T05:03:19.709+0000] {dagbag.py:538} INFO - Filling up the DagBag from /opt/airflow/dags/sample3.py
[2024-03-04T05:03:19.733+0000] {processor.py:840} INFO - DAG(s) 'sample_dag' retrieved from /opt/airflow/dags/sample3.py
[2024-03-04T05:03:19.750+0000] {logging_mixin.py:188} INFO - [2024-03-04T05:03:19.749+0000] {dag.py:3036} INFO - Sync 1 DAGs
[2024-03-04T05:03:19.812+0000] {logging_mixin.py:188} INFO - [2024-03-04T05:03:19.811+0000] {dag.py:3823} INFO - Setting next_dagrun for sample_dag to 2024-02-21 20:08:00+00:00, run_after=2024-02-22 20:08:00+00:00
[2024-03-04T05:03:19.833+0000] {processor.py:183} INFO - Processing /opt/airflow/dags/sample3.py took 0.131 seconds
[2024-03-04T05:03:50.437+0000] {processor.py:161} INFO - Started process (PID=947) to work on /opt/airflow/dags/sample3.py
[2024-03-04T05:03:50.441+0000] {processor.py:830} INFO - Processing file /opt/airflow/dags/sample3.py for tasks to queue
[2024-03-04T05:03:50.443+0000] {logging_mixin.py:188} INFO - [2024-03-04T05:03:50.442+0000] {dagbag.py:538} INFO - Filling up the DagBag from /opt/airflow/dags/sample3.py
[2024-03-04T05:03:50.506+0000] {processor.py:840} INFO - DAG(s) 'sample_dag' retrieved from /opt/airflow/dags/sample3.py
[2024-03-04T05:03:50.524+0000] {logging_mixin.py:188} INFO - [2024-03-04T05:03:50.524+0000] {dag.py:3036} INFO - Sync 1 DAGs
[2024-03-04T05:03:50.566+0000] {logging_mixin.py:188} INFO - [2024-03-04T05:03:50.566+0000] {dag.py:3823} INFO - Setting next_dagrun for sample_dag to 2024-02-21 20:08:00+00:00, run_after=2024-02-22 20:08:00+00:00
[2024-03-04T05:03:50.604+0000] {processor.py:183} INFO - Processing /opt/airflow/dags/sample3.py took 0.171 seconds
[2024-03-04T05:04:20.924+0000] {processor.py:161} INFO - Started process (PID=959) to work on /opt/airflow/dags/sample3.py
[2024-03-04T05:04:20.925+0000] {processor.py:830} INFO - Processing file /opt/airflow/dags/sample3.py for tasks to queue
[2024-03-04T05:04:20.926+0000] {logging_mixin.py:188} INFO - [2024-03-04T05:04:20.925+0000] {dagbag.py:538} INFO - Filling up the DagBag from /opt/airflow/dags/sample3.py
[2024-03-04T05:04:20.942+0000] {processor.py:840} INFO - DAG(s) 'sample_dag' retrieved from /opt/airflow/dags/sample3.py
[2024-03-04T05:04:20.952+0000] {logging_mixin.py:188} INFO - [2024-03-04T05:04:20.951+0000] {dag.py:3036} INFO - Sync 1 DAGs
[2024-03-04T05:04:20.969+0000] {logging_mixin.py:188} INFO - [2024-03-04T05:04:20.969+0000] {dag.py:3823} INFO - Setting next_dagrun for sample_dag to 2024-02-21 20:08:00+00:00, run_after=2024-02-22 20:08:00+00:00
[2024-03-04T05:04:20.985+0000] {processor.py:183} INFO - Processing /opt/airflow/dags/sample3.py took 0.064 seconds
