[2024-02-25T16:56:59.178+0000] {processor.py:161} INFO - Started process (PID=677) to work on /opt/airflow/dags/dag_generator.py
[2024-02-25T16:56:59.179+0000] {processor.py:830} INFO - Processing file /opt/airflow/dags/dag_generator.py for tasks to queue
[2024-02-25T16:56:59.179+0000] {logging_mixin.py:188} INFO - [2024-02-25T16:56:59.179+0000] {dagbag.py:538} INFO - Filling up the DagBag from /opt/airflow/dags/dag_generator.py
[2024-02-25T16:56:59.181+0000] {processor.py:842} WARNING - No viable dags retrieved from /opt/airflow/dags/dag_generator.py
[2024-02-25T16:56:59.188+0000] {processor.py:183} INFO - Processing /opt/airflow/dags/dag_generator.py took 0.012 seconds
[2024-02-25T16:57:29.560+0000] {processor.py:161} INFO - Started process (PID=689) to work on /opt/airflow/dags/dag_generator.py
[2024-02-25T16:57:29.561+0000] {processor.py:830} INFO - Processing file /opt/airflow/dags/dag_generator.py for tasks to queue
[2024-02-25T16:57:29.561+0000] {logging_mixin.py:188} INFO - [2024-02-25T16:57:29.561+0000] {dagbag.py:538} INFO - Filling up the DagBag from /opt/airflow/dags/dag_generator.py
[2024-02-25T16:57:29.563+0000] {processor.py:842} WARNING - No viable dags retrieved from /opt/airflow/dags/dag_generator.py
[2024-02-25T16:57:29.573+0000] {processor.py:183} INFO - Processing /opt/airflow/dags/dag_generator.py took 0.015 seconds
[2024-02-25T16:57:59.934+0000] {processor.py:161} INFO - Started process (PID=701) to work on /opt/airflow/dags/dag_generator.py
[2024-02-25T16:57:59.934+0000] {processor.py:830} INFO - Processing file /opt/airflow/dags/dag_generator.py for tasks to queue
[2024-02-25T16:57:59.935+0000] {logging_mixin.py:188} INFO - [2024-02-25T16:57:59.935+0000] {dagbag.py:538} INFO - Filling up the DagBag from /opt/airflow/dags/dag_generator.py
[2024-02-25T16:57:59.937+0000] {processor.py:842} WARNING - No viable dags retrieved from /opt/airflow/dags/dag_generator.py
[2024-02-25T16:57:59.946+0000] {processor.py:183} INFO - Processing /opt/airflow/dags/dag_generator.py took 0.015 seconds
[2024-02-25T16:58:30.335+0000] {processor.py:161} INFO - Started process (PID=713) to work on /opt/airflow/dags/dag_generator.py
[2024-02-25T16:58:30.337+0000] {processor.py:830} INFO - Processing file /opt/airflow/dags/dag_generator.py for tasks to queue
[2024-02-25T16:58:30.338+0000] {logging_mixin.py:188} INFO - [2024-02-25T16:58:30.338+0000] {dagbag.py:538} INFO - Filling up the DagBag from /opt/airflow/dags/dag_generator.py
[2024-02-25T16:58:30.340+0000] {processor.py:842} WARNING - No viable dags retrieved from /opt/airflow/dags/dag_generator.py
[2024-02-25T16:58:30.351+0000] {processor.py:183} INFO - Processing /opt/airflow/dags/dag_generator.py took 0.018 seconds
[2024-02-25T16:59:00.716+0000] {processor.py:161} INFO - Started process (PID=725) to work on /opt/airflow/dags/dag_generator.py
[2024-02-25T16:59:00.718+0000] {processor.py:830} INFO - Processing file /opt/airflow/dags/dag_generator.py for tasks to queue
[2024-02-25T16:59:00.719+0000] {logging_mixin.py:188} INFO - [2024-02-25T16:59:00.718+0000] {dagbag.py:538} INFO - Filling up the DagBag from /opt/airflow/dags/dag_generator.py
[2024-02-25T16:59:00.721+0000] {processor.py:842} WARNING - No viable dags retrieved from /opt/airflow/dags/dag_generator.py
[2024-02-25T16:59:00.731+0000] {processor.py:183} INFO - Processing /opt/airflow/dags/dag_generator.py took 0.018 seconds
[2024-02-25T16:59:08.776+0000] {processor.py:161} INFO - Started process (PID=726) to work on /opt/airflow/dags/dag_generator.py
[2024-02-25T16:59:08.778+0000] {processor.py:830} INFO - Processing file /opt/airflow/dags/dag_generator.py for tasks to queue
[2024-02-25T16:59:08.778+0000] {logging_mixin.py:188} INFO - [2024-02-25T16:59:08.778+0000] {dagbag.py:538} INFO - Filling up the DagBag from /opt/airflow/dags/dag_generator.py
[2024-02-25T16:59:08.781+0000] {processor.py:842} WARNING - No viable dags retrieved from /opt/airflow/dags/dag_generator.py
[2024-02-25T16:59:08.792+0000] {processor.py:183} INFO - Processing /opt/airflow/dags/dag_generator.py took 0.017 seconds
[2024-02-25T16:59:39.231+0000] {processor.py:161} INFO - Started process (PID=738) to work on /opt/airflow/dags/dag_generator.py
[2024-02-25T16:59:39.232+0000] {processor.py:830} INFO - Processing file /opt/airflow/dags/dag_generator.py for tasks to queue
[2024-02-25T16:59:39.232+0000] {logging_mixin.py:188} INFO - [2024-02-25T16:59:39.232+0000] {dagbag.py:538} INFO - Filling up the DagBag from /opt/airflow/dags/dag_generator.py
[2024-02-25T16:59:39.234+0000] {processor.py:842} WARNING - No viable dags retrieved from /opt/airflow/dags/dag_generator.py
[2024-02-25T16:59:39.244+0000] {processor.py:183} INFO - Processing /opt/airflow/dags/dag_generator.py took 0.015 seconds
[2024-02-25T16:59:54.510+0000] {processor.py:161} INFO - Started process (PID=750) to work on /opt/airflow/dags/dag_generator.py
[2024-02-25T16:59:54.510+0000] {processor.py:830} INFO - Processing file /opt/airflow/dags/dag_generator.py for tasks to queue
[2024-02-25T16:59:54.511+0000] {logging_mixin.py:188} INFO - [2024-02-25T16:59:54.511+0000] {dagbag.py:538} INFO - Filling up the DagBag from /opt/airflow/dags/dag_generator.py
[2024-02-25T16:59:54.513+0000] {processor.py:842} WARNING - No viable dags retrieved from /opt/airflow/dags/dag_generator.py
[2024-02-25T16:59:54.522+0000] {processor.py:183} INFO - Processing /opt/airflow/dags/dag_generator.py took 0.015 seconds
[2024-02-25T17:00:24.906+0000] {processor.py:161} INFO - Started process (PID=762) to work on /opt/airflow/dags/dag_generator.py
[2024-02-25T17:00:24.907+0000] {processor.py:830} INFO - Processing file /opt/airflow/dags/dag_generator.py for tasks to queue
[2024-02-25T17:00:24.908+0000] {logging_mixin.py:188} INFO - [2024-02-25T17:00:24.908+0000] {dagbag.py:538} INFO - Filling up the DagBag from /opt/airflow/dags/dag_generator.py
[2024-02-25T17:00:24.910+0000] {processor.py:842} WARNING - No viable dags retrieved from /opt/airflow/dags/dag_generator.py
[2024-02-25T17:00:24.922+0000] {processor.py:183} INFO - Processing /opt/airflow/dags/dag_generator.py took 0.017 seconds
[2024-02-25T17:00:55.335+0000] {processor.py:161} INFO - Started process (PID=774) to work on /opt/airflow/dags/dag_generator.py
[2024-02-25T17:00:55.336+0000] {processor.py:830} INFO - Processing file /opt/airflow/dags/dag_generator.py for tasks to queue
[2024-02-25T17:00:55.336+0000] {logging_mixin.py:188} INFO - [2024-02-25T17:00:55.336+0000] {dagbag.py:538} INFO - Filling up the DagBag from /opt/airflow/dags/dag_generator.py
[2024-02-25T17:00:55.339+0000] {processor.py:842} WARNING - No viable dags retrieved from /opt/airflow/dags/dag_generator.py
[2024-02-25T17:00:55.351+0000] {processor.py:183} INFO - Processing /opt/airflow/dags/dag_generator.py took 0.018 seconds
[2024-02-25T17:01:25.727+0000] {processor.py:161} INFO - Started process (PID=786) to work on /opt/airflow/dags/dag_generator.py
[2024-02-25T17:01:25.729+0000] {processor.py:830} INFO - Processing file /opt/airflow/dags/dag_generator.py for tasks to queue
[2024-02-25T17:01:25.730+0000] {logging_mixin.py:188} INFO - [2024-02-25T17:01:25.730+0000] {dagbag.py:538} INFO - Filling up the DagBag from /opt/airflow/dags/dag_generator.py
[2024-02-25T17:01:25.732+0000] {processor.py:842} WARNING - No viable dags retrieved from /opt/airflow/dags/dag_generator.py
[2024-02-25T17:01:25.745+0000] {processor.py:183} INFO - Processing /opt/airflow/dags/dag_generator.py took 0.020 seconds
[2024-02-25T17:01:28.766+0000] {processor.py:161} INFO - Started process (PID=787) to work on /opt/airflow/dags/dag_generator.py
[2024-02-25T17:01:28.768+0000] {processor.py:830} INFO - Processing file /opt/airflow/dags/dag_generator.py for tasks to queue
[2024-02-25T17:01:28.769+0000] {logging_mixin.py:188} INFO - [2024-02-25T17:01:28.769+0000] {dagbag.py:538} INFO - Filling up the DagBag from /opt/airflow/dags/dag_generator.py
[2024-02-25T17:01:28.774+0000] {processor.py:842} WARNING - No viable dags retrieved from /opt/airflow/dags/dag_generator.py
[2024-02-25T17:01:28.785+0000] {processor.py:183} INFO - Processing /opt/airflow/dags/dag_generator.py took 0.022 seconds
[2024-02-25T17:01:43.907+0000] {processor.py:161} INFO - Started process (PID=789) to work on /opt/airflow/dags/dag_generator.py
[2024-02-25T17:01:43.909+0000] {processor.py:830} INFO - Processing file /opt/airflow/dags/dag_generator.py for tasks to queue
[2024-02-25T17:01:43.910+0000] {logging_mixin.py:188} INFO - [2024-02-25T17:01:43.909+0000] {dagbag.py:538} INFO - Filling up the DagBag from /opt/airflow/dags/dag_generator.py
[2024-02-25T17:01:43.913+0000] {processor.py:842} WARNING - No viable dags retrieved from /opt/airflow/dags/dag_generator.py
[2024-02-25T17:01:43.922+0000] {processor.py:183} INFO - Processing /opt/airflow/dags/dag_generator.py took 0.017 seconds
[2024-02-25T17:02:14.294+0000] {processor.py:161} INFO - Started process (PID=801) to work on /opt/airflow/dags/dag_generator.py
[2024-02-25T17:02:14.296+0000] {processor.py:830} INFO - Processing file /opt/airflow/dags/dag_generator.py for tasks to queue
[2024-02-25T17:02:14.297+0000] {logging_mixin.py:188} INFO - [2024-02-25T17:02:14.296+0000] {dagbag.py:538} INFO - Filling up the DagBag from /opt/airflow/dags/dag_generator.py
[2024-02-25T17:02:14.298+0000] {processor.py:842} WARNING - No viable dags retrieved from /opt/airflow/dags/dag_generator.py
[2024-02-25T17:02:14.308+0000] {processor.py:183} INFO - Processing /opt/airflow/dags/dag_generator.py took 0.016 seconds
[2024-02-25T17:02:44.702+0000] {processor.py:161} INFO - Started process (PID=813) to work on /opt/airflow/dags/dag_generator.py
[2024-02-25T17:02:44.704+0000] {processor.py:830} INFO - Processing file /opt/airflow/dags/dag_generator.py for tasks to queue
[2024-02-25T17:02:44.706+0000] {logging_mixin.py:188} INFO - [2024-02-25T17:02:44.705+0000] {dagbag.py:538} INFO - Filling up the DagBag from /opt/airflow/dags/dag_generator.py
[2024-02-25T17:02:44.708+0000] {processor.py:842} WARNING - No viable dags retrieved from /opt/airflow/dags/dag_generator.py
[2024-02-25T17:02:44.721+0000] {processor.py:183} INFO - Processing /opt/airflow/dags/dag_generator.py took 0.022 seconds
[2024-02-25T17:03:15.091+0000] {processor.py:161} INFO - Started process (PID=826) to work on /opt/airflow/dags/dag_generator.py
[2024-02-25T17:03:15.093+0000] {processor.py:830} INFO - Processing file /opt/airflow/dags/dag_generator.py for tasks to queue
[2024-02-25T17:03:15.094+0000] {logging_mixin.py:188} INFO - [2024-02-25T17:03:15.094+0000] {dagbag.py:538} INFO - Filling up the DagBag from /opt/airflow/dags/dag_generator.py
[2024-02-25T17:03:15.096+0000] {processor.py:842} WARNING - No viable dags retrieved from /opt/airflow/dags/dag_generator.py
[2024-02-25T17:03:15.106+0000] {processor.py:183} INFO - Processing /opt/airflow/dags/dag_generator.py took 0.017 seconds
[2024-02-25T17:06:59.771+0000] {processor.py:161} INFO - Started process (PID=915) to work on /opt/airflow/dags/dag_generator.py
[2024-02-25T17:06:59.772+0000] {processor.py:830} INFO - Processing file /opt/airflow/dags/dag_generator.py for tasks to queue
[2024-02-25T17:06:59.772+0000] {logging_mixin.py:188} INFO - [2024-02-25T17:06:59.772+0000] {dagbag.py:538} INFO - Filling up the DagBag from /opt/airflow/dags/dag_generator.py
[2024-02-25T17:06:59.774+0000] {processor.py:842} WARNING - No viable dags retrieved from /opt/airflow/dags/dag_generator.py
[2024-02-25T17:06:59.783+0000] {processor.py:183} INFO - Processing /opt/airflow/dags/dag_generator.py took 0.014 seconds
[2024-02-25T17:07:30.137+0000] {processor.py:161} INFO - Started process (PID=927) to work on /opt/airflow/dags/dag_generator.py
[2024-02-25T17:07:30.138+0000] {processor.py:830} INFO - Processing file /opt/airflow/dags/dag_generator.py for tasks to queue
[2024-02-25T17:07:30.138+0000] {logging_mixin.py:188} INFO - [2024-02-25T17:07:30.138+0000] {dagbag.py:538} INFO - Filling up the DagBag from /opt/airflow/dags/dag_generator.py
[2024-02-25T17:07:30.140+0000] {processor.py:842} WARNING - No viable dags retrieved from /opt/airflow/dags/dag_generator.py
[2024-02-25T17:07:30.149+0000] {processor.py:183} INFO - Processing /opt/airflow/dags/dag_generator.py took 0.014 seconds
