[2024-02-25T15:30:13.011+0000] {processor.py:161} INFO - Started process (PID=143) to work on /opt/airflow/dags/task_2.py
[2024-02-25T15:30:13.011+0000] {processor.py:830} INFO - Processing file /opt/airflow/dags/task_2.py for tasks to queue
[2024-02-25T15:30:13.013+0000] {logging_mixin.py:188} INFO - [2024-02-25T15:30:13.012+0000] {dagbag.py:538} INFO - Filling up the DagBag from /opt/airflow/dags/task_2.py
[2024-02-25T15:30:13.016+0000] {logging_mixin.py:188} INFO - [2024-02-25T15:30:13.015+0000] {dagbag.py:348} ERROR - Failed to import: /opt/airflow/dags/task_2.py
Traceback (most recent call last):
  File "/home/airflow/.local/lib/python3.8/site-packages/airflow/models/dagbag.py", line 344, in parse
    loader.exec_module(new_module)
  File "<frozen importlib._bootstrap_external>", line 843, in exec_module
  File "<frozen importlib._bootstrap>", line 219, in _call_with_frames_removed
  File "/opt/airflow/dags/task_2.py", line 8, in <module>
    default_args=default_args,
NameError: name 'default_args' is not defined
[2024-02-25T15:30:13.017+0000] {processor.py:842} WARNING - No viable dags retrieved from /opt/airflow/dags/task_2.py
[2024-02-25T15:30:13.033+0000] {processor.py:183} INFO - Processing /opt/airflow/dags/task_2.py took 0.025 seconds
[2024-02-25T15:30:43.459+0000] {processor.py:161} INFO - Started process (PID=157) to work on /opt/airflow/dags/task_2.py
[2024-02-25T15:30:43.460+0000] {processor.py:830} INFO - Processing file /opt/airflow/dags/task_2.py for tasks to queue
[2024-02-25T15:30:43.461+0000] {logging_mixin.py:188} INFO - [2024-02-25T15:30:43.461+0000] {dagbag.py:538} INFO - Filling up the DagBag from /opt/airflow/dags/task_2.py
[2024-02-25T15:30:43.462+0000] {logging_mixin.py:188} INFO - [2024-02-25T15:30:43.462+0000] {dagbag.py:348} ERROR - Failed to import: /opt/airflow/dags/task_2.py
Traceback (most recent call last):
  File "/home/airflow/.local/lib/python3.8/site-packages/airflow/models/dagbag.py", line 344, in parse
    loader.exec_module(new_module)
  File "<frozen importlib._bootstrap_external>", line 843, in exec_module
  File "<frozen importlib._bootstrap>", line 219, in _call_with_frames_removed
  File "/opt/airflow/dags/task_2.py", line 8, in <module>
    default_args=default_args,
NameError: name 'default_args' is not defined
[2024-02-25T15:30:43.463+0000] {processor.py:842} WARNING - No viable dags retrieved from /opt/airflow/dags/task_2.py
[2024-02-25T15:30:43.476+0000] {processor.py:183} INFO - Processing /opt/airflow/dags/task_2.py took 0.019 seconds
[2024-02-25T15:31:13.937+0000] {processor.py:161} INFO - Started process (PID=171) to work on /opt/airflow/dags/task_2.py
[2024-02-25T15:31:13.938+0000] {processor.py:830} INFO - Processing file /opt/airflow/dags/task_2.py for tasks to queue
[2024-02-25T15:31:13.938+0000] {logging_mixin.py:188} INFO - [2024-02-25T15:31:13.938+0000] {dagbag.py:538} INFO - Filling up the DagBag from /opt/airflow/dags/task_2.py
[2024-02-25T15:31:13.941+0000] {logging_mixin.py:188} INFO - [2024-02-25T15:31:13.940+0000] {dagbag.py:348} ERROR - Failed to import: /opt/airflow/dags/task_2.py
Traceback (most recent call last):
  File "/home/airflow/.local/lib/python3.8/site-packages/airflow/models/dagbag.py", line 344, in parse
    loader.exec_module(new_module)
  File "<frozen importlib._bootstrap_external>", line 843, in exec_module
  File "<frozen importlib._bootstrap>", line 219, in _call_with_frames_removed
  File "/opt/airflow/dags/task_2.py", line 8, in <module>
    default_args=default_args,
NameError: name 'default_args' is not defined
[2024-02-25T15:31:13.941+0000] {processor.py:842} WARNING - No viable dags retrieved from /opt/airflow/dags/task_2.py
[2024-02-25T15:31:13.954+0000] {processor.py:183} INFO - Processing /opt/airflow/dags/task_2.py took 0.019 seconds
[2024-02-25T15:31:35.273+0000] {processor.py:161} INFO - Started process (PID=184) to work on /opt/airflow/dags/task_2.py
[2024-02-25T15:31:35.274+0000] {processor.py:830} INFO - Processing file /opt/airflow/dags/task_2.py for tasks to queue
[2024-02-25T15:31:35.276+0000] {logging_mixin.py:188} INFO - [2024-02-25T15:31:35.276+0000] {dagbag.py:538} INFO - Filling up the DagBag from /opt/airflow/dags/task_2.py
[2024-02-25T15:31:35.284+0000] {processor.py:840} INFO - DAG(s) 'get_price_task_2' retrieved from /opt/airflow/dags/task_2.py
[2024-02-25T15:31:35.363+0000] {logging_mixin.py:188} INFO - [2024-02-25T15:31:35.362+0000] {override.py:1769} INFO - Created Permission View: can read on DAG:get_price_task_2
[2024-02-25T15:31:35.372+0000] {logging_mixin.py:188} INFO - [2024-02-25T15:31:35.372+0000] {override.py:1769} INFO - Created Permission View: can edit on DAG:get_price_task_2
[2024-02-25T15:31:35.379+0000] {logging_mixin.py:188} INFO - [2024-02-25T15:31:35.379+0000] {override.py:1769} INFO - Created Permission View: can delete on DAG:get_price_task_2
[2024-02-25T15:31:35.380+0000] {logging_mixin.py:188} INFO - [2024-02-25T15:31:35.380+0000] {dag.py:3036} INFO - Sync 1 DAGs
[2024-02-25T15:31:35.389+0000] {logging_mixin.py:188} INFO - [2024-02-25T15:31:35.389+0000] {dag.py:3058} INFO - Creating ORM DAG for get_price_task_2
[2024-02-25T15:31:35.399+0000] {logging_mixin.py:188} INFO - [2024-02-25T15:31:35.399+0000] {dag.py:3823} INFO - Setting next_dagrun for get_price_task_2 to 2024-02-24 00:00:00+00:00, run_after=2024-02-25 00:00:00+00:00
[2024-02-25T15:31:35.414+0000] {processor.py:183} INFO - Processing /opt/airflow/dags/task_2.py took 0.144 seconds
[2024-02-25T15:32:05.848+0000] {processor.py:161} INFO - Started process (PID=198) to work on /opt/airflow/dags/task_2.py
[2024-02-25T15:32:05.849+0000] {processor.py:830} INFO - Processing file /opt/airflow/dags/task_2.py for tasks to queue
[2024-02-25T15:32:05.850+0000] {logging_mixin.py:188} INFO - [2024-02-25T15:32:05.849+0000] {dagbag.py:538} INFO - Filling up the DagBag from /opt/airflow/dags/task_2.py
[2024-02-25T15:32:05.856+0000] {processor.py:840} INFO - DAG(s) 'get_price_task_2' retrieved from /opt/airflow/dags/task_2.py
[2024-02-25T15:32:05.869+0000] {logging_mixin.py:188} INFO - [2024-02-25T15:32:05.869+0000] {dag.py:3036} INFO - Sync 1 DAGs
[2024-02-25T15:32:05.886+0000] {logging_mixin.py:188} INFO - [2024-02-25T15:32:05.886+0000] {dag.py:3823} INFO - Setting next_dagrun for get_price_task_2 to 2024-02-24 00:00:00+00:00, run_after=2024-02-25 00:00:00+00:00
[2024-02-25T15:32:05.900+0000] {processor.py:183} INFO - Processing /opt/airflow/dags/task_2.py took 0.054 seconds
[2024-02-25T15:32:27.290+0000] {processor.py:161} INFO - Started process (PID=211) to work on /opt/airflow/dags/task_2.py
[2024-02-25T15:32:27.290+0000] {processor.py:830} INFO - Processing file /opt/airflow/dags/task_2.py for tasks to queue
[2024-02-25T15:32:27.291+0000] {logging_mixin.py:188} INFO - [2024-02-25T15:32:27.291+0000] {dagbag.py:538} INFO - Filling up the DagBag from /opt/airflow/dags/task_2.py
[2024-02-25T15:32:27.298+0000] {logging_mixin.py:188} INFO - [2024-02-25T15:32:27.297+0000] {dagbag.py:348} ERROR - Failed to import: /opt/airflow/dags/task_2.py
Traceback (most recent call last):
  File "/home/airflow/.local/lib/python3.8/site-packages/airflow/models/dagbag.py", line 344, in parse
    loader.exec_module(new_module)
  File "<frozen importlib._bootstrap_external>", line 843, in exec_module
  File "<frozen importlib._bootstrap>", line 219, in _call_with_frames_removed
  File "/opt/airflow/dags/task_2.py", line 26, in <module>
    send_email(process(extract(621)))
  File "/home/airflow/.local/lib/python3.8/site-packages/airflow/decorators/base.py", line 366, in __call__
    op = self.operator_class(
  File "/home/airflow/.local/lib/python3.8/site-packages/airflow/models/baseoperator.py", line 445, in apply_defaults
    self.set_xcomargs_dependencies()
  File "/home/airflow/.local/lib/python3.8/site-packages/airflow/models/baseoperator.py", line 1159, in set_xcomargs_dependencies
    XComArg.apply_upstream_relationship(self, arg)
  File "/home/airflow/.local/lib/python3.8/site-packages/airflow/models/xcom_arg.py", line 129, in apply_upstream_relationship
    op.set_upstream(operator)
  File "/home/airflow/.local/lib/python3.8/site-packages/airflow/models/taskmixin.py", line 270, in set_upstream
    self._set_relatives(task_or_task_list, upstream=True, edge_modifier=edge_modifier)
  File "/home/airflow/.local/lib/python3.8/site-packages/airflow/models/taskmixin.py", line 232, in _set_relatives
    raise AirflowException(
airflow.exceptions.AirflowException: Tried to create relationships between tasks that don't have DAGs yet. Set the DAG for at least one task and try again: [<Task(_PythonDecoratedOperator): process>, <Task(_PythonDecoratedOperator): extract>]
[2024-02-25T15:32:27.298+0000] {processor.py:842} WARNING - No viable dags retrieved from /opt/airflow/dags/task_2.py
[2024-02-25T15:32:27.313+0000] {processor.py:183} INFO - Processing /opt/airflow/dags/task_2.py took 0.026 seconds
[2024-02-25T15:32:57.791+0000] {processor.py:161} INFO - Started process (PID=227) to work on /opt/airflow/dags/task_2.py
[2024-02-25T15:32:57.792+0000] {processor.py:830} INFO - Processing file /opt/airflow/dags/task_2.py for tasks to queue
[2024-02-25T15:32:57.793+0000] {logging_mixin.py:188} INFO - [2024-02-25T15:32:57.793+0000] {dagbag.py:538} INFO - Filling up the DagBag from /opt/airflow/dags/task_2.py
[2024-02-25T15:32:57.799+0000] {logging_mixin.py:188} INFO - [2024-02-25T15:32:57.798+0000] {dagbag.py:348} ERROR - Failed to import: /opt/airflow/dags/task_2.py
Traceback (most recent call last):
  File "/home/airflow/.local/lib/python3.8/site-packages/airflow/models/dagbag.py", line 344, in parse
    loader.exec_module(new_module)
  File "<frozen importlib._bootstrap_external>", line 843, in exec_module
  File "<frozen importlib._bootstrap>", line 219, in _call_with_frames_removed
  File "/opt/airflow/dags/task_2.py", line 26, in <module>
    send_email(process(extract(621)))
  File "/home/airflow/.local/lib/python3.8/site-packages/airflow/decorators/base.py", line 366, in __call__
    op = self.operator_class(
  File "/home/airflow/.local/lib/python3.8/site-packages/airflow/models/baseoperator.py", line 445, in apply_defaults
    self.set_xcomargs_dependencies()
  File "/home/airflow/.local/lib/python3.8/site-packages/airflow/models/baseoperator.py", line 1159, in set_xcomargs_dependencies
    XComArg.apply_upstream_relationship(self, arg)
  File "/home/airflow/.local/lib/python3.8/site-packages/airflow/models/xcom_arg.py", line 129, in apply_upstream_relationship
    op.set_upstream(operator)
  File "/home/airflow/.local/lib/python3.8/site-packages/airflow/models/taskmixin.py", line 270, in set_upstream
    self._set_relatives(task_or_task_list, upstream=True, edge_modifier=edge_modifier)
  File "/home/airflow/.local/lib/python3.8/site-packages/airflow/models/taskmixin.py", line 232, in _set_relatives
    raise AirflowException(
airflow.exceptions.AirflowException: Tried to create relationships between tasks that don't have DAGs yet. Set the DAG for at least one task and try again: [<Task(_PythonDecoratedOperator): process>, <Task(_PythonDecoratedOperator): extract>]
[2024-02-25T15:32:57.799+0000] {processor.py:842} WARNING - No viable dags retrieved from /opt/airflow/dags/task_2.py
[2024-02-25T15:32:57.814+0000] {processor.py:183} INFO - Processing /opt/airflow/dags/task_2.py took 0.025 seconds
[2024-02-25T15:33:28.330+0000] {processor.py:161} INFO - Started process (PID=241) to work on /opt/airflow/dags/task_2.py
[2024-02-25T15:33:28.331+0000] {processor.py:830} INFO - Processing file /opt/airflow/dags/task_2.py for tasks to queue
[2024-02-25T15:33:28.332+0000] {logging_mixin.py:188} INFO - [2024-02-25T15:33:28.332+0000] {dagbag.py:538} INFO - Filling up the DagBag from /opt/airflow/dags/task_2.py
[2024-02-25T15:33:28.339+0000] {logging_mixin.py:188} INFO - [2024-02-25T15:33:28.338+0000] {dagbag.py:348} ERROR - Failed to import: /opt/airflow/dags/task_2.py
Traceback (most recent call last):
  File "/home/airflow/.local/lib/python3.8/site-packages/airflow/models/dagbag.py", line 344, in parse
    loader.exec_module(new_module)
  File "<frozen importlib._bootstrap_external>", line 843, in exec_module
  File "<frozen importlib._bootstrap>", line 219, in _call_with_frames_removed
  File "/opt/airflow/dags/task_2.py", line 26, in <module>
    send_email(process(extract(621)))
  File "/home/airflow/.local/lib/python3.8/site-packages/airflow/decorators/base.py", line 366, in __call__
    op = self.operator_class(
  File "/home/airflow/.local/lib/python3.8/site-packages/airflow/models/baseoperator.py", line 445, in apply_defaults
    self.set_xcomargs_dependencies()
  File "/home/airflow/.local/lib/python3.8/site-packages/airflow/models/baseoperator.py", line 1159, in set_xcomargs_dependencies
    XComArg.apply_upstream_relationship(self, arg)
  File "/home/airflow/.local/lib/python3.8/site-packages/airflow/models/xcom_arg.py", line 129, in apply_upstream_relationship
    op.set_upstream(operator)
  File "/home/airflow/.local/lib/python3.8/site-packages/airflow/models/taskmixin.py", line 270, in set_upstream
    self._set_relatives(task_or_task_list, upstream=True, edge_modifier=edge_modifier)
  File "/home/airflow/.local/lib/python3.8/site-packages/airflow/models/taskmixin.py", line 232, in _set_relatives
    raise AirflowException(
airflow.exceptions.AirflowException: Tried to create relationships between tasks that don't have DAGs yet. Set the DAG for at least one task and try again: [<Task(_PythonDecoratedOperator): process>, <Task(_PythonDecoratedOperator): extract>]
[2024-02-25T15:33:28.339+0000] {processor.py:842} WARNING - No viable dags retrieved from /opt/airflow/dags/task_2.py
[2024-02-25T15:33:28.358+0000] {processor.py:183} INFO - Processing /opt/airflow/dags/task_2.py took 0.031 seconds
[2024-02-25T15:33:41.572+0000] {processor.py:161} INFO - Started process (PID=243) to work on /opt/airflow/dags/task_2.py
[2024-02-25T15:33:41.573+0000] {processor.py:830} INFO - Processing file /opt/airflow/dags/task_2.py for tasks to queue
[2024-02-25T15:33:41.573+0000] {logging_mixin.py:188} INFO - [2024-02-25T15:33:41.573+0000] {dagbag.py:538} INFO - Filling up the DagBag from /opt/airflow/dags/task_2.py
[2024-02-25T15:33:41.580+0000] {processor.py:840} INFO - DAG(s) 'get_price_task_2' retrieved from /opt/airflow/dags/task_2.py
[2024-02-25T15:33:41.653+0000] {logging_mixin.py:188} INFO - [2024-02-25T15:33:41.652+0000] {dag.py:3036} INFO - Sync 1 DAGs
[2024-02-25T15:33:41.670+0000] {logging_mixin.py:188} INFO - [2024-02-25T15:33:41.670+0000] {dag.py:3823} INFO - Setting next_dagrun for get_price_task_2 to 2024-02-24 00:00:00+00:00, run_after=2024-02-25 00:00:00+00:00
[2024-02-25T15:33:41.689+0000] {processor.py:183} INFO - Processing /opt/airflow/dags/task_2.py took 0.119 seconds
[2024-02-25T15:34:12.109+0000] {processor.py:161} INFO - Started process (PID=257) to work on /opt/airflow/dags/task_2.py
[2024-02-25T15:34:12.110+0000] {processor.py:830} INFO - Processing file /opt/airflow/dags/task_2.py for tasks to queue
[2024-02-25T15:34:12.110+0000] {logging_mixin.py:188} INFO - [2024-02-25T15:34:12.110+0000] {dagbag.py:538} INFO - Filling up the DagBag from /opt/airflow/dags/task_2.py
[2024-02-25T15:34:12.117+0000] {processor.py:840} INFO - DAG(s) 'get_price_task_2' retrieved from /opt/airflow/dags/task_2.py
[2024-02-25T15:34:12.130+0000] {logging_mixin.py:188} INFO - [2024-02-25T15:34:12.130+0000] {dag.py:3036} INFO - Sync 1 DAGs
[2024-02-25T15:34:12.147+0000] {logging_mixin.py:188} INFO - [2024-02-25T15:34:12.147+0000] {dag.py:3823} INFO - Setting next_dagrun for get_price_task_2 to 2024-02-24 00:00:00+00:00, run_after=2024-02-25 00:00:00+00:00
[2024-02-25T15:34:12.160+0000] {processor.py:183} INFO - Processing /opt/airflow/dags/task_2.py took 0.053 seconds
[2024-02-25T15:34:42.671+0000] {processor.py:161} INFO - Started process (PID=272) to work on /opt/airflow/dags/task_2.py
[2024-02-25T15:34:42.671+0000] {processor.py:830} INFO - Processing file /opt/airflow/dags/task_2.py for tasks to queue
[2024-02-25T15:34:42.672+0000] {logging_mixin.py:188} INFO - [2024-02-25T15:34:42.672+0000] {dagbag.py:538} INFO - Filling up the DagBag from /opt/airflow/dags/task_2.py
[2024-02-25T15:34:42.678+0000] {processor.py:840} INFO - DAG(s) 'get_price_task_2' retrieved from /opt/airflow/dags/task_2.py
[2024-02-25T15:34:42.690+0000] {logging_mixin.py:188} INFO - [2024-02-25T15:34:42.690+0000] {dag.py:3036} INFO - Sync 1 DAGs
[2024-02-25T15:34:42.705+0000] {logging_mixin.py:188} INFO - [2024-02-25T15:34:42.704+0000] {dag.py:3823} INFO - Setting next_dagrun for get_price_task_2 to 2024-02-24 00:00:00+00:00, run_after=2024-02-25 00:00:00+00:00
[2024-02-25T15:34:42.717+0000] {processor.py:183} INFO - Processing /opt/airflow/dags/task_2.py took 0.049 seconds
[2024-02-25T15:35:13.164+0000] {processor.py:161} INFO - Started process (PID=286) to work on /opt/airflow/dags/task_2.py
[2024-02-25T15:35:13.165+0000] {processor.py:830} INFO - Processing file /opt/airflow/dags/task_2.py for tasks to queue
[2024-02-25T15:35:13.166+0000] {logging_mixin.py:188} INFO - [2024-02-25T15:35:13.165+0000] {dagbag.py:538} INFO - Filling up the DagBag from /opt/airflow/dags/task_2.py
[2024-02-25T15:35:13.172+0000] {processor.py:840} INFO - DAG(s) 'get_price_task_2' retrieved from /opt/airflow/dags/task_2.py
[2024-02-25T15:35:13.186+0000] {logging_mixin.py:188} INFO - [2024-02-25T15:35:13.185+0000] {dag.py:3036} INFO - Sync 1 DAGs
[2024-02-25T15:35:13.202+0000] {logging_mixin.py:188} INFO - [2024-02-25T15:35:13.202+0000] {dag.py:3823} INFO - Setting next_dagrun for get_price_task_2 to 2024-02-24 00:00:00+00:00, run_after=2024-02-25 00:00:00+00:00
[2024-02-25T15:35:13.217+0000] {processor.py:183} INFO - Processing /opt/airflow/dags/task_2.py took 0.055 seconds
[2024-02-25T16:26:56.435+0000] {processor.py:161} INFO - Started process (PID=40) to work on /opt/airflow/dags/task_2.py
[2024-02-25T16:26:56.436+0000] {processor.py:830} INFO - Processing file /opt/airflow/dags/task_2.py for tasks to queue
[2024-02-25T16:26:56.437+0000] {logging_mixin.py:188} INFO - [2024-02-25T16:26:56.437+0000] {dagbag.py:538} INFO - Filling up the DagBag from /opt/airflow/dags/task_2.py
[2024-02-25T16:26:56.447+0000] {processor.py:840} INFO - DAG(s) 'get_price_task_2' retrieved from /opt/airflow/dags/task_2.py
[2024-02-25T16:26:56.462+0000] {logging_mixin.py:188} INFO - [2024-02-25T16:26:56.461+0000] {dag.py:3036} INFO - Sync 1 DAGs
[2024-02-25T16:26:56.492+0000] {logging_mixin.py:188} INFO - [2024-02-25T16:26:56.490+0000] {dag.py:3823} INFO - Setting next_dagrun for get_price_task_2 to 2024-02-24 00:00:00+00:00, run_after=2024-02-25 00:00:00+00:00
[2024-02-25T16:26:56.529+0000] {processor.py:183} INFO - Processing /opt/airflow/dags/task_2.py took 0.097 seconds
[2024-02-25T16:27:27.026+0000] {processor.py:161} INFO - Started process (PID=54) to work on /opt/airflow/dags/task_2.py
[2024-02-25T16:27:27.027+0000] {processor.py:830} INFO - Processing file /opt/airflow/dags/task_2.py for tasks to queue
[2024-02-25T16:27:27.028+0000] {logging_mixin.py:188} INFO - [2024-02-25T16:27:27.028+0000] {dagbag.py:538} INFO - Filling up the DagBag from /opt/airflow/dags/task_2.py
[2024-02-25T16:27:27.034+0000] {processor.py:840} INFO - DAG(s) 'get_price_task_2' retrieved from /opt/airflow/dags/task_2.py
[2024-02-25T16:27:27.046+0000] {logging_mixin.py:188} INFO - [2024-02-25T16:27:27.046+0000] {dag.py:3036} INFO - Sync 1 DAGs
[2024-02-25T16:27:27.062+0000] {logging_mixin.py:188} INFO - [2024-02-25T16:27:27.062+0000] {dag.py:3823} INFO - Setting next_dagrun for get_price_task_2 to 2024-02-24 00:00:00+00:00, run_after=2024-02-25 00:00:00+00:00
[2024-02-25T16:27:27.075+0000] {processor.py:183} INFO - Processing /opt/airflow/dags/task_2.py took 0.051 seconds
[2024-02-25T16:27:57.500+0000] {processor.py:161} INFO - Started process (PID=68) to work on /opt/airflow/dags/task_2.py
[2024-02-25T16:27:57.501+0000] {processor.py:830} INFO - Processing file /opt/airflow/dags/task_2.py for tasks to queue
[2024-02-25T16:27:57.502+0000] {logging_mixin.py:188} INFO - [2024-02-25T16:27:57.502+0000] {dagbag.py:538} INFO - Filling up the DagBag from /opt/airflow/dags/task_2.py
[2024-02-25T16:27:57.510+0000] {processor.py:840} INFO - DAG(s) 'get_price_task_2' retrieved from /opt/airflow/dags/task_2.py
[2024-02-25T16:27:57.523+0000] {logging_mixin.py:188} INFO - [2024-02-25T16:27:57.523+0000] {dag.py:3036} INFO - Sync 1 DAGs
[2024-02-25T16:27:57.544+0000] {logging_mixin.py:188} INFO - [2024-02-25T16:27:57.544+0000] {dag.py:3823} INFO - Setting next_dagrun for get_price_task_2 to 2024-02-24 00:00:00+00:00, run_after=2024-02-25 00:00:00+00:00
[2024-02-25T16:27:57.558+0000] {processor.py:183} INFO - Processing /opt/airflow/dags/task_2.py took 0.060 seconds
[2024-02-25T16:28:27.982+0000] {processor.py:161} INFO - Started process (PID=82) to work on /opt/airflow/dags/task_2.py
[2024-02-25T16:28:27.983+0000] {processor.py:830} INFO - Processing file /opt/airflow/dags/task_2.py for tasks to queue
[2024-02-25T16:28:27.984+0000] {logging_mixin.py:188} INFO - [2024-02-25T16:28:27.984+0000] {dagbag.py:538} INFO - Filling up the DagBag from /opt/airflow/dags/task_2.py
[2024-02-25T16:28:27.989+0000] {processor.py:840} INFO - DAG(s) 'get_price_task_2' retrieved from /opt/airflow/dags/task_2.py
[2024-02-25T16:28:28.003+0000] {logging_mixin.py:188} INFO - [2024-02-25T16:28:28.003+0000] {dag.py:3036} INFO - Sync 1 DAGs
[2024-02-25T16:28:28.021+0000] {logging_mixin.py:188} INFO - [2024-02-25T16:28:28.021+0000] {dag.py:3823} INFO - Setting next_dagrun for get_price_task_2 to 2024-02-24 00:00:00+00:00, run_after=2024-02-25 00:00:00+00:00
[2024-02-25T16:28:28.034+0000] {processor.py:183} INFO - Processing /opt/airflow/dags/task_2.py took 0.054 seconds
