[2024-02-28T09:16:47.466+0000] {taskinstance.py:1956} INFO - Dependencies all met for dep_context=non-requeueable deps ti=<TaskInstance: my_kubernetes_dag.task1 scheduled__2024-02-13T00:00:00+00:00 [queued]>
[2024-02-28T09:16:47.472+0000] {taskinstance.py:1956} INFO - Dependencies all met for dep_context=requeueable deps ti=<TaskInstance: my_kubernetes_dag.task1 scheduled__2024-02-13T00:00:00+00:00 [queued]>
[2024-02-28T09:16:47.473+0000] {taskinstance.py:2170} INFO - Starting attempt 2 of 2
[2024-02-28T09:16:47.482+0000] {taskinstance.py:2191} INFO - Executing <Task(KubernetesPodOperator): task1> on 2024-02-13 00:00:00+00:00
[2024-02-28T09:16:47.487+0000] {standard_task_runner.py:60} INFO - Started process 548 to run task
[2024-02-28T09:16:47.489+0000] {standard_task_runner.py:87} INFO - Running: ['***', 'tasks', 'run', 'my_kubernetes_dag', 'task1', 'scheduled__2024-02-13T00:00:00+00:00', '--job-id', '246', '--raw', '--subdir', 'DAGS_FOLDER/kubedag.py', '--cfg-path', '/tmp/tmpn02t9ob4']
[2024-02-28T09:16:47.490+0000] {standard_task_runner.py:88} INFO - Job 246: Subtask task1
[2024-02-28T09:16:47.527+0000] {task_command.py:423} INFO - Running <TaskInstance: my_kubernetes_dag.task1 scheduled__2024-02-13T00:00:00+00:00 [running]> on host 4bda982e80c0
[2024-02-28T09:16:47.587+0000] {taskinstance.py:2480} INFO - Exporting env vars: AIRFLOW_CTX_DAG_OWNER='***' AIRFLOW_CTX_DAG_ID='my_kubernetes_dag' AIRFLOW_CTX_TASK_ID='task1' AIRFLOW_CTX_EXECUTION_DATE='2024-02-13T00:00:00+00:00' AIRFLOW_CTX_TRY_NUMBER='2' AIRFLOW_CTX_DAG_RUN_ID='scheduled__2024-02-13T00:00:00+00:00'
[2024-02-28T09:16:47.594+0000] {pod.py:926} INFO - Building pod task1-u7tbuchp with labels: {'dag_id': 'my_kubernetes_dag', 'task_id': 'task1', 'run_id': 'scheduled__2024-02-13T0000000000-02ed3d576', 'kubernetes_pod_operator': 'True', 'try_number': '2'}
[2024-02-28T09:16:47.602+0000] {pod.py:980} ERROR - Invalid kube-config file. No configuration found.
Traceback (most recent call last):
  File "/home/airflow/.local/lib/python3.8/site-packages/airflow/providers/cncf/kubernetes/hooks/kubernetes.py", line 255, in _get_default_client
    config.load_incluster_config(client_configuration=self.client_configuration)
  File "/home/airflow/.local/lib/python3.8/site-packages/kubernetes/config/incluster_config.py", line 118, in load_incluster_config
    InClusterConfigLoader(
  File "/home/airflow/.local/lib/python3.8/site-packages/kubernetes/config/incluster_config.py", line 54, in load_and_set
    self._load_config()
  File "/home/airflow/.local/lib/python3.8/site-packages/kubernetes/config/incluster_config.py", line 62, in _load_config
    raise ConfigException("Service host/port is not set.")
kubernetes.config.config_exception.ConfigException: Service host/port is not set.

During handling of the above exception, another exception occurred:

Traceback (most recent call last):
  File "/home/airflow/.local/lib/python3.8/site-packages/airflow/providers/cncf/kubernetes/operators/pod.py", line 539, in execute_sync
    self.pod_request_obj = self.build_pod_request_obj(context)
  File "/home/airflow/.local/lib/python3.8/site-packages/airflow/providers/cncf/kubernetes/operators/pod.py", line 935, in build_pod_request_obj
    "airflow_kpo_in_cluster": str(self.hook.is_in_cluster),
  File "/home/airflow/.local/lib/python3.8/site-packages/airflow/providers/cncf/kubernetes/hooks/kubernetes.py", line 271, in is_in_cluster
    self.api_client  # so we can determine if we are in_cluster or not
  File "/usr/local/lib/python3.8/functools.py", line 967, in __get__
    val = self.func(instance)
  File "/home/airflow/.local/lib/python3.8/site-packages/airflow/providers/cncf/kubernetes/hooks/kubernetes.py", line 279, in api_client
    return self.get_conn()
  File "/home/airflow/.local/lib/python3.8/site-packages/airflow/providers/cncf/kubernetes/hooks/kubernetes.py", line 247, in get_conn
    return self._get_default_client(cluster_context=cluster_context)
  File "/home/airflow/.local/lib/python3.8/site-packages/airflow/providers/cncf/kubernetes/hooks/kubernetes.py", line 260, in _get_default_client
    config.load_kube_config(
  File "/home/airflow/.local/lib/python3.8/site-packages/kubernetes/config/kube_config.py", line 808, in load_kube_config
    loader = _get_kube_config_loader(
  File "/home/airflow/.local/lib/python3.8/site-packages/kubernetes/config/kube_config.py", line 767, in _get_kube_config_loader
    raise ConfigException(
kubernetes.config.config_exception.ConfigException: Invalid kube-config file. No configuration found.

During handling of the above exception, another exception occurred:

Traceback (most recent call last):
  File "/home/airflow/.local/lib/python3.8/site-packages/airflow/providers/cncf/kubernetes/hooks/kubernetes.py", line 255, in _get_default_client
    config.load_incluster_config(client_configuration=self.client_configuration)
  File "/home/airflow/.local/lib/python3.8/site-packages/kubernetes/config/incluster_config.py", line 118, in load_incluster_config
    InClusterConfigLoader(
  File "/home/airflow/.local/lib/python3.8/site-packages/kubernetes/config/incluster_config.py", line 54, in load_and_set
    self._load_config()
  File "/home/airflow/.local/lib/python3.8/site-packages/kubernetes/config/incluster_config.py", line 62, in _load_config
    raise ConfigException("Service host/port is not set.")
kubernetes.config.config_exception.ConfigException: Service host/port is not set.

During handling of the above exception, another exception occurred:

Traceback (most recent call last):
  File "/home/airflow/.local/lib/python3.8/site-packages/airflow/providers/cncf/kubernetes/operators/pod.py", line 812, in patch_already_checked
    self.client.patch_namespaced_pod(
  File "/usr/local/lib/python3.8/functools.py", line 967, in __get__
    val = self.func(instance)
  File "/home/airflow/.local/lib/python3.8/site-packages/airflow/providers/cncf/kubernetes/operators/pod.py", line 474, in client
    return self.hook.core_v1_client
  File "/usr/local/lib/python3.8/functools.py", line 967, in __get__
    val = self.func(instance)
  File "/home/airflow/.local/lib/python3.8/site-packages/airflow/providers/cncf/kubernetes/hooks/kubernetes.py", line 283, in core_v1_client
    return client.CoreV1Api(api_client=self.api_client)
  File "/usr/local/lib/python3.8/functools.py", line 967, in __get__
    val = self.func(instance)
  File "/home/airflow/.local/lib/python3.8/site-packages/airflow/providers/cncf/kubernetes/hooks/kubernetes.py", line 279, in api_client
    return self.get_conn()
  File "/home/airflow/.local/lib/python3.8/site-packages/airflow/providers/cncf/kubernetes/hooks/kubernetes.py", line 247, in get_conn
    return self._get_default_client(cluster_context=cluster_context)
  File "/home/airflow/.local/lib/python3.8/site-packages/airflow/providers/cncf/kubernetes/hooks/kubernetes.py", line 260, in _get_default_client
    config.load_kube_config(
  File "/home/airflow/.local/lib/python3.8/site-packages/kubernetes/config/kube_config.py", line 808, in load_kube_config
    loader = _get_kube_config_loader(
  File "/home/airflow/.local/lib/python3.8/site-packages/kubernetes/config/kube_config.py", line 767, in _get_kube_config_loader
    raise ConfigException(
kubernetes.config.config_exception.ConfigException: Invalid kube-config file. No configuration found.
[2024-02-28T09:16:47.608+0000] {taskinstance.py:2698} ERROR - Task failed with exception
Traceback (most recent call last):
  File "/home/airflow/.local/lib/python3.8/site-packages/airflow/providers/cncf/kubernetes/hooks/kubernetes.py", line 255, in _get_default_client
    config.load_incluster_config(client_configuration=self.client_configuration)
  File "/home/airflow/.local/lib/python3.8/site-packages/kubernetes/config/incluster_config.py", line 118, in load_incluster_config
    InClusterConfigLoader(
  File "/home/airflow/.local/lib/python3.8/site-packages/kubernetes/config/incluster_config.py", line 54, in load_and_set
    self._load_config()
  File "/home/airflow/.local/lib/python3.8/site-packages/kubernetes/config/incluster_config.py", line 62, in _load_config
    raise ConfigException("Service host/port is not set.")
kubernetes.config.config_exception.ConfigException: Service host/port is not set.

During handling of the above exception, another exception occurred:

Traceback (most recent call last):
  File "/home/airflow/.local/lib/python3.8/site-packages/airflow/providers/cncf/kubernetes/operators/pod.py", line 539, in execute_sync
    self.pod_request_obj = self.build_pod_request_obj(context)
  File "/home/airflow/.local/lib/python3.8/site-packages/airflow/providers/cncf/kubernetes/operators/pod.py", line 935, in build_pod_request_obj
    "airflow_kpo_in_cluster": str(self.hook.is_in_cluster),
  File "/home/airflow/.local/lib/python3.8/site-packages/airflow/providers/cncf/kubernetes/hooks/kubernetes.py", line 271, in is_in_cluster
    self.api_client  # so we can determine if we are in_cluster or not
  File "/usr/local/lib/python3.8/functools.py", line 967, in __get__
    val = self.func(instance)
  File "/home/airflow/.local/lib/python3.8/site-packages/airflow/providers/cncf/kubernetes/hooks/kubernetes.py", line 279, in api_client
    return self.get_conn()
  File "/home/airflow/.local/lib/python3.8/site-packages/airflow/providers/cncf/kubernetes/hooks/kubernetes.py", line 247, in get_conn
    return self._get_default_client(cluster_context=cluster_context)
  File "/home/airflow/.local/lib/python3.8/site-packages/airflow/providers/cncf/kubernetes/hooks/kubernetes.py", line 260, in _get_default_client
    config.load_kube_config(
  File "/home/airflow/.local/lib/python3.8/site-packages/kubernetes/config/kube_config.py", line 808, in load_kube_config
    loader = _get_kube_config_loader(
  File "/home/airflow/.local/lib/python3.8/site-packages/kubernetes/config/kube_config.py", line 767, in _get_kube_config_loader
    raise ConfigException(
kubernetes.config.config_exception.ConfigException: Invalid kube-config file. No configuration found.

During handling of the above exception, another exception occurred:

Traceback (most recent call last):
  File "/home/airflow/.local/lib/python3.8/site-packages/airflow/models/taskinstance.py", line 433, in _execute_task
    result = execute_callable(context=context, **execute_callable_kwargs)
  File "/home/airflow/.local/lib/python3.8/site-packages/airflow/providers/cncf/kubernetes/operators/pod.py", line 534, in execute
    return self.execute_sync(context)
  File "/home/airflow/.local/lib/python3.8/site-packages/airflow/providers/cncf/kubernetes/operators/pod.py", line 574, in execute_sync
    self.cleanup(
  File "/home/airflow/.local/lib/python3.8/site-packages/airflow/providers/cncf/kubernetes/operators/pod.py", line 715, in cleanup
    raise AirflowException(
airflow.exceptions.AirflowException: Pod None returned a failure.
remote_pod: None
[2024-02-28T09:16:47.610+0000] {taskinstance.py:1138} INFO - Marking task as FAILED. dag_id=my_kubernetes_dag, task_id=task1, execution_date=20240213T000000, start_date=20240228T091647, end_date=20240228T091647
[2024-02-28T09:16:47.619+0000] {standard_task_runner.py:107} ERROR - Failed to execute job 246 for task task1 (Pod None returned a failure.
remote_pod: None; 548)
[2024-02-28T09:16:47.661+0000] {local_task_job_runner.py:234} INFO - Task exited with return code 1
[2024-02-28T09:16:47.687+0000] {taskinstance.py:3280} INFO - 0 downstream tasks scheduled from follow-on schedule check
