[2024-03-03T14:32:01.709+0000] {processor.py:161} INFO - Started process (PID=39) to work on /opt/airflow/dags/kubedag.py
[2024-03-03T14:32:01.710+0000] {processor.py:830} INFO - Processing file /opt/airflow/dags/kubedag.py for tasks to queue
[2024-03-03T14:32:01.711+0000] {logging_mixin.py:188} INFO - [2024-03-03T14:32:01.711+0000] {dagbag.py:538} INFO - Filling up the DagBag from /opt/airflow/dags/kubedag.py
[2024-03-03T14:32:01.720+0000] {processor.py:840} INFO - DAG(s) 'my_kubernetes_dag' retrieved from /opt/airflow/dags/kubedag.py
[2024-03-03T14:32:01.735+0000] {logging_mixin.py:188} INFO - [2024-03-03T14:32:01.735+0000] {dag.py:3036} INFO - Sync 1 DAGs
[2024-03-03T14:32:01.784+0000] {logging_mixin.py:188} INFO - [2024-03-03T14:32:01.783+0000] {dag.py:3823} INFO - Setting next_dagrun for my_kubernetes_dag to None, run_after=None
[2024-03-03T14:32:01.801+0000] {processor.py:183} INFO - Processing /opt/airflow/dags/kubedag.py took 0.094 seconds
[2024-03-03T14:32:32.311+0000] {processor.py:161} INFO - Started process (PID=51) to work on /opt/airflow/dags/kubedag.py
[2024-03-03T14:32:32.313+0000] {processor.py:830} INFO - Processing file /opt/airflow/dags/kubedag.py for tasks to queue
[2024-03-03T14:32:32.314+0000] {logging_mixin.py:188} INFO - [2024-03-03T14:32:32.314+0000] {dagbag.py:538} INFO - Filling up the DagBag from /opt/airflow/dags/kubedag.py
[2024-03-03T14:32:32.320+0000] {processor.py:840} INFO - DAG(s) 'my_kubernetes_dag' retrieved from /opt/airflow/dags/kubedag.py
[2024-03-03T14:32:32.338+0000] {logging_mixin.py:188} INFO - [2024-03-03T14:32:32.338+0000] {dag.py:3036} INFO - Sync 1 DAGs
[2024-03-03T14:32:32.355+0000] {logging_mixin.py:188} INFO - [2024-03-03T14:32:32.354+0000] {dag.py:3823} INFO - Setting next_dagrun for my_kubernetes_dag to None, run_after=None
[2024-03-03T14:32:32.369+0000] {processor.py:183} INFO - Processing /opt/airflow/dags/kubedag.py took 0.060 seconds
[2024-03-03T14:33:02.661+0000] {processor.py:161} INFO - Started process (PID=63) to work on /opt/airflow/dags/kubedag.py
[2024-03-03T14:33:02.662+0000] {processor.py:830} INFO - Processing file /opt/airflow/dags/kubedag.py for tasks to queue
[2024-03-03T14:33:02.663+0000] {logging_mixin.py:188} INFO - [2024-03-03T14:33:02.663+0000] {dagbag.py:538} INFO - Filling up the DagBag from /opt/airflow/dags/kubedag.py
[2024-03-03T14:33:02.669+0000] {processor.py:840} INFO - DAG(s) 'my_kubernetes_dag' retrieved from /opt/airflow/dags/kubedag.py
[2024-03-03T14:33:02.688+0000] {logging_mixin.py:188} INFO - [2024-03-03T14:33:02.688+0000] {dag.py:3036} INFO - Sync 1 DAGs
[2024-03-03T14:33:02.704+0000] {logging_mixin.py:188} INFO - [2024-03-03T14:33:02.704+0000] {dag.py:3823} INFO - Setting next_dagrun for my_kubernetes_dag to None, run_after=None
[2024-03-03T14:33:02.716+0000] {processor.py:183} INFO - Processing /opt/airflow/dags/kubedag.py took 0.057 seconds
[2024-03-03T14:33:33.013+0000] {processor.py:161} INFO - Started process (PID=75) to work on /opt/airflow/dags/kubedag.py
[2024-03-03T14:33:33.015+0000] {processor.py:830} INFO - Processing file /opt/airflow/dags/kubedag.py for tasks to queue
[2024-03-03T14:33:33.016+0000] {logging_mixin.py:188} INFO - [2024-03-03T14:33:33.016+0000] {dagbag.py:538} INFO - Filling up the DagBag from /opt/airflow/dags/kubedag.py
[2024-03-03T14:33:33.022+0000] {processor.py:840} INFO - DAG(s) 'my_kubernetes_dag' retrieved from /opt/airflow/dags/kubedag.py
[2024-03-03T14:33:33.039+0000] {logging_mixin.py:188} INFO - [2024-03-03T14:33:33.039+0000] {dag.py:3036} INFO - Sync 1 DAGs
[2024-03-03T14:33:33.054+0000] {logging_mixin.py:188} INFO - [2024-03-03T14:33:33.054+0000] {dag.py:3823} INFO - Setting next_dagrun for my_kubernetes_dag to None, run_after=None
[2024-03-03T14:33:33.070+0000] {processor.py:183} INFO - Processing /opt/airflow/dags/kubedag.py took 0.059 seconds
[2024-03-03T14:34:03.396+0000] {processor.py:161} INFO - Started process (PID=87) to work on /opt/airflow/dags/kubedag.py
[2024-03-03T14:34:03.398+0000] {processor.py:830} INFO - Processing file /opt/airflow/dags/kubedag.py for tasks to queue
[2024-03-03T14:34:03.400+0000] {logging_mixin.py:188} INFO - [2024-03-03T14:34:03.400+0000] {dagbag.py:538} INFO - Filling up the DagBag from /opt/airflow/dags/kubedag.py
[2024-03-03T14:34:03.407+0000] {processor.py:840} INFO - DAG(s) 'my_kubernetes_dag' retrieved from /opt/airflow/dags/kubedag.py
[2024-03-03T14:34:03.426+0000] {logging_mixin.py:188} INFO - [2024-03-03T14:34:03.426+0000] {dag.py:3036} INFO - Sync 1 DAGs
[2024-03-03T14:34:03.444+0000] {logging_mixin.py:188} INFO - [2024-03-03T14:34:03.444+0000] {dag.py:3823} INFO - Setting next_dagrun for my_kubernetes_dag to None, run_after=None
[2024-03-03T14:34:03.458+0000] {processor.py:183} INFO - Processing /opt/airflow/dags/kubedag.py took 0.064 seconds
[2024-03-03T14:34:33.772+0000] {processor.py:161} INFO - Started process (PID=99) to work on /opt/airflow/dags/kubedag.py
[2024-03-03T14:34:33.775+0000] {processor.py:830} INFO - Processing file /opt/airflow/dags/kubedag.py for tasks to queue
[2024-03-03T14:34:33.776+0000] {logging_mixin.py:188} INFO - [2024-03-03T14:34:33.776+0000] {dagbag.py:538} INFO - Filling up the DagBag from /opt/airflow/dags/kubedag.py
[2024-03-03T14:34:33.781+0000] {processor.py:840} INFO - DAG(s) 'my_kubernetes_dag' retrieved from /opt/airflow/dags/kubedag.py
[2024-03-03T14:34:33.796+0000] {logging_mixin.py:188} INFO - [2024-03-03T14:34:33.796+0000] {dag.py:3036} INFO - Sync 1 DAGs
[2024-03-03T14:34:33.812+0000] {logging_mixin.py:188} INFO - [2024-03-03T14:34:33.812+0000] {dag.py:3823} INFO - Setting next_dagrun for my_kubernetes_dag to None, run_after=None
[2024-03-03T14:34:33.828+0000] {processor.py:183} INFO - Processing /opt/airflow/dags/kubedag.py took 0.058 seconds
[2024-03-03T14:35:04.166+0000] {processor.py:161} INFO - Started process (PID=111) to work on /opt/airflow/dags/kubedag.py
[2024-03-03T14:35:04.168+0000] {processor.py:830} INFO - Processing file /opt/airflow/dags/kubedag.py for tasks to queue
[2024-03-03T14:35:04.169+0000] {logging_mixin.py:188} INFO - [2024-03-03T14:35:04.169+0000] {dagbag.py:538} INFO - Filling up the DagBag from /opt/airflow/dags/kubedag.py
[2024-03-03T14:35:04.175+0000] {processor.py:840} INFO - DAG(s) 'my_kubernetes_dag' retrieved from /opt/airflow/dags/kubedag.py
[2024-03-03T14:35:04.193+0000] {logging_mixin.py:188} INFO - [2024-03-03T14:35:04.193+0000] {dag.py:3036} INFO - Sync 1 DAGs
[2024-03-03T14:35:04.210+0000] {logging_mixin.py:188} INFO - [2024-03-03T14:35:04.210+0000] {dag.py:3823} INFO - Setting next_dagrun for my_kubernetes_dag to None, run_after=None
[2024-03-03T14:35:04.227+0000] {processor.py:183} INFO - Processing /opt/airflow/dags/kubedag.py took 0.062 seconds
[2024-03-03T14:35:34.565+0000] {processor.py:161} INFO - Started process (PID=123) to work on /opt/airflow/dags/kubedag.py
[2024-03-03T14:35:34.567+0000] {processor.py:830} INFO - Processing file /opt/airflow/dags/kubedag.py for tasks to queue
[2024-03-03T14:35:34.568+0000] {logging_mixin.py:188} INFO - [2024-03-03T14:35:34.568+0000] {dagbag.py:538} INFO - Filling up the DagBag from /opt/airflow/dags/kubedag.py
[2024-03-03T14:35:34.573+0000] {processor.py:840} INFO - DAG(s) 'my_kubernetes_dag' retrieved from /opt/airflow/dags/kubedag.py
[2024-03-03T14:35:34.591+0000] {logging_mixin.py:188} INFO - [2024-03-03T14:35:34.591+0000] {dag.py:3036} INFO - Sync 1 DAGs
[2024-03-03T14:35:34.608+0000] {logging_mixin.py:188} INFO - [2024-03-03T14:35:34.608+0000] {dag.py:3823} INFO - Setting next_dagrun for my_kubernetes_dag to None, run_after=None
[2024-03-03T14:35:34.621+0000] {processor.py:183} INFO - Processing /opt/airflow/dags/kubedag.py took 0.058 seconds
[2024-03-03T14:36:04.949+0000] {processor.py:161} INFO - Started process (PID=135) to work on /opt/airflow/dags/kubedag.py
[2024-03-03T14:36:04.951+0000] {processor.py:830} INFO - Processing file /opt/airflow/dags/kubedag.py for tasks to queue
[2024-03-03T14:36:04.952+0000] {logging_mixin.py:188} INFO - [2024-03-03T14:36:04.952+0000] {dagbag.py:538} INFO - Filling up the DagBag from /opt/airflow/dags/kubedag.py
[2024-03-03T14:36:04.959+0000] {processor.py:840} INFO - DAG(s) 'my_kubernetes_dag' retrieved from /opt/airflow/dags/kubedag.py
[2024-03-03T14:36:04.979+0000] {logging_mixin.py:188} INFO - [2024-03-03T14:36:04.979+0000] {dag.py:3036} INFO - Sync 1 DAGs
[2024-03-03T14:36:04.999+0000] {logging_mixin.py:188} INFO - [2024-03-03T14:36:04.999+0000] {dag.py:3823} INFO - Setting next_dagrun for my_kubernetes_dag to None, run_after=None
[2024-03-03T14:36:05.028+0000] {processor.py:183} INFO - Processing /opt/airflow/dags/kubedag.py took 0.081 seconds
[2024-03-03T14:36:35.492+0000] {processor.py:161} INFO - Started process (PID=147) to work on /opt/airflow/dags/kubedag.py
[2024-03-03T14:36:35.494+0000] {processor.py:830} INFO - Processing file /opt/airflow/dags/kubedag.py for tasks to queue
[2024-03-03T14:36:35.495+0000] {logging_mixin.py:188} INFO - [2024-03-03T14:36:35.495+0000] {dagbag.py:538} INFO - Filling up the DagBag from /opt/airflow/dags/kubedag.py
[2024-03-03T14:36:35.500+0000] {processor.py:840} INFO - DAG(s) 'my_kubernetes_dag' retrieved from /opt/airflow/dags/kubedag.py
[2024-03-03T14:36:35.515+0000] {logging_mixin.py:188} INFO - [2024-03-03T14:36:35.514+0000] {dag.py:3036} INFO - Sync 1 DAGs
[2024-03-03T14:36:35.528+0000] {logging_mixin.py:188} INFO - [2024-03-03T14:36:35.528+0000] {dag.py:3823} INFO - Setting next_dagrun for my_kubernetes_dag to None, run_after=None
[2024-03-03T14:36:35.542+0000] {processor.py:183} INFO - Processing /opt/airflow/dags/kubedag.py took 0.052 seconds
[2024-03-03T14:52:14.967+0000] {processor.py:161} INFO - Started process (PID=38) to work on /opt/airflow/dags/kubedag.py
[2024-03-03T14:52:14.968+0000] {processor.py:830} INFO - Processing file /opt/airflow/dags/kubedag.py for tasks to queue
[2024-03-03T14:52:14.969+0000] {logging_mixin.py:188} INFO - [2024-03-03T14:52:14.969+0000] {dagbag.py:538} INFO - Filling up the DagBag from /opt/airflow/dags/kubedag.py
[2024-03-03T14:52:15.026+0000] {processor.py:840} INFO - DAG(s) 'my_kubernetes_dag' retrieved from /opt/airflow/dags/kubedag.py
[2024-03-03T14:52:15.071+0000] {logging_mixin.py:188} INFO - [2024-03-03T14:52:15.071+0000] {dag.py:3036} INFO - Sync 1 DAGs
[2024-03-03T14:52:15.095+0000] {logging_mixin.py:188} INFO - [2024-03-03T14:52:15.095+0000] {dag.py:3823} INFO - Setting next_dagrun for my_kubernetes_dag to None, run_after=None
[2024-03-03T14:52:15.132+0000] {processor.py:183} INFO - Processing /opt/airflow/dags/kubedag.py took 0.167 seconds
[2024-03-03T14:52:45.524+0000] {processor.py:161} INFO - Started process (PID=50) to work on /opt/airflow/dags/kubedag.py
[2024-03-03T14:52:45.525+0000] {processor.py:830} INFO - Processing file /opt/airflow/dags/kubedag.py for tasks to queue
[2024-03-03T14:52:45.527+0000] {logging_mixin.py:188} INFO - [2024-03-03T14:52:45.526+0000] {dagbag.py:538} INFO - Filling up the DagBag from /opt/airflow/dags/kubedag.py
[2024-03-03T14:52:45.532+0000] {processor.py:840} INFO - DAG(s) 'my_kubernetes_dag' retrieved from /opt/airflow/dags/kubedag.py
[2024-03-03T14:52:45.559+0000] {logging_mixin.py:188} INFO - [2024-03-03T14:52:45.556+0000] {dag.py:3036} INFO - Sync 1 DAGs
[2024-03-03T14:52:45.704+0000] {logging_mixin.py:188} INFO - [2024-03-03T14:52:45.703+0000] {dag.py:3823} INFO - Setting next_dagrun for my_kubernetes_dag to None, run_after=None
[2024-03-03T14:52:45.731+0000] {processor.py:183} INFO - Processing /opt/airflow/dags/kubedag.py took 0.209 seconds
[2024-03-03T14:53:16.006+0000] {processor.py:161} INFO - Started process (PID=62) to work on /opt/airflow/dags/kubedag.py
[2024-03-03T14:53:16.008+0000] {processor.py:830} INFO - Processing file /opt/airflow/dags/kubedag.py for tasks to queue
[2024-03-03T14:53:16.010+0000] {logging_mixin.py:188} INFO - [2024-03-03T14:53:16.010+0000] {dagbag.py:538} INFO - Filling up the DagBag from /opt/airflow/dags/kubedag.py
[2024-03-03T14:53:16.017+0000] {processor.py:840} INFO - DAG(s) 'my_kubernetes_dag' retrieved from /opt/airflow/dags/kubedag.py
[2024-03-03T14:53:16.039+0000] {logging_mixin.py:188} INFO - [2024-03-03T14:53:16.039+0000] {dag.py:3036} INFO - Sync 1 DAGs
[2024-03-03T14:53:16.058+0000] {logging_mixin.py:188} INFO - [2024-03-03T14:53:16.058+0000] {dag.py:3823} INFO - Setting next_dagrun for my_kubernetes_dag to None, run_after=None
[2024-03-03T14:53:16.072+0000] {processor.py:183} INFO - Processing /opt/airflow/dags/kubedag.py took 0.068 seconds
