[2024-03-03T14:32:01.718+0000] {processor.py:161} INFO - Started process (PID=40) to work on /opt/airflow/dags/Sample.py
[2024-03-03T14:32:01.719+0000] {processor.py:830} INFO - Processing file /opt/airflow/dags/Sample.py for tasks to queue
[2024-03-03T14:32:01.720+0000] {logging_mixin.py:188} INFO - [2024-03-03T14:32:01.720+0000] {dagbag.py:538} INFO - Filling up the DagBag from /opt/airflow/dags/Sample.py
[2024-03-03T14:32:01.731+0000] {processor.py:840} INFO - DAG(s) 'welcome_dag' retrieved from /opt/airflow/dags/Sample.py
[2024-03-03T14:32:01.878+0000] {logging_mixin.py:188} INFO - [2024-03-03T14:32:01.878+0000] {dag.py:3036} INFO - Sync 1 DAGs
[2024-03-03T14:32:01.918+0000] {logging_mixin.py:188} INFO - [2024-03-03T14:32:01.918+0000] {dag.py:3823} INFO - Setting next_dagrun for welcome_dag to 2024-03-02 23:00:00+00:00, run_after=2024-03-03 23:00:00+00:00
[2024-03-03T14:32:02.114+0000] {processor.py:183} INFO - Processing /opt/airflow/dags/Sample.py took 0.398 seconds
[2024-03-03T14:32:32.315+0000] {processor.py:161} INFO - Started process (PID=52) to work on /opt/airflow/dags/Sample.py
[2024-03-03T14:32:32.316+0000] {processor.py:830} INFO - Processing file /opt/airflow/dags/Sample.py for tasks to queue
[2024-03-03T14:32:32.317+0000] {logging_mixin.py:188} INFO - [2024-03-03T14:32:32.317+0000] {dagbag.py:538} INFO - Filling up the DagBag from /opt/airflow/dags/Sample.py
[2024-03-03T14:32:32.325+0000] {processor.py:840} INFO - DAG(s) 'welcome_dag' retrieved from /opt/airflow/dags/Sample.py
[2024-03-03T14:32:32.342+0000] {logging_mixin.py:188} INFO - [2024-03-03T14:32:32.342+0000] {dag.py:3036} INFO - Sync 1 DAGs
[2024-03-03T14:32:32.365+0000] {logging_mixin.py:188} INFO - [2024-03-03T14:32:32.365+0000] {dag.py:3823} INFO - Setting next_dagrun for welcome_dag to 2024-03-02 23:00:00+00:00, run_after=2024-03-03 23:00:00+00:00
[2024-03-03T14:32:32.383+0000] {processor.py:183} INFO - Processing /opt/airflow/dags/Sample.py took 0.070 seconds
[2024-03-03T14:33:02.665+0000] {processor.py:161} INFO - Started process (PID=64) to work on /opt/airflow/dags/Sample.py
[2024-03-03T14:33:02.666+0000] {processor.py:830} INFO - Processing file /opt/airflow/dags/Sample.py for tasks to queue
[2024-03-03T14:33:02.667+0000] {logging_mixin.py:188} INFO - [2024-03-03T14:33:02.667+0000] {dagbag.py:538} INFO - Filling up the DagBag from /opt/airflow/dags/Sample.py
[2024-03-03T14:33:02.674+0000] {processor.py:840} INFO - DAG(s) 'welcome_dag' retrieved from /opt/airflow/dags/Sample.py
[2024-03-03T14:33:02.688+0000] {logging_mixin.py:188} INFO - [2024-03-03T14:33:02.688+0000] {dag.py:3036} INFO - Sync 1 DAGs
[2024-03-03T14:33:02.705+0000] {logging_mixin.py:188} INFO - [2024-03-03T14:33:02.705+0000] {dag.py:3823} INFO - Setting next_dagrun for welcome_dag to 2024-03-02 23:00:00+00:00, run_after=2024-03-03 23:00:00+00:00
[2024-03-03T14:33:02.716+0000] {processor.py:183} INFO - Processing /opt/airflow/dags/Sample.py took 0.053 seconds
[2024-03-03T14:33:33.017+0000] {processor.py:161} INFO - Started process (PID=76) to work on /opt/airflow/dags/Sample.py
[2024-03-03T14:33:33.018+0000] {processor.py:830} INFO - Processing file /opt/airflow/dags/Sample.py for tasks to queue
[2024-03-03T14:33:33.019+0000] {logging_mixin.py:188} INFO - [2024-03-03T14:33:33.019+0000] {dagbag.py:538} INFO - Filling up the DagBag from /opt/airflow/dags/Sample.py
[2024-03-03T14:33:33.026+0000] {processor.py:840} INFO - DAG(s) 'welcome_dag' retrieved from /opt/airflow/dags/Sample.py
[2024-03-03T14:33:33.040+0000] {logging_mixin.py:188} INFO - [2024-03-03T14:33:33.040+0000] {dag.py:3036} INFO - Sync 1 DAGs
[2024-03-03T14:33:33.059+0000] {logging_mixin.py:188} INFO - [2024-03-03T14:33:33.059+0000] {dag.py:3823} INFO - Setting next_dagrun for welcome_dag to 2024-03-02 23:00:00+00:00, run_after=2024-03-03 23:00:00+00:00
[2024-03-03T14:33:33.074+0000] {processor.py:183} INFO - Processing /opt/airflow/dags/Sample.py took 0.058 seconds
[2024-03-03T14:34:03.401+0000] {processor.py:161} INFO - Started process (PID=88) to work on /opt/airflow/dags/Sample.py
[2024-03-03T14:34:03.402+0000] {processor.py:830} INFO - Processing file /opt/airflow/dags/Sample.py for tasks to queue
[2024-03-03T14:34:03.403+0000] {logging_mixin.py:188} INFO - [2024-03-03T14:34:03.403+0000] {dagbag.py:538} INFO - Filling up the DagBag from /opt/airflow/dags/Sample.py
[2024-03-03T14:34:03.409+0000] {processor.py:840} INFO - DAG(s) 'welcome_dag' retrieved from /opt/airflow/dags/Sample.py
[2024-03-03T14:34:03.424+0000] {logging_mixin.py:188} INFO - [2024-03-03T14:34:03.423+0000] {dag.py:3036} INFO - Sync 1 DAGs
[2024-03-03T14:34:03.440+0000] {logging_mixin.py:188} INFO - [2024-03-03T14:34:03.440+0000] {dag.py:3823} INFO - Setting next_dagrun for welcome_dag to 2024-03-02 23:00:00+00:00, run_after=2024-03-03 23:00:00+00:00
[2024-03-03T14:34:03.457+0000] {processor.py:183} INFO - Processing /opt/airflow/dags/Sample.py took 0.057 seconds
[2024-03-03T14:34:33.777+0000] {processor.py:161} INFO - Started process (PID=100) to work on /opt/airflow/dags/Sample.py
[2024-03-03T14:34:33.778+0000] {processor.py:830} INFO - Processing file /opt/airflow/dags/Sample.py for tasks to queue
[2024-03-03T14:34:33.779+0000] {logging_mixin.py:188} INFO - [2024-03-03T14:34:33.778+0000] {dagbag.py:538} INFO - Filling up the DagBag from /opt/airflow/dags/Sample.py
[2024-03-03T14:34:33.785+0000] {processor.py:840} INFO - DAG(s) 'welcome_dag' retrieved from /opt/airflow/dags/Sample.py
[2024-03-03T14:34:33.803+0000] {logging_mixin.py:188} INFO - [2024-03-03T14:34:33.802+0000] {dag.py:3036} INFO - Sync 1 DAGs
[2024-03-03T14:34:33.820+0000] {logging_mixin.py:188} INFO - [2024-03-03T14:34:33.820+0000] {dag.py:3823} INFO - Setting next_dagrun for welcome_dag to 2024-03-02 23:00:00+00:00, run_after=2024-03-03 23:00:00+00:00
[2024-03-03T14:34:33.835+0000] {processor.py:183} INFO - Processing /opt/airflow/dags/Sample.py took 0.061 seconds
[2024-03-03T14:35:04.171+0000] {processor.py:161} INFO - Started process (PID=112) to work on /opt/airflow/dags/Sample.py
[2024-03-03T14:35:04.172+0000] {processor.py:830} INFO - Processing file /opt/airflow/dags/Sample.py for tasks to queue
[2024-03-03T14:35:04.173+0000] {logging_mixin.py:188} INFO - [2024-03-03T14:35:04.173+0000] {dagbag.py:538} INFO - Filling up the DagBag from /opt/airflow/dags/Sample.py
[2024-03-03T14:35:04.179+0000] {processor.py:840} INFO - DAG(s) 'welcome_dag' retrieved from /opt/airflow/dags/Sample.py
[2024-03-03T14:35:04.193+0000] {logging_mixin.py:188} INFO - [2024-03-03T14:35:04.193+0000] {dag.py:3036} INFO - Sync 1 DAGs
[2024-03-03T14:35:04.210+0000] {logging_mixin.py:188} INFO - [2024-03-03T14:35:04.209+0000] {dag.py:3823} INFO - Setting next_dagrun for welcome_dag to 2024-03-02 23:00:00+00:00, run_after=2024-03-03 23:00:00+00:00
[2024-03-03T14:35:04.224+0000] {processor.py:183} INFO - Processing /opt/airflow/dags/Sample.py took 0.055 seconds
[2024-03-03T14:35:34.570+0000] {processor.py:161} INFO - Started process (PID=124) to work on /opt/airflow/dags/Sample.py
[2024-03-03T14:35:34.571+0000] {processor.py:830} INFO - Processing file /opt/airflow/dags/Sample.py for tasks to queue
[2024-03-03T14:35:34.572+0000] {logging_mixin.py:188} INFO - [2024-03-03T14:35:34.572+0000] {dagbag.py:538} INFO - Filling up the DagBag from /opt/airflow/dags/Sample.py
[2024-03-03T14:35:34.578+0000] {processor.py:840} INFO - DAG(s) 'welcome_dag' retrieved from /opt/airflow/dags/Sample.py
[2024-03-03T14:35:34.592+0000] {logging_mixin.py:188} INFO - [2024-03-03T14:35:34.591+0000] {dag.py:3036} INFO - Sync 1 DAGs
[2024-03-03T14:35:34.609+0000] {logging_mixin.py:188} INFO - [2024-03-03T14:35:34.608+0000] {dag.py:3823} INFO - Setting next_dagrun for welcome_dag to 2024-03-02 23:00:00+00:00, run_after=2024-03-03 23:00:00+00:00
[2024-03-03T14:35:34.623+0000] {processor.py:183} INFO - Processing /opt/airflow/dags/Sample.py took 0.055 seconds
[2024-03-03T14:36:04.954+0000] {processor.py:161} INFO - Started process (PID=136) to work on /opt/airflow/dags/Sample.py
[2024-03-03T14:36:04.955+0000] {processor.py:830} INFO - Processing file /opt/airflow/dags/Sample.py for tasks to queue
[2024-03-03T14:36:04.956+0000] {logging_mixin.py:188} INFO - [2024-03-03T14:36:04.956+0000] {dagbag.py:538} INFO - Filling up the DagBag from /opt/airflow/dags/Sample.py
[2024-03-03T14:36:04.965+0000] {processor.py:840} INFO - DAG(s) 'welcome_dag' retrieved from /opt/airflow/dags/Sample.py
[2024-03-03T14:36:04.983+0000] {logging_mixin.py:188} INFO - [2024-03-03T14:36:04.983+0000] {dag.py:3036} INFO - Sync 1 DAGs
[2024-03-03T14:36:05.015+0000] {logging_mixin.py:188} INFO - [2024-03-03T14:36:05.015+0000] {dag.py:3823} INFO - Setting next_dagrun for welcome_dag to 2024-03-02 23:00:00+00:00, run_after=2024-03-03 23:00:00+00:00
[2024-03-03T14:36:05.033+0000] {processor.py:183} INFO - Processing /opt/airflow/dags/Sample.py took 0.081 seconds
[2024-03-03T14:36:35.496+0000] {processor.py:161} INFO - Started process (PID=148) to work on /opt/airflow/dags/Sample.py
[2024-03-03T14:36:35.496+0000] {processor.py:830} INFO - Processing file /opt/airflow/dags/Sample.py for tasks to queue
[2024-03-03T14:36:35.497+0000] {logging_mixin.py:188} INFO - [2024-03-03T14:36:35.497+0000] {dagbag.py:538} INFO - Filling up the DagBag from /opt/airflow/dags/Sample.py
[2024-03-03T14:36:35.503+0000] {processor.py:840} INFO - DAG(s) 'welcome_dag' retrieved from /opt/airflow/dags/Sample.py
[2024-03-03T14:36:35.519+0000] {logging_mixin.py:188} INFO - [2024-03-03T14:36:35.518+0000] {dag.py:3036} INFO - Sync 1 DAGs
[2024-03-03T14:36:35.533+0000] {logging_mixin.py:188} INFO - [2024-03-03T14:36:35.533+0000] {dag.py:3823} INFO - Setting next_dagrun for welcome_dag to 2024-03-02 23:00:00+00:00, run_after=2024-03-03 23:00:00+00:00
[2024-03-03T14:36:35.549+0000] {processor.py:183} INFO - Processing /opt/airflow/dags/Sample.py took 0.055 seconds
[2024-03-03T14:52:15.022+0000] {processor.py:161} INFO - Started process (PID=39) to work on /opt/airflow/dags/Sample.py
[2024-03-03T14:52:15.024+0000] {processor.py:830} INFO - Processing file /opt/airflow/dags/Sample.py for tasks to queue
[2024-03-03T14:52:15.025+0000] {logging_mixin.py:188} INFO - [2024-03-03T14:52:15.025+0000] {dagbag.py:538} INFO - Filling up the DagBag from /opt/airflow/dags/Sample.py
[2024-03-03T14:52:15.046+0000] {processor.py:840} INFO - DAG(s) 'welcome_dag' retrieved from /opt/airflow/dags/Sample.py
[2024-03-03T14:52:15.082+0000] {logging_mixin.py:188} INFO - [2024-03-03T14:52:15.082+0000] {dag.py:3036} INFO - Sync 1 DAGs
[2024-03-03T14:52:15.120+0000] {logging_mixin.py:188} INFO - [2024-03-03T14:52:15.118+0000] {dag.py:3823} INFO - Setting next_dagrun for welcome_dag to 2024-03-02 23:00:00+00:00, run_after=2024-03-03 23:00:00+00:00
[2024-03-03T14:52:15.139+0000] {processor.py:183} INFO - Processing /opt/airflow/dags/Sample.py took 0.123 seconds
[2024-03-03T14:52:45.529+0000] {processor.py:161} INFO - Started process (PID=51) to work on /opt/airflow/dags/Sample.py
[2024-03-03T14:52:45.529+0000] {processor.py:830} INFO - Processing file /opt/airflow/dags/Sample.py for tasks to queue
[2024-03-03T14:52:45.530+0000] {logging_mixin.py:188} INFO - [2024-03-03T14:52:45.530+0000] {dagbag.py:538} INFO - Filling up the DagBag from /opt/airflow/dags/Sample.py
[2024-03-03T14:52:45.536+0000] {processor.py:840} INFO - DAG(s) 'welcome_dag' retrieved from /opt/airflow/dags/Sample.py
[2024-03-03T14:52:45.564+0000] {logging_mixin.py:188} INFO - [2024-03-03T14:52:45.562+0000] {dag.py:3036} INFO - Sync 1 DAGs
[2024-03-03T14:52:45.718+0000] {logging_mixin.py:188} INFO - [2024-03-03T14:52:45.717+0000] {dag.py:3823} INFO - Setting next_dagrun for welcome_dag to 2024-03-02 23:00:00+00:00, run_after=2024-03-03 23:00:00+00:00
[2024-03-03T14:52:45.733+0000] {processor.py:183} INFO - Processing /opt/airflow/dags/Sample.py took 0.206 seconds
[2024-03-03T14:53:16.012+0000] {processor.py:161} INFO - Started process (PID=63) to work on /opt/airflow/dags/Sample.py
[2024-03-03T14:53:16.013+0000] {processor.py:830} INFO - Processing file /opt/airflow/dags/Sample.py for tasks to queue
[2024-03-03T14:53:16.014+0000] {logging_mixin.py:188} INFO - [2024-03-03T14:53:16.014+0000] {dagbag.py:538} INFO - Filling up the DagBag from /opt/airflow/dags/Sample.py
[2024-03-03T14:53:16.021+0000] {processor.py:840} INFO - DAG(s) 'welcome_dag' retrieved from /opt/airflow/dags/Sample.py
[2024-03-03T14:53:16.038+0000] {logging_mixin.py:188} INFO - [2024-03-03T14:53:16.038+0000] {dag.py:3036} INFO - Sync 1 DAGs
[2024-03-03T14:53:16.057+0000] {logging_mixin.py:188} INFO - [2024-03-03T14:53:16.057+0000] {dag.py:3823} INFO - Setting next_dagrun for welcome_dag to 2024-03-02 23:00:00+00:00, run_after=2024-03-03 23:00:00+00:00
[2024-03-03T14:53:16.074+0000] {processor.py:183} INFO - Processing /opt/airflow/dags/Sample.py took 0.064 seconds
