[2024-03-03T14:32:02.133+0000] {processor.py:161} INFO - Started process (PID=44) to work on /opt/airflow/dags/Sample2.py
[2024-03-03T14:32:02.134+0000] {processor.py:830} INFO - Processing file /opt/airflow/dags/Sample2.py for tasks to queue
[2024-03-03T14:32:02.136+0000] {logging_mixin.py:188} INFO - [2024-03-03T14:32:02.135+0000] {dagbag.py:538} INFO - Filling up the DagBag from /opt/airflow/dags/Sample2.py
[2024-03-03T14:32:02.146+0000] {processor.py:840} INFO - DAG(s) 'my_dag' retrieved from /opt/airflow/dags/Sample2.py
[2024-03-03T14:32:02.167+0000] {logging_mixin.py:188} INFO - [2024-03-03T14:32:02.167+0000] {dag.py:3036} INFO - Sync 1 DAGs
[2024-03-03T14:32:02.189+0000] {logging_mixin.py:188} INFO - [2024-03-03T14:32:02.188+0000] {dag.py:3823} INFO - Setting next_dagrun for my_dag to 2024-03-03 14:31:00+00:00, run_after=2024-03-03 14:32:00+00:00
[2024-03-03T14:32:02.203+0000] {processor.py:183} INFO - Processing /opt/airflow/dags/Sample2.py took 0.073 seconds
[2024-03-03T14:32:32.468+0000] {processor.py:161} INFO - Started process (PID=56) to work on /opt/airflow/dags/Sample2.py
[2024-03-03T14:32:32.469+0000] {processor.py:830} INFO - Processing file /opt/airflow/dags/Sample2.py for tasks to queue
[2024-03-03T14:32:32.470+0000] {logging_mixin.py:188} INFO - [2024-03-03T14:32:32.470+0000] {dagbag.py:538} INFO - Filling up the DagBag from /opt/airflow/dags/Sample2.py
[2024-03-03T14:32:32.477+0000] {processor.py:840} INFO - DAG(s) 'my_dag' retrieved from /opt/airflow/dags/Sample2.py
[2024-03-03T14:32:32.496+0000] {logging_mixin.py:188} INFO - [2024-03-03T14:32:32.496+0000] {dag.py:3036} INFO - Sync 1 DAGs
[2024-03-03T14:32:32.518+0000] {logging_mixin.py:188} INFO - [2024-03-03T14:32:32.518+0000] {dag.py:3823} INFO - Setting next_dagrun for my_dag to 2024-03-03 14:31:00+00:00, run_after=2024-03-03 14:32:00+00:00
[2024-03-03T14:32:32.534+0000] {processor.py:183} INFO - Processing /opt/airflow/dags/Sample2.py took 0.068 seconds
[2024-03-03T14:33:02.836+0000] {processor.py:161} INFO - Started process (PID=68) to work on /opt/airflow/dags/Sample2.py
[2024-03-03T14:33:02.837+0000] {processor.py:830} INFO - Processing file /opt/airflow/dags/Sample2.py for tasks to queue
[2024-03-03T14:33:02.838+0000] {logging_mixin.py:188} INFO - [2024-03-03T14:33:02.838+0000] {dagbag.py:538} INFO - Filling up the DagBag from /opt/airflow/dags/Sample2.py
[2024-03-03T14:33:02.848+0000] {processor.py:840} INFO - DAG(s) 'my_dag' retrieved from /opt/airflow/dags/Sample2.py
[2024-03-03T14:33:02.867+0000] {logging_mixin.py:188} INFO - [2024-03-03T14:33:02.867+0000] {dag.py:3036} INFO - Sync 1 DAGs
[2024-03-03T14:33:02.898+0000] {logging_mixin.py:188} INFO - [2024-03-03T14:33:02.897+0000] {dag.py:3823} INFO - Setting next_dagrun for my_dag to 2024-03-03 14:32:00+00:00, run_after=2024-03-03 14:33:00+00:00
[2024-03-03T14:33:03.000+0000] {processor.py:183} INFO - Processing /opt/airflow/dags/Sample2.py took 0.166 seconds
[2024-03-03T14:33:33.192+0000] {processor.py:161} INFO - Started process (PID=80) to work on /opt/airflow/dags/Sample2.py
[2024-03-03T14:33:33.193+0000] {processor.py:830} INFO - Processing file /opt/airflow/dags/Sample2.py for tasks to queue
[2024-03-03T14:33:33.195+0000] {logging_mixin.py:188} INFO - [2024-03-03T14:33:33.195+0000] {dagbag.py:538} INFO - Filling up the DagBag from /opt/airflow/dags/Sample2.py
[2024-03-03T14:33:33.202+0000] {processor.py:840} INFO - DAG(s) 'my_dag' retrieved from /opt/airflow/dags/Sample2.py
[2024-03-03T14:33:33.218+0000] {logging_mixin.py:188} INFO - [2024-03-03T14:33:33.218+0000] {dag.py:3036} INFO - Sync 1 DAGs
[2024-03-03T14:33:33.234+0000] {logging_mixin.py:188} INFO - [2024-03-03T14:33:33.234+0000] {dag.py:3823} INFO - Setting next_dagrun for my_dag to 2024-03-03 14:32:00+00:00, run_after=2024-03-03 14:33:00+00:00
[2024-03-03T14:33:33.247+0000] {processor.py:183} INFO - Processing /opt/airflow/dags/Sample2.py took 0.057 seconds
[2024-03-03T14:34:03.583+0000] {processor.py:161} INFO - Started process (PID=92) to work on /opt/airflow/dags/Sample2.py
[2024-03-03T14:34:03.584+0000] {processor.py:830} INFO - Processing file /opt/airflow/dags/Sample2.py for tasks to queue
[2024-03-03T14:34:03.585+0000] {logging_mixin.py:188} INFO - [2024-03-03T14:34:03.585+0000] {dagbag.py:538} INFO - Filling up the DagBag from /opt/airflow/dags/Sample2.py
[2024-03-03T14:34:03.592+0000] {processor.py:840} INFO - DAG(s) 'my_dag' retrieved from /opt/airflow/dags/Sample2.py
[2024-03-03T14:34:03.611+0000] {logging_mixin.py:188} INFO - [2024-03-03T14:34:03.611+0000] {dag.py:3036} INFO - Sync 1 DAGs
[2024-03-03T14:34:03.632+0000] {logging_mixin.py:188} INFO - [2024-03-03T14:34:03.631+0000] {dag.py:3823} INFO - Setting next_dagrun for my_dag to 2024-03-03 14:33:00+00:00, run_after=2024-03-03 14:34:00+00:00
[2024-03-03T14:34:03.647+0000] {processor.py:183} INFO - Processing /opt/airflow/dags/Sample2.py took 0.066 seconds
[2024-03-03T14:34:33.920+0000] {processor.py:161} INFO - Started process (PID=104) to work on /opt/airflow/dags/Sample2.py
[2024-03-03T14:34:33.921+0000] {processor.py:830} INFO - Processing file /opt/airflow/dags/Sample2.py for tasks to queue
[2024-03-03T14:34:33.922+0000] {logging_mixin.py:188} INFO - [2024-03-03T14:34:33.922+0000] {dagbag.py:538} INFO - Filling up the DagBag from /opt/airflow/dags/Sample2.py
[2024-03-03T14:34:33.929+0000] {processor.py:840} INFO - DAG(s) 'my_dag' retrieved from /opt/airflow/dags/Sample2.py
[2024-03-03T14:34:33.948+0000] {logging_mixin.py:188} INFO - [2024-03-03T14:34:33.948+0000] {dag.py:3036} INFO - Sync 1 DAGs
[2024-03-03T14:34:33.965+0000] {logging_mixin.py:188} INFO - [2024-03-03T14:34:33.965+0000] {dag.py:3823} INFO - Setting next_dagrun for my_dag to 2024-03-03 14:33:00+00:00, run_after=2024-03-03 14:34:00+00:00
[2024-03-03T14:34:33.978+0000] {processor.py:183} INFO - Processing /opt/airflow/dags/Sample2.py took 0.060 seconds
[2024-03-03T14:35:04.341+0000] {processor.py:161} INFO - Started process (PID=116) to work on /opt/airflow/dags/Sample2.py
[2024-03-03T14:35:04.342+0000] {processor.py:830} INFO - Processing file /opt/airflow/dags/Sample2.py for tasks to queue
[2024-03-03T14:35:04.343+0000] {logging_mixin.py:188} INFO - [2024-03-03T14:35:04.342+0000] {dagbag.py:538} INFO - Filling up the DagBag from /opt/airflow/dags/Sample2.py
[2024-03-03T14:35:04.349+0000] {processor.py:840} INFO - DAG(s) 'my_dag' retrieved from /opt/airflow/dags/Sample2.py
[2024-03-03T14:35:04.367+0000] {logging_mixin.py:188} INFO - [2024-03-03T14:35:04.367+0000] {dag.py:3036} INFO - Sync 1 DAGs
[2024-03-03T14:35:04.384+0000] {logging_mixin.py:188} INFO - [2024-03-03T14:35:04.383+0000] {dag.py:3823} INFO - Setting next_dagrun for my_dag to 2024-03-03 14:34:00+00:00, run_after=2024-03-03 14:35:00+00:00
[2024-03-03T14:35:04.397+0000] {processor.py:183} INFO - Processing /opt/airflow/dags/Sample2.py took 0.059 seconds
[2024-03-03T14:35:34.734+0000] {processor.py:161} INFO - Started process (PID=128) to work on /opt/airflow/dags/Sample2.py
[2024-03-03T14:35:34.735+0000] {processor.py:830} INFO - Processing file /opt/airflow/dags/Sample2.py for tasks to queue
[2024-03-03T14:35:34.736+0000] {logging_mixin.py:188} INFO - [2024-03-03T14:35:34.736+0000] {dagbag.py:538} INFO - Filling up the DagBag from /opt/airflow/dags/Sample2.py
[2024-03-03T14:35:34.742+0000] {processor.py:840} INFO - DAG(s) 'my_dag' retrieved from /opt/airflow/dags/Sample2.py
[2024-03-03T14:35:34.758+0000] {logging_mixin.py:188} INFO - [2024-03-03T14:35:34.758+0000] {dag.py:3036} INFO - Sync 1 DAGs
[2024-03-03T14:35:34.775+0000] {logging_mixin.py:188} INFO - [2024-03-03T14:35:34.775+0000] {dag.py:3823} INFO - Setting next_dagrun for my_dag to 2024-03-03 14:34:00+00:00, run_after=2024-03-03 14:35:00+00:00
[2024-03-03T14:35:34.787+0000] {processor.py:183} INFO - Processing /opt/airflow/dags/Sample2.py took 0.055 seconds
[2024-03-03T14:36:05.276+0000] {processor.py:161} INFO - Started process (PID=140) to work on /opt/airflow/dags/Sample2.py
[2024-03-03T14:36:05.277+0000] {processor.py:830} INFO - Processing file /opt/airflow/dags/Sample2.py for tasks to queue
[2024-03-03T14:36:05.278+0000] {logging_mixin.py:188} INFO - [2024-03-03T14:36:05.278+0000] {dagbag.py:538} INFO - Filling up the DagBag from /opt/airflow/dags/Sample2.py
[2024-03-03T14:36:05.287+0000] {processor.py:840} INFO - DAG(s) 'my_dag' retrieved from /opt/airflow/dags/Sample2.py
[2024-03-03T14:36:05.308+0000] {logging_mixin.py:188} INFO - [2024-03-03T14:36:05.308+0000] {dag.py:3036} INFO - Sync 1 DAGs
[2024-03-03T14:36:05.330+0000] {logging_mixin.py:188} INFO - [2024-03-03T14:36:05.329+0000] {dag.py:3823} INFO - Setting next_dagrun for my_dag to 2024-03-03 14:35:00+00:00, run_after=2024-03-03 14:36:00+00:00
[2024-03-03T14:36:05.348+0000] {processor.py:183} INFO - Processing /opt/airflow/dags/Sample2.py took 0.074 seconds
[2024-03-03T14:36:35.635+0000] {processor.py:161} INFO - Started process (PID=152) to work on /opt/airflow/dags/Sample2.py
[2024-03-03T14:36:35.636+0000] {processor.py:830} INFO - Processing file /opt/airflow/dags/Sample2.py for tasks to queue
[2024-03-03T14:36:35.637+0000] {logging_mixin.py:188} INFO - [2024-03-03T14:36:35.637+0000] {dagbag.py:538} INFO - Filling up the DagBag from /opt/airflow/dags/Sample2.py
[2024-03-03T14:36:35.644+0000] {processor.py:840} INFO - DAG(s) 'my_dag' retrieved from /opt/airflow/dags/Sample2.py
[2024-03-03T14:36:35.658+0000] {logging_mixin.py:188} INFO - [2024-03-03T14:36:35.657+0000] {dag.py:3036} INFO - Sync 1 DAGs
[2024-03-03T14:36:35.670+0000] {logging_mixin.py:188} INFO - [2024-03-03T14:36:35.670+0000] {dag.py:3823} INFO - Setting next_dagrun for my_dag to 2024-03-03 14:35:00+00:00, run_after=2024-03-03 14:36:00+00:00
[2024-03-03T14:36:35.681+0000] {processor.py:183} INFO - Processing /opt/airflow/dags/Sample2.py took 0.048 seconds
[2024-03-03T14:52:15.254+0000] {processor.py:161} INFO - Started process (PID=43) to work on /opt/airflow/dags/Sample2.py
[2024-03-03T14:52:15.255+0000] {processor.py:830} INFO - Processing file /opt/airflow/dags/Sample2.py for tasks to queue
[2024-03-03T14:52:15.256+0000] {logging_mixin.py:188} INFO - [2024-03-03T14:52:15.256+0000] {dagbag.py:538} INFO - Filling up the DagBag from /opt/airflow/dags/Sample2.py
[2024-03-03T14:52:15.262+0000] {processor.py:840} INFO - DAG(s) 'my_dag' retrieved from /opt/airflow/dags/Sample2.py
[2024-03-03T14:52:15.279+0000] {logging_mixin.py:188} INFO - [2024-03-03T14:52:15.279+0000] {dag.py:3036} INFO - Sync 1 DAGs
[2024-03-03T14:52:15.299+0000] {logging_mixin.py:188} INFO - [2024-03-03T14:52:15.299+0000] {dag.py:3823} INFO - Setting next_dagrun for my_dag to 2024-03-03 14:51:00+00:00, run_after=2024-03-03 14:52:00+00:00
[2024-03-03T14:52:15.316+0000] {processor.py:183} INFO - Processing /opt/airflow/dags/Sample2.py took 0.064 seconds
[2024-03-03T14:52:45.854+0000] {processor.py:161} INFO - Started process (PID=55) to work on /opt/airflow/dags/Sample2.py
[2024-03-03T14:52:45.854+0000] {processor.py:830} INFO - Processing file /opt/airflow/dags/Sample2.py for tasks to queue
[2024-03-03T14:52:45.855+0000] {logging_mixin.py:188} INFO - [2024-03-03T14:52:45.855+0000] {dagbag.py:538} INFO - Filling up the DagBag from /opt/airflow/dags/Sample2.py
[2024-03-03T14:52:45.863+0000] {processor.py:840} INFO - DAG(s) 'my_dag' retrieved from /opt/airflow/dags/Sample2.py
[2024-03-03T14:52:45.879+0000] {logging_mixin.py:188} INFO - [2024-03-03T14:52:45.878+0000] {dag.py:3036} INFO - Sync 1 DAGs
[2024-03-03T14:52:45.894+0000] {logging_mixin.py:188} INFO - [2024-03-03T14:52:45.894+0000] {dag.py:3823} INFO - Setting next_dagrun for my_dag to 2024-03-03 14:51:00+00:00, run_after=2024-03-03 14:52:00+00:00
[2024-03-03T14:52:45.907+0000] {processor.py:183} INFO - Processing /opt/airflow/dags/Sample2.py took 0.055 seconds
[2024-03-03T14:53:16.205+0000] {processor.py:161} INFO - Started process (PID=67) to work on /opt/airflow/dags/Sample2.py
[2024-03-03T14:53:16.206+0000] {processor.py:830} INFO - Processing file /opt/airflow/dags/Sample2.py for tasks to queue
[2024-03-03T14:53:16.207+0000] {logging_mixin.py:188} INFO - [2024-03-03T14:53:16.206+0000] {dagbag.py:538} INFO - Filling up the DagBag from /opt/airflow/dags/Sample2.py
[2024-03-03T14:53:16.213+0000] {processor.py:840} INFO - DAG(s) 'my_dag' retrieved from /opt/airflow/dags/Sample2.py
[2024-03-03T14:53:16.229+0000] {logging_mixin.py:188} INFO - [2024-03-03T14:53:16.229+0000] {dag.py:3036} INFO - Sync 1 DAGs
[2024-03-03T14:53:16.244+0000] {logging_mixin.py:188} INFO - [2024-03-03T14:53:16.244+0000] {dag.py:3823} INFO - Setting next_dagrun for my_dag to 2024-03-03 14:52:00+00:00, run_after=2024-03-03 14:53:00+00:00
[2024-03-03T14:53:16.256+0000] {processor.py:183} INFO - Processing /opt/airflow/dags/Sample2.py took 0.052 seconds
