[2024-03-03T14:32:02.053+0000] {processor.py:161} INFO - Started process (PID=43) to work on /opt/airflow/dags/sample3.py
[2024-03-03T14:32:02.053+0000] {processor.py:830} INFO - Processing file /opt/airflow/dags/sample3.py for tasks to queue
[2024-03-03T14:32:02.054+0000] {logging_mixin.py:188} INFO - [2024-03-03T14:32:02.054+0000] {dagbag.py:538} INFO - Filling up the DagBag from /opt/airflow/dags/sample3.py
[2024-03-03T14:32:02.075+0000] {processor.py:840} INFO - DAG(s) 'sample_dag' retrieved from /opt/airflow/dags/sample3.py
[2024-03-03T14:32:02.089+0000] {logging_mixin.py:188} INFO - [2024-03-03T14:32:02.089+0000] {dag.py:3036} INFO - Sync 1 DAGs
[2024-03-03T14:32:02.115+0000] {logging_mixin.py:188} INFO - [2024-03-03T14:32:02.115+0000] {dag.py:3823} INFO - Setting next_dagrun for sample_dag to 2024-02-21 20:08:00+00:00, run_after=2024-02-22 20:08:00+00:00
[2024-03-03T14:32:02.132+0000] {processor.py:183} INFO - Processing /opt/airflow/dags/sample3.py took 0.082 seconds
[2024-03-03T14:32:32.416+0000] {processor.py:161} INFO - Started process (PID=55) to work on /opt/airflow/dags/sample3.py
[2024-03-03T14:32:32.417+0000] {processor.py:830} INFO - Processing file /opt/airflow/dags/sample3.py for tasks to queue
[2024-03-03T14:32:32.418+0000] {logging_mixin.py:188} INFO - [2024-03-03T14:32:32.418+0000] {dagbag.py:538} INFO - Filling up the DagBag from /opt/airflow/dags/sample3.py
[2024-03-03T14:32:32.435+0000] {processor.py:840} INFO - DAG(s) 'sample_dag' retrieved from /opt/airflow/dags/sample3.py
[2024-03-03T14:32:32.447+0000] {logging_mixin.py:188} INFO - [2024-03-03T14:32:32.446+0000] {dag.py:3036} INFO - Sync 1 DAGs
[2024-03-03T14:32:32.470+0000] {logging_mixin.py:188} INFO - [2024-03-03T14:32:32.470+0000] {dag.py:3823} INFO - Setting next_dagrun for sample_dag to 2024-02-21 20:08:00+00:00, run_after=2024-02-22 20:08:00+00:00
[2024-03-03T14:32:32.486+0000] {processor.py:183} INFO - Processing /opt/airflow/dags/sample3.py took 0.071 seconds
[2024-03-03T14:33:02.767+0000] {processor.py:161} INFO - Started process (PID=67) to work on /opt/airflow/dags/sample3.py
[2024-03-03T14:33:02.768+0000] {processor.py:830} INFO - Processing file /opt/airflow/dags/sample3.py for tasks to queue
[2024-03-03T14:33:02.769+0000] {logging_mixin.py:188} INFO - [2024-03-03T14:33:02.768+0000] {dagbag.py:538} INFO - Filling up the DagBag from /opt/airflow/dags/sample3.py
[2024-03-03T14:33:02.784+0000] {processor.py:840} INFO - DAG(s) 'sample_dag' retrieved from /opt/airflow/dags/sample3.py
[2024-03-03T14:33:02.796+0000] {logging_mixin.py:188} INFO - [2024-03-03T14:33:02.796+0000] {dag.py:3036} INFO - Sync 1 DAGs
[2024-03-03T14:33:02.818+0000] {logging_mixin.py:188} INFO - [2024-03-03T14:33:02.817+0000] {dag.py:3823} INFO - Setting next_dagrun for sample_dag to 2024-02-21 20:08:00+00:00, run_after=2024-02-22 20:08:00+00:00
[2024-03-03T14:33:02.834+0000] {processor.py:183} INFO - Processing /opt/airflow/dags/sample3.py took 0.070 seconds
[2024-03-03T14:33:33.121+0000] {processor.py:161} INFO - Started process (PID=79) to work on /opt/airflow/dags/sample3.py
[2024-03-03T14:33:33.122+0000] {processor.py:830} INFO - Processing file /opt/airflow/dags/sample3.py for tasks to queue
[2024-03-03T14:33:33.124+0000] {logging_mixin.py:188} INFO - [2024-03-03T14:33:33.123+0000] {dagbag.py:538} INFO - Filling up the DagBag from /opt/airflow/dags/sample3.py
[2024-03-03T14:33:33.141+0000] {processor.py:840} INFO - DAG(s) 'sample_dag' retrieved from /opt/airflow/dags/sample3.py
[2024-03-03T14:33:33.153+0000] {logging_mixin.py:188} INFO - [2024-03-03T14:33:33.153+0000] {dag.py:3036} INFO - Sync 1 DAGs
[2024-03-03T14:33:33.173+0000] {logging_mixin.py:188} INFO - [2024-03-03T14:33:33.173+0000] {dag.py:3823} INFO - Setting next_dagrun for sample_dag to 2024-02-21 20:08:00+00:00, run_after=2024-02-22 20:08:00+00:00
[2024-03-03T14:33:33.189+0000] {processor.py:183} INFO - Processing /opt/airflow/dags/sample3.py took 0.069 seconds
[2024-03-03T14:34:03.509+0000] {processor.py:161} INFO - Started process (PID=91) to work on /opt/airflow/dags/sample3.py
[2024-03-03T14:34:03.510+0000] {processor.py:830} INFO - Processing file /opt/airflow/dags/sample3.py for tasks to queue
[2024-03-03T14:34:03.511+0000] {logging_mixin.py:188} INFO - [2024-03-03T14:34:03.511+0000] {dagbag.py:538} INFO - Filling up the DagBag from /opt/airflow/dags/sample3.py
[2024-03-03T14:34:03.528+0000] {processor.py:840} INFO - DAG(s) 'sample_dag' retrieved from /opt/airflow/dags/sample3.py
[2024-03-03T14:34:03.538+0000] {logging_mixin.py:188} INFO - [2024-03-03T14:34:03.538+0000] {dag.py:3036} INFO - Sync 1 DAGs
[2024-03-03T14:34:03.554+0000] {logging_mixin.py:188} INFO - [2024-03-03T14:34:03.553+0000] {dag.py:3823} INFO - Setting next_dagrun for sample_dag to 2024-02-21 20:08:00+00:00, run_after=2024-02-22 20:08:00+00:00
[2024-03-03T14:34:03.569+0000] {processor.py:183} INFO - Processing /opt/airflow/dags/sample3.py took 0.062 seconds
[2024-03-03T14:34:33.874+0000] {processor.py:161} INFO - Started process (PID=103) to work on /opt/airflow/dags/sample3.py
[2024-03-03T14:34:33.874+0000] {processor.py:830} INFO - Processing file /opt/airflow/dags/sample3.py for tasks to queue
[2024-03-03T14:34:33.875+0000] {logging_mixin.py:188} INFO - [2024-03-03T14:34:33.875+0000] {dagbag.py:538} INFO - Filling up the DagBag from /opt/airflow/dags/sample3.py
[2024-03-03T14:34:33.892+0000] {processor.py:840} INFO - DAG(s) 'sample_dag' retrieved from /opt/airflow/dags/sample3.py
[2024-03-03T14:34:33.903+0000] {logging_mixin.py:188} INFO - [2024-03-03T14:34:33.903+0000] {dag.py:3036} INFO - Sync 1 DAGs
[2024-03-03T14:34:33.925+0000] {logging_mixin.py:188} INFO - [2024-03-03T14:34:33.925+0000] {dag.py:3823} INFO - Setting next_dagrun for sample_dag to 2024-02-21 20:08:00+00:00, run_after=2024-02-22 20:08:00+00:00
[2024-03-03T14:34:33.940+0000] {processor.py:183} INFO - Processing /opt/airflow/dags/sample3.py took 0.068 seconds
[2024-03-03T14:35:04.272+0000] {processor.py:161} INFO - Started process (PID=115) to work on /opt/airflow/dags/sample3.py
[2024-03-03T14:35:04.273+0000] {processor.py:830} INFO - Processing file /opt/airflow/dags/sample3.py for tasks to queue
[2024-03-03T14:35:04.274+0000] {logging_mixin.py:188} INFO - [2024-03-03T14:35:04.274+0000] {dagbag.py:538} INFO - Filling up the DagBag from /opt/airflow/dags/sample3.py
[2024-03-03T14:35:04.292+0000] {processor.py:840} INFO - DAG(s) 'sample_dag' retrieved from /opt/airflow/dags/sample3.py
[2024-03-03T14:35:04.302+0000] {logging_mixin.py:188} INFO - [2024-03-03T14:35:04.302+0000] {dag.py:3036} INFO - Sync 1 DAGs
[2024-03-03T14:35:04.321+0000] {logging_mixin.py:188} INFO - [2024-03-03T14:35:04.321+0000] {dag.py:3823} INFO - Setting next_dagrun for sample_dag to 2024-02-21 20:08:00+00:00, run_after=2024-02-22 20:08:00+00:00
[2024-03-03T14:35:04.335+0000] {processor.py:183} INFO - Processing /opt/airflow/dags/sample3.py took 0.065 seconds
[2024-03-03T14:35:34.669+0000] {processor.py:161} INFO - Started process (PID=127) to work on /opt/airflow/dags/sample3.py
[2024-03-03T14:35:34.670+0000] {processor.py:830} INFO - Processing file /opt/airflow/dags/sample3.py for tasks to queue
[2024-03-03T14:35:34.671+0000] {logging_mixin.py:188} INFO - [2024-03-03T14:35:34.671+0000] {dagbag.py:538} INFO - Filling up the DagBag from /opt/airflow/dags/sample3.py
[2024-03-03T14:35:34.685+0000] {processor.py:840} INFO - DAG(s) 'sample_dag' retrieved from /opt/airflow/dags/sample3.py
[2024-03-03T14:35:34.693+0000] {logging_mixin.py:188} INFO - [2024-03-03T14:35:34.693+0000] {dag.py:3036} INFO - Sync 1 DAGs
[2024-03-03T14:35:34.708+0000] {logging_mixin.py:188} INFO - [2024-03-03T14:35:34.708+0000] {dag.py:3823} INFO - Setting next_dagrun for sample_dag to 2024-02-21 20:08:00+00:00, run_after=2024-02-22 20:08:00+00:00
[2024-03-03T14:35:34.720+0000] {processor.py:183} INFO - Processing /opt/airflow/dags/sample3.py took 0.052 seconds
[2024-03-03T14:36:05.094+0000] {processor.py:161} INFO - Started process (PID=139) to work on /opt/airflow/dags/sample3.py
[2024-03-03T14:36:05.096+0000] {processor.py:830} INFO - Processing file /opt/airflow/dags/sample3.py for tasks to queue
[2024-03-03T14:36:05.097+0000] {logging_mixin.py:188} INFO - [2024-03-03T14:36:05.097+0000] {dagbag.py:538} INFO - Filling up the DagBag from /opt/airflow/dags/sample3.py
[2024-03-03T14:36:05.125+0000] {processor.py:840} INFO - DAG(s) 'sample_dag' retrieved from /opt/airflow/dags/sample3.py
[2024-03-03T14:36:05.154+0000] {logging_mixin.py:188} INFO - [2024-03-03T14:36:05.152+0000] {dag.py:3036} INFO - Sync 1 DAGs
[2024-03-03T14:36:05.237+0000] {logging_mixin.py:188} INFO - [2024-03-03T14:36:05.237+0000] {dag.py:3823} INFO - Setting next_dagrun for sample_dag to 2024-02-21 20:08:00+00:00, run_after=2024-02-22 20:08:00+00:00
[2024-03-03T14:36:05.254+0000] {processor.py:183} INFO - Processing /opt/airflow/dags/sample3.py took 0.172 seconds
[2024-03-03T14:36:35.584+0000] {processor.py:161} INFO - Started process (PID=151) to work on /opt/airflow/dags/sample3.py
[2024-03-03T14:36:35.585+0000] {processor.py:830} INFO - Processing file /opt/airflow/dags/sample3.py for tasks to queue
[2024-03-03T14:36:35.585+0000] {logging_mixin.py:188} INFO - [2024-03-03T14:36:35.585+0000] {dagbag.py:538} INFO - Filling up the DagBag from /opt/airflow/dags/sample3.py
[2024-03-03T14:36:35.600+0000] {processor.py:840} INFO - DAG(s) 'sample_dag' retrieved from /opt/airflow/dags/sample3.py
[2024-03-03T14:36:35.609+0000] {logging_mixin.py:188} INFO - [2024-03-03T14:36:35.609+0000] {dag.py:3036} INFO - Sync 1 DAGs
[2024-03-03T14:36:35.623+0000] {logging_mixin.py:188} INFO - [2024-03-03T14:36:35.622+0000] {dag.py:3823} INFO - Setting next_dagrun for sample_dag to 2024-02-21 20:08:00+00:00, run_after=2024-02-22 20:08:00+00:00
[2024-03-03T14:36:35.636+0000] {processor.py:183} INFO - Processing /opt/airflow/dags/sample3.py took 0.053 seconds
[2024-03-03T14:52:15.199+0000] {processor.py:161} INFO - Started process (PID=42) to work on /opt/airflow/dags/sample3.py
[2024-03-03T14:52:15.199+0000] {processor.py:830} INFO - Processing file /opt/airflow/dags/sample3.py for tasks to queue
[2024-03-03T14:52:15.200+0000] {logging_mixin.py:188} INFO - [2024-03-03T14:52:15.200+0000] {dagbag.py:538} INFO - Filling up the DagBag from /opt/airflow/dags/sample3.py
[2024-03-03T14:52:15.219+0000] {processor.py:840} INFO - DAG(s) 'sample_dag' retrieved from /opt/airflow/dags/sample3.py
[2024-03-03T14:52:15.230+0000] {logging_mixin.py:188} INFO - [2024-03-03T14:52:15.230+0000] {dag.py:3036} INFO - Sync 1 DAGs
[2024-03-03T14:52:15.249+0000] {logging_mixin.py:188} INFO - [2024-03-03T14:52:15.249+0000] {dag.py:3823} INFO - Setting next_dagrun for sample_dag to 2024-02-21 20:08:00+00:00, run_after=2024-02-22 20:08:00+00:00
[2024-03-03T14:52:15.267+0000] {processor.py:183} INFO - Processing /opt/airflow/dags/sample3.py took 0.070 seconds
[2024-03-03T14:52:45.786+0000] {processor.py:161} INFO - Started process (PID=54) to work on /opt/airflow/dags/sample3.py
[2024-03-03T14:52:45.787+0000] {processor.py:830} INFO - Processing file /opt/airflow/dags/sample3.py for tasks to queue
[2024-03-03T14:52:45.788+0000] {logging_mixin.py:188} INFO - [2024-03-03T14:52:45.788+0000] {dagbag.py:538} INFO - Filling up the DagBag from /opt/airflow/dags/sample3.py
[2024-03-03T14:52:45.806+0000] {processor.py:840} INFO - DAG(s) 'sample_dag' retrieved from /opt/airflow/dags/sample3.py
[2024-03-03T14:52:45.816+0000] {logging_mixin.py:188} INFO - [2024-03-03T14:52:45.816+0000] {dag.py:3036} INFO - Sync 1 DAGs
[2024-03-03T14:52:45.834+0000] {logging_mixin.py:188} INFO - [2024-03-03T14:52:45.834+0000] {dag.py:3823} INFO - Setting next_dagrun for sample_dag to 2024-02-21 20:08:00+00:00, run_after=2024-02-22 20:08:00+00:00
[2024-03-03T14:52:45.847+0000] {processor.py:183} INFO - Processing /opt/airflow/dags/sample3.py took 0.063 seconds
[2024-03-03T14:53:16.130+0000] {processor.py:161} INFO - Started process (PID=66) to work on /opt/airflow/dags/sample3.py
[2024-03-03T14:53:16.131+0000] {processor.py:830} INFO - Processing file /opt/airflow/dags/sample3.py for tasks to queue
[2024-03-03T14:53:16.133+0000] {logging_mixin.py:188} INFO - [2024-03-03T14:53:16.132+0000] {dagbag.py:538} INFO - Filling up the DagBag from /opt/airflow/dags/sample3.py
[2024-03-03T14:53:16.150+0000] {processor.py:840} INFO - DAG(s) 'sample_dag' retrieved from /opt/airflow/dags/sample3.py
[2024-03-03T14:53:16.162+0000] {logging_mixin.py:188} INFO - [2024-03-03T14:53:16.162+0000] {dag.py:3036} INFO - Sync 1 DAGs
[2024-03-03T14:53:16.183+0000] {logging_mixin.py:188} INFO - [2024-03-03T14:53:16.182+0000] {dag.py:3823} INFO - Setting next_dagrun for sample_dag to 2024-02-21 20:08:00+00:00, run_after=2024-02-22 20:08:00+00:00
[2024-03-03T14:53:16.197+0000] {processor.py:183} INFO - Processing /opt/airflow/dags/sample3.py took 0.069 seconds
