[2024-03-09T09:59:43.410+0000] {processor.py:161} INFO - Started process (PID=41) to work on /opt/airflow/dags/my_first_dag.py
[2024-03-09T09:59:43.411+0000] {processor.py:830} INFO - Processing file /opt/airflow/dags/my_first_dag.py for tasks to queue
[2024-03-09T09:59:43.412+0000] {logging_mixin.py:188} INFO - [2024-03-09T09:59:43.412+0000] {dagbag.py:538} INFO - Filling up the DagBag from /opt/airflow/dags/my_first_dag.py
[2024-03-09T09:59:43.420+0000] {processor.py:840} INFO - DAG(s) 'my_first_dag_1' retrieved from /opt/airflow/dags/my_first_dag.py
[2024-03-09T09:59:43.456+0000] {logging_mixin.py:188} INFO - [2024-03-09T09:59:43.454+0000] {dag.py:3036} INFO - Sync 1 DAGs
[2024-03-09T09:59:43.484+0000] {logging_mixin.py:188} INFO - [2024-03-09T09:59:43.484+0000] {dag.py:3823} INFO - Setting next_dagrun for my_first_dag_1 to 2024-01-29 00:50:00+00:00, run_after=2024-01-29 01:50:00+00:00
[2024-03-09T09:59:43.504+0000] {processor.py:183} INFO - Processing /opt/airflow/dags/my_first_dag.py took 0.097 seconds
[2024-03-09T10:00:13.976+0000] {processor.py:161} INFO - Started process (PID=53) to work on /opt/airflow/dags/my_first_dag.py
[2024-03-09T10:00:13.977+0000] {processor.py:830} INFO - Processing file /opt/airflow/dags/my_first_dag.py for tasks to queue
[2024-03-09T10:00:13.978+0000] {logging_mixin.py:188} INFO - [2024-03-09T10:00:13.977+0000] {dagbag.py:538} INFO - Filling up the DagBag from /opt/airflow/dags/my_first_dag.py
[2024-03-09T10:00:13.984+0000] {processor.py:840} INFO - DAG(s) 'my_first_dag_1' retrieved from /opt/airflow/dags/my_first_dag.py
[2024-03-09T10:00:14.001+0000] {logging_mixin.py:188} INFO - [2024-03-09T10:00:14.000+0000] {dag.py:3036} INFO - Sync 1 DAGs
[2024-03-09T10:00:14.016+0000] {logging_mixin.py:188} INFO - [2024-03-09T10:00:14.016+0000] {dag.py:3823} INFO - Setting next_dagrun for my_first_dag_1 to 2024-01-29 00:50:00+00:00, run_after=2024-01-29 01:50:00+00:00
[2024-03-09T10:00:14.030+0000] {processor.py:183} INFO - Processing /opt/airflow/dags/my_first_dag.py took 0.056 seconds
[2024-03-09T10:00:44.352+0000] {processor.py:161} INFO - Started process (PID=65) to work on /opt/airflow/dags/my_first_dag.py
[2024-03-09T10:00:44.352+0000] {processor.py:830} INFO - Processing file /opt/airflow/dags/my_first_dag.py for tasks to queue
[2024-03-09T10:00:44.353+0000] {logging_mixin.py:188} INFO - [2024-03-09T10:00:44.353+0000] {dagbag.py:538} INFO - Filling up the DagBag from /opt/airflow/dags/my_first_dag.py
[2024-03-09T10:00:44.360+0000] {processor.py:840} INFO - DAG(s) 'my_first_dag_1' retrieved from /opt/airflow/dags/my_first_dag.py
[2024-03-09T10:00:44.376+0000] {logging_mixin.py:188} INFO - [2024-03-09T10:00:44.375+0000] {dag.py:3036} INFO - Sync 1 DAGs
[2024-03-09T10:00:44.390+0000] {logging_mixin.py:188} INFO - [2024-03-09T10:00:44.390+0000] {dag.py:3823} INFO - Setting next_dagrun for my_first_dag_1 to 2024-01-29 00:50:00+00:00, run_after=2024-01-29 01:50:00+00:00
[2024-03-09T10:00:44.401+0000] {processor.py:183} INFO - Processing /opt/airflow/dags/my_first_dag.py took 0.051 seconds
[2024-03-09T10:01:14.676+0000] {processor.py:161} INFO - Started process (PID=77) to work on /opt/airflow/dags/my_first_dag.py
[2024-03-09T10:01:14.677+0000] {processor.py:830} INFO - Processing file /opt/airflow/dags/my_first_dag.py for tasks to queue
[2024-03-09T10:01:14.680+0000] {logging_mixin.py:188} INFO - [2024-03-09T10:01:14.679+0000] {dagbag.py:538} INFO - Filling up the DagBag from /opt/airflow/dags/my_first_dag.py
[2024-03-09T10:01:14.689+0000] {processor.py:840} INFO - DAG(s) 'my_first_dag_1' retrieved from /opt/airflow/dags/my_first_dag.py
[2024-03-09T10:01:14.737+0000] {logging_mixin.py:188} INFO - [2024-03-09T10:01:14.736+0000] {dag.py:3036} INFO - Sync 1 DAGs
[2024-03-09T10:01:14.760+0000] {logging_mixin.py:188} INFO - [2024-03-09T10:01:14.760+0000] {dag.py:3823} INFO - Setting next_dagrun for my_first_dag_1 to 2024-01-29 00:50:00+00:00, run_after=2024-01-29 01:50:00+00:00
[2024-03-09T10:01:14.777+0000] {processor.py:183} INFO - Processing /opt/airflow/dags/my_first_dag.py took 0.105 seconds
[2024-03-09T10:01:45.061+0000] {processor.py:161} INFO - Started process (PID=89) to work on /opt/airflow/dags/my_first_dag.py
[2024-03-09T10:01:45.062+0000] {processor.py:830} INFO - Processing file /opt/airflow/dags/my_first_dag.py for tasks to queue
[2024-03-09T10:01:45.063+0000] {logging_mixin.py:188} INFO - [2024-03-09T10:01:45.063+0000] {dagbag.py:538} INFO - Filling up the DagBag from /opt/airflow/dags/my_first_dag.py
[2024-03-09T10:01:45.069+0000] {processor.py:840} INFO - DAG(s) 'my_first_dag_1' retrieved from /opt/airflow/dags/my_first_dag.py
[2024-03-09T10:01:45.084+0000] {logging_mixin.py:188} INFO - [2024-03-09T10:01:45.084+0000] {dag.py:3036} INFO - Sync 1 DAGs
[2024-03-09T10:01:45.100+0000] {logging_mixin.py:188} INFO - [2024-03-09T10:01:45.100+0000] {dag.py:3823} INFO - Setting next_dagrun for my_first_dag_1 to 2024-01-29 00:50:00+00:00, run_after=2024-01-29 01:50:00+00:00
[2024-03-09T10:01:45.113+0000] {processor.py:183} INFO - Processing /opt/airflow/dags/my_first_dag.py took 0.053 seconds
[2024-03-09T10:02:15.468+0000] {processor.py:161} INFO - Started process (PID=101) to work on /opt/airflow/dags/my_first_dag.py
[2024-03-09T10:02:15.469+0000] {processor.py:830} INFO - Processing file /opt/airflow/dags/my_first_dag.py for tasks to queue
[2024-03-09T10:02:15.470+0000] {logging_mixin.py:188} INFO - [2024-03-09T10:02:15.470+0000] {dagbag.py:538} INFO - Filling up the DagBag from /opt/airflow/dags/my_first_dag.py
[2024-03-09T10:02:15.477+0000] {processor.py:840} INFO - DAG(s) 'my_first_dag_1' retrieved from /opt/airflow/dags/my_first_dag.py
[2024-03-09T10:02:15.491+0000] {logging_mixin.py:188} INFO - [2024-03-09T10:02:15.491+0000] {dag.py:3036} INFO - Sync 1 DAGs
[2024-03-09T10:02:15.507+0000] {logging_mixin.py:188} INFO - [2024-03-09T10:02:15.507+0000] {dag.py:3823} INFO - Setting next_dagrun for my_first_dag_1 to 2024-01-29 00:50:00+00:00, run_after=2024-01-29 01:50:00+00:00
[2024-03-09T10:02:15.522+0000] {processor.py:183} INFO - Processing /opt/airflow/dags/my_first_dag.py took 0.055 seconds
[2024-03-09T10:02:45.843+0000] {processor.py:161} INFO - Started process (PID=113) to work on /opt/airflow/dags/my_first_dag.py
[2024-03-09T10:02:45.844+0000] {processor.py:830} INFO - Processing file /opt/airflow/dags/my_first_dag.py for tasks to queue
[2024-03-09T10:02:45.846+0000] {logging_mixin.py:188} INFO - [2024-03-09T10:02:45.845+0000] {dagbag.py:538} INFO - Filling up the DagBag from /opt/airflow/dags/my_first_dag.py
[2024-03-09T10:02:45.854+0000] {processor.py:840} INFO - DAG(s) 'my_first_dag_1' retrieved from /opt/airflow/dags/my_first_dag.py
[2024-03-09T10:02:45.872+0000] {logging_mixin.py:188} INFO - [2024-03-09T10:02:45.872+0000] {dag.py:3036} INFO - Sync 1 DAGs
[2024-03-09T10:02:45.889+0000] {logging_mixin.py:188} INFO - [2024-03-09T10:02:45.889+0000] {dag.py:3823} INFO - Setting next_dagrun for my_first_dag_1 to 2024-01-29 00:50:00+00:00, run_after=2024-01-29 01:50:00+00:00
[2024-03-09T10:02:45.903+0000] {processor.py:183} INFO - Processing /opt/airflow/dags/my_first_dag.py took 0.062 seconds
[2024-03-09T10:03:16.263+0000] {processor.py:161} INFO - Started process (PID=125) to work on /opt/airflow/dags/my_first_dag.py
[2024-03-09T10:03:16.264+0000] {processor.py:830} INFO - Processing file /opt/airflow/dags/my_first_dag.py for tasks to queue
[2024-03-09T10:03:16.265+0000] {logging_mixin.py:188} INFO - [2024-03-09T10:03:16.264+0000] {dagbag.py:538} INFO - Filling up the DagBag from /opt/airflow/dags/my_first_dag.py
[2024-03-09T10:03:16.271+0000] {processor.py:840} INFO - DAG(s) 'my_first_dag_1' retrieved from /opt/airflow/dags/my_first_dag.py
[2024-03-09T10:03:16.289+0000] {logging_mixin.py:188} INFO - [2024-03-09T10:03:16.289+0000] {dag.py:3036} INFO - Sync 1 DAGs
[2024-03-09T10:03:16.304+0000] {logging_mixin.py:188} INFO - [2024-03-09T10:03:16.304+0000] {dag.py:3823} INFO - Setting next_dagrun for my_first_dag_1 to 2024-01-29 00:50:00+00:00, run_after=2024-01-29 01:50:00+00:00
[2024-03-09T10:03:16.316+0000] {processor.py:183} INFO - Processing /opt/airflow/dags/my_first_dag.py took 0.055 seconds
[2024-03-09T10:03:46.669+0000] {processor.py:161} INFO - Started process (PID=137) to work on /opt/airflow/dags/my_first_dag.py
[2024-03-09T10:03:46.669+0000] {processor.py:830} INFO - Processing file /opt/airflow/dags/my_first_dag.py for tasks to queue
[2024-03-09T10:03:46.670+0000] {logging_mixin.py:188} INFO - [2024-03-09T10:03:46.670+0000] {dagbag.py:538} INFO - Filling up the DagBag from /opt/airflow/dags/my_first_dag.py
[2024-03-09T10:03:46.677+0000] {processor.py:840} INFO - DAG(s) 'my_first_dag_1' retrieved from /opt/airflow/dags/my_first_dag.py
[2024-03-09T10:03:46.697+0000] {logging_mixin.py:188} INFO - [2024-03-09T10:03:46.697+0000] {dag.py:3036} INFO - Sync 1 DAGs
[2024-03-09T10:03:46.716+0000] {logging_mixin.py:188} INFO - [2024-03-09T10:03:46.716+0000] {dag.py:3823} INFO - Setting next_dagrun for my_first_dag_1 to 2024-01-29 00:50:00+00:00, run_after=2024-01-29 01:50:00+00:00
[2024-03-09T10:03:46.730+0000] {processor.py:183} INFO - Processing /opt/airflow/dags/my_first_dag.py took 0.063 seconds
[2024-03-09T10:04:17.066+0000] {processor.py:161} INFO - Started process (PID=149) to work on /opt/airflow/dags/my_first_dag.py
[2024-03-09T10:04:17.067+0000] {processor.py:830} INFO - Processing file /opt/airflow/dags/my_first_dag.py for tasks to queue
[2024-03-09T10:04:17.068+0000] {logging_mixin.py:188} INFO - [2024-03-09T10:04:17.068+0000] {dagbag.py:538} INFO - Filling up the DagBag from /opt/airflow/dags/my_first_dag.py
[2024-03-09T10:04:17.077+0000] {processor.py:840} INFO - DAG(s) 'my_first_dag_1' retrieved from /opt/airflow/dags/my_first_dag.py
[2024-03-09T10:04:17.091+0000] {logging_mixin.py:188} INFO - [2024-03-09T10:04:17.091+0000] {dag.py:3036} INFO - Sync 1 DAGs
[2024-03-09T10:04:17.111+0000] {logging_mixin.py:188} INFO - [2024-03-09T10:04:17.111+0000] {dag.py:3823} INFO - Setting next_dagrun for my_first_dag_1 to 2024-01-29 00:50:00+00:00, run_after=2024-01-29 01:50:00+00:00
[2024-03-09T10:04:17.127+0000] {processor.py:183} INFO - Processing /opt/airflow/dags/my_first_dag.py took 0.062 seconds
[2024-03-09T10:04:47.456+0000] {processor.py:161} INFO - Started process (PID=161) to work on /opt/airflow/dags/my_first_dag.py
[2024-03-09T10:04:47.457+0000] {processor.py:830} INFO - Processing file /opt/airflow/dags/my_first_dag.py for tasks to queue
[2024-03-09T10:04:47.458+0000] {logging_mixin.py:188} INFO - [2024-03-09T10:04:47.457+0000] {dagbag.py:538} INFO - Filling up the DagBag from /opt/airflow/dags/my_first_dag.py
[2024-03-09T10:04:47.464+0000] {processor.py:840} INFO - DAG(s) 'my_first_dag_1' retrieved from /opt/airflow/dags/my_first_dag.py
[2024-03-09T10:04:47.482+0000] {logging_mixin.py:188} INFO - [2024-03-09T10:04:47.481+0000] {dag.py:3036} INFO - Sync 1 DAGs
[2024-03-09T10:04:47.500+0000] {logging_mixin.py:188} INFO - [2024-03-09T10:04:47.499+0000] {dag.py:3823} INFO - Setting next_dagrun for my_first_dag_1 to 2024-01-29 00:50:00+00:00, run_after=2024-01-29 01:50:00+00:00
[2024-03-09T10:04:47.513+0000] {processor.py:183} INFO - Processing /opt/airflow/dags/my_first_dag.py took 0.059 seconds
[2024-03-09T10:05:17.848+0000] {processor.py:161} INFO - Started process (PID=173) to work on /opt/airflow/dags/my_first_dag.py
[2024-03-09T10:05:17.849+0000] {processor.py:830} INFO - Processing file /opt/airflow/dags/my_first_dag.py for tasks to queue
[2024-03-09T10:05:17.851+0000] {logging_mixin.py:188} INFO - [2024-03-09T10:05:17.850+0000] {dagbag.py:538} INFO - Filling up the DagBag from /opt/airflow/dags/my_first_dag.py
[2024-03-09T10:05:17.859+0000] {processor.py:840} INFO - DAG(s) 'my_first_dag_1' retrieved from /opt/airflow/dags/my_first_dag.py
[2024-03-09T10:05:17.878+0000] {logging_mixin.py:188} INFO - [2024-03-09T10:05:17.878+0000] {dag.py:3036} INFO - Sync 1 DAGs
[2024-03-09T10:05:17.898+0000] {logging_mixin.py:188} INFO - [2024-03-09T10:05:17.898+0000] {dag.py:3823} INFO - Setting next_dagrun for my_first_dag_1 to 2024-01-29 00:50:00+00:00, run_after=2024-01-29 01:50:00+00:00
[2024-03-09T10:05:17.914+0000] {processor.py:183} INFO - Processing /opt/airflow/dags/my_first_dag.py took 0.068 seconds
[2024-03-09T10:05:48.228+0000] {processor.py:161} INFO - Started process (PID=185) to work on /opt/airflow/dags/my_first_dag.py
[2024-03-09T10:05:48.228+0000] {processor.py:830} INFO - Processing file /opt/airflow/dags/my_first_dag.py for tasks to queue
[2024-03-09T10:05:48.229+0000] {logging_mixin.py:188} INFO - [2024-03-09T10:05:48.229+0000] {dagbag.py:538} INFO - Filling up the DagBag from /opt/airflow/dags/my_first_dag.py
[2024-03-09T10:05:48.236+0000] {processor.py:840} INFO - DAG(s) 'my_first_dag_1' retrieved from /opt/airflow/dags/my_first_dag.py
[2024-03-09T10:05:48.257+0000] {logging_mixin.py:188} INFO - [2024-03-09T10:05:48.256+0000] {dag.py:3036} INFO - Sync 1 DAGs
[2024-03-09T10:05:48.279+0000] {logging_mixin.py:188} INFO - [2024-03-09T10:05:48.279+0000] {dag.py:3823} INFO - Setting next_dagrun for my_first_dag_1 to 2024-01-29 00:50:00+00:00, run_after=2024-01-29 01:50:00+00:00
[2024-03-09T10:05:48.296+0000] {processor.py:183} INFO - Processing /opt/airflow/dags/my_first_dag.py took 0.071 seconds
[2024-03-09T10:06:18.605+0000] {processor.py:161} INFO - Started process (PID=197) to work on /opt/airflow/dags/my_first_dag.py
[2024-03-09T10:06:18.606+0000] {processor.py:830} INFO - Processing file /opt/airflow/dags/my_first_dag.py for tasks to queue
[2024-03-09T10:06:18.607+0000] {logging_mixin.py:188} INFO - [2024-03-09T10:06:18.607+0000] {dagbag.py:538} INFO - Filling up the DagBag from /opt/airflow/dags/my_first_dag.py
[2024-03-09T10:06:18.614+0000] {processor.py:840} INFO - DAG(s) 'my_first_dag_1' retrieved from /opt/airflow/dags/my_first_dag.py
[2024-03-09T10:06:18.634+0000] {logging_mixin.py:188} INFO - [2024-03-09T10:06:18.634+0000] {dag.py:3036} INFO - Sync 1 DAGs
[2024-03-09T10:06:18.653+0000] {logging_mixin.py:188} INFO - [2024-03-09T10:06:18.653+0000] {dag.py:3823} INFO - Setting next_dagrun for my_first_dag_1 to 2024-01-29 00:50:00+00:00, run_after=2024-01-29 01:50:00+00:00
[2024-03-09T10:06:18.667+0000] {processor.py:183} INFO - Processing /opt/airflow/dags/my_first_dag.py took 0.066 seconds
[2024-03-09T10:06:48.983+0000] {processor.py:161} INFO - Started process (PID=209) to work on /opt/airflow/dags/my_first_dag.py
[2024-03-09T10:06:48.983+0000] {processor.py:830} INFO - Processing file /opt/airflow/dags/my_first_dag.py for tasks to queue
[2024-03-09T10:06:48.985+0000] {logging_mixin.py:188} INFO - [2024-03-09T10:06:48.985+0000] {dagbag.py:538} INFO - Filling up the DagBag from /opt/airflow/dags/my_first_dag.py
[2024-03-09T10:06:48.991+0000] {processor.py:840} INFO - DAG(s) 'my_first_dag_1' retrieved from /opt/airflow/dags/my_first_dag.py
[2024-03-09T10:06:49.006+0000] {logging_mixin.py:188} INFO - [2024-03-09T10:06:49.006+0000] {dag.py:3036} INFO - Sync 1 DAGs
[2024-03-09T10:06:49.022+0000] {logging_mixin.py:188} INFO - [2024-03-09T10:06:49.022+0000] {dag.py:3823} INFO - Setting next_dagrun for my_first_dag_1 to 2024-01-29 00:50:00+00:00, run_after=2024-01-29 01:50:00+00:00
[2024-03-09T10:06:49.034+0000] {processor.py:183} INFO - Processing /opt/airflow/dags/my_first_dag.py took 0.054 seconds
[2024-03-09T10:07:19.396+0000] {processor.py:161} INFO - Started process (PID=221) to work on /opt/airflow/dags/my_first_dag.py
[2024-03-09T10:07:19.397+0000] {processor.py:830} INFO - Processing file /opt/airflow/dags/my_first_dag.py for tasks to queue
[2024-03-09T10:07:19.398+0000] {logging_mixin.py:188} INFO - [2024-03-09T10:07:19.398+0000] {dagbag.py:538} INFO - Filling up the DagBag from /opt/airflow/dags/my_first_dag.py
[2024-03-09T10:07:19.408+0000] {processor.py:840} INFO - DAG(s) 'my_first_dag_1' retrieved from /opt/airflow/dags/my_first_dag.py
[2024-03-09T10:07:19.424+0000] {logging_mixin.py:188} INFO - [2024-03-09T10:07:19.424+0000] {dag.py:3036} INFO - Sync 1 DAGs
[2024-03-09T10:07:19.442+0000] {logging_mixin.py:188} INFO - [2024-03-09T10:07:19.442+0000] {dag.py:3823} INFO - Setting next_dagrun for my_first_dag_1 to 2024-01-29 00:50:00+00:00, run_after=2024-01-29 01:50:00+00:00
[2024-03-09T10:07:19.457+0000] {processor.py:183} INFO - Processing /opt/airflow/dags/my_first_dag.py took 0.063 seconds
[2024-03-09T10:07:49.796+0000] {processor.py:161} INFO - Started process (PID=233) to work on /opt/airflow/dags/my_first_dag.py
[2024-03-09T10:07:49.796+0000] {processor.py:830} INFO - Processing file /opt/airflow/dags/my_first_dag.py for tasks to queue
[2024-03-09T10:07:49.798+0000] {logging_mixin.py:188} INFO - [2024-03-09T10:07:49.797+0000] {dagbag.py:538} INFO - Filling up the DagBag from /opt/airflow/dags/my_first_dag.py
[2024-03-09T10:07:49.804+0000] {processor.py:840} INFO - DAG(s) 'my_first_dag_1' retrieved from /opt/airflow/dags/my_first_dag.py
[2024-03-09T10:07:49.824+0000] {logging_mixin.py:188} INFO - [2024-03-09T10:07:49.823+0000] {dag.py:3036} INFO - Sync 1 DAGs
[2024-03-09T10:07:49.842+0000] {logging_mixin.py:188} INFO - [2024-03-09T10:07:49.842+0000] {dag.py:3823} INFO - Setting next_dagrun for my_first_dag_1 to 2024-01-29 00:50:00+00:00, run_after=2024-01-29 01:50:00+00:00
[2024-03-09T10:07:49.857+0000] {processor.py:183} INFO - Processing /opt/airflow/dags/my_first_dag.py took 0.064 seconds
[2024-03-09T10:08:20.148+0000] {processor.py:161} INFO - Started process (PID=245) to work on /opt/airflow/dags/my_first_dag.py
[2024-03-09T10:08:20.149+0000] {processor.py:830} INFO - Processing file /opt/airflow/dags/my_first_dag.py for tasks to queue
[2024-03-09T10:08:20.150+0000] {logging_mixin.py:188} INFO - [2024-03-09T10:08:20.150+0000] {dagbag.py:538} INFO - Filling up the DagBag from /opt/airflow/dags/my_first_dag.py
[2024-03-09T10:08:20.156+0000] {processor.py:840} INFO - DAG(s) 'my_first_dag_1' retrieved from /opt/airflow/dags/my_first_dag.py
[2024-03-09T10:08:20.173+0000] {logging_mixin.py:188} INFO - [2024-03-09T10:08:20.173+0000] {dag.py:3036} INFO - Sync 1 DAGs
[2024-03-09T10:08:20.191+0000] {logging_mixin.py:188} INFO - [2024-03-09T10:08:20.191+0000] {dag.py:3823} INFO - Setting next_dagrun for my_first_dag_1 to 2024-01-29 00:50:00+00:00, run_after=2024-01-29 01:50:00+00:00
[2024-03-09T10:08:20.203+0000] {processor.py:183} INFO - Processing /opt/airflow/dags/my_first_dag.py took 0.057 seconds
[2024-03-09T10:08:50.540+0000] {processor.py:161} INFO - Started process (PID=257) to work on /opt/airflow/dags/my_first_dag.py
[2024-03-09T10:08:50.540+0000] {processor.py:830} INFO - Processing file /opt/airflow/dags/my_first_dag.py for tasks to queue
[2024-03-09T10:08:50.541+0000] {logging_mixin.py:188} INFO - [2024-03-09T10:08:50.541+0000] {dagbag.py:538} INFO - Filling up the DagBag from /opt/airflow/dags/my_first_dag.py
[2024-03-09T10:08:50.548+0000] {processor.py:840} INFO - DAG(s) 'my_first_dag_1' retrieved from /opt/airflow/dags/my_first_dag.py
[2024-03-09T10:08:50.566+0000] {logging_mixin.py:188} INFO - [2024-03-09T10:08:50.566+0000] {dag.py:3036} INFO - Sync 1 DAGs
[2024-03-09T10:08:50.584+0000] {logging_mixin.py:188} INFO - [2024-03-09T10:08:50.584+0000] {dag.py:3823} INFO - Setting next_dagrun for my_first_dag_1 to 2024-01-29 00:50:00+00:00, run_after=2024-01-29 01:50:00+00:00
[2024-03-09T10:08:50.597+0000] {processor.py:183} INFO - Processing /opt/airflow/dags/my_first_dag.py took 0.059 seconds
[2024-03-09T10:09:20.946+0000] {processor.py:161} INFO - Started process (PID=269) to work on /opt/airflow/dags/my_first_dag.py
[2024-03-09T10:09:20.947+0000] {processor.py:830} INFO - Processing file /opt/airflow/dags/my_first_dag.py for tasks to queue
[2024-03-09T10:09:20.947+0000] {logging_mixin.py:188} INFO - [2024-03-09T10:09:20.947+0000] {dagbag.py:538} INFO - Filling up the DagBag from /opt/airflow/dags/my_first_dag.py
[2024-03-09T10:09:20.954+0000] {processor.py:840} INFO - DAG(s) 'my_first_dag_1' retrieved from /opt/airflow/dags/my_first_dag.py
[2024-03-09T10:09:20.971+0000] {logging_mixin.py:188} INFO - [2024-03-09T10:09:20.970+0000] {dag.py:3036} INFO - Sync 1 DAGs
[2024-03-09T10:09:20.986+0000] {logging_mixin.py:188} INFO - [2024-03-09T10:09:20.986+0000] {dag.py:3823} INFO - Setting next_dagrun for my_first_dag_1 to 2024-01-29 00:50:00+00:00, run_after=2024-01-29 01:50:00+00:00
[2024-03-09T10:09:20.999+0000] {processor.py:183} INFO - Processing /opt/airflow/dags/my_first_dag.py took 0.056 seconds
[2024-03-09T10:10:25.472+0000] {processor.py:161} INFO - Started process (PID=281) to work on /opt/airflow/dags/my_first_dag.py
[2024-03-09T10:10:25.474+0000] {processor.py:830} INFO - Processing file /opt/airflow/dags/my_first_dag.py for tasks to queue
[2024-03-09T10:10:25.475+0000] {logging_mixin.py:188} INFO - [2024-03-09T10:10:25.475+0000] {dagbag.py:538} INFO - Filling up the DagBag from /opt/airflow/dags/my_first_dag.py
[2024-03-09T10:10:25.482+0000] {processor.py:840} INFO - DAG(s) 'my_first_dag_1' retrieved from /opt/airflow/dags/my_first_dag.py
[2024-03-09T10:10:25.500+0000] {logging_mixin.py:188} INFO - [2024-03-09T10:10:25.500+0000] {dag.py:3036} INFO - Sync 1 DAGs
[2024-03-09T10:10:25.520+0000] {logging_mixin.py:188} INFO - [2024-03-09T10:10:25.520+0000] {dag.py:3823} INFO - Setting next_dagrun for my_first_dag_1 to 2024-01-29 00:50:00+00:00, run_after=2024-01-29 01:50:00+00:00
[2024-03-09T10:10:25.535+0000] {processor.py:183} INFO - Processing /opt/airflow/dags/my_first_dag.py took 0.065 seconds
