[2024-03-09T09:59:43.694+0000] {processor.py:161} INFO - Started process (PID=43) to work on /opt/airflow/dags/Sample2.py
[2024-03-09T09:59:43.695+0000] {processor.py:830} INFO - Processing file /opt/airflow/dags/Sample2.py for tasks to queue
[2024-03-09T09:59:43.696+0000] {logging_mixin.py:188} INFO - [2024-03-09T09:59:43.696+0000] {dagbag.py:538} INFO - Filling up the DagBag from /opt/airflow/dags/Sample2.py
[2024-03-09T09:59:43.704+0000] {processor.py:840} INFO - DAG(s) 'my_dag' retrieved from /opt/airflow/dags/Sample2.py
[2024-03-09T09:59:43.723+0000] {logging_mixin.py:188} INFO - [2024-03-09T09:59:43.722+0000] {dag.py:3036} INFO - Sync 1 DAGs
[2024-03-09T09:59:43.761+0000] {logging_mixin.py:188} INFO - [2024-03-09T09:59:43.760+0000] {dag.py:3823} INFO - Setting next_dagrun for my_dag to 2024-03-09 09:58:00+00:00, run_after=2024-03-09 09:59:00+00:00
[2024-03-09T09:59:43.780+0000] {processor.py:183} INFO - Processing /opt/airflow/dags/Sample2.py took 0.087 seconds
[2024-03-09T10:00:14.044+0000] {processor.py:161} INFO - Started process (PID=55) to work on /opt/airflow/dags/Sample2.py
[2024-03-09T10:00:14.045+0000] {processor.py:830} INFO - Processing file /opt/airflow/dags/Sample2.py for tasks to queue
[2024-03-09T10:00:14.046+0000] {logging_mixin.py:188} INFO - [2024-03-09T10:00:14.045+0000] {dagbag.py:538} INFO - Filling up the DagBag from /opt/airflow/dags/Sample2.py
[2024-03-09T10:00:14.052+0000] {processor.py:840} INFO - DAG(s) 'my_dag' retrieved from /opt/airflow/dags/Sample2.py
[2024-03-09T10:00:14.067+0000] {logging_mixin.py:188} INFO - [2024-03-09T10:00:14.067+0000] {dag.py:3036} INFO - Sync 1 DAGs
[2024-03-09T10:00:14.082+0000] {logging_mixin.py:188} INFO - [2024-03-09T10:00:14.081+0000] {dag.py:3823} INFO - Setting next_dagrun for my_dag to 2024-03-09 09:59:00+00:00, run_after=2024-03-09 10:00:00+00:00
[2024-03-09T10:00:14.093+0000] {processor.py:183} INFO - Processing /opt/airflow/dags/Sample2.py took 0.052 seconds
[2024-03-09T10:00:44.415+0000] {processor.py:161} INFO - Started process (PID=67) to work on /opt/airflow/dags/Sample2.py
[2024-03-09T10:00:44.416+0000] {processor.py:830} INFO - Processing file /opt/airflow/dags/Sample2.py for tasks to queue
[2024-03-09T10:00:44.417+0000] {logging_mixin.py:188} INFO - [2024-03-09T10:00:44.416+0000] {dagbag.py:538} INFO - Filling up the DagBag from /opt/airflow/dags/Sample2.py
[2024-03-09T10:00:44.423+0000] {processor.py:840} INFO - DAG(s) 'my_dag' retrieved from /opt/airflow/dags/Sample2.py
[2024-03-09T10:00:44.444+0000] {logging_mixin.py:188} INFO - [2024-03-09T10:00:44.443+0000] {dag.py:3036} INFO - Sync 1 DAGs
[2024-03-09T10:00:44.458+0000] {logging_mixin.py:188} INFO - [2024-03-09T10:00:44.458+0000] {dag.py:3823} INFO - Setting next_dagrun for my_dag to 2024-03-09 09:59:00+00:00, run_after=2024-03-09 10:00:00+00:00
[2024-03-09T10:00:44.470+0000] {processor.py:183} INFO - Processing /opt/airflow/dags/Sample2.py took 0.057 seconds
[2024-03-09T10:01:14.794+0000] {processor.py:161} INFO - Started process (PID=79) to work on /opt/airflow/dags/Sample2.py
[2024-03-09T10:01:14.795+0000] {processor.py:830} INFO - Processing file /opt/airflow/dags/Sample2.py for tasks to queue
[2024-03-09T10:01:14.796+0000] {logging_mixin.py:188} INFO - [2024-03-09T10:01:14.796+0000] {dagbag.py:538} INFO - Filling up the DagBag from /opt/airflow/dags/Sample2.py
[2024-03-09T10:01:14.806+0000] {processor.py:840} INFO - DAG(s) 'my_dag' retrieved from /opt/airflow/dags/Sample2.py
[2024-03-09T10:01:14.824+0000] {logging_mixin.py:188} INFO - [2024-03-09T10:01:14.824+0000] {dag.py:3036} INFO - Sync 1 DAGs
[2024-03-09T10:01:14.839+0000] {logging_mixin.py:188} INFO - [2024-03-09T10:01:14.839+0000] {dag.py:3823} INFO - Setting next_dagrun for my_dag to 2024-03-09 10:00:00+00:00, run_after=2024-03-09 10:01:00+00:00
[2024-03-09T10:01:14.850+0000] {processor.py:183} INFO - Processing /opt/airflow/dags/Sample2.py took 0.058 seconds
[2024-03-09T10:01:45.126+0000] {processor.py:161} INFO - Started process (PID=91) to work on /opt/airflow/dags/Sample2.py
[2024-03-09T10:01:45.127+0000] {processor.py:830} INFO - Processing file /opt/airflow/dags/Sample2.py for tasks to queue
[2024-03-09T10:01:45.128+0000] {logging_mixin.py:188} INFO - [2024-03-09T10:01:45.128+0000] {dagbag.py:538} INFO - Filling up the DagBag from /opt/airflow/dags/Sample2.py
[2024-03-09T10:01:45.134+0000] {processor.py:840} INFO - DAG(s) 'my_dag' retrieved from /opt/airflow/dags/Sample2.py
[2024-03-09T10:01:45.152+0000] {logging_mixin.py:188} INFO - [2024-03-09T10:01:45.152+0000] {dag.py:3036} INFO - Sync 1 DAGs
[2024-03-09T10:01:45.168+0000] {logging_mixin.py:188} INFO - [2024-03-09T10:01:45.168+0000] {dag.py:3823} INFO - Setting next_dagrun for my_dag to 2024-03-09 10:00:00+00:00, run_after=2024-03-09 10:01:00+00:00
[2024-03-09T10:01:45.181+0000] {processor.py:183} INFO - Processing /opt/airflow/dags/Sample2.py took 0.057 seconds
[2024-03-09T10:02:15.535+0000] {processor.py:161} INFO - Started process (PID=103) to work on /opt/airflow/dags/Sample2.py
[2024-03-09T10:02:15.536+0000] {processor.py:830} INFO - Processing file /opt/airflow/dags/Sample2.py for tasks to queue
[2024-03-09T10:02:15.537+0000] {logging_mixin.py:188} INFO - [2024-03-09T10:02:15.537+0000] {dagbag.py:538} INFO - Filling up the DagBag from /opt/airflow/dags/Sample2.py
[2024-03-09T10:02:15.546+0000] {processor.py:840} INFO - DAG(s) 'my_dag' retrieved from /opt/airflow/dags/Sample2.py
[2024-03-09T10:02:15.562+0000] {logging_mixin.py:188} INFO - [2024-03-09T10:02:15.562+0000] {dag.py:3036} INFO - Sync 1 DAGs
[2024-03-09T10:02:15.577+0000] {logging_mixin.py:188} INFO - [2024-03-09T10:02:15.576+0000] {dag.py:3823} INFO - Setting next_dagrun for my_dag to 2024-03-09 10:01:00+00:00, run_after=2024-03-09 10:02:00+00:00
[2024-03-09T10:02:15.591+0000] {processor.py:183} INFO - Processing /opt/airflow/dags/Sample2.py took 0.058 seconds
[2024-03-09T10:02:45.917+0000] {processor.py:161} INFO - Started process (PID=115) to work on /opt/airflow/dags/Sample2.py
[2024-03-09T10:02:45.918+0000] {processor.py:830} INFO - Processing file /opt/airflow/dags/Sample2.py for tasks to queue
[2024-03-09T10:02:45.918+0000] {logging_mixin.py:188} INFO - [2024-03-09T10:02:45.918+0000] {dagbag.py:538} INFO - Filling up the DagBag from /opt/airflow/dags/Sample2.py
[2024-03-09T10:02:45.925+0000] {processor.py:840} INFO - DAG(s) 'my_dag' retrieved from /opt/airflow/dags/Sample2.py
[2024-03-09T10:02:45.941+0000] {logging_mixin.py:188} INFO - [2024-03-09T10:02:45.941+0000] {dag.py:3036} INFO - Sync 1 DAGs
[2024-03-09T10:02:45.956+0000] {logging_mixin.py:188} INFO - [2024-03-09T10:02:45.956+0000] {dag.py:3823} INFO - Setting next_dagrun for my_dag to 2024-03-09 10:01:00+00:00, run_after=2024-03-09 10:02:00+00:00
[2024-03-09T10:02:45.968+0000] {processor.py:183} INFO - Processing /opt/airflow/dags/Sample2.py took 0.053 seconds
[2024-03-09T10:03:16.331+0000] {processor.py:161} INFO - Started process (PID=127) to work on /opt/airflow/dags/Sample2.py
[2024-03-09T10:03:16.332+0000] {processor.py:830} INFO - Processing file /opt/airflow/dags/Sample2.py for tasks to queue
[2024-03-09T10:03:16.333+0000] {logging_mixin.py:188} INFO - [2024-03-09T10:03:16.332+0000] {dagbag.py:538} INFO - Filling up the DagBag from /opt/airflow/dags/Sample2.py
[2024-03-09T10:03:16.340+0000] {processor.py:840} INFO - DAG(s) 'my_dag' retrieved from /opt/airflow/dags/Sample2.py
[2024-03-09T10:03:16.360+0000] {logging_mixin.py:188} INFO - [2024-03-09T10:03:16.359+0000] {dag.py:3036} INFO - Sync 1 DAGs
[2024-03-09T10:03:16.375+0000] {logging_mixin.py:188} INFO - [2024-03-09T10:03:16.375+0000] {dag.py:3823} INFO - Setting next_dagrun for my_dag to 2024-03-09 10:02:00+00:00, run_after=2024-03-09 10:03:00+00:00
[2024-03-09T10:03:16.387+0000] {processor.py:183} INFO - Processing /opt/airflow/dags/Sample2.py took 0.058 seconds
[2024-03-09T10:03:46.743+0000] {processor.py:161} INFO - Started process (PID=139) to work on /opt/airflow/dags/Sample2.py
[2024-03-09T10:03:46.744+0000] {processor.py:830} INFO - Processing file /opt/airflow/dags/Sample2.py for tasks to queue
[2024-03-09T10:03:46.745+0000] {logging_mixin.py:188} INFO - [2024-03-09T10:03:46.745+0000] {dagbag.py:538} INFO - Filling up the DagBag from /opt/airflow/dags/Sample2.py
[2024-03-09T10:03:46.752+0000] {processor.py:840} INFO - DAG(s) 'my_dag' retrieved from /opt/airflow/dags/Sample2.py
[2024-03-09T10:03:46.768+0000] {logging_mixin.py:188} INFO - [2024-03-09T10:03:46.768+0000] {dag.py:3036} INFO - Sync 1 DAGs
[2024-03-09T10:03:46.784+0000] {logging_mixin.py:188} INFO - [2024-03-09T10:03:46.783+0000] {dag.py:3823} INFO - Setting next_dagrun for my_dag to 2024-03-09 10:02:00+00:00, run_after=2024-03-09 10:03:00+00:00
[2024-03-09T10:03:46.797+0000] {processor.py:183} INFO - Processing /opt/airflow/dags/Sample2.py took 0.056 seconds
[2024-03-09T10:04:17.139+0000] {processor.py:161} INFO - Started process (PID=151) to work on /opt/airflow/dags/Sample2.py
[2024-03-09T10:04:17.140+0000] {processor.py:830} INFO - Processing file /opt/airflow/dags/Sample2.py for tasks to queue
[2024-03-09T10:04:17.141+0000] {logging_mixin.py:188} INFO - [2024-03-09T10:04:17.141+0000] {dagbag.py:538} INFO - Filling up the DagBag from /opt/airflow/dags/Sample2.py
[2024-03-09T10:04:17.147+0000] {processor.py:840} INFO - DAG(s) 'my_dag' retrieved from /opt/airflow/dags/Sample2.py
[2024-03-09T10:04:17.163+0000] {logging_mixin.py:188} INFO - [2024-03-09T10:04:17.163+0000] {dag.py:3036} INFO - Sync 1 DAGs
[2024-03-09T10:04:17.178+0000] {logging_mixin.py:188} INFO - [2024-03-09T10:04:17.178+0000] {dag.py:3823} INFO - Setting next_dagrun for my_dag to 2024-03-09 10:03:00+00:00, run_after=2024-03-09 10:04:00+00:00
[2024-03-09T10:04:17.189+0000] {processor.py:183} INFO - Processing /opt/airflow/dags/Sample2.py took 0.052 seconds
[2024-03-09T10:04:47.527+0000] {processor.py:161} INFO - Started process (PID=163) to work on /opt/airflow/dags/Sample2.py
[2024-03-09T10:04:47.528+0000] {processor.py:830} INFO - Processing file /opt/airflow/dags/Sample2.py for tasks to queue
[2024-03-09T10:04:47.529+0000] {logging_mixin.py:188} INFO - [2024-03-09T10:04:47.529+0000] {dagbag.py:538} INFO - Filling up the DagBag from /opt/airflow/dags/Sample2.py
[2024-03-09T10:04:47.536+0000] {processor.py:840} INFO - DAG(s) 'my_dag' retrieved from /opt/airflow/dags/Sample2.py
[2024-03-09T10:04:47.551+0000] {logging_mixin.py:188} INFO - [2024-03-09T10:04:47.551+0000] {dag.py:3036} INFO - Sync 1 DAGs
[2024-03-09T10:04:47.566+0000] {logging_mixin.py:188} INFO - [2024-03-09T10:04:47.566+0000] {dag.py:3823} INFO - Setting next_dagrun for my_dag to 2024-03-09 10:03:00+00:00, run_after=2024-03-09 10:04:00+00:00
[2024-03-09T10:04:47.578+0000] {processor.py:183} INFO - Processing /opt/airflow/dags/Sample2.py took 0.053 seconds
[2024-03-09T10:05:17.930+0000] {processor.py:161} INFO - Started process (PID=175) to work on /opt/airflow/dags/Sample2.py
[2024-03-09T10:05:17.931+0000] {processor.py:830} INFO - Processing file /opt/airflow/dags/Sample2.py for tasks to queue
[2024-03-09T10:05:17.932+0000] {logging_mixin.py:188} INFO - [2024-03-09T10:05:17.931+0000] {dagbag.py:538} INFO - Filling up the DagBag from /opt/airflow/dags/Sample2.py
[2024-03-09T10:05:17.938+0000] {processor.py:840} INFO - DAG(s) 'my_dag' retrieved from /opt/airflow/dags/Sample2.py
[2024-03-09T10:05:17.957+0000] {logging_mixin.py:188} INFO - [2024-03-09T10:05:17.957+0000] {dag.py:3036} INFO - Sync 1 DAGs
[2024-03-09T10:05:17.978+0000] {logging_mixin.py:188} INFO - [2024-03-09T10:05:17.978+0000] {dag.py:3823} INFO - Setting next_dagrun for my_dag to 2024-03-09 10:04:00+00:00, run_after=2024-03-09 10:05:00+00:00
[2024-03-09T10:05:17.992+0000] {processor.py:183} INFO - Processing /opt/airflow/dags/Sample2.py took 0.065 seconds
[2024-03-09T10:05:48.313+0000] {processor.py:161} INFO - Started process (PID=187) to work on /opt/airflow/dags/Sample2.py
[2024-03-09T10:05:48.313+0000] {processor.py:830} INFO - Processing file /opt/airflow/dags/Sample2.py for tasks to queue
[2024-03-09T10:05:48.314+0000] {logging_mixin.py:188} INFO - [2024-03-09T10:05:48.314+0000] {dagbag.py:538} INFO - Filling up the DagBag from /opt/airflow/dags/Sample2.py
[2024-03-09T10:05:48.322+0000] {processor.py:840} INFO - DAG(s) 'my_dag' retrieved from /opt/airflow/dags/Sample2.py
[2024-03-09T10:05:48.342+0000] {logging_mixin.py:188} INFO - [2024-03-09T10:05:48.341+0000] {dag.py:3036} INFO - Sync 1 DAGs
[2024-03-09T10:05:48.359+0000] {logging_mixin.py:188} INFO - [2024-03-09T10:05:48.359+0000] {dag.py:3823} INFO - Setting next_dagrun for my_dag to 2024-03-09 10:04:00+00:00, run_after=2024-03-09 10:05:00+00:00
[2024-03-09T10:05:48.375+0000] {processor.py:183} INFO - Processing /opt/airflow/dags/Sample2.py took 0.064 seconds
[2024-03-09T10:06:18.683+0000] {processor.py:161} INFO - Started process (PID=199) to work on /opt/airflow/dags/Sample2.py
[2024-03-09T10:06:18.684+0000] {processor.py:830} INFO - Processing file /opt/airflow/dags/Sample2.py for tasks to queue
[2024-03-09T10:06:18.685+0000] {logging_mixin.py:188} INFO - [2024-03-09T10:06:18.685+0000] {dagbag.py:538} INFO - Filling up the DagBag from /opt/airflow/dags/Sample2.py
[2024-03-09T10:06:18.693+0000] {processor.py:840} INFO - DAG(s) 'my_dag' retrieved from /opt/airflow/dags/Sample2.py
[2024-03-09T10:06:18.714+0000] {logging_mixin.py:188} INFO - [2024-03-09T10:06:18.714+0000] {dag.py:3036} INFO - Sync 1 DAGs
[2024-03-09T10:06:18.732+0000] {logging_mixin.py:188} INFO - [2024-03-09T10:06:18.732+0000] {dag.py:3823} INFO - Setting next_dagrun for my_dag to 2024-03-09 10:05:00+00:00, run_after=2024-03-09 10:06:00+00:00
[2024-03-09T10:06:18.748+0000] {processor.py:183} INFO - Processing /opt/airflow/dags/Sample2.py took 0.067 seconds
[2024-03-09T10:06:49.049+0000] {processor.py:161} INFO - Started process (PID=211) to work on /opt/airflow/dags/Sample2.py
[2024-03-09T10:06:49.050+0000] {processor.py:830} INFO - Processing file /opt/airflow/dags/Sample2.py for tasks to queue
[2024-03-09T10:06:49.051+0000] {logging_mixin.py:188} INFO - [2024-03-09T10:06:49.051+0000] {dagbag.py:538} INFO - Filling up the DagBag from /opt/airflow/dags/Sample2.py
[2024-03-09T10:06:49.058+0000] {processor.py:840} INFO - DAG(s) 'my_dag' retrieved from /opt/airflow/dags/Sample2.py
[2024-03-09T10:06:49.075+0000] {logging_mixin.py:188} INFO - [2024-03-09T10:06:49.075+0000] {dag.py:3036} INFO - Sync 1 DAGs
[2024-03-09T10:06:49.089+0000] {logging_mixin.py:188} INFO - [2024-03-09T10:06:49.089+0000] {dag.py:3823} INFO - Setting next_dagrun for my_dag to 2024-03-09 10:05:00+00:00, run_after=2024-03-09 10:06:00+00:00
[2024-03-09T10:06:49.102+0000] {processor.py:183} INFO - Processing /opt/airflow/dags/Sample2.py took 0.055 seconds
[2024-03-09T10:07:19.474+0000] {processor.py:161} INFO - Started process (PID=223) to work on /opt/airflow/dags/Sample2.py
[2024-03-09T10:07:19.475+0000] {processor.py:830} INFO - Processing file /opt/airflow/dags/Sample2.py for tasks to queue
[2024-03-09T10:07:19.476+0000] {logging_mixin.py:188} INFO - [2024-03-09T10:07:19.475+0000] {dagbag.py:538} INFO - Filling up the DagBag from /opt/airflow/dags/Sample2.py
[2024-03-09T10:07:19.482+0000] {processor.py:840} INFO - DAG(s) 'my_dag' retrieved from /opt/airflow/dags/Sample2.py
[2024-03-09T10:07:19.499+0000] {logging_mixin.py:188} INFO - [2024-03-09T10:07:19.498+0000] {dag.py:3036} INFO - Sync 1 DAGs
[2024-03-09T10:07:19.515+0000] {logging_mixin.py:188} INFO - [2024-03-09T10:07:19.515+0000] {dag.py:3823} INFO - Setting next_dagrun for my_dag to 2024-03-09 10:06:00+00:00, run_after=2024-03-09 10:07:00+00:00
[2024-03-09T10:07:19.529+0000] {processor.py:183} INFO - Processing /opt/airflow/dags/Sample2.py took 0.058 seconds
[2024-03-09T10:07:49.871+0000] {processor.py:161} INFO - Started process (PID=235) to work on /opt/airflow/dags/Sample2.py
[2024-03-09T10:07:49.872+0000] {processor.py:830} INFO - Processing file /opt/airflow/dags/Sample2.py for tasks to queue
[2024-03-09T10:07:49.873+0000] {logging_mixin.py:188} INFO - [2024-03-09T10:07:49.873+0000] {dagbag.py:538} INFO - Filling up the DagBag from /opt/airflow/dags/Sample2.py
[2024-03-09T10:07:49.879+0000] {processor.py:840} INFO - DAG(s) 'my_dag' retrieved from /opt/airflow/dags/Sample2.py
[2024-03-09T10:07:49.895+0000] {logging_mixin.py:188} INFO - [2024-03-09T10:07:49.894+0000] {dag.py:3036} INFO - Sync 1 DAGs
[2024-03-09T10:07:49.909+0000] {logging_mixin.py:188} INFO - [2024-03-09T10:07:49.908+0000] {dag.py:3823} INFO - Setting next_dagrun for my_dag to 2024-03-09 10:06:00+00:00, run_after=2024-03-09 10:07:00+00:00
[2024-03-09T10:07:49.920+0000] {processor.py:183} INFO - Processing /opt/airflow/dags/Sample2.py took 0.051 seconds
[2024-03-09T10:08:20.217+0000] {processor.py:161} INFO - Started process (PID=247) to work on /opt/airflow/dags/Sample2.py
[2024-03-09T10:08:20.217+0000] {processor.py:830} INFO - Processing file /opt/airflow/dags/Sample2.py for tasks to queue
[2024-03-09T10:08:20.219+0000] {logging_mixin.py:188} INFO - [2024-03-09T10:08:20.218+0000] {dagbag.py:538} INFO - Filling up the DagBag from /opt/airflow/dags/Sample2.py
[2024-03-09T10:08:20.225+0000] {processor.py:840} INFO - DAG(s) 'my_dag' retrieved from /opt/airflow/dags/Sample2.py
[2024-03-09T10:08:20.241+0000] {logging_mixin.py:188} INFO - [2024-03-09T10:08:20.241+0000] {dag.py:3036} INFO - Sync 1 DAGs
[2024-03-09T10:08:20.255+0000] {logging_mixin.py:188} INFO - [2024-03-09T10:08:20.255+0000] {dag.py:3823} INFO - Setting next_dagrun for my_dag to 2024-03-09 10:07:00+00:00, run_after=2024-03-09 10:08:00+00:00
[2024-03-09T10:08:20.266+0000] {processor.py:183} INFO - Processing /opt/airflow/dags/Sample2.py took 0.051 seconds
[2024-03-09T10:08:50.611+0000] {processor.py:161} INFO - Started process (PID=259) to work on /opt/airflow/dags/Sample2.py
[2024-03-09T10:08:50.611+0000] {processor.py:830} INFO - Processing file /opt/airflow/dags/Sample2.py for tasks to queue
[2024-03-09T10:08:50.612+0000] {logging_mixin.py:188} INFO - [2024-03-09T10:08:50.612+0000] {dagbag.py:538} INFO - Filling up the DagBag from /opt/airflow/dags/Sample2.py
[2024-03-09T10:08:50.619+0000] {processor.py:840} INFO - DAG(s) 'my_dag' retrieved from /opt/airflow/dags/Sample2.py
[2024-03-09T10:08:50.634+0000] {logging_mixin.py:188} INFO - [2024-03-09T10:08:50.634+0000] {dag.py:3036} INFO - Sync 1 DAGs
[2024-03-09T10:08:50.648+0000] {logging_mixin.py:188} INFO - [2024-03-09T10:08:50.648+0000] {dag.py:3823} INFO - Setting next_dagrun for my_dag to 2024-03-09 10:07:00+00:00, run_after=2024-03-09 10:08:00+00:00
[2024-03-09T10:08:50.660+0000] {processor.py:183} INFO - Processing /opt/airflow/dags/Sample2.py took 0.051 seconds
[2024-03-09T10:09:21.013+0000] {processor.py:161} INFO - Started process (PID=271) to work on /opt/airflow/dags/Sample2.py
[2024-03-09T10:09:21.014+0000] {processor.py:830} INFO - Processing file /opt/airflow/dags/Sample2.py for tasks to queue
[2024-03-09T10:09:21.015+0000] {logging_mixin.py:188} INFO - [2024-03-09T10:09:21.015+0000] {dagbag.py:538} INFO - Filling up the DagBag from /opt/airflow/dags/Sample2.py
[2024-03-09T10:09:21.021+0000] {processor.py:840} INFO - DAG(s) 'my_dag' retrieved from /opt/airflow/dags/Sample2.py
[2024-03-09T10:09:21.037+0000] {logging_mixin.py:188} INFO - [2024-03-09T10:09:21.037+0000] {dag.py:3036} INFO - Sync 1 DAGs
[2024-03-09T10:09:21.052+0000] {logging_mixin.py:188} INFO - [2024-03-09T10:09:21.052+0000] {dag.py:3823} INFO - Setting next_dagrun for my_dag to 2024-03-09 10:08:00+00:00, run_after=2024-03-09 10:09:00+00:00
[2024-03-09T10:09:21.065+0000] {processor.py:183} INFO - Processing /opt/airflow/dags/Sample2.py took 0.054 seconds
[2024-03-09T10:10:25.549+0000] {processor.py:161} INFO - Started process (PID=283) to work on /opt/airflow/dags/Sample2.py
[2024-03-09T10:10:25.550+0000] {processor.py:830} INFO - Processing file /opt/airflow/dags/Sample2.py for tasks to queue
[2024-03-09T10:10:25.551+0000] {logging_mixin.py:188} INFO - [2024-03-09T10:10:25.551+0000] {dagbag.py:538} INFO - Filling up the DagBag from /opt/airflow/dags/Sample2.py
[2024-03-09T10:10:25.558+0000] {processor.py:840} INFO - DAG(s) 'my_dag' retrieved from /opt/airflow/dags/Sample2.py
[2024-03-09T10:10:25.574+0000] {logging_mixin.py:188} INFO - [2024-03-09T10:10:25.574+0000] {dag.py:3036} INFO - Sync 1 DAGs
[2024-03-09T10:10:25.589+0000] {logging_mixin.py:188} INFO - [2024-03-09T10:10:25.589+0000] {dag.py:3823} INFO - Setting next_dagrun for my_dag to 2024-03-09 10:09:00+00:00, run_after=2024-03-09 10:10:00+00:00
[2024-03-09T10:10:25.603+0000] {processor.py:183} INFO - Processing /opt/airflow/dags/Sample2.py took 0.056 seconds
