[2024-02-11T12:54:59.274+0000] {processor.py:161} INFO - Started process (PID=68) to work on /home/airflow/.local/lib/python3.8/site-packages/airflow/example_dags/example_branch_day_of_week_operator.py
[2024-02-11T12:54:59.274+0000] {processor.py:830} INFO - Processing file /home/airflow/.local/lib/python3.8/site-packages/airflow/example_dags/example_branch_day_of_week_operator.py for tasks to queue
[2024-02-11T12:54:59.276+0000] {logging_mixin.py:188} INFO - [2024-02-11T12:54:59.275+0000] {dagbag.py:538} INFO - Filling up the DagBag from /home/airflow/.local/lib/python3.8/site-packages/airflow/example_dags/example_branch_day_of_week_operator.py
[2024-02-11T12:54:59.284+0000] {processor.py:840} INFO - DAG(s) 'example_weekday_branch_operator' retrieved from /home/airflow/.local/lib/python3.8/site-packages/airflow/example_dags/example_branch_day_of_week_operator.py
[2024-02-11T12:54:59.331+0000] {logging_mixin.py:188} INFO - [2024-02-11T12:54:59.331+0000] {dag.py:3036} INFO - Sync 1 DAGs
[2024-02-11T12:54:59.354+0000] {logging_mixin.py:188} INFO - [2024-02-11T12:54:59.354+0000] {dag.py:3823} INFO - Setting next_dagrun for example_weekday_branch_operator to 2024-02-10 00:00:00+00:00, run_after=2024-02-11 00:00:00+00:00
[2024-02-11T12:54:59.373+0000] {processor.py:183} INFO - Processing /home/airflow/.local/lib/python3.8/site-packages/airflow/example_dags/example_branch_day_of_week_operator.py took 0.102 seconds
[2024-02-11T12:55:30.960+0000] {processor.py:161} INFO - Started process (PID=123) to work on /home/airflow/.local/lib/python3.8/site-packages/airflow/example_dags/example_branch_day_of_week_operator.py
[2024-02-11T12:55:30.961+0000] {processor.py:830} INFO - Processing file /home/airflow/.local/lib/python3.8/site-packages/airflow/example_dags/example_branch_day_of_week_operator.py for tasks to queue
[2024-02-11T12:55:30.962+0000] {logging_mixin.py:188} INFO - [2024-02-11T12:55:30.962+0000] {dagbag.py:538} INFO - Filling up the DagBag from /home/airflow/.local/lib/python3.8/site-packages/airflow/example_dags/example_branch_day_of_week_operator.py
[2024-02-11T12:55:30.969+0000] {processor.py:840} INFO - DAG(s) 'example_weekday_branch_operator' retrieved from /home/airflow/.local/lib/python3.8/site-packages/airflow/example_dags/example_branch_day_of_week_operator.py
[2024-02-11T12:55:31.089+0000] {logging_mixin.py:188} INFO - [2024-02-11T12:55:31.089+0000] {dag.py:3036} INFO - Sync 1 DAGs
[2024-02-11T12:55:31.106+0000] {logging_mixin.py:188} INFO - [2024-02-11T12:55:31.106+0000] {dag.py:3823} INFO - Setting next_dagrun for example_weekday_branch_operator to 2024-02-10 00:00:00+00:00, run_after=2024-02-11 00:00:00+00:00
[2024-02-11T12:55:31.122+0000] {processor.py:183} INFO - Processing /home/airflow/.local/lib/python3.8/site-packages/airflow/example_dags/example_branch_day_of_week_operator.py took 0.165 seconds
[2024-02-11T12:56:01.703+0000] {processor.py:161} INFO - Started process (PID=178) to work on /home/airflow/.local/lib/python3.8/site-packages/airflow/example_dags/example_branch_day_of_week_operator.py
[2024-02-11T12:56:01.704+0000] {processor.py:830} INFO - Processing file /home/airflow/.local/lib/python3.8/site-packages/airflow/example_dags/example_branch_day_of_week_operator.py for tasks to queue
[2024-02-11T12:56:01.705+0000] {logging_mixin.py:188} INFO - [2024-02-11T12:56:01.704+0000] {dagbag.py:538} INFO - Filling up the DagBag from /home/airflow/.local/lib/python3.8/site-packages/airflow/example_dags/example_branch_day_of_week_operator.py
[2024-02-11T12:56:01.710+0000] {processor.py:840} INFO - DAG(s) 'example_weekday_branch_operator' retrieved from /home/airflow/.local/lib/python3.8/site-packages/airflow/example_dags/example_branch_day_of_week_operator.py
[2024-02-11T12:56:01.727+0000] {logging_mixin.py:188} INFO - [2024-02-11T12:56:01.727+0000] {dag.py:3036} INFO - Sync 1 DAGs
[2024-02-11T12:56:01.747+0000] {logging_mixin.py:188} INFO - [2024-02-11T12:56:01.747+0000] {dag.py:3823} INFO - Setting next_dagrun for example_weekday_branch_operator to 2024-02-10 00:00:00+00:00, run_after=2024-02-11 00:00:00+00:00
[2024-02-11T12:56:01.763+0000] {processor.py:183} INFO - Processing /home/airflow/.local/lib/python3.8/site-packages/airflow/example_dags/example_branch_day_of_week_operator.py took 0.062 seconds
[2024-02-11T12:56:32.941+0000] {processor.py:161} INFO - Started process (PID=233) to work on /home/airflow/.local/lib/python3.8/site-packages/airflow/example_dags/example_branch_day_of_week_operator.py
[2024-02-11T12:56:32.943+0000] {processor.py:830} INFO - Processing file /home/airflow/.local/lib/python3.8/site-packages/airflow/example_dags/example_branch_day_of_week_operator.py for tasks to queue
[2024-02-11T12:56:32.946+0000] {logging_mixin.py:188} INFO - [2024-02-11T12:56:32.945+0000] {dagbag.py:538} INFO - Filling up the DagBag from /home/airflow/.local/lib/python3.8/site-packages/airflow/example_dags/example_branch_day_of_week_operator.py
[2024-02-11T12:56:32.965+0000] {processor.py:840} INFO - DAG(s) 'example_weekday_branch_operator' retrieved from /home/airflow/.local/lib/python3.8/site-packages/airflow/example_dags/example_branch_day_of_week_operator.py
[2024-02-11T12:56:33.032+0000] {logging_mixin.py:188} INFO - [2024-02-11T12:56:33.031+0000] {dag.py:3036} INFO - Sync 1 DAGs
[2024-02-11T12:56:33.110+0000] {logging_mixin.py:188} INFO - [2024-02-11T12:56:33.109+0000] {dag.py:3823} INFO - Setting next_dagrun for example_weekday_branch_operator to 2024-02-10 00:00:00+00:00, run_after=2024-02-11 00:00:00+00:00
[2024-02-11T12:56:33.179+0000] {processor.py:183} INFO - Processing /home/airflow/.local/lib/python3.8/site-packages/airflow/example_dags/example_branch_day_of_week_operator.py took 0.243 seconds
[2024-02-11T12:57:03.342+0000] {processor.py:161} INFO - Started process (PID=288) to work on /home/airflow/.local/lib/python3.8/site-packages/airflow/example_dags/example_branch_day_of_week_operator.py
[2024-02-11T12:57:03.345+0000] {processor.py:830} INFO - Processing file /home/airflow/.local/lib/python3.8/site-packages/airflow/example_dags/example_branch_day_of_week_operator.py for tasks to queue
[2024-02-11T12:57:03.349+0000] {logging_mixin.py:188} INFO - [2024-02-11T12:57:03.348+0000] {dagbag.py:538} INFO - Filling up the DagBag from /home/airflow/.local/lib/python3.8/site-packages/airflow/example_dags/example_branch_day_of_week_operator.py
[2024-02-11T12:57:03.364+0000] {processor.py:840} INFO - DAG(s) 'example_weekday_branch_operator' retrieved from /home/airflow/.local/lib/python3.8/site-packages/airflow/example_dags/example_branch_day_of_week_operator.py
[2024-02-11T12:57:03.396+0000] {logging_mixin.py:188} INFO - [2024-02-11T12:57:03.395+0000] {dag.py:3036} INFO - Sync 1 DAGs
[2024-02-11T12:57:03.464+0000] {logging_mixin.py:188} INFO - [2024-02-11T12:57:03.464+0000] {dag.py:3823} INFO - Setting next_dagrun for example_weekday_branch_operator to 2024-02-10 00:00:00+00:00, run_after=2024-02-11 00:00:00+00:00
[2024-02-11T12:57:03.527+0000] {processor.py:183} INFO - Processing /home/airflow/.local/lib/python3.8/site-packages/airflow/example_dags/example_branch_day_of_week_operator.py took 0.193 seconds
[2024-02-11T12:57:37.474+0000] {processor.py:161} INFO - Started process (PID=343) to work on /home/airflow/.local/lib/python3.8/site-packages/airflow/example_dags/example_branch_day_of_week_operator.py
[2024-02-11T12:57:37.475+0000] {processor.py:830} INFO - Processing file /home/airflow/.local/lib/python3.8/site-packages/airflow/example_dags/example_branch_day_of_week_operator.py for tasks to queue
[2024-02-11T12:57:37.478+0000] {logging_mixin.py:188} INFO - [2024-02-11T12:57:37.478+0000] {dagbag.py:538} INFO - Filling up the DagBag from /home/airflow/.local/lib/python3.8/site-packages/airflow/example_dags/example_branch_day_of_week_operator.py
[2024-02-11T12:57:37.493+0000] {processor.py:840} INFO - DAG(s) 'example_weekday_branch_operator' retrieved from /home/airflow/.local/lib/python3.8/site-packages/airflow/example_dags/example_branch_day_of_week_operator.py
[2024-02-11T12:57:37.722+0000] {logging_mixin.py:188} INFO - [2024-02-11T12:57:37.722+0000] {dag.py:3036} INFO - Sync 1 DAGs
[2024-02-11T12:57:37.774+0000] {logging_mixin.py:188} INFO - [2024-02-11T12:57:37.773+0000] {dag.py:3823} INFO - Setting next_dagrun for example_weekday_branch_operator to 2024-02-10 00:00:00+00:00, run_after=2024-02-11 00:00:00+00:00
[2024-02-11T12:57:37.821+0000] {processor.py:183} INFO - Processing /home/airflow/.local/lib/python3.8/site-packages/airflow/example_dags/example_branch_day_of_week_operator.py took 0.352 seconds
[2024-02-11T12:58:07.964+0000] {processor.py:161} INFO - Started process (PID=398) to work on /home/airflow/.local/lib/python3.8/site-packages/airflow/example_dags/example_branch_day_of_week_operator.py
[2024-02-11T12:58:07.965+0000] {processor.py:830} INFO - Processing file /home/airflow/.local/lib/python3.8/site-packages/airflow/example_dags/example_branch_day_of_week_operator.py for tasks to queue
[2024-02-11T12:58:07.968+0000] {logging_mixin.py:188} INFO - [2024-02-11T12:58:07.967+0000] {dagbag.py:538} INFO - Filling up the DagBag from /home/airflow/.local/lib/python3.8/site-packages/airflow/example_dags/example_branch_day_of_week_operator.py
[2024-02-11T12:58:07.981+0000] {processor.py:840} INFO - DAG(s) 'example_weekday_branch_operator' retrieved from /home/airflow/.local/lib/python3.8/site-packages/airflow/example_dags/example_branch_day_of_week_operator.py
[2024-02-11T12:58:08.030+0000] {logging_mixin.py:188} INFO - [2024-02-11T12:58:08.030+0000] {dag.py:3036} INFO - Sync 1 DAGs
[2024-02-11T12:58:08.095+0000] {logging_mixin.py:188} INFO - [2024-02-11T12:58:08.095+0000] {dag.py:3823} INFO - Setting next_dagrun for example_weekday_branch_operator to 2024-02-10 00:00:00+00:00, run_after=2024-02-11 00:00:00+00:00
[2024-02-11T12:58:08.141+0000] {processor.py:183} INFO - Processing /home/airflow/.local/lib/python3.8/site-packages/airflow/example_dags/example_branch_day_of_week_operator.py took 0.182 seconds
[2024-02-11T12:58:38.448+0000] {processor.py:161} INFO - Started process (PID=453) to work on /home/airflow/.local/lib/python3.8/site-packages/airflow/example_dags/example_branch_day_of_week_operator.py
[2024-02-11T12:58:38.449+0000] {processor.py:830} INFO - Processing file /home/airflow/.local/lib/python3.8/site-packages/airflow/example_dags/example_branch_day_of_week_operator.py for tasks to queue
[2024-02-11T12:58:38.453+0000] {logging_mixin.py:188} INFO - [2024-02-11T12:58:38.452+0000] {dagbag.py:538} INFO - Filling up the DagBag from /home/airflow/.local/lib/python3.8/site-packages/airflow/example_dags/example_branch_day_of_week_operator.py
[2024-02-11T12:58:38.469+0000] {processor.py:840} INFO - DAG(s) 'example_weekday_branch_operator' retrieved from /home/airflow/.local/lib/python3.8/site-packages/airflow/example_dags/example_branch_day_of_week_operator.py
[2024-02-11T12:58:38.527+0000] {logging_mixin.py:188} INFO - [2024-02-11T12:58:38.526+0000] {dag.py:3036} INFO - Sync 1 DAGs
[2024-02-11T12:58:38.608+0000] {logging_mixin.py:188} INFO - [2024-02-11T12:58:38.607+0000] {dag.py:3823} INFO - Setting next_dagrun for example_weekday_branch_operator to 2024-02-10 00:00:00+00:00, run_after=2024-02-11 00:00:00+00:00
[2024-02-11T12:58:38.658+0000] {processor.py:183} INFO - Processing /home/airflow/.local/lib/python3.8/site-packages/airflow/example_dags/example_branch_day_of_week_operator.py took 0.218 seconds
[2024-02-11T12:59:09.070+0000] {processor.py:161} INFO - Started process (PID=515) to work on /home/airflow/.local/lib/python3.8/site-packages/airflow/example_dags/example_branch_day_of_week_operator.py
[2024-02-11T12:59:09.073+0000] {processor.py:830} INFO - Processing file /home/airflow/.local/lib/python3.8/site-packages/airflow/example_dags/example_branch_day_of_week_operator.py for tasks to queue
[2024-02-11T12:59:09.077+0000] {logging_mixin.py:188} INFO - [2024-02-11T12:59:09.076+0000] {dagbag.py:538} INFO - Filling up the DagBag from /home/airflow/.local/lib/python3.8/site-packages/airflow/example_dags/example_branch_day_of_week_operator.py
[2024-02-11T12:59:09.094+0000] {processor.py:840} INFO - DAG(s) 'example_weekday_branch_operator' retrieved from /home/airflow/.local/lib/python3.8/site-packages/airflow/example_dags/example_branch_day_of_week_operator.py
[2024-02-11T12:59:09.152+0000] {logging_mixin.py:188} INFO - [2024-02-11T12:59:09.151+0000] {dag.py:3036} INFO - Sync 1 DAGs
[2024-02-11T12:59:09.222+0000] {logging_mixin.py:188} INFO - [2024-02-11T12:59:09.221+0000] {dag.py:3823} INFO - Setting next_dagrun for example_weekday_branch_operator to 2024-02-10 00:00:00+00:00, run_after=2024-02-11 00:00:00+00:00
[2024-02-11T12:59:09.272+0000] {processor.py:183} INFO - Processing /home/airflow/.local/lib/python3.8/site-packages/airflow/example_dags/example_branch_day_of_week_operator.py took 0.210 seconds
[2024-02-11T12:59:39.710+0000] {processor.py:161} INFO - Started process (PID=571) to work on /home/airflow/.local/lib/python3.8/site-packages/airflow/example_dags/example_branch_day_of_week_operator.py
[2024-02-11T12:59:39.713+0000] {processor.py:830} INFO - Processing file /home/airflow/.local/lib/python3.8/site-packages/airflow/example_dags/example_branch_day_of_week_operator.py for tasks to queue
[2024-02-11T12:59:39.717+0000] {logging_mixin.py:188} INFO - [2024-02-11T12:59:39.716+0000] {dagbag.py:538} INFO - Filling up the DagBag from /home/airflow/.local/lib/python3.8/site-packages/airflow/example_dags/example_branch_day_of_week_operator.py
[2024-02-11T12:59:39.742+0000] {processor.py:840} INFO - DAG(s) 'example_weekday_branch_operator' retrieved from /home/airflow/.local/lib/python3.8/site-packages/airflow/example_dags/example_branch_day_of_week_operator.py
[2024-02-11T12:59:39.804+0000] {logging_mixin.py:188} INFO - [2024-02-11T12:59:39.803+0000] {dag.py:3036} INFO - Sync 1 DAGs
[2024-02-11T12:59:39.884+0000] {logging_mixin.py:188} INFO - [2024-02-11T12:59:39.883+0000] {dag.py:3823} INFO - Setting next_dagrun for example_weekday_branch_operator to 2024-02-10 00:00:00+00:00, run_after=2024-02-11 00:00:00+00:00
[2024-02-11T12:59:39.946+0000] {processor.py:183} INFO - Processing /home/airflow/.local/lib/python3.8/site-packages/airflow/example_dags/example_branch_day_of_week_operator.py took 0.244 seconds
[2024-02-11T13:00:10.180+0000] {processor.py:161} INFO - Started process (PID=626) to work on /home/airflow/.local/lib/python3.8/site-packages/airflow/example_dags/example_branch_day_of_week_operator.py
[2024-02-11T13:00:10.182+0000] {processor.py:830} INFO - Processing file /home/airflow/.local/lib/python3.8/site-packages/airflow/example_dags/example_branch_day_of_week_operator.py for tasks to queue
[2024-02-11T13:00:10.185+0000] {logging_mixin.py:188} INFO - [2024-02-11T13:00:10.185+0000] {dagbag.py:538} INFO - Filling up the DagBag from /home/airflow/.local/lib/python3.8/site-packages/airflow/example_dags/example_branch_day_of_week_operator.py
[2024-02-11T13:00:10.200+0000] {processor.py:840} INFO - DAG(s) 'example_weekday_branch_operator' retrieved from /home/airflow/.local/lib/python3.8/site-packages/airflow/example_dags/example_branch_day_of_week_operator.py
[2024-02-11T13:00:10.254+0000] {logging_mixin.py:188} INFO - [2024-02-11T13:00:10.254+0000] {dag.py:3036} INFO - Sync 1 DAGs
[2024-02-11T13:00:10.306+0000] {logging_mixin.py:188} INFO - [2024-02-11T13:00:10.305+0000] {dag.py:3823} INFO - Setting next_dagrun for example_weekday_branch_operator to 2024-02-10 00:00:00+00:00, run_after=2024-02-11 00:00:00+00:00
[2024-02-11T13:00:10.365+0000] {processor.py:183} INFO - Processing /home/airflow/.local/lib/python3.8/site-packages/airflow/example_dags/example_branch_day_of_week_operator.py took 0.190 seconds
[2024-02-11T13:00:40.550+0000] {processor.py:161} INFO - Started process (PID=681) to work on /home/airflow/.local/lib/python3.8/site-packages/airflow/example_dags/example_branch_day_of_week_operator.py
[2024-02-11T13:00:40.551+0000] {processor.py:830} INFO - Processing file /home/airflow/.local/lib/python3.8/site-packages/airflow/example_dags/example_branch_day_of_week_operator.py for tasks to queue
[2024-02-11T13:00:40.554+0000] {logging_mixin.py:188} INFO - [2024-02-11T13:00:40.553+0000] {dagbag.py:538} INFO - Filling up the DagBag from /home/airflow/.local/lib/python3.8/site-packages/airflow/example_dags/example_branch_day_of_week_operator.py
[2024-02-11T13:00:40.568+0000] {processor.py:840} INFO - DAG(s) 'example_weekday_branch_operator' retrieved from /home/airflow/.local/lib/python3.8/site-packages/airflow/example_dags/example_branch_day_of_week_operator.py
[2024-02-11T13:00:40.614+0000] {logging_mixin.py:188} INFO - [2024-02-11T13:00:40.613+0000] {dag.py:3036} INFO - Sync 1 DAGs
[2024-02-11T13:00:40.673+0000] {logging_mixin.py:188} INFO - [2024-02-11T13:00:40.673+0000] {dag.py:3823} INFO - Setting next_dagrun for example_weekday_branch_operator to 2024-02-10 00:00:00+00:00, run_after=2024-02-11 00:00:00+00:00
[2024-02-11T13:00:40.722+0000] {processor.py:183} INFO - Processing /home/airflow/.local/lib/python3.8/site-packages/airflow/example_dags/example_branch_day_of_week_operator.py took 0.177 seconds
[2024-02-11T13:01:10.773+0000] {processor.py:161} INFO - Started process (PID=736) to work on /home/airflow/.local/lib/python3.8/site-packages/airflow/example_dags/example_branch_day_of_week_operator.py
[2024-02-11T13:01:10.775+0000] {processor.py:830} INFO - Processing file /home/airflow/.local/lib/python3.8/site-packages/airflow/example_dags/example_branch_day_of_week_operator.py for tasks to queue
[2024-02-11T13:01:10.778+0000] {logging_mixin.py:188} INFO - [2024-02-11T13:01:10.777+0000] {dagbag.py:538} INFO - Filling up the DagBag from /home/airflow/.local/lib/python3.8/site-packages/airflow/example_dags/example_branch_day_of_week_operator.py
[2024-02-11T13:01:10.793+0000] {processor.py:840} INFO - DAG(s) 'example_weekday_branch_operator' retrieved from /home/airflow/.local/lib/python3.8/site-packages/airflow/example_dags/example_branch_day_of_week_operator.py
[2024-02-11T13:01:10.836+0000] {logging_mixin.py:188} INFO - [2024-02-11T13:01:10.835+0000] {dag.py:3036} INFO - Sync 1 DAGs
[2024-02-11T13:01:10.872+0000] {logging_mixin.py:188} INFO - [2024-02-11T13:01:10.872+0000] {dag.py:3823} INFO - Setting next_dagrun for example_weekday_branch_operator to 2024-02-10 00:00:00+00:00, run_after=2024-02-11 00:00:00+00:00
[2024-02-11T13:01:10.905+0000] {processor.py:183} INFO - Processing /home/airflow/.local/lib/python3.8/site-packages/airflow/example_dags/example_branch_day_of_week_operator.py took 0.139 seconds
[2024-02-11T13:06:06.947+0000] {processor.py:161} INFO - Started process (PID=67) to work on /home/airflow/.local/lib/python3.8/site-packages/airflow/example_dags/example_branch_day_of_week_operator.py
[2024-02-11T13:06:06.948+0000] {processor.py:830} INFO - Processing file /home/airflow/.local/lib/python3.8/site-packages/airflow/example_dags/example_branch_day_of_week_operator.py for tasks to queue
[2024-02-11T13:06:06.949+0000] {logging_mixin.py:188} INFO - [2024-02-11T13:06:06.949+0000] {dagbag.py:538} INFO - Filling up the DagBag from /home/airflow/.local/lib/python3.8/site-packages/airflow/example_dags/example_branch_day_of_week_operator.py
[2024-02-11T13:06:06.956+0000] {processor.py:840} INFO - DAG(s) 'example_weekday_branch_operator' retrieved from /home/airflow/.local/lib/python3.8/site-packages/airflow/example_dags/example_branch_day_of_week_operator.py
[2024-02-11T13:06:06.967+0000] {logging_mixin.py:188} INFO - [2024-02-11T13:06:06.966+0000] {dag.py:3036} INFO - Sync 1 DAGs
[2024-02-11T13:06:06.997+0000] {logging_mixin.py:188} INFO - [2024-02-11T13:06:06.996+0000] {dag.py:3823} INFO - Setting next_dagrun for example_weekday_branch_operator to 2024-02-10 00:00:00+00:00, run_after=2024-02-11 00:00:00+00:00
[2024-02-11T13:06:07.020+0000] {processor.py:183} INFO - Processing /home/airflow/.local/lib/python3.8/site-packages/airflow/example_dags/example_branch_day_of_week_operator.py took 0.075 seconds
[2024-02-11T13:06:37.116+0000] {processor.py:161} INFO - Started process (PID=122) to work on /home/airflow/.local/lib/python3.8/site-packages/airflow/example_dags/example_branch_day_of_week_operator.py
[2024-02-11T13:06:37.117+0000] {processor.py:830} INFO - Processing file /home/airflow/.local/lib/python3.8/site-packages/airflow/example_dags/example_branch_day_of_week_operator.py for tasks to queue
[2024-02-11T13:06:37.117+0000] {logging_mixin.py:188} INFO - [2024-02-11T13:06:37.117+0000] {dagbag.py:538} INFO - Filling up the DagBag from /home/airflow/.local/lib/python3.8/site-packages/airflow/example_dags/example_branch_day_of_week_operator.py
[2024-02-11T13:06:37.122+0000] {processor.py:840} INFO - DAG(s) 'example_weekday_branch_operator' retrieved from /home/airflow/.local/lib/python3.8/site-packages/airflow/example_dags/example_branch_day_of_week_operator.py
[2024-02-11T13:06:37.130+0000] {logging_mixin.py:188} INFO - [2024-02-11T13:06:37.130+0000] {dag.py:3036} INFO - Sync 1 DAGs
[2024-02-11T13:06:37.148+0000] {logging_mixin.py:188} INFO - [2024-02-11T13:06:37.147+0000] {dag.py:3823} INFO - Setting next_dagrun for example_weekday_branch_operator to 2024-02-10 00:00:00+00:00, run_after=2024-02-11 00:00:00+00:00
[2024-02-11T13:06:37.162+0000] {processor.py:183} INFO - Processing /home/airflow/.local/lib/python3.8/site-packages/airflow/example_dags/example_branch_day_of_week_operator.py took 0.048 seconds
