[2024-02-11T12:54:59.134+0000] {processor.py:161} INFO - Started process (PID=65) to work on /home/airflow/.local/lib/python3.8/site-packages/airflow/example_dags/example_setup_teardown.py
[2024-02-11T12:54:59.135+0000] {processor.py:830} INFO - Processing file /home/airflow/.local/lib/python3.8/site-packages/airflow/example_dags/example_setup_teardown.py for tasks to queue
[2024-02-11T12:54:59.136+0000] {logging_mixin.py:188} INFO - [2024-02-11T12:54:59.136+0000] {dagbag.py:538} INFO - Filling up the DagBag from /home/airflow/.local/lib/python3.8/site-packages/airflow/example_dags/example_setup_teardown.py
[2024-02-11T12:54:59.143+0000] {processor.py:840} INFO - DAG(s) 'example_setup_teardown' retrieved from /home/airflow/.local/lib/python3.8/site-packages/airflow/example_dags/example_setup_teardown.py
[2024-02-11T12:54:59.155+0000] {logging_mixin.py:188} INFO - [2024-02-11T12:54:59.155+0000] {dag.py:3036} INFO - Sync 1 DAGs
[2024-02-11T12:54:59.220+0000] {logging_mixin.py:188} INFO - [2024-02-11T12:54:59.219+0000] {dag.py:3823} INFO - Setting next_dagrun for example_setup_teardown to 2024-02-10 00:00:00+00:00, run_after=2024-02-11 00:00:00+00:00
[2024-02-11T12:54:59.243+0000] {processor.py:183} INFO - Processing /home/airflow/.local/lib/python3.8/site-packages/airflow/example_dags/example_setup_teardown.py took 0.111 seconds
[2024-02-11T12:55:30.747+0000] {processor.py:161} INFO - Started process (PID=120) to work on /home/airflow/.local/lib/python3.8/site-packages/airflow/example_dags/example_setup_teardown.py
[2024-02-11T12:55:30.748+0000] {processor.py:830} INFO - Processing file /home/airflow/.local/lib/python3.8/site-packages/airflow/example_dags/example_setup_teardown.py for tasks to queue
[2024-02-11T12:55:30.749+0000] {logging_mixin.py:188} INFO - [2024-02-11T12:55:30.749+0000] {dagbag.py:538} INFO - Filling up the DagBag from /home/airflow/.local/lib/python3.8/site-packages/airflow/example_dags/example_setup_teardown.py
[2024-02-11T12:55:30.755+0000] {processor.py:840} INFO - DAG(s) 'example_setup_teardown' retrieved from /home/airflow/.local/lib/python3.8/site-packages/airflow/example_dags/example_setup_teardown.py
[2024-02-11T12:55:30.838+0000] {logging_mixin.py:188} INFO - [2024-02-11T12:55:30.838+0000] {dag.py:3036} INFO - Sync 1 DAGs
[2024-02-11T12:55:30.871+0000] {logging_mixin.py:188} INFO - [2024-02-11T12:55:30.869+0000] {dag.py:3823} INFO - Setting next_dagrun for example_setup_teardown to 2024-02-10 00:00:00+00:00, run_after=2024-02-11 00:00:00+00:00
[2024-02-11T12:55:30.904+0000] {processor.py:183} INFO - Processing /home/airflow/.local/lib/python3.8/site-packages/airflow/example_dags/example_setup_teardown.py took 0.160 seconds
[2024-02-11T12:56:01.596+0000] {processor.py:161} INFO - Started process (PID=175) to work on /home/airflow/.local/lib/python3.8/site-packages/airflow/example_dags/example_setup_teardown.py
[2024-02-11T12:56:01.597+0000] {processor.py:830} INFO - Processing file /home/airflow/.local/lib/python3.8/site-packages/airflow/example_dags/example_setup_teardown.py for tasks to queue
[2024-02-11T12:56:01.598+0000] {logging_mixin.py:188} INFO - [2024-02-11T12:56:01.598+0000] {dagbag.py:538} INFO - Filling up the DagBag from /home/airflow/.local/lib/python3.8/site-packages/airflow/example_dags/example_setup_teardown.py
[2024-02-11T12:56:01.603+0000] {processor.py:840} INFO - DAG(s) 'example_setup_teardown' retrieved from /home/airflow/.local/lib/python3.8/site-packages/airflow/example_dags/example_setup_teardown.py
[2024-02-11T12:56:01.620+0000] {logging_mixin.py:188} INFO - [2024-02-11T12:56:01.620+0000] {dag.py:3036} INFO - Sync 1 DAGs
[2024-02-11T12:56:01.636+0000] {logging_mixin.py:188} INFO - [2024-02-11T12:56:01.636+0000] {dag.py:3823} INFO - Setting next_dagrun for example_setup_teardown to 2024-02-10 00:00:00+00:00, run_after=2024-02-11 00:00:00+00:00
[2024-02-11T12:56:01.649+0000] {processor.py:183} INFO - Processing /home/airflow/.local/lib/python3.8/site-packages/airflow/example_dags/example_setup_teardown.py took 0.055 seconds
[2024-02-11T12:56:32.478+0000] {processor.py:161} INFO - Started process (PID=230) to work on /home/airflow/.local/lib/python3.8/site-packages/airflow/example_dags/example_setup_teardown.py
[2024-02-11T12:56:32.480+0000] {processor.py:830} INFO - Processing file /home/airflow/.local/lib/python3.8/site-packages/airflow/example_dags/example_setup_teardown.py for tasks to queue
[2024-02-11T12:56:32.485+0000] {logging_mixin.py:188} INFO - [2024-02-11T12:56:32.484+0000] {dagbag.py:538} INFO - Filling up the DagBag from /home/airflow/.local/lib/python3.8/site-packages/airflow/example_dags/example_setup_teardown.py
[2024-02-11T12:56:32.505+0000] {processor.py:840} INFO - DAG(s) 'example_setup_teardown' retrieved from /home/airflow/.local/lib/python3.8/site-packages/airflow/example_dags/example_setup_teardown.py
[2024-02-11T12:56:32.569+0000] {logging_mixin.py:188} INFO - [2024-02-11T12:56:32.568+0000] {dag.py:3036} INFO - Sync 1 DAGs
[2024-02-11T12:56:32.637+0000] {logging_mixin.py:188} INFO - [2024-02-11T12:56:32.637+0000] {dag.py:3823} INFO - Setting next_dagrun for example_setup_teardown to 2024-02-10 00:00:00+00:00, run_after=2024-02-11 00:00:00+00:00
[2024-02-11T12:56:32.688+0000] {processor.py:183} INFO - Processing /home/airflow/.local/lib/python3.8/site-packages/airflow/example_dags/example_setup_teardown.py took 0.220 seconds
[2024-02-11T12:57:02.771+0000] {processor.py:161} INFO - Started process (PID=285) to work on /home/airflow/.local/lib/python3.8/site-packages/airflow/example_dags/example_setup_teardown.py
[2024-02-11T12:57:02.772+0000] {processor.py:830} INFO - Processing file /home/airflow/.local/lib/python3.8/site-packages/airflow/example_dags/example_setup_teardown.py for tasks to queue
[2024-02-11T12:57:02.776+0000] {logging_mixin.py:188} INFO - [2024-02-11T12:57:02.775+0000] {dagbag.py:538} INFO - Filling up the DagBag from /home/airflow/.local/lib/python3.8/site-packages/airflow/example_dags/example_setup_teardown.py
[2024-02-11T12:57:02.788+0000] {processor.py:840} INFO - DAG(s) 'example_setup_teardown' retrieved from /home/airflow/.local/lib/python3.8/site-packages/airflow/example_dags/example_setup_teardown.py
[2024-02-11T12:57:02.820+0000] {logging_mixin.py:188} INFO - [2024-02-11T12:57:02.819+0000] {dag.py:3036} INFO - Sync 1 DAGs
[2024-02-11T12:57:02.895+0000] {logging_mixin.py:188} INFO - [2024-02-11T12:57:02.894+0000] {dag.py:3823} INFO - Setting next_dagrun for example_setup_teardown to 2024-02-10 00:00:00+00:00, run_after=2024-02-11 00:00:00+00:00
[2024-02-11T12:57:02.944+0000] {processor.py:183} INFO - Processing /home/airflow/.local/lib/python3.8/site-packages/airflow/example_dags/example_setup_teardown.py took 0.179 seconds
[2024-02-11T12:57:36.952+0000] {processor.py:161} INFO - Started process (PID=340) to work on /home/airflow/.local/lib/python3.8/site-packages/airflow/example_dags/example_setup_teardown.py
[2024-02-11T12:57:36.954+0000] {processor.py:830} INFO - Processing file /home/airflow/.local/lib/python3.8/site-packages/airflow/example_dags/example_setup_teardown.py for tasks to queue
[2024-02-11T12:57:36.957+0000] {logging_mixin.py:188} INFO - [2024-02-11T12:57:36.956+0000] {dagbag.py:538} INFO - Filling up the DagBag from /home/airflow/.local/lib/python3.8/site-packages/airflow/example_dags/example_setup_teardown.py
[2024-02-11T12:57:36.969+0000] {processor.py:840} INFO - DAG(s) 'example_setup_teardown' retrieved from /home/airflow/.local/lib/python3.8/site-packages/airflow/example_dags/example_setup_teardown.py
[2024-02-11T12:57:37.223+0000] {logging_mixin.py:188} INFO - [2024-02-11T12:57:37.222+0000] {dag.py:3036} INFO - Sync 1 DAGs
[2024-02-11T12:57:37.274+0000] {logging_mixin.py:188} INFO - [2024-02-11T12:57:37.274+0000] {dag.py:3823} INFO - Setting next_dagrun for example_setup_teardown to 2024-02-10 00:00:00+00:00, run_after=2024-02-11 00:00:00+00:00
[2024-02-11T12:57:37.331+0000] {processor.py:183} INFO - Processing /home/airflow/.local/lib/python3.8/site-packages/airflow/example_dags/example_setup_teardown.py took 0.384 seconds
[2024-02-11T12:58:07.593+0000] {processor.py:161} INFO - Started process (PID=395) to work on /home/airflow/.local/lib/python3.8/site-packages/airflow/example_dags/example_setup_teardown.py
[2024-02-11T12:58:07.595+0000] {processor.py:830} INFO - Processing file /home/airflow/.local/lib/python3.8/site-packages/airflow/example_dags/example_setup_teardown.py for tasks to queue
[2024-02-11T12:58:07.597+0000] {logging_mixin.py:188} INFO - [2024-02-11T12:58:07.597+0000] {dagbag.py:538} INFO - Filling up the DagBag from /home/airflow/.local/lib/python3.8/site-packages/airflow/example_dags/example_setup_teardown.py
[2024-02-11T12:58:07.608+0000] {processor.py:840} INFO - DAG(s) 'example_setup_teardown' retrieved from /home/airflow/.local/lib/python3.8/site-packages/airflow/example_dags/example_setup_teardown.py
[2024-02-11T12:58:07.657+0000] {logging_mixin.py:188} INFO - [2024-02-11T12:58:07.656+0000] {dag.py:3036} INFO - Sync 1 DAGs
[2024-02-11T12:58:07.717+0000] {logging_mixin.py:188} INFO - [2024-02-11T12:58:07.716+0000] {dag.py:3823} INFO - Setting next_dagrun for example_setup_teardown to 2024-02-10 00:00:00+00:00, run_after=2024-02-11 00:00:00+00:00
[2024-02-11T12:58:07.763+0000] {processor.py:183} INFO - Processing /home/airflow/.local/lib/python3.8/site-packages/airflow/example_dags/example_setup_teardown.py took 0.175 seconds
[2024-02-11T12:58:38.174+0000] {processor.py:161} INFO - Started process (PID=450) to work on /home/airflow/.local/lib/python3.8/site-packages/airflow/example_dags/example_setup_teardown.py
[2024-02-11T12:58:38.175+0000] {processor.py:830} INFO - Processing file /home/airflow/.local/lib/python3.8/site-packages/airflow/example_dags/example_setup_teardown.py for tasks to queue
[2024-02-11T12:58:38.178+0000] {logging_mixin.py:188} INFO - [2024-02-11T12:58:38.177+0000] {dagbag.py:538} INFO - Filling up the DagBag from /home/airflow/.local/lib/python3.8/site-packages/airflow/example_dags/example_setup_teardown.py
[2024-02-11T12:58:38.189+0000] {processor.py:840} INFO - DAG(s) 'example_setup_teardown' retrieved from /home/airflow/.local/lib/python3.8/site-packages/airflow/example_dags/example_setup_teardown.py
[2024-02-11T12:58:38.234+0000] {logging_mixin.py:188} INFO - [2024-02-11T12:58:38.233+0000] {dag.py:3036} INFO - Sync 1 DAGs
[2024-02-11T12:58:38.281+0000] {logging_mixin.py:188} INFO - [2024-02-11T12:58:38.280+0000] {dag.py:3823} INFO - Setting next_dagrun for example_setup_teardown to 2024-02-10 00:00:00+00:00, run_after=2024-02-11 00:00:00+00:00
[2024-02-11T12:58:38.324+0000] {processor.py:183} INFO - Processing /home/airflow/.local/lib/python3.8/site-packages/airflow/example_dags/example_setup_teardown.py took 0.155 seconds
[2024-02-11T12:59:08.637+0000] {processor.py:161} INFO - Started process (PID=505) to work on /home/airflow/.local/lib/python3.8/site-packages/airflow/example_dags/example_setup_teardown.py
[2024-02-11T12:59:08.640+0000] {processor.py:830} INFO - Processing file /home/airflow/.local/lib/python3.8/site-packages/airflow/example_dags/example_setup_teardown.py for tasks to queue
[2024-02-11T12:59:08.644+0000] {logging_mixin.py:188} INFO - [2024-02-11T12:59:08.643+0000] {dagbag.py:538} INFO - Filling up the DagBag from /home/airflow/.local/lib/python3.8/site-packages/airflow/example_dags/example_setup_teardown.py
[2024-02-11T12:59:08.663+0000] {processor.py:840} INFO - DAG(s) 'example_setup_teardown' retrieved from /home/airflow/.local/lib/python3.8/site-packages/airflow/example_dags/example_setup_teardown.py
[2024-02-11T12:59:08.723+0000] {logging_mixin.py:188} INFO - [2024-02-11T12:59:08.723+0000] {dag.py:3036} INFO - Sync 1 DAGs
[2024-02-11T12:59:08.771+0000] {logging_mixin.py:188} INFO - [2024-02-11T12:59:08.771+0000] {dag.py:3823} INFO - Setting next_dagrun for example_setup_teardown to 2024-02-10 00:00:00+00:00, run_after=2024-02-11 00:00:00+00:00
[2024-02-11T12:59:08.822+0000] {processor.py:183} INFO - Processing /home/airflow/.local/lib/python3.8/site-packages/airflow/example_dags/example_setup_teardown.py took 0.194 seconds
[2024-02-11T12:59:39.182+0000] {processor.py:161} INFO - Started process (PID=568) to work on /home/airflow/.local/lib/python3.8/site-packages/airflow/example_dags/example_setup_teardown.py
[2024-02-11T12:59:39.186+0000] {processor.py:830} INFO - Processing file /home/airflow/.local/lib/python3.8/site-packages/airflow/example_dags/example_setup_teardown.py for tasks to queue
[2024-02-11T12:59:39.191+0000] {logging_mixin.py:188} INFO - [2024-02-11T12:59:39.190+0000] {dagbag.py:538} INFO - Filling up the DagBag from /home/airflow/.local/lib/python3.8/site-packages/airflow/example_dags/example_setup_teardown.py
[2024-02-11T12:59:39.212+0000] {processor.py:840} INFO - DAG(s) 'example_setup_teardown' retrieved from /home/airflow/.local/lib/python3.8/site-packages/airflow/example_dags/example_setup_teardown.py
[2024-02-11T12:59:39.281+0000] {logging_mixin.py:188} INFO - [2024-02-11T12:59:39.280+0000] {dag.py:3036} INFO - Sync 1 DAGs
[2024-02-11T12:59:39.364+0000] {logging_mixin.py:188} INFO - [2024-02-11T12:59:39.363+0000] {dag.py:3823} INFO - Setting next_dagrun for example_setup_teardown to 2024-02-10 00:00:00+00:00, run_after=2024-02-11 00:00:00+00:00
[2024-02-11T12:59:39.431+0000] {processor.py:183} INFO - Processing /home/airflow/.local/lib/python3.8/site-packages/airflow/example_dags/example_setup_teardown.py took 0.258 seconds
[2024-02-11T13:00:09.688+0000] {processor.py:161} INFO - Started process (PID=623) to work on /home/airflow/.local/lib/python3.8/site-packages/airflow/example_dags/example_setup_teardown.py
[2024-02-11T13:00:09.691+0000] {processor.py:830} INFO - Processing file /home/airflow/.local/lib/python3.8/site-packages/airflow/example_dags/example_setup_teardown.py for tasks to queue
[2024-02-11T13:00:09.696+0000] {logging_mixin.py:188} INFO - [2024-02-11T13:00:09.695+0000] {dagbag.py:538} INFO - Filling up the DagBag from /home/airflow/.local/lib/python3.8/site-packages/airflow/example_dags/example_setup_teardown.py
[2024-02-11T13:00:09.715+0000] {processor.py:840} INFO - DAG(s) 'example_setup_teardown' retrieved from /home/airflow/.local/lib/python3.8/site-packages/airflow/example_dags/example_setup_teardown.py
[2024-02-11T13:00:09.769+0000] {logging_mixin.py:188} INFO - [2024-02-11T13:00:09.768+0000] {dag.py:3036} INFO - Sync 1 DAGs
[2024-02-11T13:00:09.823+0000] {logging_mixin.py:188} INFO - [2024-02-11T13:00:09.823+0000] {dag.py:3823} INFO - Setting next_dagrun for example_setup_teardown to 2024-02-10 00:00:00+00:00, run_after=2024-02-11 00:00:00+00:00
[2024-02-11T13:00:09.883+0000] {processor.py:183} INFO - Processing /home/airflow/.local/lib/python3.8/site-packages/airflow/example_dags/example_setup_teardown.py took 0.204 seconds
[2024-02-11T13:00:39.970+0000] {processor.py:161} INFO - Started process (PID=678) to work on /home/airflow/.local/lib/python3.8/site-packages/airflow/example_dags/example_setup_teardown.py
[2024-02-11T13:00:39.971+0000] {processor.py:830} INFO - Processing file /home/airflow/.local/lib/python3.8/site-packages/airflow/example_dags/example_setup_teardown.py for tasks to queue
[2024-02-11T13:00:39.974+0000] {logging_mixin.py:188} INFO - [2024-02-11T13:00:39.974+0000] {dagbag.py:538} INFO - Filling up the DagBag from /home/airflow/.local/lib/python3.8/site-packages/airflow/example_dags/example_setup_teardown.py
[2024-02-11T13:00:39.985+0000] {processor.py:840} INFO - DAG(s) 'example_setup_teardown' retrieved from /home/airflow/.local/lib/python3.8/site-packages/airflow/example_dags/example_setup_teardown.py
[2024-02-11T13:00:40.036+0000] {logging_mixin.py:188} INFO - [2024-02-11T13:00:40.035+0000] {dag.py:3036} INFO - Sync 1 DAGs
[2024-02-11T13:00:40.095+0000] {logging_mixin.py:188} INFO - [2024-02-11T13:00:40.094+0000] {dag.py:3823} INFO - Setting next_dagrun for example_setup_teardown to 2024-02-10 00:00:00+00:00, run_after=2024-02-11 00:00:00+00:00
[2024-02-11T13:00:40.143+0000] {processor.py:183} INFO - Processing /home/airflow/.local/lib/python3.8/site-packages/airflow/example_dags/example_setup_teardown.py took 0.178 seconds
[2024-02-11T13:01:10.521+0000] {processor.py:161} INFO - Started process (PID=733) to work on /home/airflow/.local/lib/python3.8/site-packages/airflow/example_dags/example_setup_teardown.py
[2024-02-11T13:01:10.525+0000] {processor.py:830} INFO - Processing file /home/airflow/.local/lib/python3.8/site-packages/airflow/example_dags/example_setup_teardown.py for tasks to queue
[2024-02-11T13:01:10.528+0000] {logging_mixin.py:188} INFO - [2024-02-11T13:01:10.527+0000] {dagbag.py:538} INFO - Filling up the DagBag from /home/airflow/.local/lib/python3.8/site-packages/airflow/example_dags/example_setup_teardown.py
[2024-02-11T13:01:10.539+0000] {processor.py:840} INFO - DAG(s) 'example_setup_teardown' retrieved from /home/airflow/.local/lib/python3.8/site-packages/airflow/example_dags/example_setup_teardown.py
[2024-02-11T13:01:10.571+0000] {logging_mixin.py:188} INFO - [2024-02-11T13:01:10.570+0000] {dag.py:3036} INFO - Sync 1 DAGs
[2024-02-11T13:01:10.605+0000] {logging_mixin.py:188} INFO - [2024-02-11T13:01:10.605+0000] {dag.py:3823} INFO - Setting next_dagrun for example_setup_teardown to 2024-02-10 00:00:00+00:00, run_after=2024-02-11 00:00:00+00:00
[2024-02-11T13:01:10.641+0000] {processor.py:183} INFO - Processing /home/airflow/.local/lib/python3.8/site-packages/airflow/example_dags/example_setup_teardown.py took 0.124 seconds
[2024-02-11T13:06:06.776+0000] {processor.py:161} INFO - Started process (PID=64) to work on /home/airflow/.local/lib/python3.8/site-packages/airflow/example_dags/example_setup_teardown.py
[2024-02-11T13:06:06.777+0000] {processor.py:830} INFO - Processing file /home/airflow/.local/lib/python3.8/site-packages/airflow/example_dags/example_setup_teardown.py for tasks to queue
[2024-02-11T13:06:06.778+0000] {logging_mixin.py:188} INFO - [2024-02-11T13:06:06.778+0000] {dagbag.py:538} INFO - Filling up the DagBag from /home/airflow/.local/lib/python3.8/site-packages/airflow/example_dags/example_setup_teardown.py
[2024-02-11T13:06:06.784+0000] {processor.py:840} INFO - DAG(s) 'example_setup_teardown' retrieved from /home/airflow/.local/lib/python3.8/site-packages/airflow/example_dags/example_setup_teardown.py
[2024-02-11T13:06:06.794+0000] {logging_mixin.py:188} INFO - [2024-02-11T13:06:06.794+0000] {dag.py:3036} INFO - Sync 1 DAGs
[2024-02-11T13:06:06.814+0000] {logging_mixin.py:188} INFO - [2024-02-11T13:06:06.814+0000] {dag.py:3823} INFO - Setting next_dagrun for example_setup_teardown to 2024-02-10 00:00:00+00:00, run_after=2024-02-11 00:00:00+00:00
[2024-02-11T13:06:06.832+0000] {processor.py:183} INFO - Processing /home/airflow/.local/lib/python3.8/site-packages/airflow/example_dags/example_setup_teardown.py took 0.059 seconds
[2024-02-11T13:06:37.032+0000] {processor.py:161} INFO - Started process (PID=119) to work on /home/airflow/.local/lib/python3.8/site-packages/airflow/example_dags/example_setup_teardown.py
[2024-02-11T13:06:37.033+0000] {processor.py:830} INFO - Processing file /home/airflow/.local/lib/python3.8/site-packages/airflow/example_dags/example_setup_teardown.py for tasks to queue
[2024-02-11T13:06:37.034+0000] {logging_mixin.py:188} INFO - [2024-02-11T13:06:37.034+0000] {dagbag.py:538} INFO - Filling up the DagBag from /home/airflow/.local/lib/python3.8/site-packages/airflow/example_dags/example_setup_teardown.py
[2024-02-11T13:06:37.038+0000] {processor.py:840} INFO - DAG(s) 'example_setup_teardown' retrieved from /home/airflow/.local/lib/python3.8/site-packages/airflow/example_dags/example_setup_teardown.py
[2024-02-11T13:06:37.047+0000] {logging_mixin.py:188} INFO - [2024-02-11T13:06:37.047+0000] {dag.py:3036} INFO - Sync 1 DAGs
[2024-02-11T13:06:37.067+0000] {logging_mixin.py:188} INFO - [2024-02-11T13:06:37.067+0000] {dag.py:3823} INFO - Setting next_dagrun for example_setup_teardown to 2024-02-10 00:00:00+00:00, run_after=2024-02-11 00:00:00+00:00
[2024-02-11T13:06:37.082+0000] {processor.py:183} INFO - Processing /home/airflow/.local/lib/python3.8/site-packages/airflow/example_dags/example_setup_teardown.py took 0.052 seconds
