[2024-02-11T12:54:59.367+0000] {processor.py:161} INFO - Started process (PID=69) to work on /home/airflow/.local/lib/python3.8/site-packages/airflow/example_dags/example_python_decorator.py
[2024-02-11T12:54:59.368+0000] {processor.py:830} INFO - Processing file /home/airflow/.local/lib/python3.8/site-packages/airflow/example_dags/example_python_decorator.py for tasks to queue
[2024-02-11T12:54:59.369+0000] {logging_mixin.py:188} INFO - [2024-02-11T12:54:59.369+0000] {dagbag.py:538} INFO - Filling up the DagBag from /home/airflow/.local/lib/python3.8/site-packages/airflow/example_dags/example_python_decorator.py
[2024-02-11T12:54:59.407+0000] {processor.py:840} INFO - DAG(s) 'example_python_decorator' retrieved from /home/airflow/.local/lib/python3.8/site-packages/airflow/example_dags/example_python_decorator.py
[2024-02-11T12:54:59.424+0000] {logging_mixin.py:188} INFO - [2024-02-11T12:54:59.424+0000] {dag.py:3036} INFO - Sync 1 DAGs
[2024-02-11T12:54:59.438+0000] {logging_mixin.py:188} INFO - [2024-02-11T12:54:59.437+0000] {dag.py:3823} INFO - Setting next_dagrun for example_python_decorator to None, run_after=None
[2024-02-11T12:54:59.458+0000] {processor.py:183} INFO - Processing /home/airflow/.local/lib/python3.8/site-packages/airflow/example_dags/example_python_decorator.py took 0.093 seconds
[2024-02-11T12:55:31.100+0000] {processor.py:161} INFO - Started process (PID=124) to work on /home/airflow/.local/lib/python3.8/site-packages/airflow/example_dags/example_python_decorator.py
[2024-02-11T12:55:31.101+0000] {processor.py:830} INFO - Processing file /home/airflow/.local/lib/python3.8/site-packages/airflow/example_dags/example_python_decorator.py for tasks to queue
[2024-02-11T12:55:31.102+0000] {logging_mixin.py:188} INFO - [2024-02-11T12:55:31.102+0000] {dagbag.py:538} INFO - Filling up the DagBag from /home/airflow/.local/lib/python3.8/site-packages/airflow/example_dags/example_python_decorator.py
[2024-02-11T12:55:31.114+0000] {processor.py:840} INFO - DAG(s) 'example_python_decorator' retrieved from /home/airflow/.local/lib/python3.8/site-packages/airflow/example_dags/example_python_decorator.py
[2024-02-11T12:55:31.283+0000] {logging_mixin.py:188} INFO - [2024-02-11T12:55:31.283+0000] {dag.py:3036} INFO - Sync 1 DAGs
[2024-02-11T12:55:31.291+0000] {logging_mixin.py:188} INFO - [2024-02-11T12:55:31.291+0000] {dag.py:3823} INFO - Setting next_dagrun for example_python_decorator to None, run_after=None
[2024-02-11T12:55:31.311+0000] {processor.py:183} INFO - Processing /home/airflow/.local/lib/python3.8/site-packages/airflow/example_dags/example_python_decorator.py took 0.214 seconds
[2024-02-11T12:56:01.725+0000] {processor.py:161} INFO - Started process (PID=179) to work on /home/airflow/.local/lib/python3.8/site-packages/airflow/example_dags/example_python_decorator.py
[2024-02-11T12:56:01.725+0000] {processor.py:830} INFO - Processing file /home/airflow/.local/lib/python3.8/site-packages/airflow/example_dags/example_python_decorator.py for tasks to queue
[2024-02-11T12:56:01.726+0000] {logging_mixin.py:188} INFO - [2024-02-11T12:56:01.726+0000] {dagbag.py:538} INFO - Filling up the DagBag from /home/airflow/.local/lib/python3.8/site-packages/airflow/example_dags/example_python_decorator.py
[2024-02-11T12:56:01.734+0000] {processor.py:840} INFO - DAG(s) 'example_python_decorator' retrieved from /home/airflow/.local/lib/python3.8/site-packages/airflow/example_dags/example_python_decorator.py
[2024-02-11T12:56:01.751+0000] {logging_mixin.py:188} INFO - [2024-02-11T12:56:01.751+0000] {dag.py:3036} INFO - Sync 1 DAGs
[2024-02-11T12:56:01.759+0000] {logging_mixin.py:188} INFO - [2024-02-11T12:56:01.759+0000] {dag.py:3823} INFO - Setting next_dagrun for example_python_decorator to None, run_after=None
[2024-02-11T12:56:01.773+0000] {processor.py:183} INFO - Processing /home/airflow/.local/lib/python3.8/site-packages/airflow/example_dags/example_python_decorator.py took 0.050 seconds
[2024-02-11T12:56:32.968+0000] {processor.py:161} INFO - Started process (PID=234) to work on /home/airflow/.local/lib/python3.8/site-packages/airflow/example_dags/example_python_decorator.py
[2024-02-11T12:56:32.971+0000] {processor.py:830} INFO - Processing file /home/airflow/.local/lib/python3.8/site-packages/airflow/example_dags/example_python_decorator.py for tasks to queue
[2024-02-11T12:56:32.977+0000] {logging_mixin.py:188} INFO - [2024-02-11T12:56:32.976+0000] {dagbag.py:538} INFO - Filling up the DagBag from /home/airflow/.local/lib/python3.8/site-packages/airflow/example_dags/example_python_decorator.py
[2024-02-11T12:56:33.024+0000] {processor.py:840} INFO - DAG(s) 'example_python_decorator' retrieved from /home/airflow/.local/lib/python3.8/site-packages/airflow/example_dags/example_python_decorator.py
[2024-02-11T12:56:33.101+0000] {logging_mixin.py:188} INFO - [2024-02-11T12:56:33.100+0000] {dag.py:3036} INFO - Sync 1 DAGs
[2024-02-11T12:56:33.164+0000] {logging_mixin.py:188} INFO - [2024-02-11T12:56:33.163+0000] {dag.py:3823} INFO - Setting next_dagrun for example_python_decorator to None, run_after=None
[2024-02-11T12:56:33.240+0000] {processor.py:183} INFO - Processing /home/airflow/.local/lib/python3.8/site-packages/airflow/example_dags/example_python_decorator.py took 0.282 seconds
[2024-02-11T12:57:03.358+0000] {processor.py:161} INFO - Started process (PID=289) to work on /home/airflow/.local/lib/python3.8/site-packages/airflow/example_dags/example_python_decorator.py
[2024-02-11T12:57:03.360+0000] {processor.py:830} INFO - Processing file /home/airflow/.local/lib/python3.8/site-packages/airflow/example_dags/example_python_decorator.py for tasks to queue
[2024-02-11T12:57:03.364+0000] {logging_mixin.py:188} INFO - [2024-02-11T12:57:03.364+0000] {dagbag.py:538} INFO - Filling up the DagBag from /home/airflow/.local/lib/python3.8/site-packages/airflow/example_dags/example_python_decorator.py
[2024-02-11T12:57:03.411+0000] {processor.py:840} INFO - DAG(s) 'example_python_decorator' retrieved from /home/airflow/.local/lib/python3.8/site-packages/airflow/example_dags/example_python_decorator.py
[2024-02-11T12:57:03.454+0000] {logging_mixin.py:188} INFO - [2024-02-11T12:57:03.453+0000] {dag.py:3036} INFO - Sync 1 DAGs
[2024-02-11T12:57:03.487+0000] {logging_mixin.py:188} INFO - [2024-02-11T12:57:03.487+0000] {dag.py:3823} INFO - Setting next_dagrun for example_python_decorator to None, run_after=None
[2024-02-11T12:57:03.547+0000] {processor.py:183} INFO - Processing /home/airflow/.local/lib/python3.8/site-packages/airflow/example_dags/example_python_decorator.py took 0.197 seconds
[2024-02-11T12:57:37.781+0000] {processor.py:161} INFO - Started process (PID=344) to work on /home/airflow/.local/lib/python3.8/site-packages/airflow/example_dags/example_python_decorator.py
[2024-02-11T12:57:37.782+0000] {processor.py:830} INFO - Processing file /home/airflow/.local/lib/python3.8/site-packages/airflow/example_dags/example_python_decorator.py for tasks to queue
[2024-02-11T12:57:37.785+0000] {logging_mixin.py:188} INFO - [2024-02-11T12:57:37.784+0000] {dagbag.py:538} INFO - Filling up the DagBag from /home/airflow/.local/lib/python3.8/site-packages/airflow/example_dags/example_python_decorator.py
[2024-02-11T12:57:37.810+0000] {processor.py:840} INFO - DAG(s) 'example_python_decorator' retrieved from /home/airflow/.local/lib/python3.8/site-packages/airflow/example_dags/example_python_decorator.py
[2024-02-11T12:57:38.046+0000] {logging_mixin.py:188} INFO - [2024-02-11T12:57:38.045+0000] {dag.py:3036} INFO - Sync 1 DAGs
[2024-02-11T12:57:38.074+0000] {logging_mixin.py:188} INFO - [2024-02-11T12:57:38.073+0000] {dag.py:3823} INFO - Setting next_dagrun for example_python_decorator to None, run_after=None
[2024-02-11T12:57:38.132+0000] {processor.py:183} INFO - Processing /home/airflow/.local/lib/python3.8/site-packages/airflow/example_dags/example_python_decorator.py took 0.358 seconds
[2024-02-11T12:58:08.181+0000] {processor.py:161} INFO - Started process (PID=399) to work on /home/airflow/.local/lib/python3.8/site-packages/airflow/example_dags/example_python_decorator.py
[2024-02-11T12:58:08.183+0000] {processor.py:830} INFO - Processing file /home/airflow/.local/lib/python3.8/site-packages/airflow/example_dags/example_python_decorator.py for tasks to queue
[2024-02-11T12:58:08.185+0000] {logging_mixin.py:188} INFO - [2024-02-11T12:58:08.185+0000] {dagbag.py:538} INFO - Filling up the DagBag from /home/airflow/.local/lib/python3.8/site-packages/airflow/example_dags/example_python_decorator.py
[2024-02-11T12:58:08.207+0000] {processor.py:840} INFO - DAG(s) 'example_python_decorator' retrieved from /home/airflow/.local/lib/python3.8/site-packages/airflow/example_dags/example_python_decorator.py
[2024-02-11T12:58:08.254+0000] {logging_mixin.py:188} INFO - [2024-02-11T12:58:08.254+0000] {dag.py:3036} INFO - Sync 1 DAGs
[2024-02-11T12:58:08.278+0000] {logging_mixin.py:188} INFO - [2024-02-11T12:58:08.278+0000] {dag.py:3823} INFO - Setting next_dagrun for example_python_decorator to None, run_after=None
[2024-02-11T12:58:08.317+0000] {processor.py:183} INFO - Processing /home/airflow/.local/lib/python3.8/site-packages/airflow/example_dags/example_python_decorator.py took 0.140 seconds
[2024-02-11T12:58:38.580+0000] {processor.py:161} INFO - Started process (PID=460) to work on /home/airflow/.local/lib/python3.8/site-packages/airflow/example_dags/example_python_decorator.py
[2024-02-11T12:58:38.582+0000] {processor.py:830} INFO - Processing file /home/airflow/.local/lib/python3.8/site-packages/airflow/example_dags/example_python_decorator.py for tasks to queue
[2024-02-11T12:58:38.587+0000] {logging_mixin.py:188} INFO - [2024-02-11T12:58:38.586+0000] {dagbag.py:538} INFO - Filling up the DagBag from /home/airflow/.local/lib/python3.8/site-packages/airflow/example_dags/example_python_decorator.py
[2024-02-11T12:58:38.627+0000] {processor.py:840} INFO - DAG(s) 'example_python_decorator' retrieved from /home/airflow/.local/lib/python3.8/site-packages/airflow/example_dags/example_python_decorator.py
[2024-02-11T12:58:38.685+0000] {logging_mixin.py:188} INFO - [2024-02-11T12:58:38.684+0000] {dag.py:3036} INFO - Sync 1 DAGs
[2024-02-11T12:58:38.714+0000] {logging_mixin.py:188} INFO - [2024-02-11T12:58:38.713+0000] {dag.py:3823} INFO - Setting next_dagrun for example_python_decorator to None, run_after=None
[2024-02-11T12:58:38.772+0000] {processor.py:183} INFO - Processing /home/airflow/.local/lib/python3.8/site-packages/airflow/example_dags/example_python_decorator.py took 0.200 seconds
[2024-02-11T12:59:09.319+0000] {processor.py:161} INFO - Started process (PID=516) to work on /home/airflow/.local/lib/python3.8/site-packages/airflow/example_dags/example_python_decorator.py
[2024-02-11T12:59:09.321+0000] {processor.py:830} INFO - Processing file /home/airflow/.local/lib/python3.8/site-packages/airflow/example_dags/example_python_decorator.py for tasks to queue
[2024-02-11T12:59:09.324+0000] {logging_mixin.py:188} INFO - [2024-02-11T12:59:09.323+0000] {dagbag.py:538} INFO - Filling up the DagBag from /home/airflow/.local/lib/python3.8/site-packages/airflow/example_dags/example_python_decorator.py
[2024-02-11T12:59:09.347+0000] {processor.py:840} INFO - DAG(s) 'example_python_decorator' retrieved from /home/airflow/.local/lib/python3.8/site-packages/airflow/example_dags/example_python_decorator.py
[2024-02-11T12:59:09.410+0000] {logging_mixin.py:188} INFO - [2024-02-11T12:59:09.409+0000] {dag.py:3036} INFO - Sync 1 DAGs
[2024-02-11T12:59:09.445+0000] {logging_mixin.py:188} INFO - [2024-02-11T12:59:09.445+0000] {dag.py:3823} INFO - Setting next_dagrun for example_python_decorator to None, run_after=None
[2024-02-11T12:59:09.502+0000] {processor.py:183} INFO - Processing /home/airflow/.local/lib/python3.8/site-packages/airflow/example_dags/example_python_decorator.py took 0.188 seconds
[2024-02-11T12:59:39.998+0000] {processor.py:161} INFO - Started process (PID=572) to work on /home/airflow/.local/lib/python3.8/site-packages/airflow/example_dags/example_python_decorator.py
[2024-02-11T12:59:40.000+0000] {processor.py:830} INFO - Processing file /home/airflow/.local/lib/python3.8/site-packages/airflow/example_dags/example_python_decorator.py for tasks to queue
[2024-02-11T12:59:40.005+0000] {logging_mixin.py:188} INFO - [2024-02-11T12:59:40.004+0000] {dagbag.py:538} INFO - Filling up the DagBag from /home/airflow/.local/lib/python3.8/site-packages/airflow/example_dags/example_python_decorator.py
[2024-02-11T12:59:40.039+0000] {processor.py:840} INFO - DAG(s) 'example_python_decorator' retrieved from /home/airflow/.local/lib/python3.8/site-packages/airflow/example_dags/example_python_decorator.py
[2024-02-11T12:59:40.102+0000] {logging_mixin.py:188} INFO - [2024-02-11T12:59:40.101+0000] {dag.py:3036} INFO - Sync 1 DAGs
[2024-02-11T12:59:40.143+0000] {logging_mixin.py:188} INFO - [2024-02-11T12:59:40.143+0000] {dag.py:3823} INFO - Setting next_dagrun for example_python_decorator to None, run_after=None
[2024-02-11T12:59:40.207+0000] {processor.py:183} INFO - Processing /home/airflow/.local/lib/python3.8/site-packages/airflow/example_dags/example_python_decorator.py took 0.215 seconds
[2024-02-11T13:00:10.419+0000] {processor.py:161} INFO - Started process (PID=627) to work on /home/airflow/.local/lib/python3.8/site-packages/airflow/example_dags/example_python_decorator.py
[2024-02-11T13:00:10.422+0000] {processor.py:830} INFO - Processing file /home/airflow/.local/lib/python3.8/site-packages/airflow/example_dags/example_python_decorator.py for tasks to queue
[2024-02-11T13:00:10.426+0000] {logging_mixin.py:188} INFO - [2024-02-11T13:00:10.425+0000] {dagbag.py:538} INFO - Filling up the DagBag from /home/airflow/.local/lib/python3.8/site-packages/airflow/example_dags/example_python_decorator.py
[2024-02-11T13:00:10.466+0000] {processor.py:840} INFO - DAG(s) 'example_python_decorator' retrieved from /home/airflow/.local/lib/python3.8/site-packages/airflow/example_dags/example_python_decorator.py
[2024-02-11T13:00:10.536+0000] {logging_mixin.py:188} INFO - [2024-02-11T13:00:10.535+0000] {dag.py:3036} INFO - Sync 1 DAGs
[2024-02-11T13:00:10.577+0000] {logging_mixin.py:188} INFO - [2024-02-11T13:00:10.577+0000] {dag.py:3823} INFO - Setting next_dagrun for example_python_decorator to None, run_after=None
[2024-02-11T13:00:10.636+0000] {processor.py:183} INFO - Processing /home/airflow/.local/lib/python3.8/site-packages/airflow/example_dags/example_python_decorator.py took 0.225 seconds
[2024-02-11T13:00:40.763+0000] {processor.py:161} INFO - Started process (PID=682) to work on /home/airflow/.local/lib/python3.8/site-packages/airflow/example_dags/example_python_decorator.py
[2024-02-11T13:00:40.764+0000] {processor.py:830} INFO - Processing file /home/airflow/.local/lib/python3.8/site-packages/airflow/example_dags/example_python_decorator.py for tasks to queue
[2024-02-11T13:00:40.767+0000] {logging_mixin.py:188} INFO - [2024-02-11T13:00:40.767+0000] {dagbag.py:538} INFO - Filling up the DagBag from /home/airflow/.local/lib/python3.8/site-packages/airflow/example_dags/example_python_decorator.py
[2024-02-11T13:00:40.790+0000] {processor.py:840} INFO - DAG(s) 'example_python_decorator' retrieved from /home/airflow/.local/lib/python3.8/site-packages/airflow/example_dags/example_python_decorator.py
[2024-02-11T13:00:40.846+0000] {logging_mixin.py:188} INFO - [2024-02-11T13:00:40.845+0000] {dag.py:3036} INFO - Sync 1 DAGs
[2024-02-11T13:00:40.873+0000] {logging_mixin.py:188} INFO - [2024-02-11T13:00:40.873+0000] {dag.py:3823} INFO - Setting next_dagrun for example_python_decorator to None, run_after=None
[2024-02-11T13:00:40.924+0000] {processor.py:183} INFO - Processing /home/airflow/.local/lib/python3.8/site-packages/airflow/example_dags/example_python_decorator.py took 0.166 seconds
[2024-02-11T13:06:07.042+0000] {processor.py:161} INFO - Started process (PID=68) to work on /home/airflow/.local/lib/python3.8/site-packages/airflow/example_dags/example_python_decorator.py
[2024-02-11T13:06:07.043+0000] {processor.py:830} INFO - Processing file /home/airflow/.local/lib/python3.8/site-packages/airflow/example_dags/example_python_decorator.py for tasks to queue
[2024-02-11T13:06:07.045+0000] {logging_mixin.py:188} INFO - [2024-02-11T13:06:07.045+0000] {dagbag.py:538} INFO - Filling up the DagBag from /home/airflow/.local/lib/python3.8/site-packages/airflow/example_dags/example_python_decorator.py
[2024-02-11T13:06:07.059+0000] {processor.py:840} INFO - DAG(s) 'example_python_decorator' retrieved from /home/airflow/.local/lib/python3.8/site-packages/airflow/example_dags/example_python_decorator.py
[2024-02-11T13:06:07.074+0000] {logging_mixin.py:188} INFO - [2024-02-11T13:06:07.074+0000] {dag.py:3036} INFO - Sync 1 DAGs
[2024-02-11T13:06:07.091+0000] {logging_mixin.py:188} INFO - [2024-02-11T13:06:07.090+0000] {dag.py:3823} INFO - Setting next_dagrun for example_python_decorator to None, run_after=None
[2024-02-11T13:06:07.115+0000] {processor.py:183} INFO - Processing /home/airflow/.local/lib/python3.8/site-packages/airflow/example_dags/example_python_decorator.py took 0.076 seconds
[2024-02-11T13:06:37.166+0000] {processor.py:161} INFO - Started process (PID=123) to work on /home/airflow/.local/lib/python3.8/site-packages/airflow/example_dags/example_python_decorator.py
[2024-02-11T13:06:37.167+0000] {processor.py:830} INFO - Processing file /home/airflow/.local/lib/python3.8/site-packages/airflow/example_dags/example_python_decorator.py for tasks to queue
[2024-02-11T13:06:37.168+0000] {logging_mixin.py:188} INFO - [2024-02-11T13:06:37.168+0000] {dagbag.py:538} INFO - Filling up the DagBag from /home/airflow/.local/lib/python3.8/site-packages/airflow/example_dags/example_python_decorator.py
[2024-02-11T13:06:37.176+0000] {processor.py:840} INFO - DAG(s) 'example_python_decorator' retrieved from /home/airflow/.local/lib/python3.8/site-packages/airflow/example_dags/example_python_decorator.py
[2024-02-11T13:06:37.186+0000] {logging_mixin.py:188} INFO - [2024-02-11T13:06:37.185+0000] {dag.py:3036} INFO - Sync 1 DAGs
[2024-02-11T13:06:37.196+0000] {logging_mixin.py:188} INFO - [2024-02-11T13:06:37.196+0000] {dag.py:3823} INFO - Setting next_dagrun for example_python_decorator to None, run_after=None
[2024-02-11T13:06:37.213+0000] {processor.py:183} INFO - Processing /home/airflow/.local/lib/python3.8/site-packages/airflow/example_dags/example_python_decorator.py took 0.049 seconds
