[2024-02-11T12:54:58.235+0000] {processor.py:161} INFO - Started process (PID=52) to work on /home/airflow/.local/lib/python3.8/site-packages/airflow/example_dags/example_sla_dag.py
[2024-02-11T12:54:58.236+0000] {processor.py:830} INFO - Processing file /home/airflow/.local/lib/python3.8/site-packages/airflow/example_dags/example_sla_dag.py for tasks to queue
[2024-02-11T12:54:58.238+0000] {logging_mixin.py:188} INFO - [2024-02-11T12:54:58.238+0000] {dagbag.py:538} INFO - Filling up the DagBag from /home/airflow/.local/lib/python3.8/site-packages/airflow/example_dags/example_sla_dag.py
[2024-02-11T12:54:58.271+0000] {processor.py:840} INFO - DAG(s) 'example_sla_dag' retrieved from /home/airflow/.local/lib/python3.8/site-packages/airflow/example_dags/example_sla_dag.py
[2024-02-11T12:54:58.303+0000] {logging_mixin.py:188} INFO - [2024-02-11T12:54:58.303+0000] {dag.py:3036} INFO - Sync 1 DAGs
[2024-02-11T12:54:58.329+0000] {logging_mixin.py:188} INFO - [2024-02-11T12:54:58.329+0000] {dag.py:3823} INFO - Setting next_dagrun for example_sla_dag to 2024-02-11 12:52:00+00:00, run_after=2024-02-11 12:54:00+00:00
[2024-02-11T12:54:58.350+0000] {processor.py:183} INFO - Processing /home/airflow/.local/lib/python3.8/site-packages/airflow/example_dags/example_sla_dag.py took 0.118 seconds
[2024-02-11T12:55:29.196+0000] {processor.py:161} INFO - Started process (PID=107) to work on /home/airflow/.local/lib/python3.8/site-packages/airflow/example_dags/example_sla_dag.py
[2024-02-11T12:55:29.197+0000] {processor.py:830} INFO - Processing file /home/airflow/.local/lib/python3.8/site-packages/airflow/example_dags/example_sla_dag.py for tasks to queue
[2024-02-11T12:55:29.198+0000] {logging_mixin.py:188} INFO - [2024-02-11T12:55:29.198+0000] {dagbag.py:538} INFO - Filling up the DagBag from /home/airflow/.local/lib/python3.8/site-packages/airflow/example_dags/example_sla_dag.py
[2024-02-11T12:55:29.204+0000] {processor.py:840} INFO - DAG(s) 'example_sla_dag' retrieved from /home/airflow/.local/lib/python3.8/site-packages/airflow/example_dags/example_sla_dag.py
[2024-02-11T12:55:29.308+0000] {logging_mixin.py:188} INFO - [2024-02-11T12:55:29.308+0000] {dag.py:3036} INFO - Sync 1 DAGs
[2024-02-11T12:55:29.339+0000] {logging_mixin.py:188} INFO - [2024-02-11T12:55:29.337+0000] {dag.py:3823} INFO - Setting next_dagrun for example_sla_dag to 2024-02-11 12:52:00+00:00, run_after=2024-02-11 12:54:00+00:00
[2024-02-11T12:55:29.387+0000] {processor.py:183} INFO - Processing /home/airflow/.local/lib/python3.8/site-packages/airflow/example_dags/example_sla_dag.py took 0.194 seconds
[2024-02-11T12:55:59.975+0000] {processor.py:161} INFO - Started process (PID=162) to work on /home/airflow/.local/lib/python3.8/site-packages/airflow/example_dags/example_sla_dag.py
[2024-02-11T12:55:59.975+0000] {processor.py:830} INFO - Processing file /home/airflow/.local/lib/python3.8/site-packages/airflow/example_dags/example_sla_dag.py for tasks to queue
[2024-02-11T12:55:59.977+0000] {logging_mixin.py:188} INFO - [2024-02-11T12:55:59.976+0000] {dagbag.py:538} INFO - Filling up the DagBag from /home/airflow/.local/lib/python3.8/site-packages/airflow/example_dags/example_sla_dag.py
[2024-02-11T12:55:59.982+0000] {processor.py:840} INFO - DAG(s) 'example_sla_dag' retrieved from /home/airflow/.local/lib/python3.8/site-packages/airflow/example_dags/example_sla_dag.py
[2024-02-11T12:55:59.995+0000] {logging_mixin.py:188} INFO - [2024-02-11T12:55:59.995+0000] {dag.py:3036} INFO - Sync 1 DAGs
[2024-02-11T12:56:00.013+0000] {logging_mixin.py:188} INFO - [2024-02-11T12:56:00.013+0000] {dag.py:3823} INFO - Setting next_dagrun for example_sla_dag to 2024-02-11 12:54:00+00:00, run_after=2024-02-11 12:56:00+00:00
[2024-02-11T12:56:00.027+0000] {processor.py:183} INFO - Processing /home/airflow/.local/lib/python3.8/site-packages/airflow/example_dags/example_sla_dag.py took 0.055 seconds
[2024-02-11T12:56:30.733+0000] {processor.py:161} INFO - Started process (PID=217) to work on /home/airflow/.local/lib/python3.8/site-packages/airflow/example_dags/example_sla_dag.py
[2024-02-11T12:56:30.735+0000] {processor.py:830} INFO - Processing file /home/airflow/.local/lib/python3.8/site-packages/airflow/example_dags/example_sla_dag.py for tasks to queue
[2024-02-11T12:56:30.740+0000] {logging_mixin.py:188} INFO - [2024-02-11T12:56:30.739+0000] {dagbag.py:538} INFO - Filling up the DagBag from /home/airflow/.local/lib/python3.8/site-packages/airflow/example_dags/example_sla_dag.py
[2024-02-11T12:56:30.769+0000] {processor.py:840} INFO - DAG(s) 'example_sla_dag' retrieved from /home/airflow/.local/lib/python3.8/site-packages/airflow/example_dags/example_sla_dag.py
[2024-02-11T12:56:30.817+0000] {logging_mixin.py:188} INFO - [2024-02-11T12:56:30.817+0000] {dag.py:3036} INFO - Sync 1 DAGs
[2024-02-11T12:56:30.896+0000] {logging_mixin.py:188} INFO - [2024-02-11T12:56:30.895+0000] {dag.py:3823} INFO - Setting next_dagrun for example_sla_dag to 2024-02-11 12:54:00+00:00, run_after=2024-02-11 12:56:00+00:00
[2024-02-11T12:56:30.976+0000] {processor.py:183} INFO - Processing /home/airflow/.local/lib/python3.8/site-packages/airflow/example_dags/example_sla_dag.py took 0.249 seconds
[2024-02-11T12:57:01.154+0000] {processor.py:161} INFO - Started process (PID=272) to work on /home/airflow/.local/lib/python3.8/site-packages/airflow/example_dags/example_sla_dag.py
[2024-02-11T12:57:01.156+0000] {processor.py:830} INFO - Processing file /home/airflow/.local/lib/python3.8/site-packages/airflow/example_dags/example_sla_dag.py for tasks to queue
[2024-02-11T12:57:01.159+0000] {logging_mixin.py:188} INFO - [2024-02-11T12:57:01.158+0000] {dagbag.py:538} INFO - Filling up the DagBag from /home/airflow/.local/lib/python3.8/site-packages/airflow/example_dags/example_sla_dag.py
[2024-02-11T12:57:01.174+0000] {processor.py:840} INFO - DAG(s) 'example_sla_dag' retrieved from /home/airflow/.local/lib/python3.8/site-packages/airflow/example_dags/example_sla_dag.py
[2024-02-11T12:57:01.205+0000] {logging_mixin.py:188} INFO - [2024-02-11T12:57:01.204+0000] {dag.py:3036} INFO - Sync 1 DAGs
[2024-02-11T12:57:01.259+0000] {logging_mixin.py:188} INFO - [2024-02-11T12:57:01.259+0000] {dag.py:3823} INFO - Setting next_dagrun for example_sla_dag to 2024-02-11 12:54:00+00:00, run_after=2024-02-11 12:56:00+00:00
[2024-02-11T12:57:01.313+0000] {processor.py:183} INFO - Processing /home/airflow/.local/lib/python3.8/site-packages/airflow/example_dags/example_sla_dag.py took 0.164 seconds
[2024-02-11T12:57:33.584+0000] {processor.py:161} INFO - Started process (PID=327) to work on /home/airflow/.local/lib/python3.8/site-packages/airflow/example_dags/example_sla_dag.py
[2024-02-11T12:57:33.586+0000] {processor.py:830} INFO - Processing file /home/airflow/.local/lib/python3.8/site-packages/airflow/example_dags/example_sla_dag.py for tasks to queue
[2024-02-11T12:57:33.591+0000] {logging_mixin.py:188} INFO - [2024-02-11T12:57:33.590+0000] {dagbag.py:538} INFO - Filling up the DagBag from /home/airflow/.local/lib/python3.8/site-packages/airflow/example_dags/example_sla_dag.py
[2024-02-11T12:57:33.620+0000] {processor.py:840} INFO - DAG(s) 'example_sla_dag' retrieved from /home/airflow/.local/lib/python3.8/site-packages/airflow/example_dags/example_sla_dag.py
[2024-02-11T12:57:33.955+0000] {logging_mixin.py:188} INFO - [2024-02-11T12:57:33.955+0000] {dag.py:3036} INFO - Sync 1 DAGs
[2024-02-11T12:57:34.024+0000] {logging_mixin.py:188} INFO - [2024-02-11T12:57:34.023+0000] {dag.py:3823} INFO - Setting next_dagrun for example_sla_dag to 2024-02-11 12:54:00+00:00, run_after=2024-02-11 12:56:00+00:00
[2024-02-11T12:57:34.089+0000] {processor.py:183} INFO - Processing /home/airflow/.local/lib/python3.8/site-packages/airflow/example_dags/example_sla_dag.py took 0.514 seconds
[2024-02-11T12:58:04.953+0000] {processor.py:161} INFO - Started process (PID=382) to work on /home/airflow/.local/lib/python3.8/site-packages/airflow/example_dags/example_sla_dag.py
[2024-02-11T12:58:04.956+0000] {processor.py:830} INFO - Processing file /home/airflow/.local/lib/python3.8/site-packages/airflow/example_dags/example_sla_dag.py for tasks to queue
[2024-02-11T12:58:04.961+0000] {logging_mixin.py:188} INFO - [2024-02-11T12:58:04.960+0000] {dagbag.py:538} INFO - Filling up the DagBag from /home/airflow/.local/lib/python3.8/site-packages/airflow/example_dags/example_sla_dag.py
[2024-02-11T12:58:04.986+0000] {processor.py:840} INFO - DAG(s) 'example_sla_dag' retrieved from /home/airflow/.local/lib/python3.8/site-packages/airflow/example_dags/example_sla_dag.py
[2024-02-11T12:58:05.044+0000] {logging_mixin.py:188} INFO - [2024-02-11T12:58:05.043+0000] {dag.py:3036} INFO - Sync 1 DAGs
[2024-02-11T12:58:05.116+0000] {logging_mixin.py:188} INFO - [2024-02-11T12:58:05.116+0000] {dag.py:3823} INFO - Setting next_dagrun for example_sla_dag to 2024-02-11 12:56:00+00:00, run_after=2024-02-11 12:58:00+00:00
[2024-02-11T12:58:05.172+0000] {processor.py:183} INFO - Processing /home/airflow/.local/lib/python3.8/site-packages/airflow/example_dags/example_sla_dag.py took 0.228 seconds
[2024-02-11T12:58:35.906+0000] {processor.py:161} INFO - Started process (PID=437) to work on /home/airflow/.local/lib/python3.8/site-packages/airflow/example_dags/example_sla_dag.py
[2024-02-11T12:58:35.909+0000] {processor.py:830} INFO - Processing file /home/airflow/.local/lib/python3.8/site-packages/airflow/example_dags/example_sla_dag.py for tasks to queue
[2024-02-11T12:58:35.913+0000] {logging_mixin.py:188} INFO - [2024-02-11T12:58:35.912+0000] {dagbag.py:538} INFO - Filling up the DagBag from /home/airflow/.local/lib/python3.8/site-packages/airflow/example_dags/example_sla_dag.py
[2024-02-11T12:58:35.931+0000] {processor.py:840} INFO - DAG(s) 'example_sla_dag' retrieved from /home/airflow/.local/lib/python3.8/site-packages/airflow/example_dags/example_sla_dag.py
[2024-02-11T12:58:35.981+0000] {logging_mixin.py:188} INFO - [2024-02-11T12:58:35.980+0000] {dag.py:3036} INFO - Sync 1 DAGs
[2024-02-11T12:58:36.059+0000] {logging_mixin.py:188} INFO - [2024-02-11T12:58:36.058+0000] {dag.py:3823} INFO - Setting next_dagrun for example_sla_dag to 2024-02-11 12:56:00+00:00, run_after=2024-02-11 12:58:00+00:00
[2024-02-11T12:58:36.103+0000] {processor.py:183} INFO - Processing /home/airflow/.local/lib/python3.8/site-packages/airflow/example_dags/example_sla_dag.py took 0.202 seconds
[2024-02-11T12:59:06.594+0000] {processor.py:161} INFO - Started process (PID=492) to work on /home/airflow/.local/lib/python3.8/site-packages/airflow/example_dags/example_sla_dag.py
[2024-02-11T12:59:06.596+0000] {processor.py:830} INFO - Processing file /home/airflow/.local/lib/python3.8/site-packages/airflow/example_dags/example_sla_dag.py for tasks to queue
[2024-02-11T12:59:06.599+0000] {logging_mixin.py:188} INFO - [2024-02-11T12:59:06.598+0000] {dagbag.py:538} INFO - Filling up the DagBag from /home/airflow/.local/lib/python3.8/site-packages/airflow/example_dags/example_sla_dag.py
[2024-02-11T12:59:06.613+0000] {processor.py:840} INFO - DAG(s) 'example_sla_dag' retrieved from /home/airflow/.local/lib/python3.8/site-packages/airflow/example_dags/example_sla_dag.py
[2024-02-11T12:59:06.667+0000] {logging_mixin.py:188} INFO - [2024-02-11T12:59:06.666+0000] {dag.py:3036} INFO - Sync 1 DAGs
[2024-02-11T12:59:06.753+0000] {logging_mixin.py:188} INFO - [2024-02-11T12:59:06.752+0000] {dag.py:3823} INFO - Setting next_dagrun for example_sla_dag to 2024-02-11 12:56:00+00:00, run_after=2024-02-11 12:58:00+00:00
[2024-02-11T12:59:06.810+0000] {processor.py:183} INFO - Processing /home/airflow/.local/lib/python3.8/site-packages/airflow/example_dags/example_sla_dag.py took 0.224 seconds
[2024-02-11T12:59:37.047+0000] {processor.py:161} INFO - Started process (PID=548) to work on /home/airflow/.local/lib/python3.8/site-packages/airflow/example_dags/example_sla_dag.py
[2024-02-11T12:59:37.050+0000] {processor.py:830} INFO - Processing file /home/airflow/.local/lib/python3.8/site-packages/airflow/example_dags/example_sla_dag.py for tasks to queue
[2024-02-11T12:59:37.054+0000] {logging_mixin.py:188} INFO - [2024-02-11T12:59:37.053+0000] {dagbag.py:538} INFO - Filling up the DagBag from /home/airflow/.local/lib/python3.8/site-packages/airflow/example_dags/example_sla_dag.py
[2024-02-11T12:59:37.079+0000] {processor.py:840} INFO - DAG(s) 'example_sla_dag' retrieved from /home/airflow/.local/lib/python3.8/site-packages/airflow/example_dags/example_sla_dag.py
[2024-02-11T12:59:37.138+0000] {logging_mixin.py:188} INFO - [2024-02-11T12:59:37.137+0000] {dag.py:3036} INFO - Sync 1 DAGs
[2024-02-11T12:59:37.208+0000] {logging_mixin.py:188} INFO - [2024-02-11T12:59:37.207+0000] {dag.py:3823} INFO - Setting next_dagrun for example_sla_dag to 2024-02-11 12:56:00+00:00, run_after=2024-02-11 12:58:00+00:00
[2024-02-11T12:59:37.272+0000] {processor.py:183} INFO - Processing /home/airflow/.local/lib/python3.8/site-packages/airflow/example_dags/example_sla_dag.py took 0.233 seconds
[2024-02-11T13:00:07.789+0000] {processor.py:161} INFO - Started process (PID=604) to work on /home/airflow/.local/lib/python3.8/site-packages/airflow/example_dags/example_sla_dag.py
[2024-02-11T13:00:07.792+0000] {processor.py:830} INFO - Processing file /home/airflow/.local/lib/python3.8/site-packages/airflow/example_dags/example_sla_dag.py for tasks to queue
[2024-02-11T13:00:07.795+0000] {logging_mixin.py:188} INFO - [2024-02-11T13:00:07.794+0000] {dagbag.py:538} INFO - Filling up the DagBag from /home/airflow/.local/lib/python3.8/site-packages/airflow/example_dags/example_sla_dag.py
[2024-02-11T13:00:07.813+0000] {processor.py:840} INFO - DAG(s) 'example_sla_dag' retrieved from /home/airflow/.local/lib/python3.8/site-packages/airflow/example_dags/example_sla_dag.py
[2024-02-11T13:00:07.853+0000] {logging_mixin.py:188} INFO - [2024-02-11T13:00:07.852+0000] {dag.py:3036} INFO - Sync 1 DAGs
[2024-02-11T13:00:07.922+0000] {logging_mixin.py:188} INFO - [2024-02-11T13:00:07.921+0000] {dag.py:3823} INFO - Setting next_dagrun for example_sla_dag to 2024-02-11 12:58:00+00:00, run_after=2024-02-11 13:00:00+00:00
[2024-02-11T13:00:07.980+0000] {processor.py:183} INFO - Processing /home/airflow/.local/lib/python3.8/site-packages/airflow/example_dags/example_sla_dag.py took 0.197 seconds
[2024-02-11T13:00:38.177+0000] {processor.py:161} INFO - Started process (PID=659) to work on /home/airflow/.local/lib/python3.8/site-packages/airflow/example_dags/example_sla_dag.py
[2024-02-11T13:00:38.180+0000] {processor.py:830} INFO - Processing file /home/airflow/.local/lib/python3.8/site-packages/airflow/example_dags/example_sla_dag.py for tasks to queue
[2024-02-11T13:00:38.183+0000] {logging_mixin.py:188} INFO - [2024-02-11T13:00:38.182+0000] {dagbag.py:538} INFO - Filling up the DagBag from /home/airflow/.local/lib/python3.8/site-packages/airflow/example_dags/example_sla_dag.py
[2024-02-11T13:00:38.197+0000] {processor.py:840} INFO - DAG(s) 'example_sla_dag' retrieved from /home/airflow/.local/lib/python3.8/site-packages/airflow/example_dags/example_sla_dag.py
[2024-02-11T13:00:38.251+0000] {logging_mixin.py:188} INFO - [2024-02-11T13:00:38.250+0000] {dag.py:3036} INFO - Sync 1 DAGs
[2024-02-11T13:00:38.308+0000] {logging_mixin.py:188} INFO - [2024-02-11T13:00:38.308+0000] {dag.py:3823} INFO - Setting next_dagrun for example_sla_dag to 2024-02-11 12:58:00+00:00, run_after=2024-02-11 13:00:00+00:00
[2024-02-11T13:00:38.357+0000] {processor.py:183} INFO - Processing /home/airflow/.local/lib/python3.8/site-packages/airflow/example_dags/example_sla_dag.py took 0.188 seconds
[2024-02-11T13:01:08.676+0000] {processor.py:161} INFO - Started process (PID=714) to work on /home/airflow/.local/lib/python3.8/site-packages/airflow/example_dags/example_sla_dag.py
[2024-02-11T13:01:08.678+0000] {processor.py:830} INFO - Processing file /home/airflow/.local/lib/python3.8/site-packages/airflow/example_dags/example_sla_dag.py for tasks to queue
[2024-02-11T13:01:08.680+0000] {logging_mixin.py:188} INFO - [2024-02-11T13:01:08.679+0000] {dagbag.py:538} INFO - Filling up the DagBag from /home/airflow/.local/lib/python3.8/site-packages/airflow/example_dags/example_sla_dag.py
[2024-02-11T13:01:08.688+0000] {processor.py:840} INFO - DAG(s) 'example_sla_dag' retrieved from /home/airflow/.local/lib/python3.8/site-packages/airflow/example_dags/example_sla_dag.py
[2024-02-11T13:01:08.708+0000] {logging_mixin.py:188} INFO - [2024-02-11T13:01:08.707+0000] {dag.py:3036} INFO - Sync 1 DAGs
[2024-02-11T13:01:08.733+0000] {logging_mixin.py:188} INFO - [2024-02-11T13:01:08.733+0000] {dag.py:3823} INFO - Setting next_dagrun for example_sla_dag to 2024-02-11 12:58:00+00:00, run_after=2024-02-11 13:00:00+00:00
[2024-02-11T13:01:08.750+0000] {processor.py:183} INFO - Processing /home/airflow/.local/lib/python3.8/site-packages/airflow/example_dags/example_sla_dag.py took 0.076 seconds
[2024-02-11T13:06:06.129+0000] {processor.py:161} INFO - Started process (PID=51) to work on /home/airflow/.local/lib/python3.8/site-packages/airflow/example_dags/example_sla_dag.py
[2024-02-11T13:06:06.130+0000] {processor.py:830} INFO - Processing file /home/airflow/.local/lib/python3.8/site-packages/airflow/example_dags/example_sla_dag.py for tasks to queue
[2024-02-11T13:06:06.131+0000] {logging_mixin.py:188} INFO - [2024-02-11T13:06:06.131+0000] {dagbag.py:538} INFO - Filling up the DagBag from /home/airflow/.local/lib/python3.8/site-packages/airflow/example_dags/example_sla_dag.py
[2024-02-11T13:06:06.142+0000] {processor.py:840} INFO - DAG(s) 'example_sla_dag' retrieved from /home/airflow/.local/lib/python3.8/site-packages/airflow/example_dags/example_sla_dag.py
[2024-02-11T13:06:06.154+0000] {logging_mixin.py:188} INFO - [2024-02-11T13:06:06.154+0000] {dag.py:3036} INFO - Sync 1 DAGs
[2024-02-11T13:06:06.184+0000] {logging_mixin.py:188} INFO - [2024-02-11T13:06:06.184+0000] {dag.py:3823} INFO - Setting next_dagrun for example_sla_dag to 2024-02-11 13:04:00+00:00, run_after=2024-02-11 13:06:00+00:00
[2024-02-11T13:06:06.208+0000] {processor.py:183} INFO - Processing /home/airflow/.local/lib/python3.8/site-packages/airflow/example_dags/example_sla_dag.py took 0.082 seconds
[2024-02-11T13:06:36.545+0000] {processor.py:161} INFO - Started process (PID=106) to work on /home/airflow/.local/lib/python3.8/site-packages/airflow/example_dags/example_sla_dag.py
[2024-02-11T13:06:36.546+0000] {processor.py:830} INFO - Processing file /home/airflow/.local/lib/python3.8/site-packages/airflow/example_dags/example_sla_dag.py for tasks to queue
[2024-02-11T13:06:36.547+0000] {logging_mixin.py:188} INFO - [2024-02-11T13:06:36.546+0000] {dagbag.py:538} INFO - Filling up the DagBag from /home/airflow/.local/lib/python3.8/site-packages/airflow/example_dags/example_sla_dag.py
[2024-02-11T13:06:36.552+0000] {processor.py:840} INFO - DAG(s) 'example_sla_dag' retrieved from /home/airflow/.local/lib/python3.8/site-packages/airflow/example_dags/example_sla_dag.py
[2024-02-11T13:06:36.562+0000] {logging_mixin.py:188} INFO - [2024-02-11T13:06:36.562+0000] {dag.py:3036} INFO - Sync 1 DAGs
[2024-02-11T13:06:36.578+0000] {logging_mixin.py:188} INFO - [2024-02-11T13:06:36.578+0000] {dag.py:3823} INFO - Setting next_dagrun for example_sla_dag to 2024-02-11 13:04:00+00:00, run_after=2024-02-11 13:06:00+00:00
[2024-02-11T13:06:36.590+0000] {processor.py:183} INFO - Processing /home/airflow/.local/lib/python3.8/site-packages/airflow/example_dags/example_sla_dag.py took 0.047 seconds
