[2024-02-11T12:54:58.823+0000] {processor.py:161} INFO - Started process (PID=61) to work on /home/airflow/.local/lib/python3.8/site-packages/airflow/example_dags/example_dynamic_task_mapping_with_no_taskflow_operators.py
[2024-02-11T12:54:58.824+0000] {processor.py:830} INFO - Processing file /home/airflow/.local/lib/python3.8/site-packages/airflow/example_dags/example_dynamic_task_mapping_with_no_taskflow_operators.py for tasks to queue
[2024-02-11T12:54:58.825+0000] {logging_mixin.py:188} INFO - [2024-02-11T12:54:58.825+0000] {dagbag.py:538} INFO - Filling up the DagBag from /home/airflow/.local/lib/python3.8/site-packages/airflow/example_dags/example_dynamic_task_mapping_with_no_taskflow_operators.py
[2024-02-11T12:54:58.833+0000] {processor.py:840} INFO - DAG(s) 'example_dynamic_task_mapping_with_no_taskflow_operators' retrieved from /home/airflow/.local/lib/python3.8/site-packages/airflow/example_dags/example_dynamic_task_mapping_with_no_taskflow_operators.py
[2024-02-11T12:54:58.845+0000] {logging_mixin.py:188} INFO - [2024-02-11T12:54:58.844+0000] {dag.py:3036} INFO - Sync 1 DAGs
[2024-02-11T12:54:58.913+0000] {logging_mixin.py:188} INFO - [2024-02-11T12:54:58.913+0000] {dag.py:3823} INFO - Setting next_dagrun for example_dynamic_task_mapping_with_no_taskflow_operators to 2024-02-10 00:00:00+00:00, run_after=2024-02-11 00:00:00+00:00
[2024-02-11T12:54:58.932+0000] {processor.py:183} INFO - Processing /home/airflow/.local/lib/python3.8/site-packages/airflow/example_dags/example_dynamic_task_mapping_with_no_taskflow_operators.py took 0.112 seconds
[2024-02-11T12:55:30.235+0000] {processor.py:161} INFO - Started process (PID=116) to work on /home/airflow/.local/lib/python3.8/site-packages/airflow/example_dags/example_dynamic_task_mapping_with_no_taskflow_operators.py
[2024-02-11T12:55:30.236+0000] {processor.py:830} INFO - Processing file /home/airflow/.local/lib/python3.8/site-packages/airflow/example_dags/example_dynamic_task_mapping_with_no_taskflow_operators.py for tasks to queue
[2024-02-11T12:55:30.237+0000] {logging_mixin.py:188} INFO - [2024-02-11T12:55:30.237+0000] {dagbag.py:538} INFO - Filling up the DagBag from /home/airflow/.local/lib/python3.8/site-packages/airflow/example_dags/example_dynamic_task_mapping_with_no_taskflow_operators.py
[2024-02-11T12:55:30.241+0000] {processor.py:840} INFO - DAG(s) 'example_dynamic_task_mapping_with_no_taskflow_operators' retrieved from /home/airflow/.local/lib/python3.8/site-packages/airflow/example_dags/example_dynamic_task_mapping_with_no_taskflow_operators.py
[2024-02-11T12:55:30.316+0000] {logging_mixin.py:188} INFO - [2024-02-11T12:55:30.315+0000] {dag.py:3036} INFO - Sync 1 DAGs
[2024-02-11T12:55:30.349+0000] {logging_mixin.py:188} INFO - [2024-02-11T12:55:30.347+0000] {dag.py:3823} INFO - Setting next_dagrun for example_dynamic_task_mapping_with_no_taskflow_operators to 2024-02-10 00:00:00+00:00, run_after=2024-02-11 00:00:00+00:00
[2024-02-11T12:55:30.387+0000] {processor.py:183} INFO - Processing /home/airflow/.local/lib/python3.8/site-packages/airflow/example_dags/example_dynamic_task_mapping_with_no_taskflow_operators.py took 0.154 seconds
[2024-02-11T12:56:00.431+0000] {processor.py:161} INFO - Started process (PID=171) to work on /home/airflow/.local/lib/python3.8/site-packages/airflow/example_dags/example_dynamic_task_mapping_with_no_taskflow_operators.py
[2024-02-11T12:56:00.432+0000] {processor.py:830} INFO - Processing file /home/airflow/.local/lib/python3.8/site-packages/airflow/example_dags/example_dynamic_task_mapping_with_no_taskflow_operators.py for tasks to queue
[2024-02-11T12:56:00.433+0000] {logging_mixin.py:188} INFO - [2024-02-11T12:56:00.433+0000] {dagbag.py:538} INFO - Filling up the DagBag from /home/airflow/.local/lib/python3.8/site-packages/airflow/example_dags/example_dynamic_task_mapping_with_no_taskflow_operators.py
[2024-02-11T12:56:00.438+0000] {processor.py:840} INFO - DAG(s) 'example_dynamic_task_mapping_with_no_taskflow_operators' retrieved from /home/airflow/.local/lib/python3.8/site-packages/airflow/example_dags/example_dynamic_task_mapping_with_no_taskflow_operators.py
[2024-02-11T12:56:00.453+0000] {logging_mixin.py:188} INFO - [2024-02-11T12:56:00.453+0000] {dag.py:3036} INFO - Sync 1 DAGs
[2024-02-11T12:56:00.470+0000] {logging_mixin.py:188} INFO - [2024-02-11T12:56:00.469+0000] {dag.py:3823} INFO - Setting next_dagrun for example_dynamic_task_mapping_with_no_taskflow_operators to 2024-02-10 00:00:00+00:00, run_after=2024-02-11 00:00:00+00:00
[2024-02-11T12:56:00.484+0000] {processor.py:183} INFO - Processing /home/airflow/.local/lib/python3.8/site-packages/airflow/example_dags/example_dynamic_task_mapping_with_no_taskflow_operators.py took 0.055 seconds
[2024-02-11T12:56:31.961+0000] {processor.py:161} INFO - Started process (PID=226) to work on /home/airflow/.local/lib/python3.8/site-packages/airflow/example_dags/example_dynamic_task_mapping_with_no_taskflow_operators.py
[2024-02-11T12:56:31.964+0000] {processor.py:830} INFO - Processing file /home/airflow/.local/lib/python3.8/site-packages/airflow/example_dags/example_dynamic_task_mapping_with_no_taskflow_operators.py for tasks to queue
[2024-02-11T12:56:31.969+0000] {logging_mixin.py:188} INFO - [2024-02-11T12:56:31.968+0000] {dagbag.py:538} INFO - Filling up the DagBag from /home/airflow/.local/lib/python3.8/site-packages/airflow/example_dags/example_dynamic_task_mapping_with_no_taskflow_operators.py
[2024-02-11T12:56:31.984+0000] {processor.py:840} INFO - DAG(s) 'example_dynamic_task_mapping_with_no_taskflow_operators' retrieved from /home/airflow/.local/lib/python3.8/site-packages/airflow/example_dags/example_dynamic_task_mapping_with_no_taskflow_operators.py
[2024-02-11T12:56:32.045+0000] {logging_mixin.py:188} INFO - [2024-02-11T12:56:32.044+0000] {dag.py:3036} INFO - Sync 1 DAGs
[2024-02-11T12:56:32.115+0000] {logging_mixin.py:188} INFO - [2024-02-11T12:56:32.115+0000] {dag.py:3823} INFO - Setting next_dagrun for example_dynamic_task_mapping_with_no_taskflow_operators to 2024-02-10 00:00:00+00:00, run_after=2024-02-11 00:00:00+00:00
[2024-02-11T12:56:32.174+0000] {processor.py:183} INFO - Processing /home/airflow/.local/lib/python3.8/site-packages/airflow/example_dags/example_dynamic_task_mapping_with_no_taskflow_operators.py took 0.223 seconds
[2024-02-11T12:57:02.300+0000] {processor.py:161} INFO - Started process (PID=281) to work on /home/airflow/.local/lib/python3.8/site-packages/airflow/example_dags/example_dynamic_task_mapping_with_no_taskflow_operators.py
[2024-02-11T12:57:02.303+0000] {processor.py:830} INFO - Processing file /home/airflow/.local/lib/python3.8/site-packages/airflow/example_dags/example_dynamic_task_mapping_with_no_taskflow_operators.py for tasks to queue
[2024-02-11T12:57:02.306+0000] {logging_mixin.py:188} INFO - [2024-02-11T12:57:02.306+0000] {dagbag.py:538} INFO - Filling up the DagBag from /home/airflow/.local/lib/python3.8/site-packages/airflow/example_dags/example_dynamic_task_mapping_with_no_taskflow_operators.py
[2024-02-11T12:57:02.317+0000] {processor.py:840} INFO - DAG(s) 'example_dynamic_task_mapping_with_no_taskflow_operators' retrieved from /home/airflow/.local/lib/python3.8/site-packages/airflow/example_dags/example_dynamic_task_mapping_with_no_taskflow_operators.py
[2024-02-11T12:57:02.344+0000] {logging_mixin.py:188} INFO - [2024-02-11T12:57:02.343+0000] {dag.py:3036} INFO - Sync 1 DAGs
[2024-02-11T12:57:02.414+0000] {logging_mixin.py:188} INFO - [2024-02-11T12:57:02.413+0000] {dag.py:3823} INFO - Setting next_dagrun for example_dynamic_task_mapping_with_no_taskflow_operators to 2024-02-10 00:00:00+00:00, run_after=2024-02-11 00:00:00+00:00
[2024-02-11T12:57:02.460+0000] {processor.py:183} INFO - Processing /home/airflow/.local/lib/python3.8/site-packages/airflow/example_dags/example_dynamic_task_mapping_with_no_taskflow_operators.py took 0.168 seconds
[2024-02-11T12:57:35.911+0000] {processor.py:161} INFO - Started process (PID=336) to work on /home/airflow/.local/lib/python3.8/site-packages/airflow/example_dags/example_dynamic_task_mapping_with_no_taskflow_operators.py
[2024-02-11T12:57:35.913+0000] {processor.py:830} INFO - Processing file /home/airflow/.local/lib/python3.8/site-packages/airflow/example_dags/example_dynamic_task_mapping_with_no_taskflow_operators.py for tasks to queue
[2024-02-11T12:57:35.915+0000] {logging_mixin.py:188} INFO - [2024-02-11T12:57:35.915+0000] {dagbag.py:538} INFO - Filling up the DagBag from /home/airflow/.local/lib/python3.8/site-packages/airflow/example_dags/example_dynamic_task_mapping_with_no_taskflow_operators.py
[2024-02-11T12:57:35.926+0000] {processor.py:840} INFO - DAG(s) 'example_dynamic_task_mapping_with_no_taskflow_operators' retrieved from /home/airflow/.local/lib/python3.8/site-packages/airflow/example_dags/example_dynamic_task_mapping_with_no_taskflow_operators.py
[2024-02-11T12:57:36.290+0000] {logging_mixin.py:188} INFO - [2024-02-11T12:57:36.289+0000] {dag.py:3036} INFO - Sync 1 DAGs
[2024-02-11T12:57:36.348+0000] {logging_mixin.py:188} INFO - [2024-02-11T12:57:36.347+0000] {dag.py:3823} INFO - Setting next_dagrun for example_dynamic_task_mapping_with_no_taskflow_operators to 2024-02-10 00:00:00+00:00, run_after=2024-02-11 00:00:00+00:00
[2024-02-11T12:57:36.410+0000] {processor.py:183} INFO - Processing /home/airflow/.local/lib/python3.8/site-packages/airflow/example_dags/example_dynamic_task_mapping_with_no_taskflow_operators.py took 0.504 seconds
[2024-02-11T12:58:06.921+0000] {processor.py:161} INFO - Started process (PID=391) to work on /home/airflow/.local/lib/python3.8/site-packages/airflow/example_dags/example_dynamic_task_mapping_with_no_taskflow_operators.py
[2024-02-11T12:58:06.922+0000] {processor.py:830} INFO - Processing file /home/airflow/.local/lib/python3.8/site-packages/airflow/example_dags/example_dynamic_task_mapping_with_no_taskflow_operators.py for tasks to queue
[2024-02-11T12:58:06.925+0000] {logging_mixin.py:188} INFO - [2024-02-11T12:58:06.925+0000] {dagbag.py:538} INFO - Filling up the DagBag from /home/airflow/.local/lib/python3.8/site-packages/airflow/example_dags/example_dynamic_task_mapping_with_no_taskflow_operators.py
[2024-02-11T12:58:06.936+0000] {processor.py:840} INFO - DAG(s) 'example_dynamic_task_mapping_with_no_taskflow_operators' retrieved from /home/airflow/.local/lib/python3.8/site-packages/airflow/example_dags/example_dynamic_task_mapping_with_no_taskflow_operators.py
[2024-02-11T12:58:06.992+0000] {logging_mixin.py:188} INFO - [2024-02-11T12:58:06.991+0000] {dag.py:3036} INFO - Sync 1 DAGs
[2024-02-11T12:58:07.061+0000] {logging_mixin.py:188} INFO - [2024-02-11T12:58:07.060+0000] {dag.py:3823} INFO - Setting next_dagrun for example_dynamic_task_mapping_with_no_taskflow_operators to 2024-02-10 00:00:00+00:00, run_after=2024-02-11 00:00:00+00:00
[2024-02-11T12:58:07.102+0000] {processor.py:183} INFO - Processing /home/airflow/.local/lib/python3.8/site-packages/airflow/example_dags/example_dynamic_task_mapping_with_no_taskflow_operators.py took 0.186 seconds
[2024-02-11T12:58:37.723+0000] {processor.py:161} INFO - Started process (PID=446) to work on /home/airflow/.local/lib/python3.8/site-packages/airflow/example_dags/example_dynamic_task_mapping_with_no_taskflow_operators.py
[2024-02-11T12:58:37.725+0000] {processor.py:830} INFO - Processing file /home/airflow/.local/lib/python3.8/site-packages/airflow/example_dags/example_dynamic_task_mapping_with_no_taskflow_operators.py for tasks to queue
[2024-02-11T12:58:37.727+0000] {logging_mixin.py:188} INFO - [2024-02-11T12:58:37.727+0000] {dagbag.py:538} INFO - Filling up the DagBag from /home/airflow/.local/lib/python3.8/site-packages/airflow/example_dags/example_dynamic_task_mapping_with_no_taskflow_operators.py
[2024-02-11T12:58:37.737+0000] {processor.py:840} INFO - DAG(s) 'example_dynamic_task_mapping_with_no_taskflow_operators' retrieved from /home/airflow/.local/lib/python3.8/site-packages/airflow/example_dags/example_dynamic_task_mapping_with_no_taskflow_operators.py
[2024-02-11T12:58:37.773+0000] {logging_mixin.py:188} INFO - [2024-02-11T12:58:37.773+0000] {dag.py:3036} INFO - Sync 1 DAGs
[2024-02-11T12:58:37.833+0000] {logging_mixin.py:188} INFO - [2024-02-11T12:58:37.832+0000] {dag.py:3823} INFO - Setting next_dagrun for example_dynamic_task_mapping_with_no_taskflow_operators to 2024-02-10 00:00:00+00:00, run_after=2024-02-11 00:00:00+00:00
[2024-02-11T12:58:37.887+0000] {processor.py:183} INFO - Processing /home/airflow/.local/lib/python3.8/site-packages/airflow/example_dags/example_dynamic_task_mapping_with_no_taskflow_operators.py took 0.169 seconds
[2024-02-11T12:59:07.989+0000] {processor.py:161} INFO - Started process (PID=501) to work on /home/airflow/.local/lib/python3.8/site-packages/airflow/example_dags/example_dynamic_task_mapping_with_no_taskflow_operators.py
[2024-02-11T12:59:07.991+0000] {processor.py:830} INFO - Processing file /home/airflow/.local/lib/python3.8/site-packages/airflow/example_dags/example_dynamic_task_mapping_with_no_taskflow_operators.py for tasks to queue
[2024-02-11T12:59:07.995+0000] {logging_mixin.py:188} INFO - [2024-02-11T12:59:07.995+0000] {dagbag.py:538} INFO - Filling up the DagBag from /home/airflow/.local/lib/python3.8/site-packages/airflow/example_dags/example_dynamic_task_mapping_with_no_taskflow_operators.py
[2024-02-11T12:59:08.012+0000] {processor.py:840} INFO - DAG(s) 'example_dynamic_task_mapping_with_no_taskflow_operators' retrieved from /home/airflow/.local/lib/python3.8/site-packages/airflow/example_dags/example_dynamic_task_mapping_with_no_taskflow_operators.py
[2024-02-11T12:59:08.064+0000] {logging_mixin.py:188} INFO - [2024-02-11T12:59:08.063+0000] {dag.py:3036} INFO - Sync 1 DAGs
[2024-02-11T12:59:08.133+0000] {logging_mixin.py:188} INFO - [2024-02-11T12:59:08.133+0000] {dag.py:3823} INFO - Setting next_dagrun for example_dynamic_task_mapping_with_no_taskflow_operators to 2024-02-10 00:00:00+00:00, run_after=2024-02-11 00:00:00+00:00
[2024-02-11T12:59:08.186+0000] {processor.py:183} INFO - Processing /home/airflow/.local/lib/python3.8/site-packages/airflow/example_dags/example_dynamic_task_mapping_with_no_taskflow_operators.py took 0.206 seconds
[2024-02-11T12:59:38.256+0000] {processor.py:161} INFO - Started process (PID=556) to work on /home/airflow/.local/lib/python3.8/site-packages/airflow/example_dags/example_dynamic_task_mapping_with_no_taskflow_operators.py
[2024-02-11T12:59:38.258+0000] {processor.py:830} INFO - Processing file /home/airflow/.local/lib/python3.8/site-packages/airflow/example_dags/example_dynamic_task_mapping_with_no_taskflow_operators.py for tasks to queue
[2024-02-11T12:59:38.261+0000] {logging_mixin.py:188} INFO - [2024-02-11T12:59:38.260+0000] {dagbag.py:538} INFO - Filling up the DagBag from /home/airflow/.local/lib/python3.8/site-packages/airflow/example_dags/example_dynamic_task_mapping_with_no_taskflow_operators.py
[2024-02-11T12:59:38.272+0000] {processor.py:840} INFO - DAG(s) 'example_dynamic_task_mapping_with_no_taskflow_operators' retrieved from /home/airflow/.local/lib/python3.8/site-packages/airflow/example_dags/example_dynamic_task_mapping_with_no_taskflow_operators.py
[2024-02-11T12:59:38.316+0000] {logging_mixin.py:188} INFO - [2024-02-11T12:59:38.316+0000] {dag.py:3036} INFO - Sync 1 DAGs
[2024-02-11T12:59:38.381+0000] {logging_mixin.py:188} INFO - [2024-02-11T12:59:38.380+0000] {dag.py:3823} INFO - Setting next_dagrun for example_dynamic_task_mapping_with_no_taskflow_operators to 2024-02-10 00:00:00+00:00, run_after=2024-02-11 00:00:00+00:00
[2024-02-11T12:59:38.442+0000] {processor.py:183} INFO - Processing /home/airflow/.local/lib/python3.8/site-packages/airflow/example_dags/example_dynamic_task_mapping_with_no_taskflow_operators.py took 0.192 seconds
[2024-02-11T13:00:08.720+0000] {processor.py:161} INFO - Started process (PID=612) to work on /home/airflow/.local/lib/python3.8/site-packages/airflow/example_dags/example_dynamic_task_mapping_with_no_taskflow_operators.py
[2024-02-11T13:00:08.722+0000] {processor.py:830} INFO - Processing file /home/airflow/.local/lib/python3.8/site-packages/airflow/example_dags/example_dynamic_task_mapping_with_no_taskflow_operators.py for tasks to queue
[2024-02-11T13:00:08.728+0000] {logging_mixin.py:188} INFO - [2024-02-11T13:00:08.726+0000] {dagbag.py:538} INFO - Filling up the DagBag from /home/airflow/.local/lib/python3.8/site-packages/airflow/example_dags/example_dynamic_task_mapping_with_no_taskflow_operators.py
[2024-02-11T13:00:08.746+0000] {processor.py:840} INFO - DAG(s) 'example_dynamic_task_mapping_with_no_taskflow_operators' retrieved from /home/airflow/.local/lib/python3.8/site-packages/airflow/example_dags/example_dynamic_task_mapping_with_no_taskflow_operators.py
[2024-02-11T13:00:08.799+0000] {logging_mixin.py:188} INFO - [2024-02-11T13:00:08.798+0000] {dag.py:3036} INFO - Sync 1 DAGs
[2024-02-11T13:00:08.851+0000] {logging_mixin.py:188} INFO - [2024-02-11T13:00:08.850+0000] {dag.py:3823} INFO - Setting next_dagrun for example_dynamic_task_mapping_with_no_taskflow_operators to 2024-02-10 00:00:00+00:00, run_after=2024-02-11 00:00:00+00:00
[2024-02-11T13:00:08.895+0000] {processor.py:183} INFO - Processing /home/airflow/.local/lib/python3.8/site-packages/airflow/example_dags/example_dynamic_task_mapping_with_no_taskflow_operators.py took 0.182 seconds
[2024-02-11T13:00:39.045+0000] {processor.py:161} INFO - Started process (PID=667) to work on /home/airflow/.local/lib/python3.8/site-packages/airflow/example_dags/example_dynamic_task_mapping_with_no_taskflow_operators.py
[2024-02-11T13:00:39.047+0000] {processor.py:830} INFO - Processing file /home/airflow/.local/lib/python3.8/site-packages/airflow/example_dags/example_dynamic_task_mapping_with_no_taskflow_operators.py for tasks to queue
[2024-02-11T13:00:39.050+0000] {logging_mixin.py:188} INFO - [2024-02-11T13:00:39.049+0000] {dagbag.py:538} INFO - Filling up the DagBag from /home/airflow/.local/lib/python3.8/site-packages/airflow/example_dags/example_dynamic_task_mapping_with_no_taskflow_operators.py
[2024-02-11T13:00:39.062+0000] {processor.py:840} INFO - DAG(s) 'example_dynamic_task_mapping_with_no_taskflow_operators' retrieved from /home/airflow/.local/lib/python3.8/site-packages/airflow/example_dags/example_dynamic_task_mapping_with_no_taskflow_operators.py
[2024-02-11T13:00:39.110+0000] {logging_mixin.py:188} INFO - [2024-02-11T13:00:39.110+0000] {dag.py:3036} INFO - Sync 1 DAGs
[2024-02-11T13:00:39.163+0000] {logging_mixin.py:188} INFO - [2024-02-11T13:00:39.163+0000] {dag.py:3823} INFO - Setting next_dagrun for example_dynamic_task_mapping_with_no_taskflow_operators to 2024-02-10 00:00:00+00:00, run_after=2024-02-11 00:00:00+00:00
[2024-02-11T13:00:39.217+0000] {processor.py:183} INFO - Processing /home/airflow/.local/lib/python3.8/site-packages/airflow/example_dags/example_dynamic_task_mapping_with_no_taskflow_operators.py took 0.177 seconds
[2024-02-11T13:01:10.217+0000] {processor.py:161} INFO - Started process (PID=729) to work on /home/airflow/.local/lib/python3.8/site-packages/airflow/example_dags/example_dynamic_task_mapping_with_no_taskflow_operators.py
[2024-02-11T13:01:10.218+0000] {processor.py:830} INFO - Processing file /home/airflow/.local/lib/python3.8/site-packages/airflow/example_dags/example_dynamic_task_mapping_with_no_taskflow_operators.py for tasks to queue
[2024-02-11T13:01:10.221+0000] {logging_mixin.py:188} INFO - [2024-02-11T13:01:10.221+0000] {dagbag.py:538} INFO - Filling up the DagBag from /home/airflow/.local/lib/python3.8/site-packages/airflow/example_dags/example_dynamic_task_mapping_with_no_taskflow_operators.py
[2024-02-11T13:01:10.229+0000] {processor.py:840} INFO - DAG(s) 'example_dynamic_task_mapping_with_no_taskflow_operators' retrieved from /home/airflow/.local/lib/python3.8/site-packages/airflow/example_dags/example_dynamic_task_mapping_with_no_taskflow_operators.py
[2024-02-11T13:01:10.260+0000] {logging_mixin.py:188} INFO - [2024-02-11T13:01:10.260+0000] {dag.py:3036} INFO - Sync 1 DAGs
[2024-02-11T13:01:10.290+0000] {logging_mixin.py:188} INFO - [2024-02-11T13:01:10.290+0000] {dag.py:3823} INFO - Setting next_dagrun for example_dynamic_task_mapping_with_no_taskflow_operators to 2024-02-10 00:00:00+00:00, run_after=2024-02-11 00:00:00+00:00
[2024-02-11T13:01:10.319+0000] {processor.py:183} INFO - Processing /home/airflow/.local/lib/python3.8/site-packages/airflow/example_dags/example_dynamic_task_mapping_with_no_taskflow_operators.py took 0.107 seconds
[2024-02-11T13:06:06.557+0000] {processor.py:161} INFO - Started process (PID=60) to work on /home/airflow/.local/lib/python3.8/site-packages/airflow/example_dags/example_dynamic_task_mapping_with_no_taskflow_operators.py
[2024-02-11T13:06:06.558+0000] {processor.py:830} INFO - Processing file /home/airflow/.local/lib/python3.8/site-packages/airflow/example_dags/example_dynamic_task_mapping_with_no_taskflow_operators.py for tasks to queue
[2024-02-11T13:06:06.559+0000] {logging_mixin.py:188} INFO - [2024-02-11T13:06:06.559+0000] {dagbag.py:538} INFO - Filling up the DagBag from /home/airflow/.local/lib/python3.8/site-packages/airflow/example_dags/example_dynamic_task_mapping_with_no_taskflow_operators.py
[2024-02-11T13:06:06.570+0000] {processor.py:840} INFO - DAG(s) 'example_dynamic_task_mapping_with_no_taskflow_operators' retrieved from /home/airflow/.local/lib/python3.8/site-packages/airflow/example_dags/example_dynamic_task_mapping_with_no_taskflow_operators.py
[2024-02-11T13:06:06.583+0000] {logging_mixin.py:188} INFO - [2024-02-11T13:06:06.583+0000] {dag.py:3036} INFO - Sync 1 DAGs
[2024-02-11T13:06:06.610+0000] {logging_mixin.py:188} INFO - [2024-02-11T13:06:06.610+0000] {dag.py:3823} INFO - Setting next_dagrun for example_dynamic_task_mapping_with_no_taskflow_operators to 2024-02-10 00:00:00+00:00, run_after=2024-02-11 00:00:00+00:00
[2024-02-11T13:06:06.634+0000] {processor.py:183} INFO - Processing /home/airflow/.local/lib/python3.8/site-packages/airflow/example_dags/example_dynamic_task_mapping_with_no_taskflow_operators.py took 0.081 seconds
[2024-02-11T13:06:36.881+0000] {processor.py:161} INFO - Started process (PID=115) to work on /home/airflow/.local/lib/python3.8/site-packages/airflow/example_dags/example_dynamic_task_mapping_with_no_taskflow_operators.py
[2024-02-11T13:06:36.882+0000] {processor.py:830} INFO - Processing file /home/airflow/.local/lib/python3.8/site-packages/airflow/example_dags/example_dynamic_task_mapping_with_no_taskflow_operators.py for tasks to queue
[2024-02-11T13:06:36.883+0000] {logging_mixin.py:188} INFO - [2024-02-11T13:06:36.883+0000] {dagbag.py:538} INFO - Filling up the DagBag from /home/airflow/.local/lib/python3.8/site-packages/airflow/example_dags/example_dynamic_task_mapping_with_no_taskflow_operators.py
[2024-02-11T13:06:36.887+0000] {processor.py:840} INFO - DAG(s) 'example_dynamic_task_mapping_with_no_taskflow_operators' retrieved from /home/airflow/.local/lib/python3.8/site-packages/airflow/example_dags/example_dynamic_task_mapping_with_no_taskflow_operators.py
[2024-02-11T13:06:36.895+0000] {logging_mixin.py:188} INFO - [2024-02-11T13:06:36.895+0000] {dag.py:3036} INFO - Sync 1 DAGs
[2024-02-11T13:06:36.915+0000] {logging_mixin.py:188} INFO - [2024-02-11T13:06:36.915+0000] {dag.py:3823} INFO - Setting next_dagrun for example_dynamic_task_mapping_with_no_taskflow_operators to 2024-02-10 00:00:00+00:00, run_after=2024-02-11 00:00:00+00:00
[2024-02-11T13:06:36.931+0000] {processor.py:183} INFO - Processing /home/airflow/.local/lib/python3.8/site-packages/airflow/example_dags/example_dynamic_task_mapping_with_no_taskflow_operators.py took 0.052 seconds
