[2024-02-11T12:54:59.024+0000] {processor.py:161} INFO - Started process (PID=64) to work on /home/airflow/.local/lib/python3.8/site-packages/airflow/example_dags/example_nested_branch_dag.py
[2024-02-11T12:54:59.025+0000] {processor.py:830} INFO - Processing file /home/airflow/.local/lib/python3.8/site-packages/airflow/example_dags/example_nested_branch_dag.py for tasks to queue
[2024-02-11T12:54:59.026+0000] {logging_mixin.py:188} INFO - [2024-02-11T12:54:59.026+0000] {dagbag.py:538} INFO - Filling up the DagBag from /home/airflow/.local/lib/python3.8/site-packages/airflow/example_dags/example_nested_branch_dag.py
[2024-02-11T12:54:59.034+0000] {processor.py:840} INFO - DAG(s) 'example_nested_branch_dag' retrieved from /home/airflow/.local/lib/python3.8/site-packages/airflow/example_dags/example_nested_branch_dag.py
[2024-02-11T12:54:59.045+0000] {logging_mixin.py:188} INFO - [2024-02-11T12:54:59.044+0000] {dag.py:3036} INFO - Sync 1 DAGs
[2024-02-11T12:54:59.070+0000] {logging_mixin.py:188} INFO - [2024-02-11T12:54:59.070+0000] {dag.py:3823} INFO - Setting next_dagrun for example_nested_branch_dag to 2024-02-10 00:00:00+00:00, run_after=2024-02-11 00:00:00+00:00
[2024-02-11T12:54:59.124+0000] {processor.py:183} INFO - Processing /home/airflow/.local/lib/python3.8/site-packages/airflow/example_dags/example_nested_branch_dag.py took 0.109 seconds
[2024-02-11T12:55:30.571+0000] {processor.py:161} INFO - Started process (PID=119) to work on /home/airflow/.local/lib/python3.8/site-packages/airflow/example_dags/example_nested_branch_dag.py
[2024-02-11T12:55:30.572+0000] {processor.py:830} INFO - Processing file /home/airflow/.local/lib/python3.8/site-packages/airflow/example_dags/example_nested_branch_dag.py for tasks to queue
[2024-02-11T12:55:30.573+0000] {logging_mixin.py:188} INFO - [2024-02-11T12:55:30.573+0000] {dagbag.py:538} INFO - Filling up the DagBag from /home/airflow/.local/lib/python3.8/site-packages/airflow/example_dags/example_nested_branch_dag.py
[2024-02-11T12:55:30.580+0000] {processor.py:840} INFO - DAG(s) 'example_nested_branch_dag' retrieved from /home/airflow/.local/lib/python3.8/site-packages/airflow/example_dags/example_nested_branch_dag.py
[2024-02-11T12:55:30.689+0000] {logging_mixin.py:188} INFO - [2024-02-11T12:55:30.689+0000] {dag.py:3036} INFO - Sync 1 DAGs
[2024-02-11T12:55:30.708+0000] {logging_mixin.py:188} INFO - [2024-02-11T12:55:30.708+0000] {dag.py:3823} INFO - Setting next_dagrun for example_nested_branch_dag to 2024-02-10 00:00:00+00:00, run_after=2024-02-11 00:00:00+00:00
[2024-02-11T12:55:30.727+0000] {processor.py:183} INFO - Processing /home/airflow/.local/lib/python3.8/site-packages/airflow/example_dags/example_nested_branch_dag.py took 0.158 seconds
[2024-02-11T12:56:01.558+0000] {processor.py:161} INFO - Started process (PID=174) to work on /home/airflow/.local/lib/python3.8/site-packages/airflow/example_dags/example_nested_branch_dag.py
[2024-02-11T12:56:01.558+0000] {processor.py:830} INFO - Processing file /home/airflow/.local/lib/python3.8/site-packages/airflow/example_dags/example_nested_branch_dag.py for tasks to queue
[2024-02-11T12:56:01.559+0000] {logging_mixin.py:188} INFO - [2024-02-11T12:56:01.559+0000] {dagbag.py:538} INFO - Filling up the DagBag from /home/airflow/.local/lib/python3.8/site-packages/airflow/example_dags/example_nested_branch_dag.py
[2024-02-11T12:56:01.566+0000] {processor.py:840} INFO - DAG(s) 'example_nested_branch_dag' retrieved from /home/airflow/.local/lib/python3.8/site-packages/airflow/example_dags/example_nested_branch_dag.py
[2024-02-11T12:56:01.581+0000] {logging_mixin.py:188} INFO - [2024-02-11T12:56:01.581+0000] {dag.py:3036} INFO - Sync 1 DAGs
[2024-02-11T12:56:01.598+0000] {logging_mixin.py:188} INFO - [2024-02-11T12:56:01.598+0000] {dag.py:3823} INFO - Setting next_dagrun for example_nested_branch_dag to 2024-02-10 00:00:00+00:00, run_after=2024-02-11 00:00:00+00:00
[2024-02-11T12:56:01.612+0000] {processor.py:183} INFO - Processing /home/airflow/.local/lib/python3.8/site-packages/airflow/example_dags/example_nested_branch_dag.py took 0.056 seconds
[2024-02-11T12:56:32.258+0000] {processor.py:161} INFO - Started process (PID=229) to work on /home/airflow/.local/lib/python3.8/site-packages/airflow/example_dags/example_nested_branch_dag.py
[2024-02-11T12:56:32.260+0000] {processor.py:830} INFO - Processing file /home/airflow/.local/lib/python3.8/site-packages/airflow/example_dags/example_nested_branch_dag.py for tasks to queue
[2024-02-11T12:56:32.265+0000] {logging_mixin.py:188} INFO - [2024-02-11T12:56:32.264+0000] {dagbag.py:538} INFO - Filling up the DagBag from /home/airflow/.local/lib/python3.8/site-packages/airflow/example_dags/example_nested_branch_dag.py
[2024-02-11T12:56:32.288+0000] {processor.py:840} INFO - DAG(s) 'example_nested_branch_dag' retrieved from /home/airflow/.local/lib/python3.8/site-packages/airflow/example_dags/example_nested_branch_dag.py
[2024-02-11T12:56:32.340+0000] {logging_mixin.py:188} INFO - [2024-02-11T12:56:32.339+0000] {dag.py:3036} INFO - Sync 1 DAGs
[2024-02-11T12:56:32.413+0000] {logging_mixin.py:188} INFO - [2024-02-11T12:56:32.412+0000] {dag.py:3823} INFO - Setting next_dagrun for example_nested_branch_dag to 2024-02-10 00:00:00+00:00, run_after=2024-02-11 00:00:00+00:00
[2024-02-11T12:56:32.467+0000] {processor.py:183} INFO - Processing /home/airflow/.local/lib/python3.8/site-packages/airflow/example_dags/example_nested_branch_dag.py took 0.215 seconds
[2024-02-11T12:57:02.555+0000] {processor.py:161} INFO - Started process (PID=284) to work on /home/airflow/.local/lib/python3.8/site-packages/airflow/example_dags/example_nested_branch_dag.py
[2024-02-11T12:57:02.558+0000] {processor.py:830} INFO - Processing file /home/airflow/.local/lib/python3.8/site-packages/airflow/example_dags/example_nested_branch_dag.py for tasks to queue
[2024-02-11T12:57:02.562+0000] {logging_mixin.py:188} INFO - [2024-02-11T12:57:02.561+0000] {dagbag.py:538} INFO - Filling up the DagBag from /home/airflow/.local/lib/python3.8/site-packages/airflow/example_dags/example_nested_branch_dag.py
[2024-02-11T12:57:02.583+0000] {processor.py:840} INFO - DAG(s) 'example_nested_branch_dag' retrieved from /home/airflow/.local/lib/python3.8/site-packages/airflow/example_dags/example_nested_branch_dag.py
[2024-02-11T12:57:02.611+0000] {logging_mixin.py:188} INFO - [2024-02-11T12:57:02.611+0000] {dag.py:3036} INFO - Sync 1 DAGs
[2024-02-11T12:57:02.675+0000] {logging_mixin.py:188} INFO - [2024-02-11T12:57:02.675+0000] {dag.py:3823} INFO - Setting next_dagrun for example_nested_branch_dag to 2024-02-10 00:00:00+00:00, run_after=2024-02-11 00:00:00+00:00
[2024-02-11T12:57:02.737+0000] {processor.py:183} INFO - Processing /home/airflow/.local/lib/python3.8/site-packages/airflow/example_dags/example_nested_branch_dag.py took 0.191 seconds
[2024-02-11T12:57:36.579+0000] {processor.py:161} INFO - Started process (PID=339) to work on /home/airflow/.local/lib/python3.8/site-packages/airflow/example_dags/example_nested_branch_dag.py
[2024-02-11T12:57:36.581+0000] {processor.py:830} INFO - Processing file /home/airflow/.local/lib/python3.8/site-packages/airflow/example_dags/example_nested_branch_dag.py for tasks to queue
[2024-02-11T12:57:36.583+0000] {logging_mixin.py:188} INFO - [2024-02-11T12:57:36.583+0000] {dagbag.py:538} INFO - Filling up the DagBag from /home/airflow/.local/lib/python3.8/site-packages/airflow/example_dags/example_nested_branch_dag.py
[2024-02-11T12:57:36.600+0000] {processor.py:840} INFO - DAG(s) 'example_nested_branch_dag' retrieved from /home/airflow/.local/lib/python3.8/site-packages/airflow/example_dags/example_nested_branch_dag.py
[2024-02-11T12:57:36.917+0000] {logging_mixin.py:188} INFO - [2024-02-11T12:57:36.916+0000] {dag.py:3036} INFO - Sync 1 DAGs
[2024-02-11T12:57:36.991+0000] {logging_mixin.py:188} INFO - [2024-02-11T12:57:36.990+0000] {dag.py:3823} INFO - Setting next_dagrun for example_nested_branch_dag to 2024-02-10 00:00:00+00:00, run_after=2024-02-11 00:00:00+00:00
[2024-02-11T12:57:37.045+0000] {processor.py:183} INFO - Processing /home/airflow/.local/lib/python3.8/site-packages/airflow/example_dags/example_nested_branch_dag.py took 0.471 seconds
[2024-02-11T12:58:07.379+0000] {processor.py:161} INFO - Started process (PID=394) to work on /home/airflow/.local/lib/python3.8/site-packages/airflow/example_dags/example_nested_branch_dag.py
[2024-02-11T12:58:07.381+0000] {processor.py:830} INFO - Processing file /home/airflow/.local/lib/python3.8/site-packages/airflow/example_dags/example_nested_branch_dag.py for tasks to queue
[2024-02-11T12:58:07.383+0000] {logging_mixin.py:188} INFO - [2024-02-11T12:58:07.383+0000] {dagbag.py:538} INFO - Filling up the DagBag from /home/airflow/.local/lib/python3.8/site-packages/airflow/example_dags/example_nested_branch_dag.py
[2024-02-11T12:58:07.400+0000] {processor.py:840} INFO - DAG(s) 'example_nested_branch_dag' retrieved from /home/airflow/.local/lib/python3.8/site-packages/airflow/example_dags/example_nested_branch_dag.py
[2024-02-11T12:58:07.451+0000] {logging_mixin.py:188} INFO - [2024-02-11T12:58:07.450+0000] {dag.py:3036} INFO - Sync 1 DAGs
[2024-02-11T12:58:07.506+0000] {logging_mixin.py:188} INFO - [2024-02-11T12:58:07.506+0000] {dag.py:3823} INFO - Setting next_dagrun for example_nested_branch_dag to 2024-02-10 00:00:00+00:00, run_after=2024-02-11 00:00:00+00:00
[2024-02-11T12:58:07.554+0000] {processor.py:183} INFO - Processing /home/airflow/.local/lib/python3.8/site-packages/airflow/example_dags/example_nested_branch_dag.py took 0.180 seconds
[2024-02-11T12:58:38.035+0000] {processor.py:161} INFO - Started process (PID=449) to work on /home/airflow/.local/lib/python3.8/site-packages/airflow/example_dags/example_nested_branch_dag.py
[2024-02-11T12:58:38.036+0000] {processor.py:830} INFO - Processing file /home/airflow/.local/lib/python3.8/site-packages/airflow/example_dags/example_nested_branch_dag.py for tasks to queue
[2024-02-11T12:58:38.039+0000] {logging_mixin.py:188} INFO - [2024-02-11T12:58:38.039+0000] {dagbag.py:538} INFO - Filling up the DagBag from /home/airflow/.local/lib/python3.8/site-packages/airflow/example_dags/example_nested_branch_dag.py
[2024-02-11T12:58:38.056+0000] {processor.py:840} INFO - DAG(s) 'example_nested_branch_dag' retrieved from /home/airflow/.local/lib/python3.8/site-packages/airflow/example_dags/example_nested_branch_dag.py
[2024-02-11T12:58:38.097+0000] {logging_mixin.py:188} INFO - [2024-02-11T12:58:38.096+0000] {dag.py:3036} INFO - Sync 1 DAGs
[2024-02-11T12:58:38.144+0000] {logging_mixin.py:188} INFO - [2024-02-11T12:58:38.144+0000] {dag.py:3823} INFO - Setting next_dagrun for example_nested_branch_dag to 2024-02-10 00:00:00+00:00, run_after=2024-02-11 00:00:00+00:00
[2024-02-11T12:58:38.196+0000] {processor.py:183} INFO - Processing /home/airflow/.local/lib/python3.8/site-packages/airflow/example_dags/example_nested_branch_dag.py took 0.167 seconds
[2024-02-11T12:59:08.530+0000] {processor.py:161} INFO - Started process (PID=504) to work on /home/airflow/.local/lib/python3.8/site-packages/airflow/example_dags/example_nested_branch_dag.py
[2024-02-11T12:59:08.532+0000] {processor.py:830} INFO - Processing file /home/airflow/.local/lib/python3.8/site-packages/airflow/example_dags/example_nested_branch_dag.py for tasks to queue
[2024-02-11T12:59:08.536+0000] {logging_mixin.py:188} INFO - [2024-02-11T12:59:08.535+0000] {dagbag.py:538} INFO - Filling up the DagBag from /home/airflow/.local/lib/python3.8/site-packages/airflow/example_dags/example_nested_branch_dag.py
[2024-02-11T12:59:08.563+0000] {processor.py:840} INFO - DAG(s) 'example_nested_branch_dag' retrieved from /home/airflow/.local/lib/python3.8/site-packages/airflow/example_dags/example_nested_branch_dag.py
[2024-02-11T12:59:08.629+0000] {logging_mixin.py:188} INFO - [2024-02-11T12:59:08.628+0000] {dag.py:3036} INFO - Sync 1 DAGs
[2024-02-11T12:59:08.702+0000] {logging_mixin.py:188} INFO - [2024-02-11T12:59:08.701+0000] {dag.py:3823} INFO - Setting next_dagrun for example_nested_branch_dag to 2024-02-10 00:00:00+00:00, run_after=2024-02-11 00:00:00+00:00
[2024-02-11T12:59:08.759+0000] {processor.py:183} INFO - Processing /home/airflow/.local/lib/python3.8/site-packages/airflow/example_dags/example_nested_branch_dag.py took 0.235 seconds
[2024-02-11T12:59:39.072+0000] {processor.py:161} INFO - Started process (PID=567) to work on /home/airflow/.local/lib/python3.8/site-packages/airflow/example_dags/example_nested_branch_dag.py
[2024-02-11T12:59:39.075+0000] {processor.py:830} INFO - Processing file /home/airflow/.local/lib/python3.8/site-packages/airflow/example_dags/example_nested_branch_dag.py for tasks to queue
[2024-02-11T12:59:39.080+0000] {logging_mixin.py:188} INFO - [2024-02-11T12:59:39.079+0000] {dagbag.py:538} INFO - Filling up the DagBag from /home/airflow/.local/lib/python3.8/site-packages/airflow/example_dags/example_nested_branch_dag.py
[2024-02-11T12:59:39.113+0000] {processor.py:840} INFO - DAG(s) 'example_nested_branch_dag' retrieved from /home/airflow/.local/lib/python3.8/site-packages/airflow/example_dags/example_nested_branch_dag.py
[2024-02-11T12:59:39.189+0000] {logging_mixin.py:188} INFO - [2024-02-11T12:59:39.188+0000] {dag.py:3036} INFO - Sync 1 DAGs
[2024-02-11T12:59:39.277+0000] {logging_mixin.py:188} INFO - [2024-02-11T12:59:39.276+0000] {dag.py:3823} INFO - Setting next_dagrun for example_nested_branch_dag to 2024-02-10 00:00:00+00:00, run_after=2024-02-11 00:00:00+00:00
[2024-02-11T12:59:39.348+0000] {processor.py:183} INFO - Processing /home/airflow/.local/lib/python3.8/site-packages/airflow/example_dags/example_nested_branch_dag.py took 0.285 seconds
[2024-02-11T13:00:09.465+0000] {processor.py:161} INFO - Started process (PID=622) to work on /home/airflow/.local/lib/python3.8/site-packages/airflow/example_dags/example_nested_branch_dag.py
[2024-02-11T13:00:09.466+0000] {processor.py:830} INFO - Processing file /home/airflow/.local/lib/python3.8/site-packages/airflow/example_dags/example_nested_branch_dag.py for tasks to queue
[2024-02-11T13:00:09.469+0000] {logging_mixin.py:188} INFO - [2024-02-11T13:00:09.469+0000] {dagbag.py:538} INFO - Filling up the DagBag from /home/airflow/.local/lib/python3.8/site-packages/airflow/example_dags/example_nested_branch_dag.py
[2024-02-11T13:00:09.489+0000] {processor.py:840} INFO - DAG(s) 'example_nested_branch_dag' retrieved from /home/airflow/.local/lib/python3.8/site-packages/airflow/example_dags/example_nested_branch_dag.py
[2024-02-11T13:00:09.533+0000] {logging_mixin.py:188} INFO - [2024-02-11T13:00:09.532+0000] {dag.py:3036} INFO - Sync 1 DAGs
[2024-02-11T13:00:09.592+0000] {logging_mixin.py:188} INFO - [2024-02-11T13:00:09.591+0000] {dag.py:3823} INFO - Setting next_dagrun for example_nested_branch_dag to 2024-02-10 00:00:00+00:00, run_after=2024-02-11 00:00:00+00:00
[2024-02-11T13:00:09.634+0000] {processor.py:183} INFO - Processing /home/airflow/.local/lib/python3.8/site-packages/airflow/example_dags/example_nested_branch_dag.py took 0.174 seconds
[2024-02-11T13:00:39.769+0000] {processor.py:161} INFO - Started process (PID=677) to work on /home/airflow/.local/lib/python3.8/site-packages/airflow/example_dags/example_nested_branch_dag.py
[2024-02-11T13:00:39.771+0000] {processor.py:830} INFO - Processing file /home/airflow/.local/lib/python3.8/site-packages/airflow/example_dags/example_nested_branch_dag.py for tasks to queue
[2024-02-11T13:00:39.776+0000] {logging_mixin.py:188} INFO - [2024-02-11T13:00:39.775+0000] {dagbag.py:538} INFO - Filling up the DagBag from /home/airflow/.local/lib/python3.8/site-packages/airflow/example_dags/example_nested_branch_dag.py
[2024-02-11T13:00:39.796+0000] {processor.py:840} INFO - DAG(s) 'example_nested_branch_dag' retrieved from /home/airflow/.local/lib/python3.8/site-packages/airflow/example_dags/example_nested_branch_dag.py
[2024-02-11T13:00:39.844+0000] {logging_mixin.py:188} INFO - [2024-02-11T13:00:39.844+0000] {dag.py:3036} INFO - Sync 1 DAGs
[2024-02-11T13:00:39.888+0000] {logging_mixin.py:188} INFO - [2024-02-11T13:00:39.888+0000] {dag.py:3823} INFO - Setting next_dagrun for example_nested_branch_dag to 2024-02-10 00:00:00+00:00, run_after=2024-02-11 00:00:00+00:00
[2024-02-11T13:00:39.931+0000] {processor.py:183} INFO - Processing /home/airflow/.local/lib/python3.8/site-packages/airflow/example_dags/example_nested_branch_dag.py took 0.168 seconds
[2024-02-11T13:01:10.458+0000] {processor.py:161} INFO - Started process (PID=732) to work on /home/airflow/.local/lib/python3.8/site-packages/airflow/example_dags/example_nested_branch_dag.py
[2024-02-11T13:01:10.459+0000] {processor.py:830} INFO - Processing file /home/airflow/.local/lib/python3.8/site-packages/airflow/example_dags/example_nested_branch_dag.py for tasks to queue
[2024-02-11T13:01:10.460+0000] {logging_mixin.py:188} INFO - [2024-02-11T13:01:10.460+0000] {dagbag.py:538} INFO - Filling up the DagBag from /home/airflow/.local/lib/python3.8/site-packages/airflow/example_dags/example_nested_branch_dag.py
[2024-02-11T13:01:10.473+0000] {processor.py:840} INFO - DAG(s) 'example_nested_branch_dag' retrieved from /home/airflow/.local/lib/python3.8/site-packages/airflow/example_dags/example_nested_branch_dag.py
[2024-02-11T13:01:10.509+0000] {logging_mixin.py:188} INFO - [2024-02-11T13:01:10.508+0000] {dag.py:3036} INFO - Sync 1 DAGs
[2024-02-11T13:01:10.547+0000] {logging_mixin.py:188} INFO - [2024-02-11T13:01:10.547+0000] {dag.py:3823} INFO - Setting next_dagrun for example_nested_branch_dag to 2024-02-10 00:00:00+00:00, run_after=2024-02-11 00:00:00+00:00
[2024-02-11T13:01:10.582+0000] {processor.py:183} INFO - Processing /home/airflow/.local/lib/python3.8/site-packages/airflow/example_dags/example_nested_branch_dag.py took 0.128 seconds
[2024-02-11T13:06:06.689+0000] {processor.py:161} INFO - Started process (PID=63) to work on /home/airflow/.local/lib/python3.8/site-packages/airflow/example_dags/example_nested_branch_dag.py
[2024-02-11T13:06:06.690+0000] {processor.py:830} INFO - Processing file /home/airflow/.local/lib/python3.8/site-packages/airflow/example_dags/example_nested_branch_dag.py for tasks to queue
[2024-02-11T13:06:06.692+0000] {logging_mixin.py:188} INFO - [2024-02-11T13:06:06.691+0000] {dagbag.py:538} INFO - Filling up the DagBag from /home/airflow/.local/lib/python3.8/site-packages/airflow/example_dags/example_nested_branch_dag.py
[2024-02-11T13:06:06.704+0000] {processor.py:840} INFO - DAG(s) 'example_nested_branch_dag' retrieved from /home/airflow/.local/lib/python3.8/site-packages/airflow/example_dags/example_nested_branch_dag.py
[2024-02-11T13:06:06.715+0000] {logging_mixin.py:188} INFO - [2024-02-11T13:06:06.715+0000] {dag.py:3036} INFO - Sync 1 DAGs
[2024-02-11T13:06:06.739+0000] {logging_mixin.py:188} INFO - [2024-02-11T13:06:06.738+0000] {dag.py:3823} INFO - Setting next_dagrun for example_nested_branch_dag to 2024-02-10 00:00:00+00:00, run_after=2024-02-11 00:00:00+00:00
[2024-02-11T13:06:06.756+0000] {processor.py:183} INFO - Processing /home/airflow/.local/lib/python3.8/site-packages/airflow/example_dags/example_nested_branch_dag.py took 0.071 seconds
[2024-02-11T13:06:36.997+0000] {processor.py:161} INFO - Started process (PID=118) to work on /home/airflow/.local/lib/python3.8/site-packages/airflow/example_dags/example_nested_branch_dag.py
[2024-02-11T13:06:36.998+0000] {processor.py:830} INFO - Processing file /home/airflow/.local/lib/python3.8/site-packages/airflow/example_dags/example_nested_branch_dag.py for tasks to queue
[2024-02-11T13:06:36.999+0000] {logging_mixin.py:188} INFO - [2024-02-11T13:06:36.999+0000] {dagbag.py:538} INFO - Filling up the DagBag from /home/airflow/.local/lib/python3.8/site-packages/airflow/example_dags/example_nested_branch_dag.py
[2024-02-11T13:06:37.005+0000] {processor.py:840} INFO - DAG(s) 'example_nested_branch_dag' retrieved from /home/airflow/.local/lib/python3.8/site-packages/airflow/example_dags/example_nested_branch_dag.py
[2024-02-11T13:06:37.013+0000] {logging_mixin.py:188} INFO - [2024-02-11T13:06:37.013+0000] {dag.py:3036} INFO - Sync 1 DAGs
[2024-02-11T13:06:37.029+0000] {logging_mixin.py:188} INFO - [2024-02-11T13:06:37.029+0000] {dag.py:3823} INFO - Setting next_dagrun for example_nested_branch_dag to 2024-02-10 00:00:00+00:00, run_after=2024-02-11 00:00:00+00:00
[2024-02-11T13:06:37.042+0000] {processor.py:183} INFO - Processing /home/airflow/.local/lib/python3.8/site-packages/airflow/example_dags/example_nested_branch_dag.py took 0.047 seconds
