[2024-02-11T12:54:58.122+0000] {processor.py:161} INFO - Started process (PID=50) to work on /home/airflow/.local/lib/python3.8/site-packages/airflow/example_dags/example_complex.py
[2024-02-11T12:54:58.123+0000] {processor.py:830} INFO - Processing file /home/airflow/.local/lib/python3.8/site-packages/airflow/example_dags/example_complex.py for tasks to queue
[2024-02-11T12:54:58.124+0000] {logging_mixin.py:188} INFO - [2024-02-11T12:54:58.124+0000] {dagbag.py:538} INFO - Filling up the DagBag from /home/airflow/.local/lib/python3.8/site-packages/airflow/example_dags/example_complex.py
[2024-02-11T12:54:58.134+0000] {processor.py:840} INFO - DAG(s) 'example_complex' retrieved from /home/airflow/.local/lib/python3.8/site-packages/airflow/example_dags/example_complex.py
[2024-02-11T12:54:58.145+0000] {logging_mixin.py:188} INFO - [2024-02-11T12:54:58.145+0000] {dag.py:3036} INFO - Sync 1 DAGs
[2024-02-11T12:54:58.176+0000] {logging_mixin.py:188} INFO - [2024-02-11T12:54:58.174+0000] {dag.py:3823} INFO - Setting next_dagrun for example_complex to None, run_after=None
[2024-02-11T12:54:58.215+0000] {processor.py:183} INFO - Processing /home/airflow/.local/lib/python3.8/site-packages/airflow/example_dags/example_complex.py took 0.095 seconds
[2024-02-11T12:55:28.959+0000] {processor.py:161} INFO - Started process (PID=105) to work on /home/airflow/.local/lib/python3.8/site-packages/airflow/example_dags/example_complex.py
[2024-02-11T12:55:28.960+0000] {processor.py:830} INFO - Processing file /home/airflow/.local/lib/python3.8/site-packages/airflow/example_dags/example_complex.py for tasks to queue
[2024-02-11T12:55:28.961+0000] {logging_mixin.py:188} INFO - [2024-02-11T12:55:28.961+0000] {dagbag.py:538} INFO - Filling up the DagBag from /home/airflow/.local/lib/python3.8/site-packages/airflow/example_dags/example_complex.py
[2024-02-11T12:55:28.970+0000] {processor.py:840} INFO - DAG(s) 'example_complex' retrieved from /home/airflow/.local/lib/python3.8/site-packages/airflow/example_dags/example_complex.py
[2024-02-11T12:55:29.105+0000] {logging_mixin.py:188} INFO - [2024-02-11T12:55:29.105+0000] {dag.py:3036} INFO - Sync 1 DAGs
[2024-02-11T12:55:29.118+0000] {logging_mixin.py:188} INFO - [2024-02-11T12:55:29.118+0000] {dag.py:3823} INFO - Setting next_dagrun for example_complex to None, run_after=None
[2024-02-11T12:55:29.176+0000] {processor.py:183} INFO - Processing /home/airflow/.local/lib/python3.8/site-packages/airflow/example_dags/example_complex.py took 0.219 seconds
[2024-02-11T12:55:59.899+0000] {processor.py:161} INFO - Started process (PID=160) to work on /home/airflow/.local/lib/python3.8/site-packages/airflow/example_dags/example_complex.py
[2024-02-11T12:55:59.899+0000] {processor.py:830} INFO - Processing file /home/airflow/.local/lib/python3.8/site-packages/airflow/example_dags/example_complex.py for tasks to queue
[2024-02-11T12:55:59.900+0000] {logging_mixin.py:188} INFO - [2024-02-11T12:55:59.900+0000] {dagbag.py:538} INFO - Filling up the DagBag from /home/airflow/.local/lib/python3.8/site-packages/airflow/example_dags/example_complex.py
[2024-02-11T12:55:59.907+0000] {processor.py:840} INFO - DAG(s) 'example_complex' retrieved from /home/airflow/.local/lib/python3.8/site-packages/airflow/example_dags/example_complex.py
[2024-02-11T12:55:59.936+0000] {logging_mixin.py:188} INFO - [2024-02-11T12:55:59.936+0000] {dag.py:3036} INFO - Sync 1 DAGs
[2024-02-11T12:55:59.945+0000] {logging_mixin.py:188} INFO - [2024-02-11T12:55:59.945+0000] {dag.py:3823} INFO - Setting next_dagrun for example_complex to None, run_after=None
[2024-02-11T12:55:59.959+0000] {processor.py:183} INFO - Processing /home/airflow/.local/lib/python3.8/site-packages/airflow/example_dags/example_complex.py took 0.063 seconds
[2024-02-11T12:56:30.444+0000] {processor.py:161} INFO - Started process (PID=215) to work on /home/airflow/.local/lib/python3.8/site-packages/airflow/example_dags/example_complex.py
[2024-02-11T12:56:30.446+0000] {processor.py:830} INFO - Processing file /home/airflow/.local/lib/python3.8/site-packages/airflow/example_dags/example_complex.py for tasks to queue
[2024-02-11T12:56:30.451+0000] {logging_mixin.py:188} INFO - [2024-02-11T12:56:30.450+0000] {dagbag.py:538} INFO - Filling up the DagBag from /home/airflow/.local/lib/python3.8/site-packages/airflow/example_dags/example_complex.py
[2024-02-11T12:56:30.490+0000] {processor.py:840} INFO - DAG(s) 'example_complex' retrieved from /home/airflow/.local/lib/python3.8/site-packages/airflow/example_dags/example_complex.py
[2024-02-11T12:56:30.593+0000] {logging_mixin.py:188} INFO - [2024-02-11T12:56:30.592+0000] {dag.py:3036} INFO - Sync 1 DAGs
[2024-02-11T12:56:30.636+0000] {logging_mixin.py:188} INFO - [2024-02-11T12:56:30.636+0000] {dag.py:3823} INFO - Setting next_dagrun for example_complex to None, run_after=None
[2024-02-11T12:56:30.687+0000] {processor.py:183} INFO - Processing /home/airflow/.local/lib/python3.8/site-packages/airflow/example_dags/example_complex.py took 0.252 seconds
[2024-02-11T12:57:00.964+0000] {processor.py:161} INFO - Started process (PID=270) to work on /home/airflow/.local/lib/python3.8/site-packages/airflow/example_dags/example_complex.py
[2024-02-11T12:57:00.966+0000] {processor.py:830} INFO - Processing file /home/airflow/.local/lib/python3.8/site-packages/airflow/example_dags/example_complex.py for tasks to queue
[2024-02-11T12:57:00.968+0000] {logging_mixin.py:188} INFO - [2024-02-11T12:57:00.968+0000] {dagbag.py:538} INFO - Filling up the DagBag from /home/airflow/.local/lib/python3.8/site-packages/airflow/example_dags/example_complex.py
[2024-02-11T12:57:00.990+0000] {processor.py:840} INFO - DAG(s) 'example_complex' retrieved from /home/airflow/.local/lib/python3.8/site-packages/airflow/example_dags/example_complex.py
[2024-02-11T12:57:01.015+0000] {logging_mixin.py:188} INFO - [2024-02-11T12:57:01.014+0000] {dag.py:3036} INFO - Sync 1 DAGs
[2024-02-11T12:57:01.056+0000] {logging_mixin.py:188} INFO - [2024-02-11T12:57:01.055+0000] {dag.py:3823} INFO - Setting next_dagrun for example_complex to None, run_after=None
[2024-02-11T12:57:01.106+0000] {processor.py:183} INFO - Processing /home/airflow/.local/lib/python3.8/site-packages/airflow/example_dags/example_complex.py took 0.147 seconds
[2024-02-11T12:57:33.040+0000] {processor.py:161} INFO - Started process (PID=325) to work on /home/airflow/.local/lib/python3.8/site-packages/airflow/example_dags/example_complex.py
[2024-02-11T12:57:33.042+0000] {processor.py:830} INFO - Processing file /home/airflow/.local/lib/python3.8/site-packages/airflow/example_dags/example_complex.py for tasks to queue
[2024-02-11T12:57:33.049+0000] {logging_mixin.py:188} INFO - [2024-02-11T12:57:33.046+0000] {dagbag.py:538} INFO - Filling up the DagBag from /home/airflow/.local/lib/python3.8/site-packages/airflow/example_dags/example_complex.py
[2024-02-11T12:57:33.091+0000] {processor.py:840} INFO - DAG(s) 'example_complex' retrieved from /home/airflow/.local/lib/python3.8/site-packages/airflow/example_dags/example_complex.py
[2024-02-11T12:57:33.425+0000] {logging_mixin.py:188} INFO - [2024-02-11T12:57:33.424+0000] {dag.py:3036} INFO - Sync 1 DAGs
[2024-02-11T12:57:33.465+0000] {logging_mixin.py:188} INFO - [2024-02-11T12:57:33.464+0000] {dag.py:3823} INFO - Setting next_dagrun for example_complex to None, run_after=None
[2024-02-11T12:57:33.532+0000] {processor.py:183} INFO - Processing /home/airflow/.local/lib/python3.8/site-packages/airflow/example_dags/example_complex.py took 0.502 seconds
[2024-02-11T12:58:03.680+0000] {processor.py:161} INFO - Started process (PID=380) to work on /home/airflow/.local/lib/python3.8/site-packages/airflow/example_dags/example_complex.py
[2024-02-11T12:58:03.683+0000] {processor.py:830} INFO - Processing file /home/airflow/.local/lib/python3.8/site-packages/airflow/example_dags/example_complex.py for tasks to queue
[2024-02-11T12:58:03.687+0000] {logging_mixin.py:188} INFO - [2024-02-11T12:58:03.686+0000] {dagbag.py:538} INFO - Filling up the DagBag from /home/airflow/.local/lib/python3.8/site-packages/airflow/example_dags/example_complex.py
[2024-02-11T12:58:03.712+0000] {processor.py:840} INFO - DAG(s) 'example_complex' retrieved from /home/airflow/.local/lib/python3.8/site-packages/airflow/example_dags/example_complex.py
[2024-02-11T12:58:03.810+0000] {logging_mixin.py:188} INFO - [2024-02-11T12:58:03.809+0000] {dag.py:3036} INFO - Sync 1 DAGs
[2024-02-11T12:58:03.838+0000] {logging_mixin.py:188} INFO - [2024-02-11T12:58:03.837+0000] {dag.py:3823} INFO - Setting next_dagrun for example_complex to None, run_after=None
[2024-02-11T12:58:03.891+0000] {processor.py:183} INFO - Processing /home/airflow/.local/lib/python3.8/site-packages/airflow/example_dags/example_complex.py took 0.219 seconds
[2024-02-11T12:58:34.660+0000] {processor.py:161} INFO - Started process (PID=435) to work on /home/airflow/.local/lib/python3.8/site-packages/airflow/example_dags/example_complex.py
[2024-02-11T12:58:34.661+0000] {processor.py:830} INFO - Processing file /home/airflow/.local/lib/python3.8/site-packages/airflow/example_dags/example_complex.py for tasks to queue
[2024-02-11T12:58:34.664+0000] {logging_mixin.py:188} INFO - [2024-02-11T12:58:34.664+0000] {dagbag.py:538} INFO - Filling up the DagBag from /home/airflow/.local/lib/python3.8/site-packages/airflow/example_dags/example_complex.py
[2024-02-11T12:58:34.688+0000] {processor.py:840} INFO - DAG(s) 'example_complex' retrieved from /home/airflow/.local/lib/python3.8/site-packages/airflow/example_dags/example_complex.py
[2024-02-11T12:58:34.761+0000] {logging_mixin.py:188} INFO - [2024-02-11T12:58:34.760+0000] {dag.py:3036} INFO - Sync 1 DAGs
[2024-02-11T12:58:34.800+0000] {logging_mixin.py:188} INFO - [2024-02-11T12:58:34.800+0000] {dag.py:3823} INFO - Setting next_dagrun for example_complex to None, run_after=None
[2024-02-11T12:58:34.850+0000] {processor.py:183} INFO - Processing /home/airflow/.local/lib/python3.8/site-packages/airflow/example_dags/example_complex.py took 0.199 seconds
[2024-02-11T12:59:05.296+0000] {processor.py:161} INFO - Started process (PID=490) to work on /home/airflow/.local/lib/python3.8/site-packages/airflow/example_dags/example_complex.py
[2024-02-11T12:59:05.299+0000] {processor.py:830} INFO - Processing file /home/airflow/.local/lib/python3.8/site-packages/airflow/example_dags/example_complex.py for tasks to queue
[2024-02-11T12:59:05.303+0000] {logging_mixin.py:188} INFO - [2024-02-11T12:59:05.302+0000] {dagbag.py:538} INFO - Filling up the DagBag from /home/airflow/.local/lib/python3.8/site-packages/airflow/example_dags/example_complex.py
[2024-02-11T12:59:05.339+0000] {processor.py:840} INFO - DAG(s) 'example_complex' retrieved from /home/airflow/.local/lib/python3.8/site-packages/airflow/example_dags/example_complex.py
[2024-02-11T12:59:05.437+0000] {logging_mixin.py:188} INFO - [2024-02-11T12:59:05.436+0000] {dag.py:3036} INFO - Sync 1 DAGs
[2024-02-11T12:59:05.477+0000] {logging_mixin.py:188} INFO - [2024-02-11T12:59:05.476+0000] {dag.py:3823} INFO - Setting next_dagrun for example_complex to None, run_after=None
[2024-02-11T12:59:05.536+0000] {processor.py:183} INFO - Processing /home/airflow/.local/lib/python3.8/site-packages/airflow/example_dags/example_complex.py took 0.249 seconds
[2024-02-11T12:59:35.689+0000] {processor.py:161} INFO - Started process (PID=546) to work on /home/airflow/.local/lib/python3.8/site-packages/airflow/example_dags/example_complex.py
[2024-02-11T12:59:35.692+0000] {processor.py:830} INFO - Processing file /home/airflow/.local/lib/python3.8/site-packages/airflow/example_dags/example_complex.py for tasks to queue
[2024-02-11T12:59:35.696+0000] {logging_mixin.py:188} INFO - [2024-02-11T12:59:35.696+0000] {dagbag.py:538} INFO - Filling up the DagBag from /home/airflow/.local/lib/python3.8/site-packages/airflow/example_dags/example_complex.py
[2024-02-11T12:59:35.722+0000] {processor.py:840} INFO - DAG(s) 'example_complex' retrieved from /home/airflow/.local/lib/python3.8/site-packages/airflow/example_dags/example_complex.py
[2024-02-11T12:59:35.799+0000] {logging_mixin.py:188} INFO - [2024-02-11T12:59:35.799+0000] {dag.py:3036} INFO - Sync 1 DAGs
[2024-02-11T12:59:35.826+0000] {logging_mixin.py:188} INFO - [2024-02-11T12:59:35.825+0000] {dag.py:3823} INFO - Setting next_dagrun for example_complex to None, run_after=None
[2024-02-11T12:59:35.879+0000] {processor.py:183} INFO - Processing /home/airflow/.local/lib/python3.8/site-packages/airflow/example_dags/example_complex.py took 0.197 seconds
[2024-02-11T13:00:06.183+0000] {processor.py:161} INFO - Started process (PID=602) to work on /home/airflow/.local/lib/python3.8/site-packages/airflow/example_dags/example_complex.py
[2024-02-11T13:00:06.185+0000] {processor.py:830} INFO - Processing file /home/airflow/.local/lib/python3.8/site-packages/airflow/example_dags/example_complex.py for tasks to queue
[2024-02-11T13:00:06.187+0000] {logging_mixin.py:188} INFO - [2024-02-11T13:00:06.187+0000] {dagbag.py:538} INFO - Filling up the DagBag from /home/airflow/.local/lib/python3.8/site-packages/airflow/example_dags/example_complex.py
[2024-02-11T13:00:06.209+0000] {processor.py:840} INFO - DAG(s) 'example_complex' retrieved from /home/airflow/.local/lib/python3.8/site-packages/airflow/example_dags/example_complex.py
[2024-02-11T13:00:06.284+0000] {logging_mixin.py:188} INFO - [2024-02-11T13:00:06.283+0000] {dag.py:3036} INFO - Sync 1 DAGs
[2024-02-11T13:00:06.312+0000] {logging_mixin.py:188} INFO - [2024-02-11T13:00:06.312+0000] {dag.py:3823} INFO - Setting next_dagrun for example_complex to None, run_after=None
[2024-02-11T13:00:06.372+0000] {processor.py:183} INFO - Processing /home/airflow/.local/lib/python3.8/site-packages/airflow/example_dags/example_complex.py took 0.194 seconds
[2024-02-11T13:00:36.646+0000] {processor.py:161} INFO - Started process (PID=656) to work on /home/airflow/.local/lib/python3.8/site-packages/airflow/example_dags/example_complex.py
[2024-02-11T13:00:36.648+0000] {processor.py:830} INFO - Processing file /home/airflow/.local/lib/python3.8/site-packages/airflow/example_dags/example_complex.py for tasks to queue
[2024-02-11T13:00:36.653+0000] {logging_mixin.py:188} INFO - [2024-02-11T13:00:36.652+0000] {dagbag.py:538} INFO - Filling up the DagBag from /home/airflow/.local/lib/python3.8/site-packages/airflow/example_dags/example_complex.py
[2024-02-11T13:00:36.694+0000] {processor.py:840} INFO - DAG(s) 'example_complex' retrieved from /home/airflow/.local/lib/python3.8/site-packages/airflow/example_dags/example_complex.py
[2024-02-11T13:00:36.783+0000] {logging_mixin.py:188} INFO - [2024-02-11T13:00:36.782+0000] {dag.py:3036} INFO - Sync 1 DAGs
[2024-02-11T13:00:36.816+0000] {logging_mixin.py:188} INFO - [2024-02-11T13:00:36.815+0000] {dag.py:3823} INFO - Setting next_dagrun for example_complex to None, run_after=None
[2024-02-11T13:00:36.868+0000] {processor.py:183} INFO - Processing /home/airflow/.local/lib/python3.8/site-packages/airflow/example_dags/example_complex.py took 0.231 seconds
[2024-02-11T13:01:07.508+0000] {processor.py:161} INFO - Started process (PID=711) to work on /home/airflow/.local/lib/python3.8/site-packages/airflow/example_dags/example_complex.py
[2024-02-11T13:01:07.509+0000] {processor.py:830} INFO - Processing file /home/airflow/.local/lib/python3.8/site-packages/airflow/example_dags/example_complex.py for tasks to queue
[2024-02-11T13:01:07.510+0000] {logging_mixin.py:188} INFO - [2024-02-11T13:01:07.510+0000] {dagbag.py:538} INFO - Filling up the DagBag from /home/airflow/.local/lib/python3.8/site-packages/airflow/example_dags/example_complex.py
[2024-02-11T13:01:07.520+0000] {processor.py:840} INFO - DAG(s) 'example_complex' retrieved from /home/airflow/.local/lib/python3.8/site-packages/airflow/example_dags/example_complex.py
[2024-02-11T13:01:07.543+0000] {logging_mixin.py:188} INFO - [2024-02-11T13:01:07.542+0000] {dag.py:3036} INFO - Sync 1 DAGs
[2024-02-11T13:01:07.553+0000] {logging_mixin.py:188} INFO - [2024-02-11T13:01:07.552+0000] {dag.py:3823} INFO - Setting next_dagrun for example_complex to None, run_after=None
[2024-02-11T13:01:07.570+0000] {processor.py:183} INFO - Processing /home/airflow/.local/lib/python3.8/site-packages/airflow/example_dags/example_complex.py took 0.065 seconds
[2024-02-11T13:06:06.036+0000] {processor.py:161} INFO - Started process (PID=49) to work on /home/airflow/.local/lib/python3.8/site-packages/airflow/example_dags/example_complex.py
[2024-02-11T13:06:06.037+0000] {processor.py:830} INFO - Processing file /home/airflow/.local/lib/python3.8/site-packages/airflow/example_dags/example_complex.py for tasks to queue
[2024-02-11T13:06:06.039+0000] {logging_mixin.py:188} INFO - [2024-02-11T13:06:06.039+0000] {dagbag.py:538} INFO - Filling up the DagBag from /home/airflow/.local/lib/python3.8/site-packages/airflow/example_dags/example_complex.py
[2024-02-11T13:06:06.055+0000] {processor.py:840} INFO - DAG(s) 'example_complex' retrieved from /home/airflow/.local/lib/python3.8/site-packages/airflow/example_dags/example_complex.py
[2024-02-11T13:06:06.067+0000] {logging_mixin.py:188} INFO - [2024-02-11T13:06:06.066+0000] {dag.py:3036} INFO - Sync 1 DAGs
[2024-02-11T13:06:06.082+0000] {logging_mixin.py:188} INFO - [2024-02-11T13:06:06.081+0000] {dag.py:3823} INFO - Setting next_dagrun for example_complex to None, run_after=None
[2024-02-11T13:06:06.106+0000] {processor.py:183} INFO - Processing /home/airflow/.local/lib/python3.8/site-packages/airflow/example_dags/example_complex.py took 0.074 seconds
[2024-02-11T13:06:36.480+0000] {processor.py:161} INFO - Started process (PID=104) to work on /home/airflow/.local/lib/python3.8/site-packages/airflow/example_dags/example_complex.py
[2024-02-11T13:06:36.481+0000] {processor.py:830} INFO - Processing file /home/airflow/.local/lib/python3.8/site-packages/airflow/example_dags/example_complex.py for tasks to queue
[2024-02-11T13:06:36.482+0000] {logging_mixin.py:188} INFO - [2024-02-11T13:06:36.482+0000] {dagbag.py:538} INFO - Filling up the DagBag from /home/airflow/.local/lib/python3.8/site-packages/airflow/example_dags/example_complex.py
[2024-02-11T13:06:36.489+0000] {processor.py:840} INFO - DAG(s) 'example_complex' retrieved from /home/airflow/.local/lib/python3.8/site-packages/airflow/example_dags/example_complex.py
[2024-02-11T13:06:36.499+0000] {logging_mixin.py:188} INFO - [2024-02-11T13:06:36.499+0000] {dag.py:3036} INFO - Sync 1 DAGs
[2024-02-11T13:06:36.511+0000] {logging_mixin.py:188} INFO - [2024-02-11T13:06:36.511+0000] {dag.py:3823} INFO - Setting next_dagrun for example_complex to None, run_after=None
[2024-02-11T13:06:36.529+0000] {processor.py:183} INFO - Processing /home/airflow/.local/lib/python3.8/site-packages/airflow/example_dags/example_complex.py took 0.050 seconds
