[2024-02-11T12:54:58.421+0000] {processor.py:161} INFO - Started process (PID=54) to work on /home/airflow/.local/lib/python3.8/site-packages/airflow/example_dags/example_sensors.py
[2024-02-11T12:54:58.422+0000] {processor.py:830} INFO - Processing file /home/airflow/.local/lib/python3.8/site-packages/airflow/example_dags/example_sensors.py for tasks to queue
[2024-02-11T12:54:58.423+0000] {logging_mixin.py:188} INFO - [2024-02-11T12:54:58.423+0000] {dagbag.py:538} INFO - Filling up the DagBag from /home/airflow/.local/lib/python3.8/site-packages/airflow/example_dags/example_sensors.py
[2024-02-11T12:54:58.434+0000] {processor.py:840} INFO - DAG(s) 'example_sensors' retrieved from /home/airflow/.local/lib/python3.8/site-packages/airflow/example_dags/example_sensors.py
[2024-02-11T12:54:58.445+0000] {logging_mixin.py:188} INFO - [2024-02-11T12:54:58.445+0000] {dag.py:3036} INFO - Sync 1 DAGs
[2024-02-11T12:54:58.458+0000] {logging_mixin.py:188} INFO - [2024-02-11T12:54:58.458+0000] {dag.py:3823} INFO - Setting next_dagrun for example_sensors to None, run_after=None
[2024-02-11T12:54:58.512+0000] {processor.py:183} INFO - Processing /home/airflow/.local/lib/python3.8/site-packages/airflow/example_dags/example_sensors.py took 0.094 seconds
[2024-02-11T12:55:29.406+0000] {processor.py:161} INFO - Started process (PID=109) to work on /home/airflow/.local/lib/python3.8/site-packages/airflow/example_dags/example_sensors.py
[2024-02-11T12:55:29.406+0000] {processor.py:830} INFO - Processing file /home/airflow/.local/lib/python3.8/site-packages/airflow/example_dags/example_sensors.py for tasks to queue
[2024-02-11T12:55:29.407+0000] {logging_mixin.py:188} INFO - [2024-02-11T12:55:29.407+0000] {dagbag.py:538} INFO - Filling up the DagBag from /home/airflow/.local/lib/python3.8/site-packages/airflow/example_dags/example_sensors.py
[2024-02-11T12:55:29.414+0000] {processor.py:840} INFO - DAG(s) 'example_sensors' retrieved from /home/airflow/.local/lib/python3.8/site-packages/airflow/example_dags/example_sensors.py
[2024-02-11T12:55:29.554+0000] {logging_mixin.py:188} INFO - [2024-02-11T12:55:29.553+0000] {dag.py:3036} INFO - Sync 1 DAGs
[2024-02-11T12:55:29.565+0000] {logging_mixin.py:188} INFO - [2024-02-11T12:55:29.565+0000] {dag.py:3823} INFO - Setting next_dagrun for example_sensors to None, run_after=None
[2024-02-11T12:55:29.586+0000] {processor.py:183} INFO - Processing /home/airflow/.local/lib/python3.8/site-packages/airflow/example_dags/example_sensors.py took 0.182 seconds
[2024-02-11T12:56:00.043+0000] {processor.py:161} INFO - Started process (PID=164) to work on /home/airflow/.local/lib/python3.8/site-packages/airflow/example_dags/example_sensors.py
[2024-02-11T12:56:00.043+0000] {processor.py:830} INFO - Processing file /home/airflow/.local/lib/python3.8/site-packages/airflow/example_dags/example_sensors.py for tasks to queue
[2024-02-11T12:56:00.044+0000] {logging_mixin.py:188} INFO - [2024-02-11T12:56:00.044+0000] {dagbag.py:538} INFO - Filling up the DagBag from /home/airflow/.local/lib/python3.8/site-packages/airflow/example_dags/example_sensors.py
[2024-02-11T12:56:00.049+0000] {processor.py:840} INFO - DAG(s) 'example_sensors' retrieved from /home/airflow/.local/lib/python3.8/site-packages/airflow/example_dags/example_sensors.py
[2024-02-11T12:56:00.066+0000] {logging_mixin.py:188} INFO - [2024-02-11T12:56:00.066+0000] {dag.py:3036} INFO - Sync 1 DAGs
[2024-02-11T12:56:00.073+0000] {logging_mixin.py:188} INFO - [2024-02-11T12:56:00.073+0000] {dag.py:3823} INFO - Setting next_dagrun for example_sensors to None, run_after=None
[2024-02-11T12:56:00.086+0000] {processor.py:183} INFO - Processing /home/airflow/.local/lib/python3.8/site-packages/airflow/example_dags/example_sensors.py took 0.045 seconds
[2024-02-11T12:56:31.059+0000] {processor.py:161} INFO - Started process (PID=219) to work on /home/airflow/.local/lib/python3.8/site-packages/airflow/example_dags/example_sensors.py
[2024-02-11T12:56:31.063+0000] {processor.py:830} INFO - Processing file /home/airflow/.local/lib/python3.8/site-packages/airflow/example_dags/example_sensors.py for tasks to queue
[2024-02-11T12:56:31.068+0000] {logging_mixin.py:188} INFO - [2024-02-11T12:56:31.067+0000] {dagbag.py:538} INFO - Filling up the DagBag from /home/airflow/.local/lib/python3.8/site-packages/airflow/example_dags/example_sensors.py
[2024-02-11T12:56:31.092+0000] {processor.py:840} INFO - DAG(s) 'example_sensors' retrieved from /home/airflow/.local/lib/python3.8/site-packages/airflow/example_dags/example_sensors.py
[2024-02-11T12:56:31.186+0000] {logging_mixin.py:188} INFO - [2024-02-11T12:56:31.185+0000] {dag.py:3036} INFO - Sync 1 DAGs
[2024-02-11T12:56:31.230+0000] {logging_mixin.py:188} INFO - [2024-02-11T12:56:31.229+0000] {dag.py:3823} INFO - Setting next_dagrun for example_sensors to None, run_after=None
[2024-02-11T12:56:31.292+0000] {processor.py:183} INFO - Processing /home/airflow/.local/lib/python3.8/site-packages/airflow/example_dags/example_sensors.py took 0.242 seconds
[2024-02-11T12:57:01.369+0000] {processor.py:161} INFO - Started process (PID=274) to work on /home/airflow/.local/lib/python3.8/site-packages/airflow/example_dags/example_sensors.py
[2024-02-11T12:57:01.371+0000] {processor.py:830} INFO - Processing file /home/airflow/.local/lib/python3.8/site-packages/airflow/example_dags/example_sensors.py for tasks to queue
[2024-02-11T12:57:01.375+0000] {logging_mixin.py:188} INFO - [2024-02-11T12:57:01.374+0000] {dagbag.py:538} INFO - Filling up the DagBag from /home/airflow/.local/lib/python3.8/site-packages/airflow/example_dags/example_sensors.py
[2024-02-11T12:57:01.397+0000] {processor.py:840} INFO - DAG(s) 'example_sensors' retrieved from /home/airflow/.local/lib/python3.8/site-packages/airflow/example_dags/example_sensors.py
[2024-02-11T12:57:01.429+0000] {logging_mixin.py:188} INFO - [2024-02-11T12:57:01.428+0000] {dag.py:3036} INFO - Sync 1 DAGs
[2024-02-11T12:57:01.457+0000] {logging_mixin.py:188} INFO - [2024-02-11T12:57:01.456+0000] {dag.py:3823} INFO - Setting next_dagrun for example_sensors to None, run_after=None
[2024-02-11T12:57:01.496+0000] {processor.py:183} INFO - Processing /home/airflow/.local/lib/python3.8/site-packages/airflow/example_dags/example_sensors.py took 0.135 seconds
[2024-02-11T12:57:34.149+0000] {processor.py:161} INFO - Started process (PID=329) to work on /home/airflow/.local/lib/python3.8/site-packages/airflow/example_dags/example_sensors.py
[2024-02-11T12:57:34.151+0000] {processor.py:830} INFO - Processing file /home/airflow/.local/lib/python3.8/site-packages/airflow/example_dags/example_sensors.py for tasks to queue
[2024-02-11T12:57:34.155+0000] {logging_mixin.py:188} INFO - [2024-02-11T12:57:34.154+0000] {dagbag.py:538} INFO - Filling up the DagBag from /home/airflow/.local/lib/python3.8/site-packages/airflow/example_dags/example_sensors.py
[2024-02-11T12:57:34.176+0000] {processor.py:840} INFO - DAG(s) 'example_sensors' retrieved from /home/airflow/.local/lib/python3.8/site-packages/airflow/example_dags/example_sensors.py
[2024-02-11T12:57:34.480+0000] {logging_mixin.py:188} INFO - [2024-02-11T12:57:34.479+0000] {dag.py:3036} INFO - Sync 1 DAGs
[2024-02-11T12:57:34.524+0000] {logging_mixin.py:188} INFO - [2024-02-11T12:57:34.523+0000] {dag.py:3823} INFO - Setting next_dagrun for example_sensors to None, run_after=None
[2024-02-11T12:57:34.606+0000] {processor.py:183} INFO - Processing /home/airflow/.local/lib/python3.8/site-packages/airflow/example_dags/example_sensors.py took 0.466 seconds
[2024-02-11T12:58:05.190+0000] {processor.py:161} INFO - Started process (PID=384) to work on /home/airflow/.local/lib/python3.8/site-packages/airflow/example_dags/example_sensors.py
[2024-02-11T12:58:05.192+0000] {processor.py:830} INFO - Processing file /home/airflow/.local/lib/python3.8/site-packages/airflow/example_dags/example_sensors.py for tasks to queue
[2024-02-11T12:58:05.196+0000] {logging_mixin.py:188} INFO - [2024-02-11T12:58:05.196+0000] {dagbag.py:538} INFO - Filling up the DagBag from /home/airflow/.local/lib/python3.8/site-packages/airflow/example_dags/example_sensors.py
[2024-02-11T12:58:05.216+0000] {processor.py:840} INFO - DAG(s) 'example_sensors' retrieved from /home/airflow/.local/lib/python3.8/site-packages/airflow/example_dags/example_sensors.py
[2024-02-11T12:58:05.265+0000] {logging_mixin.py:188} INFO - [2024-02-11T12:58:05.264+0000] {dag.py:3036} INFO - Sync 1 DAGs
[2024-02-11T12:58:05.291+0000] {logging_mixin.py:188} INFO - [2024-02-11T12:58:05.290+0000] {dag.py:3823} INFO - Setting next_dagrun for example_sensors to None, run_after=None
[2024-02-11T12:58:05.341+0000] {processor.py:183} INFO - Processing /home/airflow/.local/lib/python3.8/site-packages/airflow/example_dags/example_sensors.py took 0.160 seconds
[2024-02-11T12:58:36.090+0000] {processor.py:161} INFO - Started process (PID=439) to work on /home/airflow/.local/lib/python3.8/site-packages/airflow/example_dags/example_sensors.py
[2024-02-11T12:58:36.092+0000] {processor.py:830} INFO - Processing file /home/airflow/.local/lib/python3.8/site-packages/airflow/example_dags/example_sensors.py for tasks to queue
[2024-02-11T12:58:36.094+0000] {logging_mixin.py:188} INFO - [2024-02-11T12:58:36.094+0000] {dagbag.py:538} INFO - Filling up the DagBag from /home/airflow/.local/lib/python3.8/site-packages/airflow/example_dags/example_sensors.py
[2024-02-11T12:58:36.113+0000] {processor.py:840} INFO - DAG(s) 'example_sensors' retrieved from /home/airflow/.local/lib/python3.8/site-packages/airflow/example_dags/example_sensors.py
[2024-02-11T12:58:36.172+0000] {logging_mixin.py:188} INFO - [2024-02-11T12:58:36.171+0000] {dag.py:3036} INFO - Sync 1 DAGs
[2024-02-11T12:58:36.199+0000] {logging_mixin.py:188} INFO - [2024-02-11T12:58:36.199+0000] {dag.py:3823} INFO - Setting next_dagrun for example_sensors to None, run_after=None
[2024-02-11T12:58:36.252+0000] {processor.py:183} INFO - Processing /home/airflow/.local/lib/python3.8/site-packages/airflow/example_dags/example_sensors.py took 0.168 seconds
[2024-02-11T12:59:06.848+0000] {processor.py:161} INFO - Started process (PID=494) to work on /home/airflow/.local/lib/python3.8/site-packages/airflow/example_dags/example_sensors.py
[2024-02-11T12:59:06.851+0000] {processor.py:830} INFO - Processing file /home/airflow/.local/lib/python3.8/site-packages/airflow/example_dags/example_sensors.py for tasks to queue
[2024-02-11T12:59:06.855+0000] {logging_mixin.py:188} INFO - [2024-02-11T12:59:06.854+0000] {dagbag.py:538} INFO - Filling up the DagBag from /home/airflow/.local/lib/python3.8/site-packages/airflow/example_dags/example_sensors.py
[2024-02-11T12:59:06.882+0000] {processor.py:840} INFO - DAG(s) 'example_sensors' retrieved from /home/airflow/.local/lib/python3.8/site-packages/airflow/example_dags/example_sensors.py
[2024-02-11T12:59:06.938+0000] {logging_mixin.py:188} INFO - [2024-02-11T12:59:06.938+0000] {dag.py:3036} INFO - Sync 1 DAGs
[2024-02-11T12:59:06.964+0000] {logging_mixin.py:188} INFO - [2024-02-11T12:59:06.963+0000] {dag.py:3823} INFO - Setting next_dagrun for example_sensors to None, run_after=None
[2024-02-11T12:59:07.011+0000] {processor.py:183} INFO - Processing /home/airflow/.local/lib/python3.8/site-packages/airflow/example_dags/example_sensors.py took 0.171 seconds
[2024-02-11T12:59:37.292+0000] {processor.py:161} INFO - Started process (PID=550) to work on /home/airflow/.local/lib/python3.8/site-packages/airflow/example_dags/example_sensors.py
[2024-02-11T12:59:37.295+0000] {processor.py:830} INFO - Processing file /home/airflow/.local/lib/python3.8/site-packages/airflow/example_dags/example_sensors.py for tasks to queue
[2024-02-11T12:59:37.300+0000] {logging_mixin.py:188} INFO - [2024-02-11T12:59:37.299+0000] {dagbag.py:538} INFO - Filling up the DagBag from /home/airflow/.local/lib/python3.8/site-packages/airflow/example_dags/example_sensors.py
[2024-02-11T12:59:37.327+0000] {processor.py:840} INFO - DAG(s) 'example_sensors' retrieved from /home/airflow/.local/lib/python3.8/site-packages/airflow/example_dags/example_sensors.py
[2024-02-11T12:59:37.408+0000] {logging_mixin.py:188} INFO - [2024-02-11T12:59:37.407+0000] {dag.py:3036} INFO - Sync 1 DAGs
[2024-02-11T12:59:37.439+0000] {logging_mixin.py:188} INFO - [2024-02-11T12:59:37.438+0000] {dag.py:3823} INFO - Setting next_dagrun for example_sensors to None, run_after=None
[2024-02-11T12:59:37.500+0000] {processor.py:183} INFO - Processing /home/airflow/.local/lib/python3.8/site-packages/airflow/example_dags/example_sensors.py took 0.216 seconds
[2024-02-11T13:00:08.030+0000] {processor.py:161} INFO - Started process (PID=606) to work on /home/airflow/.local/lib/python3.8/site-packages/airflow/example_dags/example_sensors.py
[2024-02-11T13:00:08.032+0000] {processor.py:830} INFO - Processing file /home/airflow/.local/lib/python3.8/site-packages/airflow/example_dags/example_sensors.py for tasks to queue
[2024-02-11T13:00:08.035+0000] {logging_mixin.py:188} INFO - [2024-02-11T13:00:08.034+0000] {dagbag.py:538} INFO - Filling up the DagBag from /home/airflow/.local/lib/python3.8/site-packages/airflow/example_dags/example_sensors.py
[2024-02-11T13:00:08.052+0000] {processor.py:840} INFO - DAG(s) 'example_sensors' retrieved from /home/airflow/.local/lib/python3.8/site-packages/airflow/example_dags/example_sensors.py
[2024-02-11T13:00:08.111+0000] {logging_mixin.py:188} INFO - [2024-02-11T13:00:08.111+0000] {dag.py:3036} INFO - Sync 1 DAGs
[2024-02-11T13:00:08.138+0000] {logging_mixin.py:188} INFO - [2024-02-11T13:00:08.138+0000] {dag.py:3823} INFO - Setting next_dagrun for example_sensors to None, run_after=None
[2024-02-11T13:00:08.195+0000] {processor.py:183} INFO - Processing /home/airflow/.local/lib/python3.8/site-packages/airflow/example_dags/example_sensors.py took 0.170 seconds
[2024-02-11T13:00:38.375+0000] {processor.py:161} INFO - Started process (PID=661) to work on /home/airflow/.local/lib/python3.8/site-packages/airflow/example_dags/example_sensors.py
[2024-02-11T13:00:38.377+0000] {processor.py:830} INFO - Processing file /home/airflow/.local/lib/python3.8/site-packages/airflow/example_dags/example_sensors.py for tasks to queue
[2024-02-11T13:00:38.379+0000] {logging_mixin.py:188} INFO - [2024-02-11T13:00:38.379+0000] {dagbag.py:538} INFO - Filling up the DagBag from /home/airflow/.local/lib/python3.8/site-packages/airflow/example_dags/example_sensors.py
[2024-02-11T13:00:38.395+0000] {processor.py:840} INFO - DAG(s) 'example_sensors' retrieved from /home/airflow/.local/lib/python3.8/site-packages/airflow/example_dags/example_sensors.py
[2024-02-11T13:00:38.451+0000] {logging_mixin.py:188} INFO - [2024-02-11T13:00:38.451+0000] {dag.py:3036} INFO - Sync 1 DAGs
[2024-02-11T13:00:38.480+0000] {logging_mixin.py:188} INFO - [2024-02-11T13:00:38.480+0000] {dag.py:3823} INFO - Setting next_dagrun for example_sensors to None, run_after=None
[2024-02-11T13:00:38.535+0000] {processor.py:183} INFO - Processing /home/airflow/.local/lib/python3.8/site-packages/airflow/example_dags/example_sensors.py took 0.165 seconds
[2024-02-11T13:01:08.761+0000] {processor.py:161} INFO - Started process (PID=716) to work on /home/airflow/.local/lib/python3.8/site-packages/airflow/example_dags/example_sensors.py
[2024-02-11T13:01:08.762+0000] {processor.py:830} INFO - Processing file /home/airflow/.local/lib/python3.8/site-packages/airflow/example_dags/example_sensors.py for tasks to queue
[2024-02-11T13:01:08.763+0000] {logging_mixin.py:188} INFO - [2024-02-11T13:01:08.763+0000] {dagbag.py:538} INFO - Filling up the DagBag from /home/airflow/.local/lib/python3.8/site-packages/airflow/example_dags/example_sensors.py
[2024-02-11T13:01:08.770+0000] {processor.py:840} INFO - DAG(s) 'example_sensors' retrieved from /home/airflow/.local/lib/python3.8/site-packages/airflow/example_dags/example_sensors.py
[2024-02-11T13:01:08.789+0000] {logging_mixin.py:188} INFO - [2024-02-11T13:01:08.789+0000] {dag.py:3036} INFO - Sync 1 DAGs
[2024-02-11T13:01:08.799+0000] {logging_mixin.py:188} INFO - [2024-02-11T13:01:08.799+0000] {dag.py:3823} INFO - Setting next_dagrun for example_sensors to None, run_after=None
[2024-02-11T13:01:08.814+0000] {processor.py:183} INFO - Processing /home/airflow/.local/lib/python3.8/site-packages/airflow/example_dags/example_sensors.py took 0.055 seconds
[2024-02-11T13:06:06.237+0000] {processor.py:161} INFO - Started process (PID=53) to work on /home/airflow/.local/lib/python3.8/site-packages/airflow/example_dags/example_sensors.py
[2024-02-11T13:06:06.238+0000] {processor.py:830} INFO - Processing file /home/airflow/.local/lib/python3.8/site-packages/airflow/example_dags/example_sensors.py for tasks to queue
[2024-02-11T13:06:06.239+0000] {logging_mixin.py:188} INFO - [2024-02-11T13:06:06.239+0000] {dagbag.py:538} INFO - Filling up the DagBag from /home/airflow/.local/lib/python3.8/site-packages/airflow/example_dags/example_sensors.py
[2024-02-11T13:06:06.250+0000] {processor.py:840} INFO - DAG(s) 'example_sensors' retrieved from /home/airflow/.local/lib/python3.8/site-packages/airflow/example_dags/example_sensors.py
[2024-02-11T13:06:06.262+0000] {logging_mixin.py:188} INFO - [2024-02-11T13:06:06.261+0000] {dag.py:3036} INFO - Sync 1 DAGs
[2024-02-11T13:06:06.276+0000] {logging_mixin.py:188} INFO - [2024-02-11T13:06:06.276+0000] {dag.py:3823} INFO - Setting next_dagrun for example_sensors to None, run_after=None
[2024-02-11T13:06:06.300+0000] {processor.py:183} INFO - Processing /home/airflow/.local/lib/python3.8/site-packages/airflow/example_dags/example_sensors.py took 0.066 seconds
[2024-02-11T13:06:36.608+0000] {processor.py:161} INFO - Started process (PID=108) to work on /home/airflow/.local/lib/python3.8/site-packages/airflow/example_dags/example_sensors.py
[2024-02-11T13:06:36.609+0000] {processor.py:830} INFO - Processing file /home/airflow/.local/lib/python3.8/site-packages/airflow/example_dags/example_sensors.py for tasks to queue
[2024-02-11T13:06:36.610+0000] {logging_mixin.py:188} INFO - [2024-02-11T13:06:36.609+0000] {dagbag.py:538} INFO - Filling up the DagBag from /home/airflow/.local/lib/python3.8/site-packages/airflow/example_dags/example_sensors.py
[2024-02-11T13:06:36.616+0000] {processor.py:840} INFO - DAG(s) 'example_sensors' retrieved from /home/airflow/.local/lib/python3.8/site-packages/airflow/example_dags/example_sensors.py
[2024-02-11T13:06:36.624+0000] {logging_mixin.py:188} INFO - [2024-02-11T13:06:36.624+0000] {dag.py:3036} INFO - Sync 1 DAGs
[2024-02-11T13:06:36.636+0000] {logging_mixin.py:188} INFO - [2024-02-11T13:06:36.635+0000] {dag.py:3823} INFO - Setting next_dagrun for example_sensors to None, run_after=None
[2024-02-11T13:06:36.650+0000] {processor.py:183} INFO - Processing /home/airflow/.local/lib/python3.8/site-packages/airflow/example_dags/example_sensors.py took 0.044 seconds
