[2024-02-11T12:54:58.028+0000] {processor.py:161} INFO - Started process (PID=49) to work on /home/airflow/.local/lib/python3.8/site-packages/airflow/example_dags/example_skip_dag.py
[2024-02-11T12:54:58.029+0000] {processor.py:830} INFO - Processing file /home/airflow/.local/lib/python3.8/site-packages/airflow/example_dags/example_skip_dag.py for tasks to queue
[2024-02-11T12:54:58.031+0000] {logging_mixin.py:188} INFO - [2024-02-11T12:54:58.030+0000] {dagbag.py:538} INFO - Filling up the DagBag from /home/airflow/.local/lib/python3.8/site-packages/airflow/example_dags/example_skip_dag.py
[2024-02-11T12:54:58.040+0000] {processor.py:840} INFO - DAG(s) 'example_skip_dag' retrieved from /home/airflow/.local/lib/python3.8/site-packages/airflow/example_dags/example_skip_dag.py
[2024-02-11T12:54:58.096+0000] {logging_mixin.py:188} INFO - [2024-02-11T12:54:58.095+0000] {dag.py:3036} INFO - Sync 1 DAGs
[2024-02-11T12:54:58.117+0000] {logging_mixin.py:188} INFO - [2024-02-11T12:54:58.117+0000] {dag.py:3823} INFO - Setting next_dagrun for example_skip_dag to 2024-02-10 00:00:00+00:00, run_after=2024-02-11 00:00:00+00:00
[2024-02-11T12:54:58.135+0000] {processor.py:183} INFO - Processing /home/airflow/.local/lib/python3.8/site-packages/airflow/example_dags/example_skip_dag.py took 0.110 seconds
[2024-02-11T12:55:28.943+0000] {processor.py:161} INFO - Started process (PID=104) to work on /home/airflow/.local/lib/python3.8/site-packages/airflow/example_dags/example_skip_dag.py
[2024-02-11T12:55:28.944+0000] {processor.py:830} INFO - Processing file /home/airflow/.local/lib/python3.8/site-packages/airflow/example_dags/example_skip_dag.py for tasks to queue
[2024-02-11T12:55:28.946+0000] {logging_mixin.py:188} INFO - [2024-02-11T12:55:28.946+0000] {dagbag.py:538} INFO - Filling up the DagBag from /home/airflow/.local/lib/python3.8/site-packages/airflow/example_dags/example_skip_dag.py
[2024-02-11T12:55:28.951+0000] {processor.py:840} INFO - DAG(s) 'example_skip_dag' retrieved from /home/airflow/.local/lib/python3.8/site-packages/airflow/example_dags/example_skip_dag.py
[2024-02-11T12:55:29.072+0000] {logging_mixin.py:188} INFO - [2024-02-11T12:55:29.072+0000] {dag.py:3036} INFO - Sync 1 DAGs
[2024-02-11T12:55:29.088+0000] {logging_mixin.py:188} INFO - [2024-02-11T12:55:29.088+0000] {dag.py:3823} INFO - Setting next_dagrun for example_skip_dag to 2024-02-10 00:00:00+00:00, run_after=2024-02-11 00:00:00+00:00
[2024-02-11T12:55:29.109+0000] {processor.py:183} INFO - Processing /home/airflow/.local/lib/python3.8/site-packages/airflow/example_dags/example_skip_dag.py took 0.168 seconds
[2024-02-11T12:55:59.836+0000] {processor.py:161} INFO - Started process (PID=159) to work on /home/airflow/.local/lib/python3.8/site-packages/airflow/example_dags/example_skip_dag.py
[2024-02-11T12:55:59.837+0000] {processor.py:830} INFO - Processing file /home/airflow/.local/lib/python3.8/site-packages/airflow/example_dags/example_skip_dag.py for tasks to queue
[2024-02-11T12:55:59.838+0000] {logging_mixin.py:188} INFO - [2024-02-11T12:55:59.837+0000] {dagbag.py:538} INFO - Filling up the DagBag from /home/airflow/.local/lib/python3.8/site-packages/airflow/example_dags/example_skip_dag.py
[2024-02-11T12:55:59.841+0000] {processor.py:840} INFO - DAG(s) 'example_skip_dag' retrieved from /home/airflow/.local/lib/python3.8/site-packages/airflow/example_dags/example_skip_dag.py
[2024-02-11T12:55:59.855+0000] {logging_mixin.py:188} INFO - [2024-02-11T12:55:59.855+0000] {dag.py:3036} INFO - Sync 1 DAGs
[2024-02-11T12:55:59.869+0000] {logging_mixin.py:188} INFO - [2024-02-11T12:55:59.869+0000] {dag.py:3823} INFO - Setting next_dagrun for example_skip_dag to 2024-02-10 00:00:00+00:00, run_after=2024-02-11 00:00:00+00:00
[2024-02-11T12:55:59.882+0000] {processor.py:183} INFO - Processing /home/airflow/.local/lib/python3.8/site-packages/airflow/example_dags/example_skip_dag.py took 0.048 seconds
[2024-02-11T12:56:30.371+0000] {processor.py:161} INFO - Started process (PID=214) to work on /home/airflow/.local/lib/python3.8/site-packages/airflow/example_dags/example_skip_dag.py
[2024-02-11T12:56:30.373+0000] {processor.py:830} INFO - Processing file /home/airflow/.local/lib/python3.8/site-packages/airflow/example_dags/example_skip_dag.py for tasks to queue
[2024-02-11T12:56:30.376+0000] {logging_mixin.py:188} INFO - [2024-02-11T12:56:30.376+0000] {dagbag.py:538} INFO - Filling up the DagBag from /home/airflow/.local/lib/python3.8/site-packages/airflow/example_dags/example_skip_dag.py
[2024-02-11T12:56:30.390+0000] {processor.py:840} INFO - DAG(s) 'example_skip_dag' retrieved from /home/airflow/.local/lib/python3.8/site-packages/airflow/example_dags/example_skip_dag.py
[2024-02-11T12:56:30.443+0000] {logging_mixin.py:188} INFO - [2024-02-11T12:56:30.443+0000] {dag.py:3036} INFO - Sync 1 DAGs
[2024-02-11T12:56:30.507+0000] {logging_mixin.py:188} INFO - [2024-02-11T12:56:30.506+0000] {dag.py:3823} INFO - Setting next_dagrun for example_skip_dag to 2024-02-10 00:00:00+00:00, run_after=2024-02-11 00:00:00+00:00
[2024-02-11T12:56:30.564+0000] {processor.py:183} INFO - Processing /home/airflow/.local/lib/python3.8/site-packages/airflow/example_dags/example_skip_dag.py took 0.200 seconds
[2024-02-11T12:57:00.729+0000] {processor.py:161} INFO - Started process (PID=269) to work on /home/airflow/.local/lib/python3.8/site-packages/airflow/example_dags/example_skip_dag.py
[2024-02-11T12:57:00.731+0000] {processor.py:830} INFO - Processing file /home/airflow/.local/lib/python3.8/site-packages/airflow/example_dags/example_skip_dag.py for tasks to queue
[2024-02-11T12:57:00.736+0000] {logging_mixin.py:188} INFO - [2024-02-11T12:57:00.735+0000] {dagbag.py:538} INFO - Filling up the DagBag from /home/airflow/.local/lib/python3.8/site-packages/airflow/example_dags/example_skip_dag.py
[2024-02-11T12:57:00.755+0000] {processor.py:840} INFO - DAG(s) 'example_skip_dag' retrieved from /home/airflow/.local/lib/python3.8/site-packages/airflow/example_dags/example_skip_dag.py
[2024-02-11T12:57:00.786+0000] {logging_mixin.py:188} INFO - [2024-02-11T12:57:00.785+0000] {dag.py:3036} INFO - Sync 1 DAGs
[2024-02-11T12:57:00.860+0000] {logging_mixin.py:188} INFO - [2024-02-11T12:57:00.859+0000] {dag.py:3823} INFO - Setting next_dagrun for example_skip_dag to 2024-02-10 00:00:00+00:00, run_after=2024-02-11 00:00:00+00:00
[2024-02-11T12:57:00.917+0000] {processor.py:183} INFO - Processing /home/airflow/.local/lib/python3.8/site-packages/airflow/example_dags/example_skip_dag.py took 0.197 seconds
[2024-02-11T12:57:32.532+0000] {processor.py:161} INFO - Started process (PID=324) to work on /home/airflow/.local/lib/python3.8/site-packages/airflow/example_dags/example_skip_dag.py
[2024-02-11T12:57:32.534+0000] {processor.py:830} INFO - Processing file /home/airflow/.local/lib/python3.8/site-packages/airflow/example_dags/example_skip_dag.py for tasks to queue
[2024-02-11T12:57:32.537+0000] {logging_mixin.py:188} INFO - [2024-02-11T12:57:32.537+0000] {dagbag.py:538} INFO - Filling up the DagBag from /home/airflow/.local/lib/python3.8/site-packages/airflow/example_dags/example_skip_dag.py
[2024-02-11T12:57:32.550+0000] {processor.py:840} INFO - DAG(s) 'example_skip_dag' retrieved from /home/airflow/.local/lib/python3.8/site-packages/airflow/example_dags/example_skip_dag.py
[2024-02-11T12:57:32.836+0000] {logging_mixin.py:188} INFO - [2024-02-11T12:57:32.835+0000] {dag.py:3036} INFO - Sync 1 DAGs
[2024-02-11T12:57:32.910+0000] {logging_mixin.py:188} INFO - [2024-02-11T12:57:32.909+0000] {dag.py:3823} INFO - Setting next_dagrun for example_skip_dag to 2024-02-10 00:00:00+00:00, run_after=2024-02-11 00:00:00+00:00
[2024-02-11T12:57:32.978+0000] {processor.py:183} INFO - Processing /home/airflow/.local/lib/python3.8/site-packages/airflow/example_dags/example_skip_dag.py took 0.453 seconds
[2024-02-11T12:58:03.552+0000] {processor.py:161} INFO - Started process (PID=379) to work on /home/airflow/.local/lib/python3.8/site-packages/airflow/example_dags/example_skip_dag.py
[2024-02-11T12:58:03.553+0000] {processor.py:830} INFO - Processing file /home/airflow/.local/lib/python3.8/site-packages/airflow/example_dags/example_skip_dag.py for tasks to queue
[2024-02-11T12:58:03.556+0000] {logging_mixin.py:188} INFO - [2024-02-11T12:58:03.556+0000] {dagbag.py:538} INFO - Filling up the DagBag from /home/airflow/.local/lib/python3.8/site-packages/airflow/example_dags/example_skip_dag.py
[2024-02-11T12:58:03.567+0000] {processor.py:840} INFO - DAG(s) 'example_skip_dag' retrieved from /home/airflow/.local/lib/python3.8/site-packages/airflow/example_dags/example_skip_dag.py
[2024-02-11T12:58:03.626+0000] {logging_mixin.py:188} INFO - [2024-02-11T12:58:03.625+0000] {dag.py:3036} INFO - Sync 1 DAGs
[2024-02-11T12:58:03.701+0000] {logging_mixin.py:188} INFO - [2024-02-11T12:58:03.700+0000] {dag.py:3823} INFO - Setting next_dagrun for example_skip_dag to 2024-02-10 00:00:00+00:00, run_after=2024-02-11 00:00:00+00:00
[2024-02-11T12:58:03.757+0000] {processor.py:183} INFO - Processing /home/airflow/.local/lib/python3.8/site-packages/airflow/example_dags/example_skip_dag.py took 0.210 seconds
[2024-02-11T12:58:34.549+0000] {processor.py:161} INFO - Started process (PID=434) to work on /home/airflow/.local/lib/python3.8/site-packages/airflow/example_dags/example_skip_dag.py
[2024-02-11T12:58:34.551+0000] {processor.py:830} INFO - Processing file /home/airflow/.local/lib/python3.8/site-packages/airflow/example_dags/example_skip_dag.py for tasks to queue
[2024-02-11T12:58:34.555+0000] {logging_mixin.py:188} INFO - [2024-02-11T12:58:34.554+0000] {dagbag.py:538} INFO - Filling up the DagBag from /home/airflow/.local/lib/python3.8/site-packages/airflow/example_dags/example_skip_dag.py
[2024-02-11T12:58:34.569+0000] {processor.py:840} INFO - DAG(s) 'example_skip_dag' retrieved from /home/airflow/.local/lib/python3.8/site-packages/airflow/example_dags/example_skip_dag.py
[2024-02-11T12:58:34.629+0000] {logging_mixin.py:188} INFO - [2024-02-11T12:58:34.629+0000] {dag.py:3036} INFO - Sync 1 DAGs
[2024-02-11T12:58:34.680+0000] {logging_mixin.py:188} INFO - [2024-02-11T12:58:34.680+0000] {dag.py:3823} INFO - Setting next_dagrun for example_skip_dag to 2024-02-10 00:00:00+00:00, run_after=2024-02-11 00:00:00+00:00
[2024-02-11T12:58:34.738+0000] {processor.py:183} INFO - Processing /home/airflow/.local/lib/python3.8/site-packages/airflow/example_dags/example_skip_dag.py took 0.197 seconds
[2024-02-11T12:59:05.075+0000] {processor.py:161} INFO - Started process (PID=489) to work on /home/airflow/.local/lib/python3.8/site-packages/airflow/example_dags/example_skip_dag.py
[2024-02-11T12:59:05.077+0000] {processor.py:830} INFO - Processing file /home/airflow/.local/lib/python3.8/site-packages/airflow/example_dags/example_skip_dag.py for tasks to queue
[2024-02-11T12:59:05.079+0000] {logging_mixin.py:188} INFO - [2024-02-11T12:59:05.079+0000] {dagbag.py:538} INFO - Filling up the DagBag from /home/airflow/.local/lib/python3.8/site-packages/airflow/example_dags/example_skip_dag.py
[2024-02-11T12:59:05.090+0000] {processor.py:840} INFO - DAG(s) 'example_skip_dag' retrieved from /home/airflow/.local/lib/python3.8/site-packages/airflow/example_dags/example_skip_dag.py
[2024-02-11T12:59:05.149+0000] {logging_mixin.py:188} INFO - [2024-02-11T12:59:05.149+0000] {dag.py:3036} INFO - Sync 1 DAGs
[2024-02-11T12:59:05.221+0000] {logging_mixin.py:188} INFO - [2024-02-11T12:59:05.221+0000] {dag.py:3823} INFO - Setting next_dagrun for example_skip_dag to 2024-02-10 00:00:00+00:00, run_after=2024-02-11 00:00:00+00:00
[2024-02-11T12:59:05.283+0000] {processor.py:183} INFO - Processing /home/airflow/.local/lib/python3.8/site-packages/airflow/example_dags/example_skip_dag.py took 0.216 seconds
[2024-02-11T12:59:35.411+0000] {processor.py:161} INFO - Started process (PID=545) to work on /home/airflow/.local/lib/python3.8/site-packages/airflow/example_dags/example_skip_dag.py
[2024-02-11T12:59:35.413+0000] {processor.py:830} INFO - Processing file /home/airflow/.local/lib/python3.8/site-packages/airflow/example_dags/example_skip_dag.py for tasks to queue
[2024-02-11T12:59:35.418+0000] {logging_mixin.py:188} INFO - [2024-02-11T12:59:35.417+0000] {dagbag.py:538} INFO - Filling up the DagBag from /home/airflow/.local/lib/python3.8/site-packages/airflow/example_dags/example_skip_dag.py
[2024-02-11T12:59:35.437+0000] {processor.py:840} INFO - DAG(s) 'example_skip_dag' retrieved from /home/airflow/.local/lib/python3.8/site-packages/airflow/example_dags/example_skip_dag.py
[2024-02-11T12:59:35.507+0000] {logging_mixin.py:188} INFO - [2024-02-11T12:59:35.506+0000] {dag.py:3036} INFO - Sync 1 DAGs
[2024-02-11T12:59:35.575+0000] {logging_mixin.py:188} INFO - [2024-02-11T12:59:35.574+0000] {dag.py:3823} INFO - Setting next_dagrun for example_skip_dag to 2024-02-10 00:00:00+00:00, run_after=2024-02-11 00:00:00+00:00
[2024-02-11T12:59:35.633+0000] {processor.py:183} INFO - Processing /home/airflow/.local/lib/python3.8/site-packages/airflow/example_dags/example_skip_dag.py took 0.231 seconds
[2024-02-11T13:00:05.889+0000] {processor.py:161} INFO - Started process (PID=600) to work on /home/airflow/.local/lib/python3.8/site-packages/airflow/example_dags/example_skip_dag.py
[2024-02-11T13:00:05.892+0000] {processor.py:830} INFO - Processing file /home/airflow/.local/lib/python3.8/site-packages/airflow/example_dags/example_skip_dag.py for tasks to queue
[2024-02-11T13:00:05.896+0000] {logging_mixin.py:188} INFO - [2024-02-11T13:00:05.895+0000] {dagbag.py:538} INFO - Filling up the DagBag from /home/airflow/.local/lib/python3.8/site-packages/airflow/example_dags/example_skip_dag.py
[2024-02-11T13:00:05.918+0000] {processor.py:840} INFO - DAG(s) 'example_skip_dag' retrieved from /home/airflow/.local/lib/python3.8/site-packages/airflow/example_dags/example_skip_dag.py
[2024-02-11T13:00:05.986+0000] {logging_mixin.py:188} INFO - [2024-02-11T13:00:05.986+0000] {dag.py:3036} INFO - Sync 1 DAGs
[2024-02-11T13:00:06.068+0000] {logging_mixin.py:188} INFO - [2024-02-11T13:00:06.067+0000] {dag.py:3823} INFO - Setting next_dagrun for example_skip_dag to 2024-02-10 00:00:00+00:00, run_after=2024-02-11 00:00:00+00:00
[2024-02-11T13:00:06.136+0000] {processor.py:183} INFO - Processing /home/airflow/.local/lib/python3.8/site-packages/airflow/example_dags/example_skip_dag.py took 0.258 seconds
[2024-02-11T13:00:36.629+0000] {processor.py:161} INFO - Started process (PID=655) to work on /home/airflow/.local/lib/python3.8/site-packages/airflow/example_dags/example_skip_dag.py
[2024-02-11T13:00:36.631+0000] {processor.py:830} INFO - Processing file /home/airflow/.local/lib/python3.8/site-packages/airflow/example_dags/example_skip_dag.py for tasks to queue
[2024-02-11T13:00:36.636+0000] {logging_mixin.py:188} INFO - [2024-02-11T13:00:36.635+0000] {dagbag.py:538} INFO - Filling up the DagBag from /home/airflow/.local/lib/python3.8/site-packages/airflow/example_dags/example_skip_dag.py
[2024-02-11T13:00:36.653+0000] {processor.py:840} INFO - DAG(s) 'example_skip_dag' retrieved from /home/airflow/.local/lib/python3.8/site-packages/airflow/example_dags/example_skip_dag.py
[2024-02-11T13:00:36.707+0000] {logging_mixin.py:188} INFO - [2024-02-11T13:00:36.706+0000] {dag.py:3036} INFO - Sync 1 DAGs
[2024-02-11T13:00:36.777+0000] {logging_mixin.py:188} INFO - [2024-02-11T13:00:36.776+0000] {dag.py:3823} INFO - Setting next_dagrun for example_skip_dag to 2024-02-10 00:00:00+00:00, run_after=2024-02-11 00:00:00+00:00
[2024-02-11T13:00:36.836+0000] {processor.py:183} INFO - Processing /home/airflow/.local/lib/python3.8/site-packages/airflow/example_dags/example_skip_dag.py took 0.215 seconds
[2024-02-11T13:01:07.432+0000] {processor.py:161} INFO - Started process (PID=710) to work on /home/airflow/.local/lib/python3.8/site-packages/airflow/example_dags/example_skip_dag.py
[2024-02-11T13:01:07.433+0000] {processor.py:830} INFO - Processing file /home/airflow/.local/lib/python3.8/site-packages/airflow/example_dags/example_skip_dag.py for tasks to queue
[2024-02-11T13:01:07.435+0000] {logging_mixin.py:188} INFO - [2024-02-11T13:01:07.435+0000] {dagbag.py:538} INFO - Filling up the DagBag from /home/airflow/.local/lib/python3.8/site-packages/airflow/example_dags/example_skip_dag.py
[2024-02-11T13:01:07.440+0000] {processor.py:840} INFO - DAG(s) 'example_skip_dag' retrieved from /home/airflow/.local/lib/python3.8/site-packages/airflow/example_dags/example_skip_dag.py
[2024-02-11T13:01:07.456+0000] {logging_mixin.py:188} INFO - [2024-02-11T13:01:07.456+0000] {dag.py:3036} INFO - Sync 1 DAGs
[2024-02-11T13:01:07.473+0000] {logging_mixin.py:188} INFO - [2024-02-11T13:01:07.473+0000] {dag.py:3823} INFO - Setting next_dagrun for example_skip_dag to 2024-02-10 00:00:00+00:00, run_after=2024-02-11 00:00:00+00:00
[2024-02-11T13:01:07.489+0000] {processor.py:183} INFO - Processing /home/airflow/.local/lib/python3.8/site-packages/airflow/example_dags/example_skip_dag.py took 0.061 seconds
[2024-02-11T13:06:05.999+0000] {processor.py:161} INFO - Started process (PID=48) to work on /home/airflow/.local/lib/python3.8/site-packages/airflow/example_dags/example_skip_dag.py
[2024-02-11T13:06:06.000+0000] {processor.py:830} INFO - Processing file /home/airflow/.local/lib/python3.8/site-packages/airflow/example_dags/example_skip_dag.py for tasks to queue
[2024-02-11T13:06:06.002+0000] {logging_mixin.py:188} INFO - [2024-02-11T13:06:06.002+0000] {dagbag.py:538} INFO - Filling up the DagBag from /home/airflow/.local/lib/python3.8/site-packages/airflow/example_dags/example_skip_dag.py
[2024-02-11T13:06:06.011+0000] {processor.py:840} INFO - DAG(s) 'example_skip_dag' retrieved from /home/airflow/.local/lib/python3.8/site-packages/airflow/example_dags/example_skip_dag.py
[2024-02-11T13:06:06.023+0000] {logging_mixin.py:188} INFO - [2024-02-11T13:06:06.022+0000] {dag.py:3036} INFO - Sync 1 DAGs
[2024-02-11T13:06:06.050+0000] {logging_mixin.py:188} INFO - [2024-02-11T13:06:06.050+0000] {dag.py:3823} INFO - Setting next_dagrun for example_skip_dag to 2024-02-10 00:00:00+00:00, run_after=2024-02-11 00:00:00+00:00
[2024-02-11T13:06:06.073+0000] {processor.py:183} INFO - Processing /home/airflow/.local/lib/python3.8/site-packages/airflow/example_dags/example_skip_dag.py took 0.077 seconds
[2024-02-11T13:06:36.417+0000] {processor.py:161} INFO - Started process (PID=103) to work on /home/airflow/.local/lib/python3.8/site-packages/airflow/example_dags/example_skip_dag.py
[2024-02-11T13:06:36.418+0000] {processor.py:830} INFO - Processing file /home/airflow/.local/lib/python3.8/site-packages/airflow/example_dags/example_skip_dag.py for tasks to queue
[2024-02-11T13:06:36.419+0000] {logging_mixin.py:188} INFO - [2024-02-11T13:06:36.419+0000] {dagbag.py:538} INFO - Filling up the DagBag from /home/airflow/.local/lib/python3.8/site-packages/airflow/example_dags/example_skip_dag.py
[2024-02-11T13:06:36.424+0000] {processor.py:840} INFO - DAG(s) 'example_skip_dag' retrieved from /home/airflow/.local/lib/python3.8/site-packages/airflow/example_dags/example_skip_dag.py
[2024-02-11T13:06:36.433+0000] {logging_mixin.py:188} INFO - [2024-02-11T13:06:36.433+0000] {dag.py:3036} INFO - Sync 1 DAGs
[2024-02-11T13:06:36.449+0000] {logging_mixin.py:188} INFO - [2024-02-11T13:06:36.449+0000] {dag.py:3823} INFO - Setting next_dagrun for example_skip_dag to 2024-02-10 00:00:00+00:00, run_after=2024-02-11 00:00:00+00:00
[2024-02-11T13:06:36.464+0000] {processor.py:183} INFO - Processing /home/airflow/.local/lib/python3.8/site-packages/airflow/example_dags/example_skip_dag.py took 0.050 seconds
