[2024-02-11T12:54:58.864+0000] {processor.py:161} INFO - Started process (PID=62) to work on /home/airflow/.local/lib/python3.8/site-packages/airflow/example_dags/example_latest_only_with_trigger.py
[2024-02-11T12:54:58.867+0000] {processor.py:830} INFO - Processing file /home/airflow/.local/lib/python3.8/site-packages/airflow/example_dags/example_latest_only_with_trigger.py for tasks to queue
[2024-02-11T12:54:58.875+0000] {logging_mixin.py:188} INFO - [2024-02-11T12:54:58.873+0000] {dagbag.py:538} INFO - Filling up the DagBag from /home/airflow/.local/lib/python3.8/site-packages/airflow/example_dags/example_latest_only_with_trigger.py
[2024-02-11T12:54:58.913+0000] {processor.py:840} INFO - DAG(s) 'latest_only_with_trigger' retrieved from /home/airflow/.local/lib/python3.8/site-packages/airflow/example_dags/example_latest_only_with_trigger.py
[2024-02-11T12:54:58.923+0000] {logging_mixin.py:188} INFO - [2024-02-11T12:54:58.923+0000] {dag.py:3036} INFO - Sync 1 DAGs
[2024-02-11T12:54:58.947+0000] {logging_mixin.py:188} INFO - [2024-02-11T12:54:58.947+0000] {dag.py:3823} INFO - Setting next_dagrun for latest_only_with_trigger to 2024-02-11 08:00:00+00:00, run_after=2024-02-11 12:00:00+00:00
[2024-02-11T12:54:58.964+0000] {processor.py:183} INFO - Processing /home/airflow/.local/lib/python3.8/site-packages/airflow/example_dags/example_latest_only_with_trigger.py took 0.105 seconds
[2024-02-11T12:55:30.406+0000] {processor.py:161} INFO - Started process (PID=117) to work on /home/airflow/.local/lib/python3.8/site-packages/airflow/example_dags/example_latest_only_with_trigger.py
[2024-02-11T12:55:30.406+0000] {processor.py:830} INFO - Processing file /home/airflow/.local/lib/python3.8/site-packages/airflow/example_dags/example_latest_only_with_trigger.py for tasks to queue
[2024-02-11T12:55:30.407+0000] {logging_mixin.py:188} INFO - [2024-02-11T12:55:30.407+0000] {dagbag.py:538} INFO - Filling up the DagBag from /home/airflow/.local/lib/python3.8/site-packages/airflow/example_dags/example_latest_only_with_trigger.py
[2024-02-11T12:55:30.410+0000] {processor.py:840} INFO - DAG(s) 'latest_only_with_trigger' retrieved from /home/airflow/.local/lib/python3.8/site-packages/airflow/example_dags/example_latest_only_with_trigger.py
[2024-02-11T12:55:30.504+0000] {logging_mixin.py:188} INFO - [2024-02-11T12:55:30.504+0000] {dag.py:3036} INFO - Sync 1 DAGs
[2024-02-11T12:55:30.520+0000] {logging_mixin.py:188} INFO - [2024-02-11T12:55:30.520+0000] {dag.py:3823} INFO - Setting next_dagrun for latest_only_with_trigger to 2024-02-11 08:00:00+00:00, run_after=2024-02-11 12:00:00+00:00
[2024-02-11T12:55:30.541+0000] {processor.py:183} INFO - Processing /home/airflow/.local/lib/python3.8/site-packages/airflow/example_dags/example_latest_only_with_trigger.py took 0.137 seconds
[2024-02-11T12:56:01.496+0000] {processor.py:161} INFO - Started process (PID=172) to work on /home/airflow/.local/lib/python3.8/site-packages/airflow/example_dags/example_latest_only_with_trigger.py
[2024-02-11T12:56:01.496+0000] {processor.py:830} INFO - Processing file /home/airflow/.local/lib/python3.8/site-packages/airflow/example_dags/example_latest_only_with_trigger.py for tasks to queue
[2024-02-11T12:56:01.497+0000] {logging_mixin.py:188} INFO - [2024-02-11T12:56:01.497+0000] {dagbag.py:538} INFO - Filling up the DagBag from /home/airflow/.local/lib/python3.8/site-packages/airflow/example_dags/example_latest_only_with_trigger.py
[2024-02-11T12:56:01.501+0000] {processor.py:840} INFO - DAG(s) 'latest_only_with_trigger' retrieved from /home/airflow/.local/lib/python3.8/site-packages/airflow/example_dags/example_latest_only_with_trigger.py
[2024-02-11T12:56:01.515+0000] {logging_mixin.py:188} INFO - [2024-02-11T12:56:01.514+0000] {dag.py:3036} INFO - Sync 1 DAGs
[2024-02-11T12:56:01.529+0000] {logging_mixin.py:188} INFO - [2024-02-11T12:56:01.529+0000] {dag.py:3823} INFO - Setting next_dagrun for latest_only_with_trigger to 2024-02-11 08:00:00+00:00, run_after=2024-02-11 12:00:00+00:00
[2024-02-11T12:56:01.544+0000] {processor.py:183} INFO - Processing /home/airflow/.local/lib/python3.8/site-packages/airflow/example_dags/example_latest_only_with_trigger.py took 0.050 seconds
[2024-02-11T12:56:32.020+0000] {processor.py:161} INFO - Started process (PID=227) to work on /home/airflow/.local/lib/python3.8/site-packages/airflow/example_dags/example_latest_only_with_trigger.py
[2024-02-11T12:56:32.023+0000] {processor.py:830} INFO - Processing file /home/airflow/.local/lib/python3.8/site-packages/airflow/example_dags/example_latest_only_with_trigger.py for tasks to queue
[2024-02-11T12:56:32.028+0000] {logging_mixin.py:188} INFO - [2024-02-11T12:56:32.027+0000] {dagbag.py:538} INFO - Filling up the DagBag from /home/airflow/.local/lib/python3.8/site-packages/airflow/example_dags/example_latest_only_with_trigger.py
[2024-02-11T12:56:32.045+0000] {processor.py:840} INFO - DAG(s) 'latest_only_with_trigger' retrieved from /home/airflow/.local/lib/python3.8/site-packages/airflow/example_dags/example_latest_only_with_trigger.py
[2024-02-11T12:56:32.099+0000] {logging_mixin.py:188} INFO - [2024-02-11T12:56:32.099+0000] {dag.py:3036} INFO - Sync 1 DAGs
[2024-02-11T12:56:32.160+0000] {logging_mixin.py:188} INFO - [2024-02-11T12:56:32.159+0000] {dag.py:3823} INFO - Setting next_dagrun for latest_only_with_trigger to 2024-02-11 08:00:00+00:00, run_after=2024-02-11 12:00:00+00:00
[2024-02-11T12:56:32.213+0000] {processor.py:183} INFO - Processing /home/airflow/.local/lib/python3.8/site-packages/airflow/example_dags/example_latest_only_with_trigger.py took 0.201 seconds
[2024-02-11T12:57:02.314+0000] {processor.py:161} INFO - Started process (PID=282) to work on /home/airflow/.local/lib/python3.8/site-packages/airflow/example_dags/example_latest_only_with_trigger.py
[2024-02-11T12:57:02.316+0000] {processor.py:830} INFO - Processing file /home/airflow/.local/lib/python3.8/site-packages/airflow/example_dags/example_latest_only_with_trigger.py for tasks to queue
[2024-02-11T12:57:02.320+0000] {logging_mixin.py:188} INFO - [2024-02-11T12:57:02.319+0000] {dagbag.py:538} INFO - Filling up the DagBag from /home/airflow/.local/lib/python3.8/site-packages/airflow/example_dags/example_latest_only_with_trigger.py
[2024-02-11T12:57:02.335+0000] {processor.py:840} INFO - DAG(s) 'latest_only_with_trigger' retrieved from /home/airflow/.local/lib/python3.8/site-packages/airflow/example_dags/example_latest_only_with_trigger.py
[2024-02-11T12:57:02.369+0000] {logging_mixin.py:188} INFO - [2024-02-11T12:57:02.368+0000] {dag.py:3036} INFO - Sync 1 DAGs
[2024-02-11T12:57:02.441+0000] {logging_mixin.py:188} INFO - [2024-02-11T12:57:02.440+0000] {dag.py:3823} INFO - Setting next_dagrun for latest_only_with_trigger to 2024-02-11 08:00:00+00:00, run_after=2024-02-11 12:00:00+00:00
[2024-02-11T12:57:02.500+0000] {processor.py:183} INFO - Processing /home/airflow/.local/lib/python3.8/site-packages/airflow/example_dags/example_latest_only_with_trigger.py took 0.195 seconds
[2024-02-11T12:57:36.072+0000] {processor.py:161} INFO - Started process (PID=337) to work on /home/airflow/.local/lib/python3.8/site-packages/airflow/example_dags/example_latest_only_with_trigger.py
[2024-02-11T12:57:36.074+0000] {processor.py:830} INFO - Processing file /home/airflow/.local/lib/python3.8/site-packages/airflow/example_dags/example_latest_only_with_trigger.py for tasks to queue
[2024-02-11T12:57:36.077+0000] {logging_mixin.py:188} INFO - [2024-02-11T12:57:36.076+0000] {dagbag.py:538} INFO - Filling up the DagBag from /home/airflow/.local/lib/python3.8/site-packages/airflow/example_dags/example_latest_only_with_trigger.py
[2024-02-11T12:57:36.087+0000] {processor.py:840} INFO - DAG(s) 'latest_only_with_trigger' retrieved from /home/airflow/.local/lib/python3.8/site-packages/airflow/example_dags/example_latest_only_with_trigger.py
[2024-02-11T12:57:36.436+0000] {logging_mixin.py:188} INFO - [2024-02-11T12:57:36.435+0000] {dag.py:3036} INFO - Sync 1 DAGs
[2024-02-11T12:57:36.490+0000] {logging_mixin.py:188} INFO - [2024-02-11T12:57:36.490+0000] {dag.py:3823} INFO - Setting next_dagrun for latest_only_with_trigger to 2024-02-11 08:00:00+00:00, run_after=2024-02-11 12:00:00+00:00
[2024-02-11T12:57:36.540+0000] {processor.py:183} INFO - Processing /home/airflow/.local/lib/python3.8/site-packages/airflow/example_dags/example_latest_only_with_trigger.py took 0.475 seconds
[2024-02-11T12:58:06.970+0000] {processor.py:161} INFO - Started process (PID=392) to work on /home/airflow/.local/lib/python3.8/site-packages/airflow/example_dags/example_latest_only_with_trigger.py
[2024-02-11T12:58:06.971+0000] {processor.py:830} INFO - Processing file /home/airflow/.local/lib/python3.8/site-packages/airflow/example_dags/example_latest_only_with_trigger.py for tasks to queue
[2024-02-11T12:58:06.974+0000] {logging_mixin.py:188} INFO - [2024-02-11T12:58:06.974+0000] {dagbag.py:538} INFO - Filling up the DagBag from /home/airflow/.local/lib/python3.8/site-packages/airflow/example_dags/example_latest_only_with_trigger.py
[2024-02-11T12:58:06.984+0000] {processor.py:840} INFO - DAG(s) 'latest_only_with_trigger' retrieved from /home/airflow/.local/lib/python3.8/site-packages/airflow/example_dags/example_latest_only_with_trigger.py
[2024-02-11T12:58:07.030+0000] {logging_mixin.py:188} INFO - [2024-02-11T12:58:07.029+0000] {dag.py:3036} INFO - Sync 1 DAGs
[2024-02-11T12:58:07.077+0000] {logging_mixin.py:188} INFO - [2024-02-11T12:58:07.076+0000] {dag.py:3823} INFO - Setting next_dagrun for latest_only_with_trigger to 2024-02-11 08:00:00+00:00, run_after=2024-02-11 12:00:00+00:00
[2024-02-11T12:58:07.118+0000] {processor.py:183} INFO - Processing /home/airflow/.local/lib/python3.8/site-packages/airflow/example_dags/example_latest_only_with_trigger.py took 0.154 seconds
[2024-02-11T12:58:37.840+0000] {processor.py:161} INFO - Started process (PID=447) to work on /home/airflow/.local/lib/python3.8/site-packages/airflow/example_dags/example_latest_only_with_trigger.py
[2024-02-11T12:58:37.843+0000] {processor.py:830} INFO - Processing file /home/airflow/.local/lib/python3.8/site-packages/airflow/example_dags/example_latest_only_with_trigger.py for tasks to queue
[2024-02-11T12:58:37.846+0000] {logging_mixin.py:188} INFO - [2024-02-11T12:58:37.845+0000] {dagbag.py:538} INFO - Filling up the DagBag from /home/airflow/.local/lib/python3.8/site-packages/airflow/example_dags/example_latest_only_with_trigger.py
[2024-02-11T12:58:37.858+0000] {processor.py:840} INFO - DAG(s) 'latest_only_with_trigger' retrieved from /home/airflow/.local/lib/python3.8/site-packages/airflow/example_dags/example_latest_only_with_trigger.py
[2024-02-11T12:58:37.904+0000] {logging_mixin.py:188} INFO - [2024-02-11T12:58:37.904+0000] {dag.py:3036} INFO - Sync 1 DAGs
[2024-02-11T12:58:37.951+0000] {logging_mixin.py:188} INFO - [2024-02-11T12:58:37.950+0000] {dag.py:3823} INFO - Setting next_dagrun for latest_only_with_trigger to 2024-02-11 08:00:00+00:00, run_after=2024-02-11 12:00:00+00:00
[2024-02-11T12:58:37.993+0000] {processor.py:183} INFO - Processing /home/airflow/.local/lib/python3.8/site-packages/airflow/example_dags/example_latest_only_with_trigger.py took 0.159 seconds
[2024-02-11T12:59:08.245+0000] {processor.py:161} INFO - Started process (PID=502) to work on /home/airflow/.local/lib/python3.8/site-packages/airflow/example_dags/example_latest_only_with_trigger.py
[2024-02-11T12:59:08.247+0000] {processor.py:830} INFO - Processing file /home/airflow/.local/lib/python3.8/site-packages/airflow/example_dags/example_latest_only_with_trigger.py for tasks to queue
[2024-02-11T12:59:08.252+0000] {logging_mixin.py:188} INFO - [2024-02-11T12:59:08.251+0000] {dagbag.py:538} INFO - Filling up the DagBag from /home/airflow/.local/lib/python3.8/site-packages/airflow/example_dags/example_latest_only_with_trigger.py
[2024-02-11T12:59:08.266+0000] {processor.py:840} INFO - DAG(s) 'latest_only_with_trigger' retrieved from /home/airflow/.local/lib/python3.8/site-packages/airflow/example_dags/example_latest_only_with_trigger.py
[2024-02-11T12:59:08.330+0000] {logging_mixin.py:188} INFO - [2024-02-11T12:59:08.329+0000] {dag.py:3036} INFO - Sync 1 DAGs
[2024-02-11T12:59:08.414+0000] {logging_mixin.py:188} INFO - [2024-02-11T12:59:08.413+0000] {dag.py:3823} INFO - Setting next_dagrun for latest_only_with_trigger to 2024-02-11 08:00:00+00:00, run_after=2024-02-11 12:00:00+00:00
[2024-02-11T12:59:08.473+0000] {processor.py:183} INFO - Processing /home/airflow/.local/lib/python3.8/site-packages/airflow/example_dags/example_latest_only_with_trigger.py took 0.238 seconds
[2024-02-11T12:59:38.794+0000] {processor.py:161} INFO - Started process (PID=558) to work on /home/airflow/.local/lib/python3.8/site-packages/airflow/example_dags/example_latest_only_with_trigger.py
[2024-02-11T12:59:38.797+0000] {processor.py:830} INFO - Processing file /home/airflow/.local/lib/python3.8/site-packages/airflow/example_dags/example_latest_only_with_trigger.py for tasks to queue
[2024-02-11T12:59:38.802+0000] {logging_mixin.py:188} INFO - [2024-02-11T12:59:38.801+0000] {dagbag.py:538} INFO - Filling up the DagBag from /home/airflow/.local/lib/python3.8/site-packages/airflow/example_dags/example_latest_only_with_trigger.py
[2024-02-11T12:59:38.818+0000] {processor.py:840} INFO - DAG(s) 'latest_only_with_trigger' retrieved from /home/airflow/.local/lib/python3.8/site-packages/airflow/example_dags/example_latest_only_with_trigger.py
[2024-02-11T12:59:38.883+0000] {logging_mixin.py:188} INFO - [2024-02-11T12:59:38.883+0000] {dag.py:3036} INFO - Sync 1 DAGs
[2024-02-11T12:59:38.955+0000] {logging_mixin.py:188} INFO - [2024-02-11T12:59:38.954+0000] {dag.py:3823} INFO - Setting next_dagrun for latest_only_with_trigger to 2024-02-11 08:00:00+00:00, run_after=2024-02-11 12:00:00+00:00
[2024-02-11T12:59:39.015+0000] {processor.py:183} INFO - Processing /home/airflow/.local/lib/python3.8/site-packages/airflow/example_dags/example_latest_only_with_trigger.py took 0.229 seconds
[2024-02-11T13:00:09.178+0000] {processor.py:161} INFO - Started process (PID=620) to work on /home/airflow/.local/lib/python3.8/site-packages/airflow/example_dags/example_latest_only_with_trigger.py
[2024-02-11T13:00:09.180+0000] {processor.py:830} INFO - Processing file /home/airflow/.local/lib/python3.8/site-packages/airflow/example_dags/example_latest_only_with_trigger.py for tasks to queue
[2024-02-11T13:00:09.185+0000] {logging_mixin.py:188} INFO - [2024-02-11T13:00:09.184+0000] {dagbag.py:538} INFO - Filling up the DagBag from /home/airflow/.local/lib/python3.8/site-packages/airflow/example_dags/example_latest_only_with_trigger.py
[2024-02-11T13:00:09.197+0000] {processor.py:840} INFO - DAG(s) 'latest_only_with_trigger' retrieved from /home/airflow/.local/lib/python3.8/site-packages/airflow/example_dags/example_latest_only_with_trigger.py
[2024-02-11T13:00:09.245+0000] {logging_mixin.py:188} INFO - [2024-02-11T13:00:09.244+0000] {dag.py:3036} INFO - Sync 1 DAGs
[2024-02-11T13:00:09.298+0000] {logging_mixin.py:188} INFO - [2024-02-11T13:00:09.297+0000] {dag.py:3823} INFO - Setting next_dagrun for latest_only_with_trigger to 2024-02-11 08:00:00+00:00, run_after=2024-02-11 12:00:00+00:00
[2024-02-11T13:00:09.344+0000] {processor.py:183} INFO - Processing /home/airflow/.local/lib/python3.8/site-packages/airflow/example_dags/example_latest_only_with_trigger.py took 0.174 seconds
[2024-02-11T13:00:39.527+0000] {processor.py:161} INFO - Started process (PID=675) to work on /home/airflow/.local/lib/python3.8/site-packages/airflow/example_dags/example_latest_only_with_trigger.py
[2024-02-11T13:00:39.530+0000] {processor.py:830} INFO - Processing file /home/airflow/.local/lib/python3.8/site-packages/airflow/example_dags/example_latest_only_with_trigger.py for tasks to queue
[2024-02-11T13:00:39.535+0000] {logging_mixin.py:188} INFO - [2024-02-11T13:00:39.534+0000] {dagbag.py:538} INFO - Filling up the DagBag from /home/airflow/.local/lib/python3.8/site-packages/airflow/example_dags/example_latest_only_with_trigger.py
[2024-02-11T13:00:39.547+0000] {processor.py:840} INFO - DAG(s) 'latest_only_with_trigger' retrieved from /home/airflow/.local/lib/python3.8/site-packages/airflow/example_dags/example_latest_only_with_trigger.py
[2024-02-11T13:00:39.604+0000] {logging_mixin.py:188} INFO - [2024-02-11T13:00:39.603+0000] {dag.py:3036} INFO - Sync 1 DAGs
[2024-02-11T13:00:39.676+0000] {logging_mixin.py:188} INFO - [2024-02-11T13:00:39.675+0000] {dag.py:3823} INFO - Setting next_dagrun for latest_only_with_trigger to 2024-02-11 08:00:00+00:00, run_after=2024-02-11 12:00:00+00:00
[2024-02-11T13:00:39.728+0000] {processor.py:183} INFO - Processing /home/airflow/.local/lib/python3.8/site-packages/airflow/example_dags/example_latest_only_with_trigger.py took 0.210 seconds
[2024-02-11T13:01:10.322+0000] {processor.py:161} INFO - Started process (PID=730) to work on /home/airflow/.local/lib/python3.8/site-packages/airflow/example_dags/example_latest_only_with_trigger.py
[2024-02-11T13:01:10.324+0000] {processor.py:830} INFO - Processing file /home/airflow/.local/lib/python3.8/site-packages/airflow/example_dags/example_latest_only_with_trigger.py for tasks to queue
[2024-02-11T13:01:10.325+0000] {logging_mixin.py:188} INFO - [2024-02-11T13:01:10.325+0000] {dagbag.py:538} INFO - Filling up the DagBag from /home/airflow/.local/lib/python3.8/site-packages/airflow/example_dags/example_latest_only_with_trigger.py
[2024-02-11T13:01:10.332+0000] {processor.py:840} INFO - DAG(s) 'latest_only_with_trigger' retrieved from /home/airflow/.local/lib/python3.8/site-packages/airflow/example_dags/example_latest_only_with_trigger.py
[2024-02-11T13:01:10.358+0000] {logging_mixin.py:188} INFO - [2024-02-11T13:01:10.357+0000] {dag.py:3036} INFO - Sync 1 DAGs
[2024-02-11T13:01:10.393+0000] {logging_mixin.py:188} INFO - [2024-02-11T13:01:10.393+0000] {dag.py:3823} INFO - Setting next_dagrun for latest_only_with_trigger to 2024-02-11 08:00:00+00:00, run_after=2024-02-11 12:00:00+00:00
[2024-02-11T13:01:10.424+0000] {processor.py:183} INFO - Processing /home/airflow/.local/lib/python3.8/site-packages/airflow/example_dags/example_latest_only_with_trigger.py took 0.106 seconds
[2024-02-11T13:06:06.588+0000] {processor.py:161} INFO - Started process (PID=61) to work on /home/airflow/.local/lib/python3.8/site-packages/airflow/example_dags/example_latest_only_with_trigger.py
[2024-02-11T13:06:06.589+0000] {processor.py:830} INFO - Processing file /home/airflow/.local/lib/python3.8/site-packages/airflow/example_dags/example_latest_only_with_trigger.py for tasks to queue
[2024-02-11T13:06:06.590+0000] {logging_mixin.py:188} INFO - [2024-02-11T13:06:06.590+0000] {dagbag.py:538} INFO - Filling up the DagBag from /home/airflow/.local/lib/python3.8/site-packages/airflow/example_dags/example_latest_only_with_trigger.py
[2024-02-11T13:06:06.598+0000] {processor.py:840} INFO - DAG(s) 'latest_only_with_trigger' retrieved from /home/airflow/.local/lib/python3.8/site-packages/airflow/example_dags/example_latest_only_with_trigger.py
[2024-02-11T13:06:06.611+0000] {logging_mixin.py:188} INFO - [2024-02-11T13:06:06.611+0000] {dag.py:3036} INFO - Sync 1 DAGs
[2024-02-11T13:06:06.640+0000] {logging_mixin.py:188} INFO - [2024-02-11T13:06:06.640+0000] {dag.py:3823} INFO - Setting next_dagrun for latest_only_with_trigger to 2024-02-11 08:00:00+00:00, run_after=2024-02-11 12:00:00+00:00
[2024-02-11T13:06:06.663+0000] {processor.py:183} INFO - Processing /home/airflow/.local/lib/python3.8/site-packages/airflow/example_dags/example_latest_only_with_trigger.py took 0.079 seconds
[2024-02-11T13:06:36.933+0000] {processor.py:161} INFO - Started process (PID=116) to work on /home/airflow/.local/lib/python3.8/site-packages/airflow/example_dags/example_latest_only_with_trigger.py
[2024-02-11T13:06:36.934+0000] {processor.py:830} INFO - Processing file /home/airflow/.local/lib/python3.8/site-packages/airflow/example_dags/example_latest_only_with_trigger.py for tasks to queue
[2024-02-11T13:06:36.935+0000] {logging_mixin.py:188} INFO - [2024-02-11T13:06:36.935+0000] {dagbag.py:538} INFO - Filling up the DagBag from /home/airflow/.local/lib/python3.8/site-packages/airflow/example_dags/example_latest_only_with_trigger.py
[2024-02-11T13:06:36.938+0000] {processor.py:840} INFO - DAG(s) 'latest_only_with_trigger' retrieved from /home/airflow/.local/lib/python3.8/site-packages/airflow/example_dags/example_latest_only_with_trigger.py
[2024-02-11T13:06:36.947+0000] {logging_mixin.py:188} INFO - [2024-02-11T13:06:36.947+0000] {dag.py:3036} INFO - Sync 1 DAGs
[2024-02-11T13:06:36.966+0000] {logging_mixin.py:188} INFO - [2024-02-11T13:06:36.965+0000] {dag.py:3823} INFO - Setting next_dagrun for latest_only_with_trigger to 2024-02-11 08:00:00+00:00, run_after=2024-02-11 12:00:00+00:00
[2024-02-11T13:06:36.981+0000] {processor.py:183} INFO - Processing /home/airflow/.local/lib/python3.8/site-packages/airflow/example_dags/example_latest_only_with_trigger.py took 0.050 seconds
