[2024-02-11T12:54:57.983+0000] {processor.py:161} INFO - Started process (PID=48) to work on /home/airflow/.local/lib/python3.8/site-packages/airflow/example_dags/example_task_group.py
[2024-02-11T12:54:57.987+0000] {processor.py:830} INFO - Processing file /home/airflow/.local/lib/python3.8/site-packages/airflow/example_dags/example_task_group.py for tasks to queue
[2024-02-11T12:54:57.994+0000] {logging_mixin.py:188} INFO - [2024-02-11T12:54:57.994+0000] {dagbag.py:538} INFO - Filling up the DagBag from /home/airflow/.local/lib/python3.8/site-packages/airflow/example_dags/example_task_group.py
[2024-02-11T12:54:58.004+0000] {processor.py:840} INFO - DAG(s) 'example_task_group' retrieved from /home/airflow/.local/lib/python3.8/site-packages/airflow/example_dags/example_task_group.py
[2024-02-11T12:54:58.016+0000] {logging_mixin.py:188} INFO - [2024-02-11T12:54:58.015+0000] {dag.py:3036} INFO - Sync 1 DAGs
[2024-02-11T12:54:58.040+0000] {logging_mixin.py:188} INFO - [2024-02-11T12:54:58.040+0000] {dag.py:3823} INFO - Setting next_dagrun for example_task_group to 2024-02-10 00:00:00+00:00, run_after=2024-02-11 00:00:00+00:00
[2024-02-11T12:54:58.104+0000] {processor.py:183} INFO - Processing /home/airflow/.local/lib/python3.8/site-packages/airflow/example_dags/example_task_group.py took 0.140 seconds
[2024-02-11T12:55:28.742+0000] {processor.py:161} INFO - Started process (PID=103) to work on /home/airflow/.local/lib/python3.8/site-packages/airflow/example_dags/example_task_group.py
[2024-02-11T12:55:28.743+0000] {processor.py:830} INFO - Processing file /home/airflow/.local/lib/python3.8/site-packages/airflow/example_dags/example_task_group.py for tasks to queue
[2024-02-11T12:55:28.744+0000] {logging_mixin.py:188} INFO - [2024-02-11T12:55:28.744+0000] {dagbag.py:538} INFO - Filling up the DagBag from /home/airflow/.local/lib/python3.8/site-packages/airflow/example_dags/example_task_group.py
[2024-02-11T12:55:28.749+0000] {processor.py:840} INFO - DAG(s) 'example_task_group' retrieved from /home/airflow/.local/lib/python3.8/site-packages/airflow/example_dags/example_task_group.py
[2024-02-11T12:55:28.903+0000] {logging_mixin.py:188} INFO - [2024-02-11T12:55:28.903+0000] {dag.py:3036} INFO - Sync 1 DAGs
[2024-02-11T12:55:28.919+0000] {logging_mixin.py:188} INFO - [2024-02-11T12:55:28.918+0000] {dag.py:3823} INFO - Setting next_dagrun for example_task_group to 2024-02-10 00:00:00+00:00, run_after=2024-02-11 00:00:00+00:00
[2024-02-11T12:55:28.938+0000] {processor.py:183} INFO - Processing /home/airflow/.local/lib/python3.8/site-packages/airflow/example_dags/example_task_group.py took 0.198 seconds
[2024-02-11T12:55:59.767+0000] {processor.py:161} INFO - Started process (PID=158) to work on /home/airflow/.local/lib/python3.8/site-packages/airflow/example_dags/example_task_group.py
[2024-02-11T12:55:59.768+0000] {processor.py:830} INFO - Processing file /home/airflow/.local/lib/python3.8/site-packages/airflow/example_dags/example_task_group.py for tasks to queue
[2024-02-11T12:55:59.769+0000] {logging_mixin.py:188} INFO - [2024-02-11T12:55:59.769+0000] {dagbag.py:538} INFO - Filling up the DagBag from /home/airflow/.local/lib/python3.8/site-packages/airflow/example_dags/example_task_group.py
[2024-02-11T12:55:59.773+0000] {processor.py:840} INFO - DAG(s) 'example_task_group' retrieved from /home/airflow/.local/lib/python3.8/site-packages/airflow/example_dags/example_task_group.py
[2024-02-11T12:55:59.792+0000] {logging_mixin.py:188} INFO - [2024-02-11T12:55:59.792+0000] {dag.py:3036} INFO - Sync 1 DAGs
[2024-02-11T12:55:59.806+0000] {logging_mixin.py:188} INFO - [2024-02-11T12:55:59.806+0000] {dag.py:3823} INFO - Setting next_dagrun for example_task_group to 2024-02-10 00:00:00+00:00, run_after=2024-02-11 00:00:00+00:00
[2024-02-11T12:55:59.823+0000] {processor.py:183} INFO - Processing /home/airflow/.local/lib/python3.8/site-packages/airflow/example_dags/example_task_group.py took 0.058 seconds
[2024-02-11T12:56:30.120+0000] {processor.py:161} INFO - Started process (PID=213) to work on /home/airflow/.local/lib/python3.8/site-packages/airflow/example_dags/example_task_group.py
[2024-02-11T12:56:30.122+0000] {processor.py:830} INFO - Processing file /home/airflow/.local/lib/python3.8/site-packages/airflow/example_dags/example_task_group.py for tasks to queue
[2024-02-11T12:56:30.125+0000] {logging_mixin.py:188} INFO - [2024-02-11T12:56:30.125+0000] {dagbag.py:538} INFO - Filling up the DagBag from /home/airflow/.local/lib/python3.8/site-packages/airflow/example_dags/example_task_group.py
[2024-02-11T12:56:30.139+0000] {processor.py:840} INFO - DAG(s) 'example_task_group' retrieved from /home/airflow/.local/lib/python3.8/site-packages/airflow/example_dags/example_task_group.py
[2024-02-11T12:56:30.190+0000] {logging_mixin.py:188} INFO - [2024-02-11T12:56:30.190+0000] {dag.py:3036} INFO - Sync 1 DAGs
[2024-02-11T12:56:30.256+0000] {logging_mixin.py:188} INFO - [2024-02-11T12:56:30.256+0000] {dag.py:3823} INFO - Setting next_dagrun for example_task_group to 2024-02-10 00:00:00+00:00, run_after=2024-02-11 00:00:00+00:00
[2024-02-11T12:56:30.321+0000] {processor.py:183} INFO - Processing /home/airflow/.local/lib/python3.8/site-packages/airflow/example_dags/example_task_group.py took 0.209 seconds
[2024-02-11T12:57:00.369+0000] {processor.py:161} INFO - Started process (PID=267) to work on /home/airflow/.local/lib/python3.8/site-packages/airflow/example_dags/example_task_group.py
[2024-02-11T12:57:00.370+0000] {processor.py:830} INFO - Processing file /home/airflow/.local/lib/python3.8/site-packages/airflow/example_dags/example_task_group.py for tasks to queue
[2024-02-11T12:57:00.373+0000] {logging_mixin.py:188} INFO - [2024-02-11T12:57:00.372+0000] {dagbag.py:538} INFO - Filling up the DagBag from /home/airflow/.local/lib/python3.8/site-packages/airflow/example_dags/example_task_group.py
[2024-02-11T12:57:00.385+0000] {processor.py:840} INFO - DAG(s) 'example_task_group' retrieved from /home/airflow/.local/lib/python3.8/site-packages/airflow/example_dags/example_task_group.py
[2024-02-11T12:57:00.416+0000] {logging_mixin.py:188} INFO - [2024-02-11T12:57:00.415+0000] {dag.py:3036} INFO - Sync 1 DAGs
[2024-02-11T12:57:00.470+0000] {logging_mixin.py:188} INFO - [2024-02-11T12:57:00.469+0000] {dag.py:3823} INFO - Setting next_dagrun for example_task_group to 2024-02-10 00:00:00+00:00, run_after=2024-02-11 00:00:00+00:00
[2024-02-11T12:57:00.515+0000] {processor.py:183} INFO - Processing /home/airflow/.local/lib/python3.8/site-packages/airflow/example_dags/example_task_group.py took 0.154 seconds
[2024-02-11T12:57:32.066+0000] {processor.py:161} INFO - Started process (PID=323) to work on /home/airflow/.local/lib/python3.8/site-packages/airflow/example_dags/example_task_group.py
[2024-02-11T12:57:32.068+0000] {processor.py:830} INFO - Processing file /home/airflow/.local/lib/python3.8/site-packages/airflow/example_dags/example_task_group.py for tasks to queue
[2024-02-11T12:57:32.071+0000] {logging_mixin.py:188} INFO - [2024-02-11T12:57:32.070+0000] {dagbag.py:538} INFO - Filling up the DagBag from /home/airflow/.local/lib/python3.8/site-packages/airflow/example_dags/example_task_group.py
[2024-02-11T12:57:32.086+0000] {processor.py:840} INFO - DAG(s) 'example_task_group' retrieved from /home/airflow/.local/lib/python3.8/site-packages/airflow/example_dags/example_task_group.py
[2024-02-11T12:57:32.351+0000] {logging_mixin.py:188} INFO - [2024-02-11T12:57:32.350+0000] {dag.py:3036} INFO - Sync 1 DAGs
[2024-02-11T12:57:32.422+0000] {logging_mixin.py:188} INFO - [2024-02-11T12:57:32.421+0000] {dag.py:3823} INFO - Setting next_dagrun for example_task_group to 2024-02-10 00:00:00+00:00, run_after=2024-02-11 00:00:00+00:00
[2024-02-11T12:57:32.484+0000] {processor.py:183} INFO - Processing /home/airflow/.local/lib/python3.8/site-packages/airflow/example_dags/example_task_group.py took 0.424 seconds
[2024-02-11T12:58:03.418+0000] {processor.py:161} INFO - Started process (PID=378) to work on /home/airflow/.local/lib/python3.8/site-packages/airflow/example_dags/example_task_group.py
[2024-02-11T12:58:03.420+0000] {processor.py:830} INFO - Processing file /home/airflow/.local/lib/python3.8/site-packages/airflow/example_dags/example_task_group.py for tasks to queue
[2024-02-11T12:58:03.424+0000] {logging_mixin.py:188} INFO - [2024-02-11T12:58:03.423+0000] {dagbag.py:538} INFO - Filling up the DagBag from /home/airflow/.local/lib/python3.8/site-packages/airflow/example_dags/example_task_group.py
[2024-02-11T12:58:03.442+0000] {processor.py:840} INFO - DAG(s) 'example_task_group' retrieved from /home/airflow/.local/lib/python3.8/site-packages/airflow/example_dags/example_task_group.py
[2024-02-11T12:58:03.508+0000] {logging_mixin.py:188} INFO - [2024-02-11T12:58:03.507+0000] {dag.py:3036} INFO - Sync 1 DAGs
[2024-02-11T12:58:03.569+0000] {logging_mixin.py:188} INFO - [2024-02-11T12:58:03.568+0000] {dag.py:3823} INFO - Setting next_dagrun for example_task_group to 2024-02-10 00:00:00+00:00, run_after=2024-02-11 00:00:00+00:00
[2024-02-11T12:58:03.620+0000] {processor.py:183} INFO - Processing /home/airflow/.local/lib/python3.8/site-packages/airflow/example_dags/example_task_group.py took 0.207 seconds
[2024-02-11T12:58:34.447+0000] {processor.py:161} INFO - Started process (PID=433) to work on /home/airflow/.local/lib/python3.8/site-packages/airflow/example_dags/example_task_group.py
[2024-02-11T12:58:34.449+0000] {processor.py:830} INFO - Processing file /home/airflow/.local/lib/python3.8/site-packages/airflow/example_dags/example_task_group.py for tasks to queue
[2024-02-11T12:58:34.452+0000] {logging_mixin.py:188} INFO - [2024-02-11T12:58:34.451+0000] {dagbag.py:538} INFO - Filling up the DagBag from /home/airflow/.local/lib/python3.8/site-packages/airflow/example_dags/example_task_group.py
[2024-02-11T12:58:34.464+0000] {processor.py:840} INFO - DAG(s) 'example_task_group' retrieved from /home/airflow/.local/lib/python3.8/site-packages/airflow/example_dags/example_task_group.py
[2024-02-11T12:58:34.512+0000] {logging_mixin.py:188} INFO - [2024-02-11T12:58:34.511+0000] {dag.py:3036} INFO - Sync 1 DAGs
[2024-02-11T12:58:34.559+0000] {logging_mixin.py:188} INFO - [2024-02-11T12:58:34.559+0000] {dag.py:3823} INFO - Setting next_dagrun for example_task_group to 2024-02-10 00:00:00+00:00, run_after=2024-02-11 00:00:00+00:00
[2024-02-11T12:58:34.606+0000] {processor.py:183} INFO - Processing /home/airflow/.local/lib/python3.8/site-packages/airflow/example_dags/example_task_group.py took 0.164 seconds
[2024-02-11T12:59:04.795+0000] {processor.py:161} INFO - Started process (PID=488) to work on /home/airflow/.local/lib/python3.8/site-packages/airflow/example_dags/example_task_group.py
[2024-02-11T12:59:04.798+0000] {processor.py:830} INFO - Processing file /home/airflow/.local/lib/python3.8/site-packages/airflow/example_dags/example_task_group.py for tasks to queue
[2024-02-11T12:59:04.802+0000] {logging_mixin.py:188} INFO - [2024-02-11T12:59:04.801+0000] {dagbag.py:538} INFO - Filling up the DagBag from /home/airflow/.local/lib/python3.8/site-packages/airflow/example_dags/example_task_group.py
[2024-02-11T12:59:04.824+0000] {processor.py:840} INFO - DAG(s) 'example_task_group' retrieved from /home/airflow/.local/lib/python3.8/site-packages/airflow/example_dags/example_task_group.py
[2024-02-11T12:59:04.894+0000] {logging_mixin.py:188} INFO - [2024-02-11T12:59:04.894+0000] {dag.py:3036} INFO - Sync 1 DAGs
[2024-02-11T12:59:04.962+0000] {logging_mixin.py:188} INFO - [2024-02-11T12:59:04.962+0000] {dag.py:3823} INFO - Setting next_dagrun for example_task_group to 2024-02-10 00:00:00+00:00, run_after=2024-02-11 00:00:00+00:00
[2024-02-11T12:59:05.021+0000] {processor.py:183} INFO - Processing /home/airflow/.local/lib/python3.8/site-packages/airflow/example_dags/example_task_group.py took 0.235 seconds
[2024-02-11T12:59:35.136+0000] {processor.py:161} INFO - Started process (PID=543) to work on /home/airflow/.local/lib/python3.8/site-packages/airflow/example_dags/example_task_group.py
[2024-02-11T12:59:35.139+0000] {processor.py:830} INFO - Processing file /home/airflow/.local/lib/python3.8/site-packages/airflow/example_dags/example_task_group.py for tasks to queue
[2024-02-11T12:59:35.143+0000] {logging_mixin.py:188} INFO - [2024-02-11T12:59:35.143+0000] {dagbag.py:538} INFO - Filling up the DagBag from /home/airflow/.local/lib/python3.8/site-packages/airflow/example_dags/example_task_group.py
[2024-02-11T12:59:35.164+0000] {processor.py:840} INFO - DAG(s) 'example_task_group' retrieved from /home/airflow/.local/lib/python3.8/site-packages/airflow/example_dags/example_task_group.py
[2024-02-11T12:59:35.229+0000] {logging_mixin.py:188} INFO - [2024-02-11T12:59:35.228+0000] {dag.py:3036} INFO - Sync 1 DAGs
[2024-02-11T12:59:35.294+0000] {logging_mixin.py:188} INFO - [2024-02-11T12:59:35.294+0000] {dag.py:3823} INFO - Setting next_dagrun for example_task_group to 2024-02-10 00:00:00+00:00, run_after=2024-02-11 00:00:00+00:00
[2024-02-11T12:59:35.340+0000] {processor.py:183} INFO - Processing /home/airflow/.local/lib/python3.8/site-packages/airflow/example_dags/example_task_group.py took 0.213 seconds
[2024-02-11T13:00:05.804+0000] {processor.py:161} INFO - Started process (PID=599) to work on /home/airflow/.local/lib/python3.8/site-packages/airflow/example_dags/example_task_group.py
[2024-02-11T13:00:05.806+0000] {processor.py:830} INFO - Processing file /home/airflow/.local/lib/python3.8/site-packages/airflow/example_dags/example_task_group.py for tasks to queue
[2024-02-11T13:00:05.809+0000] {logging_mixin.py:188} INFO - [2024-02-11T13:00:05.809+0000] {dagbag.py:538} INFO - Filling up the DagBag from /home/airflow/.local/lib/python3.8/site-packages/airflow/example_dags/example_task_group.py
[2024-02-11T13:00:05.823+0000] {processor.py:840} INFO - DAG(s) 'example_task_group' retrieved from /home/airflow/.local/lib/python3.8/site-packages/airflow/example_dags/example_task_group.py
[2024-02-11T13:00:05.882+0000] {logging_mixin.py:188} INFO - [2024-02-11T13:00:05.881+0000] {dag.py:3036} INFO - Sync 1 DAGs
[2024-02-11T13:00:05.965+0000] {logging_mixin.py:188} INFO - [2024-02-11T13:00:05.964+0000] {dag.py:3823} INFO - Setting next_dagrun for example_task_group to 2024-02-10 00:00:00+00:00, run_after=2024-02-11 00:00:00+00:00
[2024-02-11T13:00:06.029+0000] {processor.py:183} INFO - Processing /home/airflow/.local/lib/python3.8/site-packages/airflow/example_dags/example_task_group.py took 0.230 seconds
[2024-02-11T13:00:36.389+0000] {processor.py:161} INFO - Started process (PID=654) to work on /home/airflow/.local/lib/python3.8/site-packages/airflow/example_dags/example_task_group.py
[2024-02-11T13:00:36.391+0000] {processor.py:830} INFO - Processing file /home/airflow/.local/lib/python3.8/site-packages/airflow/example_dags/example_task_group.py for tasks to queue
[2024-02-11T13:00:36.395+0000] {logging_mixin.py:188} INFO - [2024-02-11T13:00:36.394+0000] {dagbag.py:538} INFO - Filling up the DagBag from /home/airflow/.local/lib/python3.8/site-packages/airflow/example_dags/example_task_group.py
[2024-02-11T13:00:36.414+0000] {processor.py:840} INFO - DAG(s) 'example_task_group' retrieved from /home/airflow/.local/lib/python3.8/site-packages/airflow/example_dags/example_task_group.py
[2024-02-11T13:00:36.473+0000] {logging_mixin.py:188} INFO - [2024-02-11T13:00:36.472+0000] {dag.py:3036} INFO - Sync 1 DAGs
[2024-02-11T13:00:36.536+0000] {logging_mixin.py:188} INFO - [2024-02-11T13:00:36.535+0000] {dag.py:3823} INFO - Setting next_dagrun for example_task_group to 2024-02-10 00:00:00+00:00, run_after=2024-02-11 00:00:00+00:00
[2024-02-11T13:00:36.584+0000] {processor.py:183} INFO - Processing /home/airflow/.local/lib/python3.8/site-packages/airflow/example_dags/example_task_group.py took 0.204 seconds
[2024-02-11T13:01:07.426+0000] {processor.py:161} INFO - Started process (PID=709) to work on /home/airflow/.local/lib/python3.8/site-packages/airflow/example_dags/example_task_group.py
[2024-02-11T13:01:07.428+0000] {processor.py:830} INFO - Processing file /home/airflow/.local/lib/python3.8/site-packages/airflow/example_dags/example_task_group.py for tasks to queue
[2024-02-11T13:01:07.429+0000] {logging_mixin.py:188} INFO - [2024-02-11T13:01:07.429+0000] {dagbag.py:538} INFO - Filling up the DagBag from /home/airflow/.local/lib/python3.8/site-packages/airflow/example_dags/example_task_group.py
[2024-02-11T13:01:07.437+0000] {processor.py:840} INFO - DAG(s) 'example_task_group' retrieved from /home/airflow/.local/lib/python3.8/site-packages/airflow/example_dags/example_task_group.py
[2024-02-11T13:01:07.455+0000] {logging_mixin.py:188} INFO - [2024-02-11T13:01:07.455+0000] {dag.py:3036} INFO - Sync 1 DAGs
[2024-02-11T13:01:07.474+0000] {logging_mixin.py:188} INFO - [2024-02-11T13:01:07.473+0000] {dag.py:3823} INFO - Setting next_dagrun for example_task_group to 2024-02-10 00:00:00+00:00, run_after=2024-02-11 00:00:00+00:00
[2024-02-11T13:01:07.491+0000] {processor.py:183} INFO - Processing /home/airflow/.local/lib/python3.8/site-packages/airflow/example_dags/example_task_group.py took 0.068 seconds
[2024-02-11T13:06:05.942+0000] {processor.py:161} INFO - Started process (PID=47) to work on /home/airflow/.local/lib/python3.8/site-packages/airflow/example_dags/example_task_group.py
[2024-02-11T13:06:05.943+0000] {processor.py:830} INFO - Processing file /home/airflow/.local/lib/python3.8/site-packages/airflow/example_dags/example_task_group.py for tasks to queue
[2024-02-11T13:06:05.944+0000] {logging_mixin.py:188} INFO - [2024-02-11T13:06:05.944+0000] {dagbag.py:538} INFO - Filling up the DagBag from /home/airflow/.local/lib/python3.8/site-packages/airflow/example_dags/example_task_group.py
[2024-02-11T13:06:05.952+0000] {processor.py:840} INFO - DAG(s) 'example_task_group' retrieved from /home/airflow/.local/lib/python3.8/site-packages/airflow/example_dags/example_task_group.py
[2024-02-11T13:06:05.964+0000] {logging_mixin.py:188} INFO - [2024-02-11T13:06:05.963+0000] {dag.py:3036} INFO - Sync 1 DAGs
[2024-02-11T13:06:05.991+0000] {logging_mixin.py:188} INFO - [2024-02-11T13:06:05.990+0000] {dag.py:3823} INFO - Setting next_dagrun for example_task_group to 2024-02-10 00:00:00+00:00, run_after=2024-02-11 00:00:00+00:00
[2024-02-11T13:06:06.013+0000] {processor.py:183} INFO - Processing /home/airflow/.local/lib/python3.8/site-packages/airflow/example_dags/example_task_group.py took 0.073 seconds
[2024-02-11T13:06:36.358+0000] {processor.py:161} INFO - Started process (PID=102) to work on /home/airflow/.local/lib/python3.8/site-packages/airflow/example_dags/example_task_group.py
[2024-02-11T13:06:36.359+0000] {processor.py:830} INFO - Processing file /home/airflow/.local/lib/python3.8/site-packages/airflow/example_dags/example_task_group.py for tasks to queue
[2024-02-11T13:06:36.360+0000] {logging_mixin.py:188} INFO - [2024-02-11T13:06:36.360+0000] {dagbag.py:538} INFO - Filling up the DagBag from /home/airflow/.local/lib/python3.8/site-packages/airflow/example_dags/example_task_group.py
[2024-02-11T13:06:36.364+0000] {processor.py:840} INFO - DAG(s) 'example_task_group' retrieved from /home/airflow/.local/lib/python3.8/site-packages/airflow/example_dags/example_task_group.py
[2024-02-11T13:06:36.373+0000] {logging_mixin.py:188} INFO - [2024-02-11T13:06:36.373+0000] {dag.py:3036} INFO - Sync 1 DAGs
[2024-02-11T13:06:36.393+0000] {logging_mixin.py:188} INFO - [2024-02-11T13:06:36.393+0000] {dag.py:3823} INFO - Setting next_dagrun for example_task_group to 2024-02-10 00:00:00+00:00, run_after=2024-02-11 00:00:00+00:00
[2024-02-11T13:06:36.408+0000] {processor.py:183} INFO - Processing /home/airflow/.local/lib/python3.8/site-packages/airflow/example_dags/example_task_group.py took 0.052 seconds
