[2024-02-11T12:54:59.703+0000] {processor.py:161} INFO - Started process (PID=74) to work on /home/airflow/.local/lib/python3.8/site-packages/airflow/example_dags/example_external_task_marker_dag.py
[2024-02-11T12:54:59.707+0000] {processor.py:830} INFO - Processing file /home/airflow/.local/lib/python3.8/site-packages/airflow/example_dags/example_external_task_marker_dag.py for tasks to queue
[2024-02-11T12:54:59.718+0000] {logging_mixin.py:188} INFO - [2024-02-11T12:54:59.716+0000] {dagbag.py:538} INFO - Filling up the DagBag from /home/airflow/.local/lib/python3.8/site-packages/airflow/example_dags/example_external_task_marker_dag.py
[2024-02-11T12:54:59.741+0000] {processor.py:840} INFO - DAG(s) 'example_external_task_marker_child', 'example_external_task_marker_parent' retrieved from /home/airflow/.local/lib/python3.8/site-packages/airflow/example_dags/example_external_task_marker_dag.py
[2024-02-11T12:54:59.752+0000] {logging_mixin.py:188} INFO - [2024-02-11T12:54:59.752+0000] {dag.py:3036} INFO - Sync 2 DAGs
[2024-02-11T12:54:59.764+0000] {logging_mixin.py:188} INFO - [2024-02-11T12:54:59.764+0000] {dag.py:3823} INFO - Setting next_dagrun for example_external_task_marker_child to None, run_after=None
[2024-02-11T12:54:59.768+0000] {logging_mixin.py:188} INFO - [2024-02-11T12:54:59.767+0000] {dag.py:3823} INFO - Setting next_dagrun for example_external_task_marker_parent to None, run_after=None
[2024-02-11T12:54:59.787+0000] {processor.py:183} INFO - Processing /home/airflow/.local/lib/python3.8/site-packages/airflow/example_dags/example_external_task_marker_dag.py took 0.091 seconds
[2024-02-11T12:55:31.675+0000] {processor.py:161} INFO - Started process (PID=129) to work on /home/airflow/.local/lib/python3.8/site-packages/airflow/example_dags/example_external_task_marker_dag.py
[2024-02-11T12:55:31.676+0000] {processor.py:830} INFO - Processing file /home/airflow/.local/lib/python3.8/site-packages/airflow/example_dags/example_external_task_marker_dag.py for tasks to queue
[2024-02-11T12:55:31.677+0000] {logging_mixin.py:188} INFO - [2024-02-11T12:55:31.677+0000] {dagbag.py:538} INFO - Filling up the DagBag from /home/airflow/.local/lib/python3.8/site-packages/airflow/example_dags/example_external_task_marker_dag.py
[2024-02-11T12:55:31.682+0000] {processor.py:840} INFO - DAG(s) 'example_external_task_marker_parent', 'example_external_task_marker_child' retrieved from /home/airflow/.local/lib/python3.8/site-packages/airflow/example_dags/example_external_task_marker_dag.py
[2024-02-11T12:55:31.799+0000] {logging_mixin.py:188} INFO - [2024-02-11T12:55:31.798+0000] {dag.py:3036} INFO - Sync 2 DAGs
[2024-02-11T12:55:31.810+0000] {logging_mixin.py:188} INFO - [2024-02-11T12:55:31.810+0000] {dag.py:3823} INFO - Setting next_dagrun for example_external_task_marker_child to None, run_after=None
[2024-02-11T12:55:31.814+0000] {logging_mixin.py:188} INFO - [2024-02-11T12:55:31.814+0000] {dag.py:3823} INFO - Setting next_dagrun for example_external_task_marker_parent to None, run_after=None
[2024-02-11T12:55:31.870+0000] {processor.py:183} INFO - Processing /home/airflow/.local/lib/python3.8/site-packages/airflow/example_dags/example_external_task_marker_dag.py took 0.197 seconds
[2024-02-11T12:56:01.941+0000] {processor.py:161} INFO - Started process (PID=184) to work on /home/airflow/.local/lib/python3.8/site-packages/airflow/example_dags/example_external_task_marker_dag.py
[2024-02-11T12:56:01.942+0000] {processor.py:830} INFO - Processing file /home/airflow/.local/lib/python3.8/site-packages/airflow/example_dags/example_external_task_marker_dag.py for tasks to queue
[2024-02-11T12:56:01.943+0000] {logging_mixin.py:188} INFO - [2024-02-11T12:56:01.942+0000] {dagbag.py:538} INFO - Filling up the DagBag from /home/airflow/.local/lib/python3.8/site-packages/airflow/example_dags/example_external_task_marker_dag.py
[2024-02-11T12:56:01.946+0000] {processor.py:840} INFO - DAG(s) 'example_external_task_marker_child', 'example_external_task_marker_parent' retrieved from /home/airflow/.local/lib/python3.8/site-packages/airflow/example_dags/example_external_task_marker_dag.py
[2024-02-11T12:56:01.961+0000] {logging_mixin.py:188} INFO - [2024-02-11T12:56:01.961+0000] {dag.py:3036} INFO - Sync 2 DAGs
[2024-02-11T12:56:01.968+0000] {logging_mixin.py:188} INFO - [2024-02-11T12:56:01.968+0000] {dag.py:3823} INFO - Setting next_dagrun for example_external_task_marker_child to None, run_after=None
[2024-02-11T12:56:01.971+0000] {logging_mixin.py:188} INFO - [2024-02-11T12:56:01.970+0000] {dag.py:3823} INFO - Setting next_dagrun for example_external_task_marker_parent to None, run_after=None
[2024-02-11T12:56:01.983+0000] {processor.py:183} INFO - Processing /home/airflow/.local/lib/python3.8/site-packages/airflow/example_dags/example_external_task_marker_dag.py took 0.043 seconds
[2024-02-11T12:56:34.190+0000] {processor.py:161} INFO - Started process (PID=239) to work on /home/airflow/.local/lib/python3.8/site-packages/airflow/example_dags/example_external_task_marker_dag.py
[2024-02-11T12:56:34.192+0000] {processor.py:830} INFO - Processing file /home/airflow/.local/lib/python3.8/site-packages/airflow/example_dags/example_external_task_marker_dag.py for tasks to queue
[2024-02-11T12:56:34.197+0000] {logging_mixin.py:188} INFO - [2024-02-11T12:56:34.196+0000] {dagbag.py:538} INFO - Filling up the DagBag from /home/airflow/.local/lib/python3.8/site-packages/airflow/example_dags/example_external_task_marker_dag.py
[2024-02-11T12:56:34.213+0000] {processor.py:840} INFO - DAG(s) 'example_external_task_marker_child', 'example_external_task_marker_parent' retrieved from /home/airflow/.local/lib/python3.8/site-packages/airflow/example_dags/example_external_task_marker_dag.py
[2024-02-11T12:56:34.276+0000] {logging_mixin.py:188} INFO - [2024-02-11T12:56:34.275+0000] {dag.py:3036} INFO - Sync 2 DAGs
[2024-02-11T12:56:34.318+0000] {logging_mixin.py:188} INFO - [2024-02-11T12:56:34.317+0000] {dag.py:3823} INFO - Setting next_dagrun for example_external_task_marker_child to None, run_after=None
[2024-02-11T12:56:34.327+0000] {logging_mixin.py:188} INFO - [2024-02-11T12:56:34.327+0000] {dag.py:3823} INFO - Setting next_dagrun for example_external_task_marker_parent to None, run_after=None
[2024-02-11T12:56:34.374+0000] {processor.py:183} INFO - Processing /home/airflow/.local/lib/python3.8/site-packages/airflow/example_dags/example_external_task_marker_dag.py took 0.193 seconds
[2024-02-11T12:57:04.985+0000] {processor.py:161} INFO - Started process (PID=294) to work on /home/airflow/.local/lib/python3.8/site-packages/airflow/example_dags/example_external_task_marker_dag.py
[2024-02-11T12:57:04.987+0000] {processor.py:830} INFO - Processing file /home/airflow/.local/lib/python3.8/site-packages/airflow/example_dags/example_external_task_marker_dag.py for tasks to queue
[2024-02-11T12:57:04.992+0000] {logging_mixin.py:188} INFO - [2024-02-11T12:57:04.991+0000] {dagbag.py:538} INFO - Filling up the DagBag from /home/airflow/.local/lib/python3.8/site-packages/airflow/example_dags/example_external_task_marker_dag.py
[2024-02-11T12:57:05.008+0000] {processor.py:840} INFO - DAG(s) 'example_external_task_marker_parent', 'example_external_task_marker_child' retrieved from /home/airflow/.local/lib/python3.8/site-packages/airflow/example_dags/example_external_task_marker_dag.py
[2024-02-11T12:57:05.045+0000] {logging_mixin.py:188} INFO - [2024-02-11T12:57:05.045+0000] {dag.py:3036} INFO - Sync 2 DAGs
[2024-02-11T12:57:05.080+0000] {logging_mixin.py:188} INFO - [2024-02-11T12:57:05.079+0000] {dag.py:3823} INFO - Setting next_dagrun for example_external_task_marker_child to None, run_after=None
[2024-02-11T12:57:05.093+0000] {logging_mixin.py:188} INFO - [2024-02-11T12:57:05.092+0000] {dag.py:3823} INFO - Setting next_dagrun for example_external_task_marker_parent to None, run_after=None
[2024-02-11T12:57:05.144+0000] {processor.py:183} INFO - Processing /home/airflow/.local/lib/python3.8/site-packages/airflow/example_dags/example_external_task_marker_dag.py took 0.167 seconds
[2024-02-11T12:57:38.738+0000] {processor.py:161} INFO - Started process (PID=355) to work on /home/airflow/.local/lib/python3.8/site-packages/airflow/example_dags/example_external_task_marker_dag.py
[2024-02-11T12:57:38.740+0000] {processor.py:830} INFO - Processing file /home/airflow/.local/lib/python3.8/site-packages/airflow/example_dags/example_external_task_marker_dag.py for tasks to queue
[2024-02-11T12:57:38.743+0000] {logging_mixin.py:188} INFO - [2024-02-11T12:57:38.742+0000] {dagbag.py:538} INFO - Filling up the DagBag from /home/airflow/.local/lib/python3.8/site-packages/airflow/example_dags/example_external_task_marker_dag.py
[2024-02-11T12:57:38.753+0000] {processor.py:840} INFO - DAG(s) 'example_external_task_marker_child', 'example_external_task_marker_parent' retrieved from /home/airflow/.local/lib/python3.8/site-packages/airflow/example_dags/example_external_task_marker_dag.py
[2024-02-11T12:57:39.006+0000] {logging_mixin.py:188} INFO - [2024-02-11T12:57:39.005+0000] {dag.py:3036} INFO - Sync 2 DAGs
[2024-02-11T12:57:39.034+0000] {logging_mixin.py:188} INFO - [2024-02-11T12:57:39.034+0000] {dag.py:3823} INFO - Setting next_dagrun for example_external_task_marker_child to None, run_after=None
[2024-02-11T12:57:39.041+0000] {logging_mixin.py:188} INFO - [2024-02-11T12:57:39.040+0000] {dag.py:3823} INFO - Setting next_dagrun for example_external_task_marker_parent to None, run_after=None
[2024-02-11T12:57:39.090+0000] {processor.py:183} INFO - Processing /home/airflow/.local/lib/python3.8/site-packages/airflow/example_dags/example_external_task_marker_dag.py took 0.357 seconds
[2024-02-11T12:58:09.842+0000] {processor.py:161} INFO - Started process (PID=410) to work on /home/airflow/.local/lib/python3.8/site-packages/airflow/example_dags/example_external_task_marker_dag.py
[2024-02-11T12:58:09.844+0000] {processor.py:830} INFO - Processing file /home/airflow/.local/lib/python3.8/site-packages/airflow/example_dags/example_external_task_marker_dag.py for tasks to queue
[2024-02-11T12:58:09.846+0000] {logging_mixin.py:188} INFO - [2024-02-11T12:58:09.846+0000] {dagbag.py:538} INFO - Filling up the DagBag from /home/airflow/.local/lib/python3.8/site-packages/airflow/example_dags/example_external_task_marker_dag.py
[2024-02-11T12:58:09.856+0000] {processor.py:840} INFO - DAG(s) 'example_external_task_marker_parent', 'example_external_task_marker_child' retrieved from /home/airflow/.local/lib/python3.8/site-packages/airflow/example_dags/example_external_task_marker_dag.py
[2024-02-11T12:58:09.904+0000] {logging_mixin.py:188} INFO - [2024-02-11T12:58:09.904+0000] {dag.py:3036} INFO - Sync 2 DAGs
[2024-02-11T12:58:09.934+0000] {logging_mixin.py:188} INFO - [2024-02-11T12:58:09.933+0000] {dag.py:3823} INFO - Setting next_dagrun for example_external_task_marker_child to None, run_after=None
[2024-02-11T12:58:09.942+0000] {logging_mixin.py:188} INFO - [2024-02-11T12:58:09.942+0000] {dag.py:3823} INFO - Setting next_dagrun for example_external_task_marker_parent to None, run_after=None
[2024-02-11T12:58:09.982+0000] {processor.py:183} INFO - Processing /home/airflow/.local/lib/python3.8/site-packages/airflow/example_dags/example_external_task_marker_dag.py took 0.145 seconds
[2024-02-11T12:58:40.114+0000] {processor.py:161} INFO - Started process (PID=465) to work on /home/airflow/.local/lib/python3.8/site-packages/airflow/example_dags/example_external_task_marker_dag.py
[2024-02-11T12:58:40.116+0000] {processor.py:830} INFO - Processing file /home/airflow/.local/lib/python3.8/site-packages/airflow/example_dags/example_external_task_marker_dag.py for tasks to queue
[2024-02-11T12:58:40.119+0000] {logging_mixin.py:188} INFO - [2024-02-11T12:58:40.118+0000] {dagbag.py:538} INFO - Filling up the DagBag from /home/airflow/.local/lib/python3.8/site-packages/airflow/example_dags/example_external_task_marker_dag.py
[2024-02-11T12:58:40.128+0000] {processor.py:840} INFO - DAG(s) 'example_external_task_marker_child', 'example_external_task_marker_parent' retrieved from /home/airflow/.local/lib/python3.8/site-packages/airflow/example_dags/example_external_task_marker_dag.py
[2024-02-11T12:58:40.180+0000] {logging_mixin.py:188} INFO - [2024-02-11T12:58:40.180+0000] {dag.py:3036} INFO - Sync 2 DAGs
[2024-02-11T12:58:40.207+0000] {logging_mixin.py:188} INFO - [2024-02-11T12:58:40.206+0000] {dag.py:3823} INFO - Setting next_dagrun for example_external_task_marker_child to None, run_after=None
[2024-02-11T12:58:40.215+0000] {logging_mixin.py:188} INFO - [2024-02-11T12:58:40.214+0000] {dag.py:3823} INFO - Setting next_dagrun for example_external_task_marker_parent to None, run_after=None
[2024-02-11T12:58:40.255+0000] {processor.py:183} INFO - Processing /home/airflow/.local/lib/python3.8/site-packages/airflow/example_dags/example_external_task_marker_dag.py took 0.148 seconds
[2024-02-11T12:59:10.849+0000] {processor.py:161} INFO - Started process (PID=521) to work on /home/airflow/.local/lib/python3.8/site-packages/airflow/example_dags/example_external_task_marker_dag.py
[2024-02-11T12:59:10.851+0000] {processor.py:830} INFO - Processing file /home/airflow/.local/lib/python3.8/site-packages/airflow/example_dags/example_external_task_marker_dag.py for tasks to queue
[2024-02-11T12:59:10.854+0000] {logging_mixin.py:188} INFO - [2024-02-11T12:59:10.854+0000] {dagbag.py:538} INFO - Filling up the DagBag from /home/airflow/.local/lib/python3.8/site-packages/airflow/example_dags/example_external_task_marker_dag.py
[2024-02-11T12:59:10.866+0000] {processor.py:840} INFO - DAG(s) 'example_external_task_marker_parent', 'example_external_task_marker_child' retrieved from /home/airflow/.local/lib/python3.8/site-packages/airflow/example_dags/example_external_task_marker_dag.py
[2024-02-11T12:59:10.928+0000] {logging_mixin.py:188} INFO - [2024-02-11T12:59:10.927+0000] {dag.py:3036} INFO - Sync 2 DAGs
[2024-02-11T12:59:10.957+0000] {logging_mixin.py:188} INFO - [2024-02-11T12:59:10.957+0000] {dag.py:3823} INFO - Setting next_dagrun for example_external_task_marker_child to None, run_after=None
[2024-02-11T12:59:10.966+0000] {logging_mixin.py:188} INFO - [2024-02-11T12:59:10.965+0000] {dag.py:3823} INFO - Setting next_dagrun for example_external_task_marker_parent to None, run_after=None
[2024-02-11T12:59:11.015+0000] {processor.py:183} INFO - Processing /home/airflow/.local/lib/python3.8/site-packages/airflow/example_dags/example_external_task_marker_dag.py took 0.171 seconds
[2024-02-11T12:59:41.678+0000] {processor.py:161} INFO - Started process (PID=577) to work on /home/airflow/.local/lib/python3.8/site-packages/airflow/example_dags/example_external_task_marker_dag.py
[2024-02-11T12:59:41.681+0000] {processor.py:830} INFO - Processing file /home/airflow/.local/lib/python3.8/site-packages/airflow/example_dags/example_external_task_marker_dag.py for tasks to queue
[2024-02-11T12:59:41.686+0000] {logging_mixin.py:188} INFO - [2024-02-11T12:59:41.685+0000] {dagbag.py:538} INFO - Filling up the DagBag from /home/airflow/.local/lib/python3.8/site-packages/airflow/example_dags/example_external_task_marker_dag.py
[2024-02-11T12:59:41.705+0000] {processor.py:840} INFO - DAG(s) 'example_external_task_marker_child', 'example_external_task_marker_parent' retrieved from /home/airflow/.local/lib/python3.8/site-packages/airflow/example_dags/example_external_task_marker_dag.py
[2024-02-11T12:59:41.786+0000] {logging_mixin.py:188} INFO - [2024-02-11T12:59:41.785+0000] {dag.py:3036} INFO - Sync 2 DAGs
[2024-02-11T12:59:41.832+0000] {logging_mixin.py:188} INFO - [2024-02-11T12:59:41.831+0000] {dag.py:3823} INFO - Setting next_dagrun for example_external_task_marker_child to None, run_after=None
[2024-02-11T12:59:41.842+0000] {logging_mixin.py:188} INFO - [2024-02-11T12:59:41.841+0000] {dag.py:3823} INFO - Setting next_dagrun for example_external_task_marker_parent to None, run_after=None
[2024-02-11T12:59:41.896+0000] {processor.py:183} INFO - Processing /home/airflow/.local/lib/python3.8/site-packages/airflow/example_dags/example_external_task_marker_dag.py took 0.227 seconds
[2024-02-11T13:00:12.086+0000] {processor.py:161} INFO - Started process (PID=632) to work on /home/airflow/.local/lib/python3.8/site-packages/airflow/example_dags/example_external_task_marker_dag.py
[2024-02-11T13:00:12.089+0000] {processor.py:830} INFO - Processing file /home/airflow/.local/lib/python3.8/site-packages/airflow/example_dags/example_external_task_marker_dag.py for tasks to queue
[2024-02-11T13:00:12.092+0000] {logging_mixin.py:188} INFO - [2024-02-11T13:00:12.091+0000] {dagbag.py:538} INFO - Filling up the DagBag from /home/airflow/.local/lib/python3.8/site-packages/airflow/example_dags/example_external_task_marker_dag.py
[2024-02-11T13:00:12.103+0000] {processor.py:840} INFO - DAG(s) 'example_external_task_marker_parent', 'example_external_task_marker_child' retrieved from /home/airflow/.local/lib/python3.8/site-packages/airflow/example_dags/example_external_task_marker_dag.py
[2024-02-11T13:00:12.155+0000] {logging_mixin.py:188} INFO - [2024-02-11T13:00:12.154+0000] {dag.py:3036} INFO - Sync 2 DAGs
[2024-02-11T13:00:12.187+0000] {logging_mixin.py:188} INFO - [2024-02-11T13:00:12.186+0000] {dag.py:3823} INFO - Setting next_dagrun for example_external_task_marker_child to None, run_after=None
[2024-02-11T13:00:12.200+0000] {logging_mixin.py:188} INFO - [2024-02-11T13:00:12.200+0000] {dag.py:3823} INFO - Setting next_dagrun for example_external_task_marker_parent to None, run_after=None
[2024-02-11T13:00:12.263+0000] {processor.py:183} INFO - Processing /home/airflow/.local/lib/python3.8/site-packages/airflow/example_dags/example_external_task_marker_dag.py took 0.182 seconds
[2024-02-11T13:00:42.528+0000] {processor.py:161} INFO - Started process (PID=687) to work on /home/airflow/.local/lib/python3.8/site-packages/airflow/example_dags/example_external_task_marker_dag.py
[2024-02-11T13:00:42.530+0000] {processor.py:830} INFO - Processing file /home/airflow/.local/lib/python3.8/site-packages/airflow/example_dags/example_external_task_marker_dag.py for tasks to queue
[2024-02-11T13:00:42.533+0000] {logging_mixin.py:188} INFO - [2024-02-11T13:00:42.533+0000] {dagbag.py:538} INFO - Filling up the DagBag from /home/airflow/.local/lib/python3.8/site-packages/airflow/example_dags/example_external_task_marker_dag.py
[2024-02-11T13:00:42.540+0000] {processor.py:840} INFO - DAG(s) 'example_external_task_marker_child', 'example_external_task_marker_parent' retrieved from /home/airflow/.local/lib/python3.8/site-packages/airflow/example_dags/example_external_task_marker_dag.py
[2024-02-11T13:00:42.560+0000] {logging_mixin.py:188} INFO - [2024-02-11T13:00:42.560+0000] {dag.py:3036} INFO - Sync 2 DAGs
[2024-02-11T13:00:42.570+0000] {logging_mixin.py:188} INFO - [2024-02-11T13:00:42.570+0000] {dag.py:3823} INFO - Setting next_dagrun for example_external_task_marker_child to None, run_after=None
[2024-02-11T13:00:42.574+0000] {logging_mixin.py:188} INFO - [2024-02-11T13:00:42.574+0000] {dag.py:3823} INFO - Setting next_dagrun for example_external_task_marker_parent to None, run_after=None
[2024-02-11T13:00:42.591+0000] {processor.py:183} INFO - Processing /home/airflow/.local/lib/python3.8/site-packages/airflow/example_dags/example_external_task_marker_dag.py took 0.070 seconds
[2024-02-11T13:06:07.354+0000] {processor.py:161} INFO - Started process (PID=73) to work on /home/airflow/.local/lib/python3.8/site-packages/airflow/example_dags/example_external_task_marker_dag.py
[2024-02-11T13:06:07.354+0000] {processor.py:830} INFO - Processing file /home/airflow/.local/lib/python3.8/site-packages/airflow/example_dags/example_external_task_marker_dag.py for tasks to queue
[2024-02-11T13:06:07.356+0000] {logging_mixin.py:188} INFO - [2024-02-11T13:06:07.356+0000] {dagbag.py:538} INFO - Filling up the DagBag from /home/airflow/.local/lib/python3.8/site-packages/airflow/example_dags/example_external_task_marker_dag.py
[2024-02-11T13:06:07.361+0000] {processor.py:840} INFO - DAG(s) 'example_external_task_marker_child', 'example_external_task_marker_parent' retrieved from /home/airflow/.local/lib/python3.8/site-packages/airflow/example_dags/example_external_task_marker_dag.py
[2024-02-11T13:06:07.374+0000] {logging_mixin.py:188} INFO - [2024-02-11T13:06:07.373+0000] {dag.py:3036} INFO - Sync 2 DAGs
[2024-02-11T13:06:07.393+0000] {logging_mixin.py:188} INFO - [2024-02-11T13:06:07.393+0000] {dag.py:3823} INFO - Setting next_dagrun for example_external_task_marker_child to None, run_after=None
[2024-02-11T13:06:07.399+0000] {logging_mixin.py:188} INFO - [2024-02-11T13:06:07.399+0000] {dag.py:3823} INFO - Setting next_dagrun for example_external_task_marker_parent to None, run_after=None
[2024-02-11T13:06:07.421+0000] {processor.py:183} INFO - Processing /home/airflow/.local/lib/python3.8/site-packages/airflow/example_dags/example_external_task_marker_dag.py took 0.070 seconds
[2024-02-11T13:06:38.404+0000] {processor.py:161} INFO - Started process (PID=128) to work on /home/airflow/.local/lib/python3.8/site-packages/airflow/example_dags/example_external_task_marker_dag.py
[2024-02-11T13:06:38.405+0000] {processor.py:830} INFO - Processing file /home/airflow/.local/lib/python3.8/site-packages/airflow/example_dags/example_external_task_marker_dag.py for tasks to queue
[2024-02-11T13:06:38.408+0000] {logging_mixin.py:188} INFO - [2024-02-11T13:06:38.407+0000] {dagbag.py:538} INFO - Filling up the DagBag from /home/airflow/.local/lib/python3.8/site-packages/airflow/example_dags/example_external_task_marker_dag.py
[2024-02-11T13:06:38.417+0000] {processor.py:840} INFO - DAG(s) 'example_external_task_marker_parent', 'example_external_task_marker_child' retrieved from /home/airflow/.local/lib/python3.8/site-packages/airflow/example_dags/example_external_task_marker_dag.py
[2024-02-11T13:06:38.438+0000] {logging_mixin.py:188} INFO - [2024-02-11T13:06:38.437+0000] {dag.py:3036} INFO - Sync 2 DAGs
[2024-02-11T13:06:38.456+0000] {logging_mixin.py:188} INFO - [2024-02-11T13:06:38.456+0000] {dag.py:3823} INFO - Setting next_dagrun for example_external_task_marker_child to None, run_after=None
[2024-02-11T13:06:38.462+0000] {logging_mixin.py:188} INFO - [2024-02-11T13:06:38.462+0000] {dag.py:3823} INFO - Setting next_dagrun for example_external_task_marker_parent to None, run_after=None
[2024-02-11T13:06:38.490+0000] {processor.py:183} INFO - Processing /home/airflow/.local/lib/python3.8/site-packages/airflow/example_dags/example_external_task_marker_dag.py took 0.090 seconds
