[2024-02-11T12:54:57.154+0000] {processor.py:161} INFO - Started process (PID=40) to work on /home/airflow/.local/lib/python3.8/site-packages/airflow/example_dags/example_branch_labels.py
[2024-02-11T12:54:57.155+0000] {processor.py:830} INFO - Processing file /home/airflow/.local/lib/python3.8/site-packages/airflow/example_dags/example_branch_labels.py for tasks to queue
[2024-02-11T12:54:57.156+0000] {logging_mixin.py:188} INFO - [2024-02-11T12:54:57.156+0000] {dagbag.py:538} INFO - Filling up the DagBag from /home/airflow/.local/lib/python3.8/site-packages/airflow/example_dags/example_branch_labels.py
[2024-02-11T12:54:57.217+0000] {processor.py:840} INFO - DAG(s) 'example_branch_labels' retrieved from /home/airflow/.local/lib/python3.8/site-packages/airflow/example_dags/example_branch_labels.py
[2024-02-11T12:54:57.240+0000] {logging_mixin.py:188} INFO - [2024-02-11T12:54:57.239+0000] {dag.py:3036} INFO - Sync 1 DAGs
[2024-02-11T12:54:57.337+0000] {logging_mixin.py:188} INFO - [2024-02-11T12:54:57.337+0000] {dag.py:3823} INFO - Setting next_dagrun for example_branch_labels to 2024-02-10 00:00:00+00:00, run_after=2024-02-11 00:00:00+00:00
[2024-02-11T12:54:57.355+0000] {processor.py:183} INFO - Processing /home/airflow/.local/lib/python3.8/site-packages/airflow/example_dags/example_branch_labels.py took 0.204 seconds
[2024-02-11T12:55:27.890+0000] {processor.py:161} INFO - Started process (PID=95) to work on /home/airflow/.local/lib/python3.8/site-packages/airflow/example_dags/example_branch_labels.py
[2024-02-11T12:55:27.892+0000] {processor.py:830} INFO - Processing file /home/airflow/.local/lib/python3.8/site-packages/airflow/example_dags/example_branch_labels.py for tasks to queue
[2024-02-11T12:55:27.894+0000] {logging_mixin.py:188} INFO - [2024-02-11T12:55:27.893+0000] {dagbag.py:538} INFO - Filling up the DagBag from /home/airflow/.local/lib/python3.8/site-packages/airflow/example_dags/example_branch_labels.py
[2024-02-11T12:55:27.903+0000] {processor.py:840} INFO - DAG(s) 'example_branch_labels' retrieved from /home/airflow/.local/lib/python3.8/site-packages/airflow/example_dags/example_branch_labels.py
[2024-02-11T12:55:28.068+0000] {logging_mixin.py:188} INFO - [2024-02-11T12:55:28.068+0000] {dag.py:3036} INFO - Sync 1 DAGs
[2024-02-11T12:55:28.086+0000] {logging_mixin.py:188} INFO - [2024-02-11T12:55:28.085+0000] {dag.py:3823} INFO - Setting next_dagrun for example_branch_labels to 2024-02-10 00:00:00+00:00, run_after=2024-02-11 00:00:00+00:00
[2024-02-11T12:55:28.103+0000] {processor.py:183} INFO - Processing /home/airflow/.local/lib/python3.8/site-packages/airflow/example_dags/example_branch_labels.py took 0.215 seconds
[2024-02-11T12:55:58.445+0000] {processor.py:161} INFO - Started process (PID=150) to work on /home/airflow/.local/lib/python3.8/site-packages/airflow/example_dags/example_branch_labels.py
[2024-02-11T12:55:58.445+0000] {processor.py:830} INFO - Processing file /home/airflow/.local/lib/python3.8/site-packages/airflow/example_dags/example_branch_labels.py for tasks to queue
[2024-02-11T12:55:58.446+0000] {logging_mixin.py:188} INFO - [2024-02-11T12:55:58.446+0000] {dagbag.py:538} INFO - Filling up the DagBag from /home/airflow/.local/lib/python3.8/site-packages/airflow/example_dags/example_branch_labels.py
[2024-02-11T12:55:58.451+0000] {processor.py:840} INFO - DAG(s) 'example_branch_labels' retrieved from /home/airflow/.local/lib/python3.8/site-packages/airflow/example_dags/example_branch_labels.py
[2024-02-11T12:55:58.471+0000] {logging_mixin.py:188} INFO - [2024-02-11T12:55:58.471+0000] {dag.py:3036} INFO - Sync 1 DAGs
[2024-02-11T12:55:58.487+0000] {logging_mixin.py:188} INFO - [2024-02-11T12:55:58.487+0000] {dag.py:3823} INFO - Setting next_dagrun for example_branch_labels to 2024-02-10 00:00:00+00:00, run_after=2024-02-11 00:00:00+00:00
[2024-02-11T12:55:58.501+0000] {processor.py:183} INFO - Processing /home/airflow/.local/lib/python3.8/site-packages/airflow/example_dags/example_branch_labels.py took 0.058 seconds
[2024-02-11T12:56:28.809+0000] {processor.py:161} INFO - Started process (PID=205) to work on /home/airflow/.local/lib/python3.8/site-packages/airflow/example_dags/example_branch_labels.py
[2024-02-11T12:56:28.813+0000] {processor.py:830} INFO - Processing file /home/airflow/.local/lib/python3.8/site-packages/airflow/example_dags/example_branch_labels.py for tasks to queue
[2024-02-11T12:56:28.817+0000] {logging_mixin.py:188} INFO - [2024-02-11T12:56:28.816+0000] {dagbag.py:538} INFO - Filling up the DagBag from /home/airflow/.local/lib/python3.8/site-packages/airflow/example_dags/example_branch_labels.py
[2024-02-11T12:56:28.839+0000] {processor.py:840} INFO - DAG(s) 'example_branch_labels' retrieved from /home/airflow/.local/lib/python3.8/site-packages/airflow/example_dags/example_branch_labels.py
[2024-02-11T12:56:28.899+0000] {logging_mixin.py:188} INFO - [2024-02-11T12:56:28.899+0000] {dag.py:3036} INFO - Sync 1 DAGs
[2024-02-11T12:56:28.956+0000] {logging_mixin.py:188} INFO - [2024-02-11T12:56:28.955+0000] {dag.py:3823} INFO - Setting next_dagrun for example_branch_labels to 2024-02-10 00:00:00+00:00, run_after=2024-02-11 00:00:00+00:00
[2024-02-11T12:56:29.016+0000] {processor.py:183} INFO - Processing /home/airflow/.local/lib/python3.8/site-packages/airflow/example_dags/example_branch_labels.py took 0.215 seconds
[2024-02-11T12:56:59.540+0000] {processor.py:161} INFO - Started process (PID=260) to work on /home/airflow/.local/lib/python3.8/site-packages/airflow/example_dags/example_branch_labels.py
[2024-02-11T12:56:59.542+0000] {processor.py:830} INFO - Processing file /home/airflow/.local/lib/python3.8/site-packages/airflow/example_dags/example_branch_labels.py for tasks to queue
[2024-02-11T12:56:59.545+0000] {logging_mixin.py:188} INFO - [2024-02-11T12:56:59.545+0000] {dagbag.py:538} INFO - Filling up the DagBag from /home/airflow/.local/lib/python3.8/site-packages/airflow/example_dags/example_branch_labels.py
[2024-02-11T12:56:59.559+0000] {processor.py:840} INFO - DAG(s) 'example_branch_labels' retrieved from /home/airflow/.local/lib/python3.8/site-packages/airflow/example_dags/example_branch_labels.py
[2024-02-11T12:56:59.589+0000] {logging_mixin.py:188} INFO - [2024-02-11T12:56:59.588+0000] {dag.py:3036} INFO - Sync 1 DAGs
[2024-02-11T12:56:59.666+0000] {logging_mixin.py:188} INFO - [2024-02-11T12:56:59.665+0000] {dag.py:3823} INFO - Setting next_dagrun for example_branch_labels to 2024-02-10 00:00:00+00:00, run_after=2024-02-11 00:00:00+00:00
[2024-02-11T12:56:59.714+0000] {processor.py:183} INFO - Processing /home/airflow/.local/lib/python3.8/site-packages/airflow/example_dags/example_branch_labels.py took 0.178 seconds
[2024-02-11T12:57:30.304+0000] {processor.py:161} INFO - Started process (PID=315) to work on /home/airflow/.local/lib/python3.8/site-packages/airflow/example_dags/example_branch_labels.py
[2024-02-11T12:57:30.306+0000] {processor.py:830} INFO - Processing file /home/airflow/.local/lib/python3.8/site-packages/airflow/example_dags/example_branch_labels.py for tasks to queue
[2024-02-11T12:57:30.310+0000] {logging_mixin.py:188} INFO - [2024-02-11T12:57:30.309+0000] {dagbag.py:538} INFO - Filling up the DagBag from /home/airflow/.local/lib/python3.8/site-packages/airflow/example_dags/example_branch_labels.py
[2024-02-11T12:57:30.325+0000] {processor.py:840} INFO - DAG(s) 'example_branch_labels' retrieved from /home/airflow/.local/lib/python3.8/site-packages/airflow/example_dags/example_branch_labels.py
[2024-02-11T12:57:30.565+0000] {logging_mixin.py:188} INFO - [2024-02-11T12:57:30.564+0000] {dag.py:3036} INFO - Sync 1 DAGs
[2024-02-11T12:57:30.617+0000] {logging_mixin.py:188} INFO - [2024-02-11T12:57:30.616+0000] {dag.py:3823} INFO - Setting next_dagrun for example_branch_labels to 2024-02-10 00:00:00+00:00, run_after=2024-02-11 00:00:00+00:00
[2024-02-11T12:57:30.666+0000] {processor.py:183} INFO - Processing /home/airflow/.local/lib/python3.8/site-packages/airflow/example_dags/example_branch_labels.py took 0.368 seconds
[2024-02-11T12:58:01.185+0000] {processor.py:161} INFO - Started process (PID=370) to work on /home/airflow/.local/lib/python3.8/site-packages/airflow/example_dags/example_branch_labels.py
[2024-02-11T12:58:01.188+0000] {processor.py:830} INFO - Processing file /home/airflow/.local/lib/python3.8/site-packages/airflow/example_dags/example_branch_labels.py for tasks to queue
[2024-02-11T12:58:01.192+0000] {logging_mixin.py:188} INFO - [2024-02-11T12:58:01.191+0000] {dagbag.py:538} INFO - Filling up the DagBag from /home/airflow/.local/lib/python3.8/site-packages/airflow/example_dags/example_branch_labels.py
[2024-02-11T12:58:01.209+0000] {processor.py:840} INFO - DAG(s) 'example_branch_labels' retrieved from /home/airflow/.local/lib/python3.8/site-packages/airflow/example_dags/example_branch_labels.py
[2024-02-11T12:58:01.258+0000] {logging_mixin.py:188} INFO - [2024-02-11T12:58:01.257+0000] {dag.py:3036} INFO - Sync 1 DAGs
[2024-02-11T12:58:01.331+0000] {logging_mixin.py:188} INFO - [2024-02-11T12:58:01.330+0000] {dag.py:3823} INFO - Setting next_dagrun for example_branch_labels to 2024-02-10 00:00:00+00:00, run_after=2024-02-11 00:00:00+00:00
[2024-02-11T12:58:01.387+0000] {processor.py:183} INFO - Processing /home/airflow/.local/lib/python3.8/site-packages/airflow/example_dags/example_branch_labels.py took 0.208 seconds
[2024-02-11T12:58:32.149+0000] {processor.py:161} INFO - Started process (PID=425) to work on /home/airflow/.local/lib/python3.8/site-packages/airflow/example_dags/example_branch_labels.py
[2024-02-11T12:58:32.153+0000] {processor.py:830} INFO - Processing file /home/airflow/.local/lib/python3.8/site-packages/airflow/example_dags/example_branch_labels.py for tasks to queue
[2024-02-11T12:58:32.156+0000] {logging_mixin.py:188} INFO - [2024-02-11T12:58:32.155+0000] {dagbag.py:538} INFO - Filling up the DagBag from /home/airflow/.local/lib/python3.8/site-packages/airflow/example_dags/example_branch_labels.py
[2024-02-11T12:58:32.169+0000] {processor.py:840} INFO - DAG(s) 'example_branch_labels' retrieved from /home/airflow/.local/lib/python3.8/site-packages/airflow/example_dags/example_branch_labels.py
[2024-02-11T12:58:32.214+0000] {logging_mixin.py:188} INFO - [2024-02-11T12:58:32.214+0000] {dag.py:3036} INFO - Sync 1 DAGs
[2024-02-11T12:58:32.267+0000] {logging_mixin.py:188} INFO - [2024-02-11T12:58:32.266+0000] {dag.py:3823} INFO - Setting next_dagrun for example_branch_labels to 2024-02-10 00:00:00+00:00, run_after=2024-02-11 00:00:00+00:00
[2024-02-11T12:58:32.325+0000] {processor.py:183} INFO - Processing /home/airflow/.local/lib/python3.8/site-packages/airflow/example_dags/example_branch_labels.py took 0.180 seconds
[2024-02-11T12:59:02.536+0000] {processor.py:161} INFO - Started process (PID=480) to work on /home/airflow/.local/lib/python3.8/site-packages/airflow/example_dags/example_branch_labels.py
[2024-02-11T12:59:02.538+0000] {processor.py:830} INFO - Processing file /home/airflow/.local/lib/python3.8/site-packages/airflow/example_dags/example_branch_labels.py for tasks to queue
[2024-02-11T12:59:02.542+0000] {logging_mixin.py:188} INFO - [2024-02-11T12:59:02.541+0000] {dagbag.py:538} INFO - Filling up the DagBag from /home/airflow/.local/lib/python3.8/site-packages/airflow/example_dags/example_branch_labels.py
[2024-02-11T12:59:02.564+0000] {processor.py:840} INFO - DAG(s) 'example_branch_labels' retrieved from /home/airflow/.local/lib/python3.8/site-packages/airflow/example_dags/example_branch_labels.py
[2024-02-11T12:59:02.606+0000] {logging_mixin.py:188} INFO - [2024-02-11T12:59:02.606+0000] {dag.py:3036} INFO - Sync 1 DAGs
[2024-02-11T12:59:02.657+0000] {logging_mixin.py:188} INFO - [2024-02-11T12:59:02.657+0000] {dag.py:3823} INFO - Setting next_dagrun for example_branch_labels to 2024-02-10 00:00:00+00:00, run_after=2024-02-11 00:00:00+00:00
[2024-02-11T12:59:02.707+0000] {processor.py:183} INFO - Processing /home/airflow/.local/lib/python3.8/site-packages/airflow/example_dags/example_branch_labels.py took 0.179 seconds
[2024-02-11T12:59:32.771+0000] {processor.py:161} INFO - Started process (PID=536) to work on /home/airflow/.local/lib/python3.8/site-packages/airflow/example_dags/example_branch_labels.py
[2024-02-11T12:59:32.774+0000] {processor.py:830} INFO - Processing file /home/airflow/.local/lib/python3.8/site-packages/airflow/example_dags/example_branch_labels.py for tasks to queue
[2024-02-11T12:59:32.779+0000] {logging_mixin.py:188} INFO - [2024-02-11T12:59:32.778+0000] {dagbag.py:538} INFO - Filling up the DagBag from /home/airflow/.local/lib/python3.8/site-packages/airflow/example_dags/example_branch_labels.py
[2024-02-11T12:59:32.803+0000] {processor.py:840} INFO - DAG(s) 'example_branch_labels' retrieved from /home/airflow/.local/lib/python3.8/site-packages/airflow/example_dags/example_branch_labels.py
[2024-02-11T12:59:32.866+0000] {logging_mixin.py:188} INFO - [2024-02-11T12:59:32.866+0000] {dag.py:3036} INFO - Sync 1 DAGs
[2024-02-11T12:59:32.928+0000] {logging_mixin.py:188} INFO - [2024-02-11T12:59:32.927+0000] {dag.py:3823} INFO - Setting next_dagrun for example_branch_labels to 2024-02-10 00:00:00+00:00, run_after=2024-02-11 00:00:00+00:00
[2024-02-11T12:59:32.986+0000] {processor.py:183} INFO - Processing /home/airflow/.local/lib/python3.8/site-packages/airflow/example_dags/example_branch_labels.py took 0.224 seconds
[2024-02-11T13:00:03.809+0000] {processor.py:161} INFO - Started process (PID=592) to work on /home/airflow/.local/lib/python3.8/site-packages/airflow/example_dags/example_branch_labels.py
[2024-02-11T13:00:03.810+0000] {processor.py:830} INFO - Processing file /home/airflow/.local/lib/python3.8/site-packages/airflow/example_dags/example_branch_labels.py for tasks to queue
[2024-02-11T13:00:03.815+0000] {logging_mixin.py:188} INFO - [2024-02-11T13:00:03.814+0000] {dagbag.py:538} INFO - Filling up the DagBag from /home/airflow/.local/lib/python3.8/site-packages/airflow/example_dags/example_branch_labels.py
[2024-02-11T13:00:03.834+0000] {processor.py:840} INFO - DAG(s) 'example_branch_labels' retrieved from /home/airflow/.local/lib/python3.8/site-packages/airflow/example_dags/example_branch_labels.py
[2024-02-11T13:00:03.896+0000] {logging_mixin.py:188} INFO - [2024-02-11T13:00:03.895+0000] {dag.py:3036} INFO - Sync 1 DAGs
[2024-02-11T13:00:03.982+0000] {logging_mixin.py:188} INFO - [2024-02-11T13:00:03.981+0000] {dag.py:3823} INFO - Setting next_dagrun for example_branch_labels to 2024-02-10 00:00:00+00:00, run_after=2024-02-11 00:00:00+00:00
[2024-02-11T13:00:04.047+0000] {processor.py:183} INFO - Processing /home/airflow/.local/lib/python3.8/site-packages/airflow/example_dags/example_branch_labels.py took 0.244 seconds
[2024-02-11T13:00:34.322+0000] {processor.py:161} INFO - Started process (PID=647) to work on /home/airflow/.local/lib/python3.8/site-packages/airflow/example_dags/example_branch_labels.py
[2024-02-11T13:00:34.326+0000] {processor.py:830} INFO - Processing file /home/airflow/.local/lib/python3.8/site-packages/airflow/example_dags/example_branch_labels.py for tasks to queue
[2024-02-11T13:00:34.330+0000] {logging_mixin.py:188} INFO - [2024-02-11T13:00:34.330+0000] {dagbag.py:538} INFO - Filling up the DagBag from /home/airflow/.local/lib/python3.8/site-packages/airflow/example_dags/example_branch_labels.py
[2024-02-11T13:00:34.355+0000] {processor.py:840} INFO - DAG(s) 'example_branch_labels' retrieved from /home/airflow/.local/lib/python3.8/site-packages/airflow/example_dags/example_branch_labels.py
[2024-02-11T13:00:34.405+0000] {logging_mixin.py:188} INFO - [2024-02-11T13:00:34.405+0000] {dag.py:3036} INFO - Sync 1 DAGs
[2024-02-11T13:00:34.468+0000] {logging_mixin.py:188} INFO - [2024-02-11T13:00:34.468+0000] {dag.py:3823} INFO - Setting next_dagrun for example_branch_labels to 2024-02-10 00:00:00+00:00, run_after=2024-02-11 00:00:00+00:00
[2024-02-11T13:00:34.515+0000] {processor.py:183} INFO - Processing /home/airflow/.local/lib/python3.8/site-packages/airflow/example_dags/example_branch_labels.py took 0.202 seconds
[2024-02-11T13:01:05.145+0000] {processor.py:161} INFO - Started process (PID=702) to work on /home/airflow/.local/lib/python3.8/site-packages/airflow/example_dags/example_branch_labels.py
[2024-02-11T13:01:05.147+0000] {processor.py:830} INFO - Processing file /home/airflow/.local/lib/python3.8/site-packages/airflow/example_dags/example_branch_labels.py for tasks to queue
[2024-02-11T13:01:05.150+0000] {logging_mixin.py:188} INFO - [2024-02-11T13:01:05.150+0000] {dagbag.py:538} INFO - Filling up the DagBag from /home/airflow/.local/lib/python3.8/site-packages/airflow/example_dags/example_branch_labels.py
[2024-02-11T13:01:05.156+0000] {processor.py:840} INFO - DAG(s) 'example_branch_labels' retrieved from /home/airflow/.local/lib/python3.8/site-packages/airflow/example_dags/example_branch_labels.py
[2024-02-11T13:01:05.175+0000] {logging_mixin.py:188} INFO - [2024-02-11T13:01:05.175+0000] {dag.py:3036} INFO - Sync 1 DAGs
[2024-02-11T13:01:05.193+0000] {logging_mixin.py:188} INFO - [2024-02-11T13:01:05.192+0000] {dag.py:3823} INFO - Setting next_dagrun for example_branch_labels to 2024-02-10 00:00:00+00:00, run_after=2024-02-11 00:00:00+00:00
[2024-02-11T13:01:05.208+0000] {processor.py:183} INFO - Processing /home/airflow/.local/lib/python3.8/site-packages/airflow/example_dags/example_branch_labels.py took 0.065 seconds
[2024-02-11T13:06:05.376+0000] {processor.py:161} INFO - Started process (PID=39) to work on /home/airflow/.local/lib/python3.8/site-packages/airflow/example_dags/example_branch_labels.py
[2024-02-11T13:06:05.378+0000] {processor.py:830} INFO - Processing file /home/airflow/.local/lib/python3.8/site-packages/airflow/example_dags/example_branch_labels.py for tasks to queue
[2024-02-11T13:06:05.379+0000] {logging_mixin.py:188} INFO - [2024-02-11T13:06:05.379+0000] {dagbag.py:538} INFO - Filling up the DagBag from /home/airflow/.local/lib/python3.8/site-packages/airflow/example_dags/example_branch_labels.py
[2024-02-11T13:06:05.399+0000] {processor.py:840} INFO - DAG(s) 'example_branch_labels' retrieved from /home/airflow/.local/lib/python3.8/site-packages/airflow/example_dags/example_branch_labels.py
[2024-02-11T13:06:05.429+0000] {logging_mixin.py:188} INFO - [2024-02-11T13:06:05.429+0000] {dag.py:3036} INFO - Sync 1 DAGs
[2024-02-11T13:06:05.457+0000] {logging_mixin.py:188} INFO - [2024-02-11T13:06:05.457+0000] {dag.py:3823} INFO - Setting next_dagrun for example_branch_labels to 2024-02-10 00:00:00+00:00, run_after=2024-02-11 00:00:00+00:00
[2024-02-11T13:06:05.477+0000] {processor.py:183} INFO - Processing /home/airflow/.local/lib/python3.8/site-packages/airflow/example_dags/example_branch_labels.py took 0.103 seconds
[2024-02-11T13:06:36.082+0000] {processor.py:161} INFO - Started process (PID=94) to work on /home/airflow/.local/lib/python3.8/site-packages/airflow/example_dags/example_branch_labels.py
[2024-02-11T13:06:36.083+0000] {processor.py:830} INFO - Processing file /home/airflow/.local/lib/python3.8/site-packages/airflow/example_dags/example_branch_labels.py for tasks to queue
[2024-02-11T13:06:36.084+0000] {logging_mixin.py:188} INFO - [2024-02-11T13:06:36.084+0000] {dagbag.py:538} INFO - Filling up the DagBag from /home/airflow/.local/lib/python3.8/site-packages/airflow/example_dags/example_branch_labels.py
[2024-02-11T13:06:36.089+0000] {processor.py:840} INFO - DAG(s) 'example_branch_labels' retrieved from /home/airflow/.local/lib/python3.8/site-packages/airflow/example_dags/example_branch_labels.py
[2024-02-11T13:06:36.098+0000] {logging_mixin.py:188} INFO - [2024-02-11T13:06:36.098+0000] {dag.py:3036} INFO - Sync 1 DAGs
[2024-02-11T13:06:36.117+0000] {logging_mixin.py:188} INFO - [2024-02-11T13:06:36.117+0000] {dag.py:3823} INFO - Setting next_dagrun for example_branch_labels to 2024-02-10 00:00:00+00:00, run_after=2024-02-11 00:00:00+00:00
[2024-02-11T13:06:36.129+0000] {processor.py:183} INFO - Processing /home/airflow/.local/lib/python3.8/site-packages/airflow/example_dags/example_branch_labels.py took 0.049 seconds
