[2024-02-11T12:54:58.954+0000] {processor.py:161} INFO - Started process (PID=63) to work on /home/airflow/.local/lib/python3.8/site-packages/airflow/example_dags/example_subdag_operator.py
[2024-02-11T12:54:58.954+0000] {processor.py:830} INFO - Processing file /home/airflow/.local/lib/python3.8/site-packages/airflow/example_dags/example_subdag_operator.py for tasks to queue
[2024-02-11T12:54:58.955+0000] {logging_mixin.py:188} INFO - [2024-02-11T12:54:58.955+0000] {dagbag.py:538} INFO - Filling up the DagBag from /home/airflow/.local/lib/python3.8/site-packages/airflow/example_dags/example_subdag_operator.py
[2024-02-11T12:54:59.022+0000] {processor.py:840} INFO - DAG(s) 'example_subdag_operator.section-1', 'example_subdag_operator.section-2', 'example_subdag_operator' retrieved from /home/airflow/.local/lib/python3.8/site-packages/airflow/example_dags/example_subdag_operator.py
[2024-02-11T12:54:59.026+0000] {logging_mixin.py:188} INFO - [2024-02-11T12:54:59.026+0000] {dag.py:3036} INFO - Sync 3 DAGs
[2024-02-11T12:54:59.050+0000] {logging_mixin.py:188} INFO - [2024-02-11T12:54:59.050+0000] {dag.py:3823} INFO - Setting next_dagrun for example_subdag_operator to 2022-01-01 00:00:00+00:00, run_after=2022-01-01 00:00:00+00:00
[2024-02-11T12:54:59.054+0000] {logging_mixin.py:188} INFO - [2024-02-11T12:54:59.054+0000] {dag.py:3823} INFO - Setting next_dagrun for example_subdag_operator.section-1 to None, run_after=None
[2024-02-11T12:54:59.056+0000] {logging_mixin.py:188} INFO - [2024-02-11T12:54:59.056+0000] {dag.py:3823} INFO - Setting next_dagrun for example_subdag_operator.section-2 to None, run_after=None
[2024-02-11T12:54:59.062+0000] {logging_mixin.py:188} INFO - [2024-02-11T12:54:59.062+0000] {dag.py:3036} INFO - Sync 2 DAGs
[2024-02-11T12:54:59.068+0000] {logging_mixin.py:188} INFO - [2024-02-11T12:54:59.068+0000] {dag.py:3823} INFO - Setting next_dagrun for example_subdag_operator.section-1 to None, run_after=None
[2024-02-11T12:54:59.069+0000] {logging_mixin.py:188} INFO - [2024-02-11T12:54:59.069+0000] {dag.py:3823} INFO - Setting next_dagrun for example_subdag_operator.section-2 to None, run_after=None
[2024-02-11T12:54:59.116+0000] {processor.py:183} INFO - Processing /home/airflow/.local/lib/python3.8/site-packages/airflow/example_dags/example_subdag_operator.py took 0.165 seconds
[2024-02-11T12:55:30.565+0000] {processor.py:161} INFO - Started process (PID=118) to work on /home/airflow/.local/lib/python3.8/site-packages/airflow/example_dags/example_subdag_operator.py
[2024-02-11T12:55:30.566+0000] {processor.py:830} INFO - Processing file /home/airflow/.local/lib/python3.8/site-packages/airflow/example_dags/example_subdag_operator.py for tasks to queue
[2024-02-11T12:55:30.567+0000] {logging_mixin.py:188} INFO - [2024-02-11T12:55:30.567+0000] {dagbag.py:538} INFO - Filling up the DagBag from /home/airflow/.local/lib/python3.8/site-packages/airflow/example_dags/example_subdag_operator.py
[2024-02-11T12:55:30.617+0000] {processor.py:840} INFO - DAG(s) 'example_subdag_operator.section-1', 'example_subdag_operator.section-2', 'example_subdag_operator' retrieved from /home/airflow/.local/lib/python3.8/site-packages/airflow/example_dags/example_subdag_operator.py
[2024-02-11T12:55:30.707+0000] {logging_mixin.py:188} INFO - [2024-02-11T12:55:30.707+0000] {dag.py:3036} INFO - Sync 3 DAGs
[2024-02-11T12:55:30.723+0000] {logging_mixin.py:188} INFO - [2024-02-11T12:55:30.722+0000] {dag.py:3823} INFO - Setting next_dagrun for example_subdag_operator to 2022-01-01 00:00:00+00:00, run_after=2022-01-01 00:00:00+00:00
[2024-02-11T12:55:30.725+0000] {logging_mixin.py:188} INFO - [2024-02-11T12:55:30.725+0000] {dag.py:3823} INFO - Setting next_dagrun for example_subdag_operator.section-1 to None, run_after=None
[2024-02-11T12:55:30.726+0000] {logging_mixin.py:188} INFO - [2024-02-11T12:55:30.726+0000] {dag.py:3823} INFO - Setting next_dagrun for example_subdag_operator.section-2 to None, run_after=None
[2024-02-11T12:55:30.735+0000] {logging_mixin.py:188} INFO - [2024-02-11T12:55:30.735+0000] {dag.py:3036} INFO - Sync 2 DAGs
[2024-02-11T12:55:30.739+0000] {logging_mixin.py:188} INFO - [2024-02-11T12:55:30.739+0000] {dag.py:3823} INFO - Setting next_dagrun for example_subdag_operator.section-1 to None, run_after=None
[2024-02-11T12:55:30.739+0000] {logging_mixin.py:188} INFO - [2024-02-11T12:55:30.739+0000] {dag.py:3823} INFO - Setting next_dagrun for example_subdag_operator.section-2 to None, run_after=None
[2024-02-11T12:55:30.750+0000] {processor.py:183} INFO - Processing /home/airflow/.local/lib/python3.8/site-packages/airflow/example_dags/example_subdag_operator.py took 0.189 seconds
[2024-02-11T12:56:01.501+0000] {processor.py:161} INFO - Started process (PID=173) to work on /home/airflow/.local/lib/python3.8/site-packages/airflow/example_dags/example_subdag_operator.py
[2024-02-11T12:56:01.502+0000] {processor.py:830} INFO - Processing file /home/airflow/.local/lib/python3.8/site-packages/airflow/example_dags/example_subdag_operator.py for tasks to queue
[2024-02-11T12:56:01.503+0000] {logging_mixin.py:188} INFO - [2024-02-11T12:56:01.503+0000] {dagbag.py:538} INFO - Filling up the DagBag from /home/airflow/.local/lib/python3.8/site-packages/airflow/example_dags/example_subdag_operator.py
[2024-02-11T12:56:01.522+0000] {processor.py:840} INFO - DAG(s) 'example_subdag_operator.section-1', 'example_subdag_operator.section-2', 'example_subdag_operator' retrieved from /home/airflow/.local/lib/python3.8/site-packages/airflow/example_dags/example_subdag_operator.py
[2024-02-11T12:56:01.536+0000] {logging_mixin.py:188} INFO - [2024-02-11T12:56:01.536+0000] {dag.py:3036} INFO - Sync 3 DAGs
[2024-02-11T12:56:01.552+0000] {logging_mixin.py:188} INFO - [2024-02-11T12:56:01.552+0000] {dag.py:3823} INFO - Setting next_dagrun for example_subdag_operator to 2022-01-01 00:00:00+00:00, run_after=2022-01-01 00:00:00+00:00
[2024-02-11T12:56:01.556+0000] {logging_mixin.py:188} INFO - [2024-02-11T12:56:01.556+0000] {dag.py:3823} INFO - Setting next_dagrun for example_subdag_operator.section-1 to None, run_after=None
[2024-02-11T12:56:01.557+0000] {logging_mixin.py:188} INFO - [2024-02-11T12:56:01.557+0000] {dag.py:3823} INFO - Setting next_dagrun for example_subdag_operator.section-2 to None, run_after=None
[2024-02-11T12:56:01.564+0000] {logging_mixin.py:188} INFO - [2024-02-11T12:56:01.563+0000] {dag.py:3036} INFO - Sync 2 DAGs
[2024-02-11T12:56:01.569+0000] {logging_mixin.py:188} INFO - [2024-02-11T12:56:01.568+0000] {dag.py:3823} INFO - Setting next_dagrun for example_subdag_operator.section-1 to None, run_after=None
[2024-02-11T12:56:01.569+0000] {logging_mixin.py:188} INFO - [2024-02-11T12:56:01.569+0000] {dag.py:3823} INFO - Setting next_dagrun for example_subdag_operator.section-2 to None, run_after=None
[2024-02-11T12:56:01.578+0000] {processor.py:183} INFO - Processing /home/airflow/.local/lib/python3.8/site-packages/airflow/example_dags/example_subdag_operator.py took 0.079 seconds
[2024-02-11T12:56:32.221+0000] {processor.py:161} INFO - Started process (PID=228) to work on /home/airflow/.local/lib/python3.8/site-packages/airflow/example_dags/example_subdag_operator.py
[2024-02-11T12:56:32.223+0000] {processor.py:830} INFO - Processing file /home/airflow/.local/lib/python3.8/site-packages/airflow/example_dags/example_subdag_operator.py for tasks to queue
[2024-02-11T12:56:32.226+0000] {logging_mixin.py:188} INFO - [2024-02-11T12:56:32.225+0000] {dagbag.py:538} INFO - Filling up the DagBag from /home/airflow/.local/lib/python3.8/site-packages/airflow/example_dags/example_subdag_operator.py
[2024-02-11T12:56:32.284+0000] {processor.py:840} INFO - DAG(s) 'example_subdag_operator.section-1', 'example_subdag_operator.section-2', 'example_subdag_operator' retrieved from /home/airflow/.local/lib/python3.8/site-packages/airflow/example_dags/example_subdag_operator.py
[2024-02-11T12:56:32.322+0000] {logging_mixin.py:188} INFO - [2024-02-11T12:56:32.321+0000] {dag.py:3036} INFO - Sync 3 DAGs
[2024-02-11T12:56:32.367+0000] {logging_mixin.py:188} INFO - [2024-02-11T12:56:32.366+0000] {dag.py:3823} INFO - Setting next_dagrun for example_subdag_operator to 2022-01-01 00:00:00+00:00, run_after=2022-01-01 00:00:00+00:00
[2024-02-11T12:56:32.375+0000] {logging_mixin.py:188} INFO - [2024-02-11T12:56:32.374+0000] {dag.py:3823} INFO - Setting next_dagrun for example_subdag_operator.section-1 to None, run_after=None
[2024-02-11T12:56:32.379+0000] {logging_mixin.py:188} INFO - [2024-02-11T12:56:32.378+0000] {dag.py:3823} INFO - Setting next_dagrun for example_subdag_operator.section-2 to None, run_after=None
[2024-02-11T12:56:32.395+0000] {logging_mixin.py:188} INFO - [2024-02-11T12:56:32.394+0000] {dag.py:3036} INFO - Sync 2 DAGs
[2024-02-11T12:56:32.407+0000] {logging_mixin.py:188} INFO - [2024-02-11T12:56:32.406+0000] {dag.py:3823} INFO - Setting next_dagrun for example_subdag_operator.section-1 to None, run_after=None
[2024-02-11T12:56:32.408+0000] {logging_mixin.py:188} INFO - [2024-02-11T12:56:32.408+0000] {dag.py:3823} INFO - Setting next_dagrun for example_subdag_operator.section-2 to None, run_after=None
[2024-02-11T12:56:32.434+0000] {processor.py:183} INFO - Processing /home/airflow/.local/lib/python3.8/site-packages/airflow/example_dags/example_subdag_operator.py took 0.220 seconds
[2024-02-11T12:57:02.505+0000] {processor.py:161} INFO - Started process (PID=283) to work on /home/airflow/.local/lib/python3.8/site-packages/airflow/example_dags/example_subdag_operator.py
[2024-02-11T12:57:02.507+0000] {processor.py:830} INFO - Processing file /home/airflow/.local/lib/python3.8/site-packages/airflow/example_dags/example_subdag_operator.py for tasks to queue
[2024-02-11T12:57:02.512+0000] {logging_mixin.py:188} INFO - [2024-02-11T12:57:02.511+0000] {dagbag.py:538} INFO - Filling up the DagBag from /home/airflow/.local/lib/python3.8/site-packages/airflow/example_dags/example_subdag_operator.py
[2024-02-11T12:57:02.577+0000] {processor.py:840} INFO - DAG(s) 'example_subdag_operator.section-1', 'example_subdag_operator.section-2', 'example_subdag_operator' retrieved from /home/airflow/.local/lib/python3.8/site-packages/airflow/example_dags/example_subdag_operator.py
[2024-02-11T12:57:02.588+0000] {logging_mixin.py:188} INFO - [2024-02-11T12:57:02.587+0000] {dag.py:3036} INFO - Sync 3 DAGs
[2024-02-11T12:57:02.639+0000] {logging_mixin.py:188} INFO - [2024-02-11T12:57:02.638+0000] {dag.py:3823} INFO - Setting next_dagrun for example_subdag_operator to 2022-01-01 00:00:00+00:00, run_after=2022-01-01 00:00:00+00:00
[2024-02-11T12:57:02.647+0000] {logging_mixin.py:188} INFO - [2024-02-11T12:57:02.646+0000] {dag.py:3823} INFO - Setting next_dagrun for example_subdag_operator.section-1 to None, run_after=None
[2024-02-11T12:57:02.650+0000] {logging_mixin.py:188} INFO - [2024-02-11T12:57:02.650+0000] {dag.py:3823} INFO - Setting next_dagrun for example_subdag_operator.section-2 to None, run_after=None
[2024-02-11T12:57:02.671+0000] {logging_mixin.py:188} INFO - [2024-02-11T12:57:02.671+0000] {dag.py:3036} INFO - Sync 2 DAGs
[2024-02-11T12:57:02.689+0000] {logging_mixin.py:188} INFO - [2024-02-11T12:57:02.688+0000] {dag.py:3823} INFO - Setting next_dagrun for example_subdag_operator.section-1 to None, run_after=None
[2024-02-11T12:57:02.691+0000] {logging_mixin.py:188} INFO - [2024-02-11T12:57:02.690+0000] {dag.py:3823} INFO - Setting next_dagrun for example_subdag_operator.section-2 to None, run_after=None
[2024-02-11T12:57:02.723+0000] {processor.py:183} INFO - Processing /home/airflow/.local/lib/python3.8/site-packages/airflow/example_dags/example_subdag_operator.py took 0.223 seconds
[2024-02-11T12:57:36.466+0000] {processor.py:161} INFO - Started process (PID=338) to work on /home/airflow/.local/lib/python3.8/site-packages/airflow/example_dags/example_subdag_operator.py
[2024-02-11T12:57:36.469+0000] {processor.py:830} INFO - Processing file /home/airflow/.local/lib/python3.8/site-packages/airflow/example_dags/example_subdag_operator.py for tasks to queue
[2024-02-11T12:57:36.473+0000] {logging_mixin.py:188} INFO - [2024-02-11T12:57:36.472+0000] {dagbag.py:538} INFO - Filling up the DagBag from /home/airflow/.local/lib/python3.8/site-packages/airflow/example_dags/example_subdag_operator.py
[2024-02-11T12:57:36.538+0000] {processor.py:840} INFO - DAG(s) 'example_subdag_operator.section-1', 'example_subdag_operator.section-2', 'example_subdag_operator' retrieved from /home/airflow/.local/lib/python3.8/site-packages/airflow/example_dags/example_subdag_operator.py
[2024-02-11T12:57:36.792+0000] {logging_mixin.py:188} INFO - [2024-02-11T12:57:36.791+0000] {dag.py:3036} INFO - Sync 3 DAGs
[2024-02-11T12:57:36.839+0000] {logging_mixin.py:188} INFO - [2024-02-11T12:57:36.839+0000] {dag.py:3823} INFO - Setting next_dagrun for example_subdag_operator to 2022-01-01 00:00:00+00:00, run_after=2022-01-01 00:00:00+00:00
[2024-02-11T12:57:36.847+0000] {logging_mixin.py:188} INFO - [2024-02-11T12:57:36.847+0000] {dag.py:3823} INFO - Setting next_dagrun for example_subdag_operator.section-1 to None, run_after=None
[2024-02-11T12:57:36.850+0000] {logging_mixin.py:188} INFO - [2024-02-11T12:57:36.850+0000] {dag.py:3823} INFO - Setting next_dagrun for example_subdag_operator.section-2 to None, run_after=None
[2024-02-11T12:57:36.872+0000] {logging_mixin.py:188} INFO - [2024-02-11T12:57:36.872+0000] {dag.py:3036} INFO - Sync 2 DAGs
[2024-02-11T12:57:36.884+0000] {logging_mixin.py:188} INFO - [2024-02-11T12:57:36.884+0000] {dag.py:3823} INFO - Setting next_dagrun for example_subdag_operator.section-1 to None, run_after=None
[2024-02-11T12:57:36.885+0000] {logging_mixin.py:188} INFO - [2024-02-11T12:57:36.885+0000] {dag.py:3823} INFO - Setting next_dagrun for example_subdag_operator.section-2 to None, run_after=None
[2024-02-11T12:57:36.912+0000] {processor.py:183} INFO - Processing /home/airflow/.local/lib/python3.8/site-packages/airflow/example_dags/example_subdag_operator.py took 0.453 seconds
[2024-02-11T12:58:07.139+0000] {processor.py:161} INFO - Started process (PID=393) to work on /home/airflow/.local/lib/python3.8/site-packages/airflow/example_dags/example_subdag_operator.py
[2024-02-11T12:58:07.141+0000] {processor.py:830} INFO - Processing file /home/airflow/.local/lib/python3.8/site-packages/airflow/example_dags/example_subdag_operator.py for tasks to queue
[2024-02-11T12:58:07.143+0000] {logging_mixin.py:188} INFO - [2024-02-11T12:58:07.143+0000] {dagbag.py:538} INFO - Filling up the DagBag from /home/airflow/.local/lib/python3.8/site-packages/airflow/example_dags/example_subdag_operator.py
[2024-02-11T12:58:07.188+0000] {processor.py:840} INFO - DAG(s) 'example_subdag_operator.section-1', 'example_subdag_operator.section-2', 'example_subdag_operator' retrieved from /home/airflow/.local/lib/python3.8/site-packages/airflow/example_dags/example_subdag_operator.py
[2024-02-11T12:58:07.223+0000] {logging_mixin.py:188} INFO - [2024-02-11T12:58:07.223+0000] {dag.py:3036} INFO - Sync 3 DAGs
[2024-02-11T12:58:07.274+0000] {logging_mixin.py:188} INFO - [2024-02-11T12:58:07.274+0000] {dag.py:3823} INFO - Setting next_dagrun for example_subdag_operator to 2022-01-01 00:00:00+00:00, run_after=2022-01-01 00:00:00+00:00
[2024-02-11T12:58:07.282+0000] {logging_mixin.py:188} INFO - [2024-02-11T12:58:07.282+0000] {dag.py:3823} INFO - Setting next_dagrun for example_subdag_operator.section-1 to None, run_after=None
[2024-02-11T12:58:07.285+0000] {logging_mixin.py:188} INFO - [2024-02-11T12:58:07.285+0000] {dag.py:3823} INFO - Setting next_dagrun for example_subdag_operator.section-2 to None, run_after=None
[2024-02-11T12:58:07.301+0000] {logging_mixin.py:188} INFO - [2024-02-11T12:58:07.300+0000] {dag.py:3036} INFO - Sync 2 DAGs
[2024-02-11T12:58:07.314+0000] {logging_mixin.py:188} INFO - [2024-02-11T12:58:07.314+0000] {dag.py:3823} INFO - Setting next_dagrun for example_subdag_operator.section-1 to None, run_after=None
[2024-02-11T12:58:07.315+0000] {logging_mixin.py:188} INFO - [2024-02-11T12:58:07.315+0000] {dag.py:3823} INFO - Setting next_dagrun for example_subdag_operator.section-2 to None, run_after=None
[2024-02-11T12:58:07.343+0000] {processor.py:183} INFO - Processing /home/airflow/.local/lib/python3.8/site-packages/airflow/example_dags/example_subdag_operator.py took 0.209 seconds
[2024-02-11T12:58:37.928+0000] {processor.py:161} INFO - Started process (PID=448) to work on /home/airflow/.local/lib/python3.8/site-packages/airflow/example_dags/example_subdag_operator.py
[2024-02-11T12:58:37.929+0000] {processor.py:830} INFO - Processing file /home/airflow/.local/lib/python3.8/site-packages/airflow/example_dags/example_subdag_operator.py for tasks to queue
[2024-02-11T12:58:37.932+0000] {logging_mixin.py:188} INFO - [2024-02-11T12:58:37.931+0000] {dagbag.py:538} INFO - Filling up the DagBag from /home/airflow/.local/lib/python3.8/site-packages/airflow/example_dags/example_subdag_operator.py
[2024-02-11T12:58:37.978+0000] {processor.py:840} INFO - DAG(s) 'example_subdag_operator.section-1', 'example_subdag_operator.section-2', 'example_subdag_operator' retrieved from /home/airflow/.local/lib/python3.8/site-packages/airflow/example_dags/example_subdag_operator.py
[2024-02-11T12:58:38.011+0000] {logging_mixin.py:188} INFO - [2024-02-11T12:58:38.011+0000] {dag.py:3036} INFO - Sync 3 DAGs
[2024-02-11T12:58:38.062+0000] {logging_mixin.py:188} INFO - [2024-02-11T12:58:38.061+0000] {dag.py:3823} INFO - Setting next_dagrun for example_subdag_operator to 2022-01-01 00:00:00+00:00, run_after=2022-01-01 00:00:00+00:00
[2024-02-11T12:58:38.073+0000] {logging_mixin.py:188} INFO - [2024-02-11T12:58:38.072+0000] {dag.py:3823} INFO - Setting next_dagrun for example_subdag_operator.section-1 to None, run_after=None
[2024-02-11T12:58:38.076+0000] {logging_mixin.py:188} INFO - [2024-02-11T12:58:38.076+0000] {dag.py:3823} INFO - Setting next_dagrun for example_subdag_operator.section-2 to None, run_after=None
[2024-02-11T12:58:38.091+0000] {logging_mixin.py:188} INFO - [2024-02-11T12:58:38.091+0000] {dag.py:3036} INFO - Sync 2 DAGs
[2024-02-11T12:58:38.103+0000] {logging_mixin.py:188} INFO - [2024-02-11T12:58:38.102+0000] {dag.py:3823} INFO - Setting next_dagrun for example_subdag_operator.section-1 to None, run_after=None
[2024-02-11T12:58:38.103+0000] {logging_mixin.py:188} INFO - [2024-02-11T12:58:38.103+0000] {dag.py:3823} INFO - Setting next_dagrun for example_subdag_operator.section-2 to None, run_after=None
[2024-02-11T12:58:38.133+0000] {processor.py:183} INFO - Processing /home/airflow/.local/lib/python3.8/site-packages/airflow/example_dags/example_subdag_operator.py took 0.210 seconds
[2024-02-11T12:59:08.283+0000] {processor.py:161} INFO - Started process (PID=503) to work on /home/airflow/.local/lib/python3.8/site-packages/airflow/example_dags/example_subdag_operator.py
[2024-02-11T12:59:08.284+0000] {processor.py:830} INFO - Processing file /home/airflow/.local/lib/python3.8/site-packages/airflow/example_dags/example_subdag_operator.py for tasks to queue
[2024-02-11T12:59:08.288+0000] {logging_mixin.py:188} INFO - [2024-02-11T12:59:08.288+0000] {dagbag.py:538} INFO - Filling up the DagBag from /home/airflow/.local/lib/python3.8/site-packages/airflow/example_dags/example_subdag_operator.py
[2024-02-11T12:59:08.358+0000] {processor.py:840} INFO - DAG(s) 'example_subdag_operator.section-1', 'example_subdag_operator.section-2', 'example_subdag_operator' retrieved from /home/airflow/.local/lib/python3.8/site-packages/airflow/example_dags/example_subdag_operator.py
[2024-02-11T12:59:08.413+0000] {logging_mixin.py:188} INFO - [2024-02-11T12:59:08.412+0000] {dag.py:3036} INFO - Sync 3 DAGs
[2024-02-11T12:59:08.485+0000] {logging_mixin.py:188} INFO - [2024-02-11T12:59:08.484+0000] {dag.py:3823} INFO - Setting next_dagrun for example_subdag_operator to 2022-01-01 00:00:00+00:00, run_after=2022-01-01 00:00:00+00:00
[2024-02-11T12:59:08.496+0000] {logging_mixin.py:188} INFO - [2024-02-11T12:59:08.495+0000] {dag.py:3823} INFO - Setting next_dagrun for example_subdag_operator.section-1 to None, run_after=None
[2024-02-11T12:59:08.499+0000] {logging_mixin.py:188} INFO - [2024-02-11T12:59:08.498+0000] {dag.py:3823} INFO - Setting next_dagrun for example_subdag_operator.section-2 to None, run_after=None
[2024-02-11T12:59:08.520+0000] {logging_mixin.py:188} INFO - [2024-02-11T12:59:08.518+0000] {dag.py:3036} INFO - Sync 2 DAGs
[2024-02-11T12:59:08.539+0000] {logging_mixin.py:188} INFO - [2024-02-11T12:59:08.538+0000] {dag.py:3823} INFO - Setting next_dagrun for example_subdag_operator.section-1 to None, run_after=None
[2024-02-11T12:59:08.541+0000] {logging_mixin.py:188} INFO - [2024-02-11T12:59:08.540+0000] {dag.py:3823} INFO - Setting next_dagrun for example_subdag_operator.section-2 to None, run_after=None
[2024-02-11T12:59:08.579+0000] {processor.py:183} INFO - Processing /home/airflow/.local/lib/python3.8/site-packages/airflow/example_dags/example_subdag_operator.py took 0.303 seconds
[2024-02-11T12:59:38.812+0000] {processor.py:161} INFO - Started process (PID=559) to work on /home/airflow/.local/lib/python3.8/site-packages/airflow/example_dags/example_subdag_operator.py
[2024-02-11T12:59:38.815+0000] {processor.py:830} INFO - Processing file /home/airflow/.local/lib/python3.8/site-packages/airflow/example_dags/example_subdag_operator.py for tasks to queue
[2024-02-11T12:59:38.820+0000] {logging_mixin.py:188} INFO - [2024-02-11T12:59:38.819+0000] {dagbag.py:538} INFO - Filling up the DagBag from /home/airflow/.local/lib/python3.8/site-packages/airflow/example_dags/example_subdag_operator.py
[2024-02-11T12:59:38.898+0000] {processor.py:840} INFO - DAG(s) 'example_subdag_operator.section-1', 'example_subdag_operator.section-2', 'example_subdag_operator' retrieved from /home/airflow/.local/lib/python3.8/site-packages/airflow/example_dags/example_subdag_operator.py
[2024-02-11T12:59:38.949+0000] {logging_mixin.py:188} INFO - [2024-02-11T12:59:38.948+0000] {dag.py:3036} INFO - Sync 3 DAGs
[2024-02-11T12:59:39.020+0000] {logging_mixin.py:188} INFO - [2024-02-11T12:59:39.019+0000] {dag.py:3823} INFO - Setting next_dagrun for example_subdag_operator to 2022-01-01 00:00:00+00:00, run_after=2022-01-01 00:00:00+00:00
[2024-02-11T12:59:39.033+0000] {logging_mixin.py:188} INFO - [2024-02-11T12:59:39.032+0000] {dag.py:3823} INFO - Setting next_dagrun for example_subdag_operator.section-1 to None, run_after=None
[2024-02-11T12:59:39.037+0000] {logging_mixin.py:188} INFO - [2024-02-11T12:59:39.037+0000] {dag.py:3823} INFO - Setting next_dagrun for example_subdag_operator.section-2 to None, run_after=None
[2024-02-11T12:59:39.063+0000] {logging_mixin.py:188} INFO - [2024-02-11T12:59:39.062+0000] {dag.py:3036} INFO - Sync 2 DAGs
[2024-02-11T12:59:39.081+0000] {logging_mixin.py:188} INFO - [2024-02-11T12:59:39.080+0000] {dag.py:3823} INFO - Setting next_dagrun for example_subdag_operator.section-1 to None, run_after=None
[2024-02-11T12:59:39.082+0000] {logging_mixin.py:188} INFO - [2024-02-11T12:59:39.082+0000] {dag.py:3823} INFO - Setting next_dagrun for example_subdag_operator.section-2 to None, run_after=None
[2024-02-11T12:59:39.123+0000] {processor.py:183} INFO - Processing /home/airflow/.local/lib/python3.8/site-packages/airflow/example_dags/example_subdag_operator.py took 0.320 seconds
[2024-02-11T13:00:09.188+0000] {processor.py:161} INFO - Started process (PID=621) to work on /home/airflow/.local/lib/python3.8/site-packages/airflow/example_dags/example_subdag_operator.py
[2024-02-11T13:00:09.190+0000] {processor.py:830} INFO - Processing file /home/airflow/.local/lib/python3.8/site-packages/airflow/example_dags/example_subdag_operator.py for tasks to queue
[2024-02-11T13:00:09.194+0000] {logging_mixin.py:188} INFO - [2024-02-11T13:00:09.194+0000] {dagbag.py:538} INFO - Filling up the DagBag from /home/airflow/.local/lib/python3.8/site-packages/airflow/example_dags/example_subdag_operator.py
[2024-02-11T13:00:09.251+0000] {processor.py:840} INFO - DAG(s) 'example_subdag_operator.section-1', 'example_subdag_operator.section-2', 'example_subdag_operator' retrieved from /home/airflow/.local/lib/python3.8/site-packages/airflow/example_dags/example_subdag_operator.py
[2024-02-11T13:00:09.288+0000] {logging_mixin.py:188} INFO - [2024-02-11T13:00:09.287+0000] {dag.py:3036} INFO - Sync 3 DAGs
[2024-02-11T13:00:09.335+0000] {logging_mixin.py:188} INFO - [2024-02-11T13:00:09.335+0000] {dag.py:3823} INFO - Setting next_dagrun for example_subdag_operator to 2022-01-01 00:00:00+00:00, run_after=2022-01-01 00:00:00+00:00
[2024-02-11T13:00:09.344+0000] {logging_mixin.py:188} INFO - [2024-02-11T13:00:09.343+0000] {dag.py:3823} INFO - Setting next_dagrun for example_subdag_operator.section-1 to None, run_after=None
[2024-02-11T13:00:09.347+0000] {logging_mixin.py:188} INFO - [2024-02-11T13:00:09.346+0000] {dag.py:3823} INFO - Setting next_dagrun for example_subdag_operator.section-2 to None, run_after=None
[2024-02-11T13:00:09.367+0000] {logging_mixin.py:188} INFO - [2024-02-11T13:00:09.367+0000] {dag.py:3036} INFO - Sync 2 DAGs
[2024-02-11T13:00:09.381+0000] {logging_mixin.py:188} INFO - [2024-02-11T13:00:09.380+0000] {dag.py:3823} INFO - Setting next_dagrun for example_subdag_operator.section-1 to None, run_after=None
[2024-02-11T13:00:09.382+0000] {logging_mixin.py:188} INFO - [2024-02-11T13:00:09.381+0000] {dag.py:3823} INFO - Setting next_dagrun for example_subdag_operator.section-2 to None, run_after=None
[2024-02-11T13:00:09.416+0000] {processor.py:183} INFO - Processing /home/airflow/.local/lib/python3.8/site-packages/airflow/example_dags/example_subdag_operator.py took 0.234 seconds
[2024-02-11T13:00:39.540+0000] {processor.py:161} INFO - Started process (PID=676) to work on /home/airflow/.local/lib/python3.8/site-packages/airflow/example_dags/example_subdag_operator.py
[2024-02-11T13:00:39.543+0000] {processor.py:830} INFO - Processing file /home/airflow/.local/lib/python3.8/site-packages/airflow/example_dags/example_subdag_operator.py for tasks to queue
[2024-02-11T13:00:39.547+0000] {logging_mixin.py:188} INFO - [2024-02-11T13:00:39.546+0000] {dagbag.py:538} INFO - Filling up the DagBag from /home/airflow/.local/lib/python3.8/site-packages/airflow/example_dags/example_subdag_operator.py
[2024-02-11T13:00:39.619+0000] {processor.py:840} INFO - DAG(s) 'example_subdag_operator.section-1', 'example_subdag_operator.section-2', 'example_subdag_operator' retrieved from /home/airflow/.local/lib/python3.8/site-packages/airflow/example_dags/example_subdag_operator.py
[2024-02-11T13:00:39.661+0000] {logging_mixin.py:188} INFO - [2024-02-11T13:00:39.660+0000] {dag.py:3036} INFO - Sync 3 DAGs
[2024-02-11T13:00:39.719+0000] {logging_mixin.py:188} INFO - [2024-02-11T13:00:39.718+0000] {dag.py:3823} INFO - Setting next_dagrun for example_subdag_operator to 2022-01-01 00:00:00+00:00, run_after=2022-01-01 00:00:00+00:00
[2024-02-11T13:00:39.727+0000] {logging_mixin.py:188} INFO - [2024-02-11T13:00:39.727+0000] {dag.py:3823} INFO - Setting next_dagrun for example_subdag_operator.section-1 to None, run_after=None
[2024-02-11T13:00:39.730+0000] {logging_mixin.py:188} INFO - [2024-02-11T13:00:39.730+0000] {dag.py:3823} INFO - Setting next_dagrun for example_subdag_operator.section-2 to None, run_after=None
[2024-02-11T13:00:39.753+0000] {logging_mixin.py:188} INFO - [2024-02-11T13:00:39.752+0000] {dag.py:3036} INFO - Sync 2 DAGs
[2024-02-11T13:00:39.767+0000] {logging_mixin.py:188} INFO - [2024-02-11T13:00:39.766+0000] {dag.py:3823} INFO - Setting next_dagrun for example_subdag_operator.section-1 to None, run_after=None
[2024-02-11T13:00:39.769+0000] {logging_mixin.py:188} INFO - [2024-02-11T13:00:39.768+0000] {dag.py:3823} INFO - Setting next_dagrun for example_subdag_operator.section-2 to None, run_after=None
[2024-02-11T13:00:39.805+0000] {processor.py:183} INFO - Processing /home/airflow/.local/lib/python3.8/site-packages/airflow/example_dags/example_subdag_operator.py took 0.273 seconds
[2024-02-11T13:01:10.347+0000] {processor.py:161} INFO - Started process (PID=731) to work on /home/airflow/.local/lib/python3.8/site-packages/airflow/example_dags/example_subdag_operator.py
[2024-02-11T13:01:10.349+0000] {processor.py:830} INFO - Processing file /home/airflow/.local/lib/python3.8/site-packages/airflow/example_dags/example_subdag_operator.py for tasks to queue
[2024-02-11T13:01:10.351+0000] {logging_mixin.py:188} INFO - [2024-02-11T13:01:10.351+0000] {dagbag.py:538} INFO - Filling up the DagBag from /home/airflow/.local/lib/python3.8/site-packages/airflow/example_dags/example_subdag_operator.py
[2024-02-11T13:01:10.380+0000] {processor.py:840} INFO - DAG(s) 'example_subdag_operator.section-1', 'example_subdag_operator.section-2', 'example_subdag_operator' retrieved from /home/airflow/.local/lib/python3.8/site-packages/airflow/example_dags/example_subdag_operator.py
[2024-02-11T13:01:10.400+0000] {logging_mixin.py:188} INFO - [2024-02-11T13:01:10.400+0000] {dag.py:3036} INFO - Sync 3 DAGs
[2024-02-11T13:01:10.428+0000] {logging_mixin.py:188} INFO - [2024-02-11T13:01:10.428+0000] {dag.py:3823} INFO - Setting next_dagrun for example_subdag_operator to 2022-01-01 00:00:00+00:00, run_after=2022-01-01 00:00:00+00:00
[2024-02-11T13:01:10.434+0000] {logging_mixin.py:188} INFO - [2024-02-11T13:01:10.434+0000] {dag.py:3823} INFO - Setting next_dagrun for example_subdag_operator.section-1 to None, run_after=None
[2024-02-11T13:01:10.438+0000] {logging_mixin.py:188} INFO - [2024-02-11T13:01:10.437+0000] {dag.py:3823} INFO - Setting next_dagrun for example_subdag_operator.section-2 to None, run_after=None
[2024-02-11T13:01:10.450+0000] {logging_mixin.py:188} INFO - [2024-02-11T13:01:10.450+0000] {dag.py:3036} INFO - Sync 2 DAGs
[2024-02-11T13:01:10.459+0000] {logging_mixin.py:188} INFO - [2024-02-11T13:01:10.458+0000] {dag.py:3823} INFO - Setting next_dagrun for example_subdag_operator.section-1 to None, run_after=None
[2024-02-11T13:01:10.459+0000] {logging_mixin.py:188} INFO - [2024-02-11T13:01:10.459+0000] {dag.py:3823} INFO - Setting next_dagrun for example_subdag_operator.section-2 to None, run_after=None
[2024-02-11T13:01:10.479+0000] {processor.py:183} INFO - Processing /home/airflow/.local/lib/python3.8/site-packages/airflow/example_dags/example_subdag_operator.py took 0.136 seconds
[2024-02-11T13:06:06.661+0000] {processor.py:161} INFO - Started process (PID=62) to work on /home/airflow/.local/lib/python3.8/site-packages/airflow/example_dags/example_subdag_operator.py
[2024-02-11T13:06:06.662+0000] {processor.py:830} INFO - Processing file /home/airflow/.local/lib/python3.8/site-packages/airflow/example_dags/example_subdag_operator.py for tasks to queue
[2024-02-11T13:06:06.663+0000] {logging_mixin.py:188} INFO - [2024-02-11T13:06:06.663+0000] {dagbag.py:538} INFO - Filling up the DagBag from /home/airflow/.local/lib/python3.8/site-packages/airflow/example_dags/example_subdag_operator.py
[2024-02-11T13:06:06.692+0000] {processor.py:840} INFO - DAG(s) 'example_subdag_operator.section-1', 'example_subdag_operator.section-2', 'example_subdag_operator' retrieved from /home/airflow/.local/lib/python3.8/site-packages/airflow/example_dags/example_subdag_operator.py
[2024-02-11T13:06:06.697+0000] {logging_mixin.py:188} INFO - [2024-02-11T13:06:06.696+0000] {dag.py:3036} INFO - Sync 3 DAGs
[2024-02-11T13:06:06.723+0000] {logging_mixin.py:188} INFO - [2024-02-11T13:06:06.722+0000] {dag.py:3823} INFO - Setting next_dagrun for example_subdag_operator to 2022-01-01 00:00:00+00:00, run_after=2022-01-01 00:00:00+00:00
[2024-02-11T13:06:06.727+0000] {logging_mixin.py:188} INFO - [2024-02-11T13:06:06.726+0000] {dag.py:3823} INFO - Setting next_dagrun for example_subdag_operator.section-1 to None, run_after=None
[2024-02-11T13:06:06.728+0000] {logging_mixin.py:188} INFO - [2024-02-11T13:06:06.728+0000] {dag.py:3823} INFO - Setting next_dagrun for example_subdag_operator.section-2 to None, run_after=None
[2024-02-11T13:06:06.736+0000] {logging_mixin.py:188} INFO - [2024-02-11T13:06:06.736+0000] {dag.py:3036} INFO - Sync 2 DAGs
[2024-02-11T13:06:06.742+0000] {logging_mixin.py:188} INFO - [2024-02-11T13:06:06.741+0000] {dag.py:3823} INFO - Setting next_dagrun for example_subdag_operator.section-1 to None, run_after=None
[2024-02-11T13:06:06.742+0000] {logging_mixin.py:188} INFO - [2024-02-11T13:06:06.742+0000] {dag.py:3823} INFO - Setting next_dagrun for example_subdag_operator.section-2 to None, run_after=None
[2024-02-11T13:06:06.758+0000] {processor.py:183} INFO - Processing /home/airflow/.local/lib/python3.8/site-packages/airflow/example_dags/example_subdag_operator.py took 0.100 seconds
[2024-02-11T13:06:36.949+0000] {processor.py:161} INFO - Started process (PID=117) to work on /home/airflow/.local/lib/python3.8/site-packages/airflow/example_dags/example_subdag_operator.py
[2024-02-11T13:06:36.950+0000] {processor.py:830} INFO - Processing file /home/airflow/.local/lib/python3.8/site-packages/airflow/example_dags/example_subdag_operator.py for tasks to queue
[2024-02-11T13:06:36.951+0000] {logging_mixin.py:188} INFO - [2024-02-11T13:06:36.951+0000] {dagbag.py:538} INFO - Filling up the DagBag from /home/airflow/.local/lib/python3.8/site-packages/airflow/example_dags/example_subdag_operator.py
[2024-02-11T13:06:36.969+0000] {processor.py:840} INFO - DAG(s) 'example_subdag_operator.section-1', 'example_subdag_operator.section-2', 'example_subdag_operator' retrieved from /home/airflow/.local/lib/python3.8/site-packages/airflow/example_dags/example_subdag_operator.py
[2024-02-11T13:06:36.972+0000] {logging_mixin.py:188} INFO - [2024-02-11T13:06:36.972+0000] {dag.py:3036} INFO - Sync 3 DAGs
[2024-02-11T13:06:36.993+0000] {logging_mixin.py:188} INFO - [2024-02-11T13:06:36.992+0000] {dag.py:3823} INFO - Setting next_dagrun for example_subdag_operator to 2022-01-01 00:00:00+00:00, run_after=2022-01-01 00:00:00+00:00
[2024-02-11T13:06:36.996+0000] {logging_mixin.py:188} INFO - [2024-02-11T13:06:36.995+0000] {dag.py:3823} INFO - Setting next_dagrun for example_subdag_operator.section-1 to None, run_after=None
[2024-02-11T13:06:36.997+0000] {logging_mixin.py:188} INFO - [2024-02-11T13:06:36.996+0000] {dag.py:3823} INFO - Setting next_dagrun for example_subdag_operator.section-2 to None, run_after=None
[2024-02-11T13:06:37.002+0000] {logging_mixin.py:188} INFO - [2024-02-11T13:06:37.001+0000] {dag.py:3036} INFO - Sync 2 DAGs
[2024-02-11T13:06:37.006+0000] {logging_mixin.py:188} INFO - [2024-02-11T13:06:37.006+0000] {dag.py:3823} INFO - Setting next_dagrun for example_subdag_operator.section-1 to None, run_after=None
[2024-02-11T13:06:37.007+0000] {logging_mixin.py:188} INFO - [2024-02-11T13:06:37.007+0000] {dag.py:3823} INFO - Setting next_dagrun for example_subdag_operator.section-2 to None, run_after=None
[2024-02-11T13:06:37.016+0000] {processor.py:183} INFO - Processing /home/airflow/.local/lib/python3.8/site-packages/airflow/example_dags/example_subdag_operator.py took 0.069 seconds
