[2024-02-11T12:54:57.846+0000] {processor.py:161} INFO - Started process (PID=47) to work on /home/airflow/.local/lib/python3.8/site-packages/airflow/example_dags/example_branch_operator.py
[2024-02-11T12:54:57.850+0000] {processor.py:830} INFO - Processing file /home/airflow/.local/lib/python3.8/site-packages/airflow/example_dags/example_branch_operator.py for tasks to queue
[2024-02-11T12:54:57.860+0000] {logging_mixin.py:188} INFO - [2024-02-11T12:54:57.858+0000] {dagbag.py:538} INFO - Filling up the DagBag from /home/airflow/.local/lib/python3.8/site-packages/airflow/example_dags/example_branch_operator.py
[2024-02-11T12:54:57.906+0000] {processor.py:840} INFO - DAG(s) 'example_branch_operator' retrieved from /home/airflow/.local/lib/python3.8/site-packages/airflow/example_dags/example_branch_operator.py
[2024-02-11T12:54:57.917+0000] {logging_mixin.py:188} INFO - [2024-02-11T12:54:57.917+0000] {dag.py:3036} INFO - Sync 1 DAGs
[2024-02-11T12:54:57.945+0000] {logging_mixin.py:188} INFO - [2024-02-11T12:54:57.943+0000] {dag.py:3823} INFO - Setting next_dagrun for example_branch_operator to 2024-02-10 00:00:00+00:00, run_after=2024-02-11 00:00:00+00:00
[2024-02-11T12:54:58.009+0000] {processor.py:183} INFO - Processing /home/airflow/.local/lib/python3.8/site-packages/airflow/example_dags/example_branch_operator.py took 0.169 seconds
[2024-02-11T12:55:28.714+0000] {processor.py:161} INFO - Started process (PID=102) to work on /home/airflow/.local/lib/python3.8/site-packages/airflow/example_dags/example_branch_operator.py
[2024-02-11T12:55:28.715+0000] {processor.py:830} INFO - Processing file /home/airflow/.local/lib/python3.8/site-packages/airflow/example_dags/example_branch_operator.py for tasks to queue
[2024-02-11T12:55:28.716+0000] {logging_mixin.py:188} INFO - [2024-02-11T12:55:28.716+0000] {dagbag.py:538} INFO - Filling up the DagBag from /home/airflow/.local/lib/python3.8/site-packages/airflow/example_dags/example_branch_operator.py
[2024-02-11T12:55:28.729+0000] {processor.py:840} INFO - DAG(s) 'example_branch_operator' retrieved from /home/airflow/.local/lib/python3.8/site-packages/airflow/example_dags/example_branch_operator.py
[2024-02-11T12:55:28.881+0000] {logging_mixin.py:188} INFO - [2024-02-11T12:55:28.880+0000] {dag.py:3036} INFO - Sync 1 DAGs
[2024-02-11T12:55:28.904+0000] {logging_mixin.py:188} INFO - [2024-02-11T12:55:28.904+0000] {dag.py:3823} INFO - Setting next_dagrun for example_branch_operator to 2024-02-10 00:00:00+00:00, run_after=2024-02-11 00:00:00+00:00
[2024-02-11T12:55:28.923+0000] {processor.py:183} INFO - Processing /home/airflow/.local/lib/python3.8/site-packages/airflow/example_dags/example_branch_operator.py took 0.212 seconds
[2024-02-11T12:55:59.761+0000] {processor.py:161} INFO - Started process (PID=157) to work on /home/airflow/.local/lib/python3.8/site-packages/airflow/example_dags/example_branch_operator.py
[2024-02-11T12:55:59.762+0000] {processor.py:830} INFO - Processing file /home/airflow/.local/lib/python3.8/site-packages/airflow/example_dags/example_branch_operator.py for tasks to queue
[2024-02-11T12:55:59.763+0000] {logging_mixin.py:188} INFO - [2024-02-11T12:55:59.762+0000] {dagbag.py:538} INFO - Filling up the DagBag from /home/airflow/.local/lib/python3.8/site-packages/airflow/example_dags/example_branch_operator.py
[2024-02-11T12:55:59.773+0000] {processor.py:840} INFO - DAG(s) 'example_branch_operator' retrieved from /home/airflow/.local/lib/python3.8/site-packages/airflow/example_dags/example_branch_operator.py
[2024-02-11T12:55:59.792+0000] {logging_mixin.py:188} INFO - [2024-02-11T12:55:59.792+0000] {dag.py:3036} INFO - Sync 1 DAGs
[2024-02-11T12:55:59.808+0000] {logging_mixin.py:188} INFO - [2024-02-11T12:55:59.807+0000] {dag.py:3823} INFO - Setting next_dagrun for example_branch_operator to 2024-02-10 00:00:00+00:00, run_after=2024-02-11 00:00:00+00:00
[2024-02-11T12:55:59.822+0000] {processor.py:183} INFO - Processing /home/airflow/.local/lib/python3.8/site-packages/airflow/example_dags/example_branch_operator.py took 0.062 seconds
[2024-02-11T12:56:30.088+0000] {processor.py:161} INFO - Started process (PID=212) to work on /home/airflow/.local/lib/python3.8/site-packages/airflow/example_dags/example_branch_operator.py
[2024-02-11T12:56:30.090+0000] {processor.py:830} INFO - Processing file /home/airflow/.local/lib/python3.8/site-packages/airflow/example_dags/example_branch_operator.py for tasks to queue
[2024-02-11T12:56:30.095+0000] {logging_mixin.py:188} INFO - [2024-02-11T12:56:30.094+0000] {dagbag.py:538} INFO - Filling up the DagBag from /home/airflow/.local/lib/python3.8/site-packages/airflow/example_dags/example_branch_operator.py
[2024-02-11T12:56:30.149+0000] {processor.py:840} INFO - DAG(s) 'example_branch_operator' retrieved from /home/airflow/.local/lib/python3.8/site-packages/airflow/example_dags/example_branch_operator.py
[2024-02-11T12:56:30.237+0000] {logging_mixin.py:188} INFO - [2024-02-11T12:56:30.236+0000] {dag.py:3036} INFO - Sync 1 DAGs
[2024-02-11T12:56:30.320+0000] {logging_mixin.py:188} INFO - [2024-02-11T12:56:30.319+0000] {dag.py:3823} INFO - Setting next_dagrun for example_branch_operator to 2024-02-10 00:00:00+00:00, run_after=2024-02-11 00:00:00+00:00
[2024-02-11T12:56:30.384+0000] {processor.py:183} INFO - Processing /home/airflow/.local/lib/python3.8/site-packages/airflow/example_dags/example_branch_operator.py took 0.304 seconds
[2024-02-11T12:57:00.488+0000] {processor.py:161} INFO - Started process (PID=268) to work on /home/airflow/.local/lib/python3.8/site-packages/airflow/example_dags/example_branch_operator.py
[2024-02-11T12:57:00.491+0000] {processor.py:830} INFO - Processing file /home/airflow/.local/lib/python3.8/site-packages/airflow/example_dags/example_branch_operator.py for tasks to queue
[2024-02-11T12:57:00.495+0000] {logging_mixin.py:188} INFO - [2024-02-11T12:57:00.494+0000] {dagbag.py:538} INFO - Filling up the DagBag from /home/airflow/.local/lib/python3.8/site-packages/airflow/example_dags/example_branch_operator.py
[2024-02-11T12:57:00.550+0000] {processor.py:840} INFO - DAG(s) 'example_branch_operator' retrieved from /home/airflow/.local/lib/python3.8/site-packages/airflow/example_dags/example_branch_operator.py
[2024-02-11T12:57:00.577+0000] {logging_mixin.py:188} INFO - [2024-02-11T12:57:00.576+0000] {dag.py:3036} INFO - Sync 1 DAGs
[2024-02-11T12:57:00.633+0000] {logging_mixin.py:188} INFO - [2024-02-11T12:57:00.632+0000] {dag.py:3823} INFO - Setting next_dagrun for example_branch_operator to 2024-02-10 00:00:00+00:00, run_after=2024-02-11 00:00:00+00:00
[2024-02-11T12:57:00.681+0000] {processor.py:183} INFO - Processing /home/airflow/.local/lib/python3.8/site-packages/airflow/example_dags/example_branch_operator.py took 0.200 seconds
[2024-02-11T12:57:32.030+0000] {processor.py:161} INFO - Started process (PID=322) to work on /home/airflow/.local/lib/python3.8/site-packages/airflow/example_dags/example_branch_operator.py
[2024-02-11T12:57:32.033+0000] {processor.py:830} INFO - Processing file /home/airflow/.local/lib/python3.8/site-packages/airflow/example_dags/example_branch_operator.py for tasks to queue
[2024-02-11T12:57:32.036+0000] {logging_mixin.py:188} INFO - [2024-02-11T12:57:32.036+0000] {dagbag.py:538} INFO - Filling up the DagBag from /home/airflow/.local/lib/python3.8/site-packages/airflow/example_dags/example_branch_operator.py
[2024-02-11T12:57:32.068+0000] {processor.py:840} INFO - DAG(s) 'example_branch_operator' retrieved from /home/airflow/.local/lib/python3.8/site-packages/airflow/example_dags/example_branch_operator.py
[2024-02-11T12:57:32.354+0000] {logging_mixin.py:188} INFO - [2024-02-11T12:57:32.353+0000] {dag.py:3036} INFO - Sync 1 DAGs
[2024-02-11T12:57:32.424+0000] {logging_mixin.py:188} INFO - [2024-02-11T12:57:32.423+0000] {dag.py:3823} INFO - Setting next_dagrun for example_branch_operator to 2024-02-10 00:00:00+00:00, run_after=2024-02-11 00:00:00+00:00
[2024-02-11T12:57:32.483+0000] {processor.py:183} INFO - Processing /home/airflow/.local/lib/python3.8/site-packages/airflow/example_dags/example_branch_operator.py took 0.462 seconds
[2024-02-11T12:58:03.167+0000] {processor.py:161} INFO - Started process (PID=377) to work on /home/airflow/.local/lib/python3.8/site-packages/airflow/example_dags/example_branch_operator.py
[2024-02-11T12:58:03.168+0000] {processor.py:830} INFO - Processing file /home/airflow/.local/lib/python3.8/site-packages/airflow/example_dags/example_branch_operator.py for tasks to queue
[2024-02-11T12:58:03.171+0000] {logging_mixin.py:188} INFO - [2024-02-11T12:58:03.170+0000] {dagbag.py:538} INFO - Filling up the DagBag from /home/airflow/.local/lib/python3.8/site-packages/airflow/example_dags/example_branch_operator.py
[2024-02-11T12:58:03.202+0000] {processor.py:840} INFO - DAG(s) 'example_branch_operator' retrieved from /home/airflow/.local/lib/python3.8/site-packages/airflow/example_dags/example_branch_operator.py
[2024-02-11T12:58:03.270+0000] {logging_mixin.py:188} INFO - [2024-02-11T12:58:03.270+0000] {dag.py:3036} INFO - Sync 1 DAGs
[2024-02-11T12:58:03.327+0000] {logging_mixin.py:188} INFO - [2024-02-11T12:58:03.326+0000] {dag.py:3823} INFO - Setting next_dagrun for example_branch_operator to 2024-02-10 00:00:00+00:00, run_after=2024-02-11 00:00:00+00:00
[2024-02-11T12:58:03.378+0000] {processor.py:183} INFO - Processing /home/airflow/.local/lib/python3.8/site-packages/airflow/example_dags/example_branch_operator.py took 0.217 seconds
[2024-02-11T12:58:34.154+0000] {processor.py:161} INFO - Started process (PID=432) to work on /home/airflow/.local/lib/python3.8/site-packages/airflow/example_dags/example_branch_operator.py
[2024-02-11T12:58:34.156+0000] {processor.py:830} INFO - Processing file /home/airflow/.local/lib/python3.8/site-packages/airflow/example_dags/example_branch_operator.py for tasks to queue
[2024-02-11T12:58:34.159+0000] {logging_mixin.py:188} INFO - [2024-02-11T12:58:34.159+0000] {dagbag.py:538} INFO - Filling up the DagBag from /home/airflow/.local/lib/python3.8/site-packages/airflow/example_dags/example_branch_operator.py
[2024-02-11T12:58:34.192+0000] {processor.py:840} INFO - DAG(s) 'example_branch_operator' retrieved from /home/airflow/.local/lib/python3.8/site-packages/airflow/example_dags/example_branch_operator.py
[2024-02-11T12:58:34.277+0000] {logging_mixin.py:188} INFO - [2024-02-11T12:58:34.276+0000] {dag.py:3036} INFO - Sync 1 DAGs
[2024-02-11T12:58:34.354+0000] {logging_mixin.py:188} INFO - [2024-02-11T12:58:34.353+0000] {dag.py:3823} INFO - Setting next_dagrun for example_branch_operator to 2024-02-10 00:00:00+00:00, run_after=2024-02-11 00:00:00+00:00
[2024-02-11T12:58:34.405+0000] {processor.py:183} INFO - Processing /home/airflow/.local/lib/python3.8/site-packages/airflow/example_dags/example_branch_operator.py took 0.259 seconds
[2024-02-11T12:59:04.478+0000] {processor.py:161} INFO - Started process (PID=486) to work on /home/airflow/.local/lib/python3.8/site-packages/airflow/example_dags/example_branch_operator.py
[2024-02-11T12:59:04.480+0000] {processor.py:830} INFO - Processing file /home/airflow/.local/lib/python3.8/site-packages/airflow/example_dags/example_branch_operator.py for tasks to queue
[2024-02-11T12:59:04.482+0000] {logging_mixin.py:188} INFO - [2024-02-11T12:59:04.482+0000] {dagbag.py:538} INFO - Filling up the DagBag from /home/airflow/.local/lib/python3.8/site-packages/airflow/example_dags/example_branch_operator.py
[2024-02-11T12:59:04.512+0000] {processor.py:840} INFO - DAG(s) 'example_branch_operator' retrieved from /home/airflow/.local/lib/python3.8/site-packages/airflow/example_dags/example_branch_operator.py
[2024-02-11T12:59:04.594+0000] {logging_mixin.py:188} INFO - [2024-02-11T12:59:04.594+0000] {dag.py:3036} INFO - Sync 1 DAGs
[2024-02-11T12:59:04.668+0000] {logging_mixin.py:188} INFO - [2024-02-11T12:59:04.668+0000] {dag.py:3823} INFO - Setting next_dagrun for example_branch_operator to 2024-02-10 00:00:00+00:00, run_after=2024-02-11 00:00:00+00:00
[2024-02-11T12:59:04.725+0000] {processor.py:183} INFO - Processing /home/airflow/.local/lib/python3.8/site-packages/airflow/example_dags/example_branch_operator.py took 0.252 seconds
[2024-02-11T12:59:34.826+0000] {processor.py:161} INFO - Started process (PID=542) to work on /home/airflow/.local/lib/python3.8/site-packages/airflow/example_dags/example_branch_operator.py
[2024-02-11T12:59:34.829+0000] {processor.py:830} INFO - Processing file /home/airflow/.local/lib/python3.8/site-packages/airflow/example_dags/example_branch_operator.py for tasks to queue
[2024-02-11T12:59:34.833+0000] {logging_mixin.py:188} INFO - [2024-02-11T12:59:34.832+0000] {dagbag.py:538} INFO - Filling up the DagBag from /home/airflow/.local/lib/python3.8/site-packages/airflow/example_dags/example_branch_operator.py
[2024-02-11T12:59:34.879+0000] {processor.py:840} INFO - DAG(s) 'example_branch_operator' retrieved from /home/airflow/.local/lib/python3.8/site-packages/airflow/example_dags/example_branch_operator.py
[2024-02-11T12:59:34.955+0000] {logging_mixin.py:188} INFO - [2024-02-11T12:59:34.954+0000] {dag.py:3036} INFO - Sync 1 DAGs
[2024-02-11T12:59:35.014+0000] {logging_mixin.py:188} INFO - [2024-02-11T12:59:35.013+0000] {dag.py:3823} INFO - Setting next_dagrun for example_branch_operator to 2024-02-10 00:00:00+00:00, run_after=2024-02-11 00:00:00+00:00
[2024-02-11T12:59:35.078+0000] {processor.py:183} INFO - Processing /home/airflow/.local/lib/python3.8/site-packages/airflow/example_dags/example_branch_operator.py took 0.261 seconds
[2024-02-11T13:00:05.580+0000] {processor.py:161} INFO - Started process (PID=598) to work on /home/airflow/.local/lib/python3.8/site-packages/airflow/example_dags/example_branch_operator.py
[2024-02-11T13:00:05.583+0000] {processor.py:830} INFO - Processing file /home/airflow/.local/lib/python3.8/site-packages/airflow/example_dags/example_branch_operator.py for tasks to queue
[2024-02-11T13:00:05.589+0000] {logging_mixin.py:188} INFO - [2024-02-11T13:00:05.588+0000] {dagbag.py:538} INFO - Filling up the DagBag from /home/airflow/.local/lib/python3.8/site-packages/airflow/example_dags/example_branch_operator.py
[2024-02-11T13:00:05.650+0000] {processor.py:840} INFO - DAG(s) 'example_branch_operator' retrieved from /home/airflow/.local/lib/python3.8/site-packages/airflow/example_dags/example_branch_operator.py
[2024-02-11T13:00:05.713+0000] {logging_mixin.py:188} INFO - [2024-02-11T13:00:05.712+0000] {dag.py:3036} INFO - Sync 1 DAGs
[2024-02-11T13:00:05.764+0000] {logging_mixin.py:188} INFO - [2024-02-11T13:00:05.764+0000] {dag.py:3823} INFO - Setting next_dagrun for example_branch_operator to 2024-02-10 00:00:00+00:00, run_after=2024-02-11 00:00:00+00:00
[2024-02-11T13:00:05.825+0000] {processor.py:183} INFO - Processing /home/airflow/.local/lib/python3.8/site-packages/airflow/example_dags/example_branch_operator.py took 0.254 seconds
[2024-02-11T13:00:36.077+0000] {processor.py:161} INFO - Started process (PID=653) to work on /home/airflow/.local/lib/python3.8/site-packages/airflow/example_dags/example_branch_operator.py
[2024-02-11T13:00:36.079+0000] {processor.py:830} INFO - Processing file /home/airflow/.local/lib/python3.8/site-packages/airflow/example_dags/example_branch_operator.py for tasks to queue
[2024-02-11T13:00:36.081+0000] {logging_mixin.py:188} INFO - [2024-02-11T13:00:36.081+0000] {dagbag.py:538} INFO - Filling up the DagBag from /home/airflow/.local/lib/python3.8/site-packages/airflow/example_dags/example_branch_operator.py
[2024-02-11T13:00:36.113+0000] {processor.py:840} INFO - DAG(s) 'example_branch_operator' retrieved from /home/airflow/.local/lib/python3.8/site-packages/airflow/example_dags/example_branch_operator.py
[2024-02-11T13:00:36.203+0000] {logging_mixin.py:188} INFO - [2024-02-11T13:00:36.203+0000] {dag.py:3036} INFO - Sync 1 DAGs
[2024-02-11T13:00:36.280+0000] {logging_mixin.py:188} INFO - [2024-02-11T13:00:36.280+0000] {dag.py:3823} INFO - Setting next_dagrun for example_branch_operator to 2024-02-10 00:00:00+00:00, run_after=2024-02-11 00:00:00+00:00
[2024-02-11T13:00:36.338+0000] {processor.py:183} INFO - Processing /home/airflow/.local/lib/python3.8/site-packages/airflow/example_dags/example_branch_operator.py took 0.266 seconds
[2024-02-11T13:01:06.399+0000] {processor.py:161} INFO - Started process (PID=708) to work on /home/airflow/.local/lib/python3.8/site-packages/airflow/example_dags/example_branch_operator.py
[2024-02-11T13:01:06.400+0000] {processor.py:830} INFO - Processing file /home/airflow/.local/lib/python3.8/site-packages/airflow/example_dags/example_branch_operator.py for tasks to queue
[2024-02-11T13:01:06.402+0000] {logging_mixin.py:188} INFO - [2024-02-11T13:01:06.402+0000] {dagbag.py:538} INFO - Filling up the DagBag from /home/airflow/.local/lib/python3.8/site-packages/airflow/example_dags/example_branch_operator.py
[2024-02-11T13:01:06.412+0000] {processor.py:840} INFO - DAG(s) 'example_branch_operator' retrieved from /home/airflow/.local/lib/python3.8/site-packages/airflow/example_dags/example_branch_operator.py
[2024-02-11T13:01:06.435+0000] {logging_mixin.py:188} INFO - [2024-02-11T13:01:06.435+0000] {dag.py:3036} INFO - Sync 1 DAGs
[2024-02-11T13:01:06.454+0000] {logging_mixin.py:188} INFO - [2024-02-11T13:01:06.454+0000] {dag.py:3823} INFO - Setting next_dagrun for example_branch_operator to 2024-02-10 00:00:00+00:00, run_after=2024-02-11 00:00:00+00:00
[2024-02-11T13:01:06.471+0000] {processor.py:183} INFO - Processing /home/airflow/.local/lib/python3.8/site-packages/airflow/example_dags/example_branch_operator.py took 0.075 seconds
[2024-02-11T13:06:05.887+0000] {processor.py:161} INFO - Started process (PID=46) to work on /home/airflow/.local/lib/python3.8/site-packages/airflow/example_dags/example_branch_operator.py
[2024-02-11T13:06:05.888+0000] {processor.py:830} INFO - Processing file /home/airflow/.local/lib/python3.8/site-packages/airflow/example_dags/example_branch_operator.py for tasks to queue
[2024-02-11T13:06:05.889+0000] {logging_mixin.py:188} INFO - [2024-02-11T13:06:05.889+0000] {dagbag.py:538} INFO - Filling up the DagBag from /home/airflow/.local/lib/python3.8/site-packages/airflow/example_dags/example_branch_operator.py
[2024-02-11T13:06:05.910+0000] {processor.py:840} INFO - DAG(s) 'example_branch_operator' retrieved from /home/airflow/.local/lib/python3.8/site-packages/airflow/example_dags/example_branch_operator.py
[2024-02-11T13:06:05.924+0000] {logging_mixin.py:188} INFO - [2024-02-11T13:06:05.923+0000] {dag.py:3036} INFO - Sync 1 DAGs
[2024-02-11T13:06:05.951+0000] {logging_mixin.py:188} INFO - [2024-02-11T13:06:05.951+0000] {dag.py:3823} INFO - Setting next_dagrun for example_branch_operator to 2024-02-10 00:00:00+00:00, run_after=2024-02-11 00:00:00+00:00
[2024-02-11T13:06:05.976+0000] {processor.py:183} INFO - Processing /home/airflow/.local/lib/python3.8/site-packages/airflow/example_dags/example_branch_operator.py took 0.093 seconds
[2024-02-11T13:06:36.341+0000] {processor.py:161} INFO - Started process (PID=101) to work on /home/airflow/.local/lib/python3.8/site-packages/airflow/example_dags/example_branch_operator.py
[2024-02-11T13:06:36.341+0000] {processor.py:830} INFO - Processing file /home/airflow/.local/lib/python3.8/site-packages/airflow/example_dags/example_branch_operator.py for tasks to queue
[2024-02-11T13:06:36.343+0000] {logging_mixin.py:188} INFO - [2024-02-11T13:06:36.343+0000] {dagbag.py:538} INFO - Filling up the DagBag from /home/airflow/.local/lib/python3.8/site-packages/airflow/example_dags/example_branch_operator.py
[2024-02-11T13:06:36.360+0000] {processor.py:840} INFO - DAG(s) 'example_branch_operator' retrieved from /home/airflow/.local/lib/python3.8/site-packages/airflow/example_dags/example_branch_operator.py
[2024-02-11T13:06:36.369+0000] {logging_mixin.py:188} INFO - [2024-02-11T13:06:36.369+0000] {dag.py:3036} INFO - Sync 1 DAGs
[2024-02-11T13:06:36.385+0000] {logging_mixin.py:188} INFO - [2024-02-11T13:06:36.385+0000] {dag.py:3823} INFO - Setting next_dagrun for example_branch_operator to 2024-02-10 00:00:00+00:00, run_after=2024-02-11 00:00:00+00:00
[2024-02-11T13:06:36.400+0000] {processor.py:183} INFO - Processing /home/airflow/.local/lib/python3.8/site-packages/airflow/example_dags/example_branch_operator.py took 0.062 seconds
