[2024-02-11T12:54:59.662+0000] {processor.py:161} INFO - Started process (PID=73) to work on /home/airflow/.local/lib/python3.8/site-packages/airflow/example_dags/example_short_circuit_operator.py
[2024-02-11T12:54:59.662+0000] {processor.py:830} INFO - Processing file /home/airflow/.local/lib/python3.8/site-packages/airflow/example_dags/example_short_circuit_operator.py for tasks to queue
[2024-02-11T12:54:59.664+0000] {logging_mixin.py:188} INFO - [2024-02-11T12:54:59.664+0000] {dagbag.py:538} INFO - Filling up the DagBag from /home/airflow/.local/lib/python3.8/site-packages/airflow/example_dags/example_short_circuit_operator.py
[2024-02-11T12:54:59.670+0000] {processor.py:840} INFO - DAG(s) 'example_short_circuit_operator' retrieved from /home/airflow/.local/lib/python3.8/site-packages/airflow/example_dags/example_short_circuit_operator.py
[2024-02-11T12:54:59.680+0000] {logging_mixin.py:188} INFO - [2024-02-11T12:54:59.680+0000] {dag.py:3036} INFO - Sync 1 DAGs
[2024-02-11T12:54:59.699+0000] {logging_mixin.py:188} INFO - [2024-02-11T12:54:59.698+0000] {dag.py:3823} INFO - Setting next_dagrun for example_short_circuit_operator to 2024-02-10 00:00:00+00:00, run_after=2024-02-11 00:00:00+00:00
[2024-02-11T12:54:59.750+0000] {processor.py:183} INFO - Processing /home/airflow/.local/lib/python3.8/site-packages/airflow/example_dags/example_short_circuit_operator.py took 0.091 seconds
[2024-02-11T12:55:31.625+0000] {processor.py:161} INFO - Started process (PID=128) to work on /home/airflow/.local/lib/python3.8/site-packages/airflow/example_dags/example_short_circuit_operator.py
[2024-02-11T12:55:31.626+0000] {processor.py:830} INFO - Processing file /home/airflow/.local/lib/python3.8/site-packages/airflow/example_dags/example_short_circuit_operator.py for tasks to queue
[2024-02-11T12:55:31.627+0000] {logging_mixin.py:188} INFO - [2024-02-11T12:55:31.627+0000] {dagbag.py:538} INFO - Filling up the DagBag from /home/airflow/.local/lib/python3.8/site-packages/airflow/example_dags/example_short_circuit_operator.py
[2024-02-11T12:55:31.633+0000] {processor.py:840} INFO - DAG(s) 'example_short_circuit_operator' retrieved from /home/airflow/.local/lib/python3.8/site-packages/airflow/example_dags/example_short_circuit_operator.py
[2024-02-11T12:55:31.718+0000] {logging_mixin.py:188} INFO - [2024-02-11T12:55:31.718+0000] {dag.py:3036} INFO - Sync 1 DAGs
[2024-02-11T12:55:31.735+0000] {logging_mixin.py:188} INFO - [2024-02-11T12:55:31.735+0000] {dag.py:3823} INFO - Setting next_dagrun for example_short_circuit_operator to 2024-02-10 00:00:00+00:00, run_after=2024-02-11 00:00:00+00:00
[2024-02-11T12:55:31.754+0000] {processor.py:183} INFO - Processing /home/airflow/.local/lib/python3.8/site-packages/airflow/example_dags/example_short_circuit_operator.py took 0.131 seconds
[2024-02-11T12:56:01.881+0000] {processor.py:161} INFO - Started process (PID=183) to work on /home/airflow/.local/lib/python3.8/site-packages/airflow/example_dags/example_short_circuit_operator.py
[2024-02-11T12:56:01.881+0000] {processor.py:830} INFO - Processing file /home/airflow/.local/lib/python3.8/site-packages/airflow/example_dags/example_short_circuit_operator.py for tasks to queue
[2024-02-11T12:56:01.882+0000] {logging_mixin.py:188} INFO - [2024-02-11T12:56:01.882+0000] {dagbag.py:538} INFO - Filling up the DagBag from /home/airflow/.local/lib/python3.8/site-packages/airflow/example_dags/example_short_circuit_operator.py
[2024-02-11T12:56:01.887+0000] {processor.py:840} INFO - DAG(s) 'example_short_circuit_operator' retrieved from /home/airflow/.local/lib/python3.8/site-packages/airflow/example_dags/example_short_circuit_operator.py
[2024-02-11T12:56:01.902+0000] {logging_mixin.py:188} INFO - [2024-02-11T12:56:01.902+0000] {dag.py:3036} INFO - Sync 1 DAGs
[2024-02-11T12:56:01.916+0000] {logging_mixin.py:188} INFO - [2024-02-11T12:56:01.916+0000] {dag.py:3823} INFO - Setting next_dagrun for example_short_circuit_operator to 2024-02-10 00:00:00+00:00, run_after=2024-02-11 00:00:00+00:00
[2024-02-11T12:56:01.928+0000] {processor.py:183} INFO - Processing /home/airflow/.local/lib/python3.8/site-packages/airflow/example_dags/example_short_circuit_operator.py took 0.050 seconds
[2024-02-11T12:56:33.948+0000] {processor.py:161} INFO - Started process (PID=238) to work on /home/airflow/.local/lib/python3.8/site-packages/airflow/example_dags/example_short_circuit_operator.py
[2024-02-11T12:56:33.950+0000] {processor.py:830} INFO - Processing file /home/airflow/.local/lib/python3.8/site-packages/airflow/example_dags/example_short_circuit_operator.py for tasks to queue
[2024-02-11T12:56:33.953+0000] {logging_mixin.py:188} INFO - [2024-02-11T12:56:33.953+0000] {dagbag.py:538} INFO - Filling up the DagBag from /home/airflow/.local/lib/python3.8/site-packages/airflow/example_dags/example_short_circuit_operator.py
[2024-02-11T12:56:33.968+0000] {processor.py:840} INFO - DAG(s) 'example_short_circuit_operator' retrieved from /home/airflow/.local/lib/python3.8/site-packages/airflow/example_dags/example_short_circuit_operator.py
[2024-02-11T12:56:34.023+0000] {logging_mixin.py:188} INFO - [2024-02-11T12:56:34.022+0000] {dag.py:3036} INFO - Sync 1 DAGs
[2024-02-11T12:56:34.079+0000] {logging_mixin.py:188} INFO - [2024-02-11T12:56:34.079+0000] {dag.py:3823} INFO - Setting next_dagrun for example_short_circuit_operator to 2024-02-10 00:00:00+00:00, run_after=2024-02-11 00:00:00+00:00
[2024-02-11T12:56:34.138+0000] {processor.py:183} INFO - Processing /home/airflow/.local/lib/python3.8/site-packages/airflow/example_dags/example_short_circuit_operator.py took 0.195 seconds
[2024-02-11T12:57:04.834+0000] {processor.py:161} INFO - Started process (PID=293) to work on /home/airflow/.local/lib/python3.8/site-packages/airflow/example_dags/example_short_circuit_operator.py
[2024-02-11T12:57:04.836+0000] {processor.py:830} INFO - Processing file /home/airflow/.local/lib/python3.8/site-packages/airflow/example_dags/example_short_circuit_operator.py for tasks to queue
[2024-02-11T12:57:04.838+0000] {logging_mixin.py:188} INFO - [2024-02-11T12:57:04.838+0000] {dagbag.py:538} INFO - Filling up the DagBag from /home/airflow/.local/lib/python3.8/site-packages/airflow/example_dags/example_short_circuit_operator.py
[2024-02-11T12:57:04.851+0000] {processor.py:840} INFO - DAG(s) 'example_short_circuit_operator' retrieved from /home/airflow/.local/lib/python3.8/site-packages/airflow/example_dags/example_short_circuit_operator.py
[2024-02-11T12:57:04.877+0000] {logging_mixin.py:188} INFO - [2024-02-11T12:57:04.876+0000] {dag.py:3036} INFO - Sync 1 DAGs
[2024-02-11T12:57:04.946+0000] {logging_mixin.py:188} INFO - [2024-02-11T12:57:04.945+0000] {dag.py:3823} INFO - Setting next_dagrun for example_short_circuit_operator to 2024-02-10 00:00:00+00:00, run_after=2024-02-11 00:00:00+00:00
[2024-02-11T12:57:05.009+0000] {processor.py:183} INFO - Processing /home/airflow/.local/lib/python3.8/site-packages/airflow/example_dags/example_short_circuit_operator.py took 0.180 seconds
[2024-02-11T12:57:38.690+0000] {processor.py:161} INFO - Started process (PID=354) to work on /home/airflow/.local/lib/python3.8/site-packages/airflow/example_dags/example_short_circuit_operator.py
[2024-02-11T12:57:38.692+0000] {processor.py:830} INFO - Processing file /home/airflow/.local/lib/python3.8/site-packages/airflow/example_dags/example_short_circuit_operator.py for tasks to queue
[2024-02-11T12:57:38.695+0000] {logging_mixin.py:188} INFO - [2024-02-11T12:57:38.694+0000] {dagbag.py:538} INFO - Filling up the DagBag from /home/airflow/.local/lib/python3.8/site-packages/airflow/example_dags/example_short_circuit_operator.py
[2024-02-11T12:57:38.708+0000] {processor.py:840} INFO - DAG(s) 'example_short_circuit_operator' retrieved from /home/airflow/.local/lib/python3.8/site-packages/airflow/example_dags/example_short_circuit_operator.py
[2024-02-11T12:57:38.933+0000] {logging_mixin.py:188} INFO - [2024-02-11T12:57:38.933+0000] {dag.py:3036} INFO - Sync 1 DAGs
[2024-02-11T12:57:38.993+0000] {logging_mixin.py:188} INFO - [2024-02-11T12:57:38.992+0000] {dag.py:3823} INFO - Setting next_dagrun for example_short_circuit_operator to 2024-02-10 00:00:00+00:00, run_after=2024-02-11 00:00:00+00:00
[2024-02-11T12:57:39.054+0000] {processor.py:183} INFO - Processing /home/airflow/.local/lib/python3.8/site-packages/airflow/example_dags/example_short_circuit_operator.py took 0.368 seconds
[2024-02-11T12:58:09.624+0000] {processor.py:161} INFO - Started process (PID=409) to work on /home/airflow/.local/lib/python3.8/site-packages/airflow/example_dags/example_short_circuit_operator.py
[2024-02-11T12:58:09.626+0000] {processor.py:830} INFO - Processing file /home/airflow/.local/lib/python3.8/site-packages/airflow/example_dags/example_short_circuit_operator.py for tasks to queue
[2024-02-11T12:58:09.628+0000] {logging_mixin.py:188} INFO - [2024-02-11T12:58:09.628+0000] {dagbag.py:538} INFO - Filling up the DagBag from /home/airflow/.local/lib/python3.8/site-packages/airflow/example_dags/example_short_circuit_operator.py
[2024-02-11T12:58:09.641+0000] {processor.py:840} INFO - DAG(s) 'example_short_circuit_operator' retrieved from /home/airflow/.local/lib/python3.8/site-packages/airflow/example_dags/example_short_circuit_operator.py
[2024-02-11T12:58:09.692+0000] {logging_mixin.py:188} INFO - [2024-02-11T12:58:09.691+0000] {dag.py:3036} INFO - Sync 1 DAGs
[2024-02-11T12:58:09.743+0000] {logging_mixin.py:188} INFO - [2024-02-11T12:58:09.742+0000] {dag.py:3823} INFO - Setting next_dagrun for example_short_circuit_operator to 2024-02-10 00:00:00+00:00, run_after=2024-02-11 00:00:00+00:00
[2024-02-11T12:58:09.800+0000] {processor.py:183} INFO - Processing /home/airflow/.local/lib/python3.8/site-packages/airflow/example_dags/example_short_circuit_operator.py took 0.181 seconds
[2024-02-11T12:58:40.082+0000] {processor.py:161} INFO - Started process (PID=464) to work on /home/airflow/.local/lib/python3.8/site-packages/airflow/example_dags/example_short_circuit_operator.py
[2024-02-11T12:58:40.084+0000] {processor.py:830} INFO - Processing file /home/airflow/.local/lib/python3.8/site-packages/airflow/example_dags/example_short_circuit_operator.py for tasks to queue
[2024-02-11T12:58:40.086+0000] {logging_mixin.py:188} INFO - [2024-02-11T12:58:40.086+0000] {dagbag.py:538} INFO - Filling up the DagBag from /home/airflow/.local/lib/python3.8/site-packages/airflow/example_dags/example_short_circuit_operator.py
[2024-02-11T12:58:40.100+0000] {processor.py:840} INFO - DAG(s) 'example_short_circuit_operator' retrieved from /home/airflow/.local/lib/python3.8/site-packages/airflow/example_dags/example_short_circuit_operator.py
[2024-02-11T12:58:40.157+0000] {logging_mixin.py:188} INFO - [2024-02-11T12:58:40.157+0000] {dag.py:3036} INFO - Sync 1 DAGs
[2024-02-11T12:58:40.206+0000] {logging_mixin.py:188} INFO - [2024-02-11T12:58:40.205+0000] {dag.py:3823} INFO - Setting next_dagrun for example_short_circuit_operator to 2024-02-10 00:00:00+00:00, run_after=2024-02-11 00:00:00+00:00
[2024-02-11T12:58:40.253+0000] {processor.py:183} INFO - Processing /home/airflow/.local/lib/python3.8/site-packages/airflow/example_dags/example_short_circuit_operator.py took 0.176 seconds
[2024-02-11T12:59:10.801+0000] {processor.py:161} INFO - Started process (PID=520) to work on /home/airflow/.local/lib/python3.8/site-packages/airflow/example_dags/example_short_circuit_operator.py
[2024-02-11T12:59:10.803+0000] {processor.py:830} INFO - Processing file /home/airflow/.local/lib/python3.8/site-packages/airflow/example_dags/example_short_circuit_operator.py for tasks to queue
[2024-02-11T12:59:10.806+0000] {logging_mixin.py:188} INFO - [2024-02-11T12:59:10.805+0000] {dagbag.py:538} INFO - Filling up the DagBag from /home/airflow/.local/lib/python3.8/site-packages/airflow/example_dags/example_short_circuit_operator.py
[2024-02-11T12:59:10.819+0000] {processor.py:840} INFO - DAG(s) 'example_short_circuit_operator' retrieved from /home/airflow/.local/lib/python3.8/site-packages/airflow/example_dags/example_short_circuit_operator.py
[2024-02-11T12:59:10.884+0000] {logging_mixin.py:188} INFO - [2024-02-11T12:59:10.883+0000] {dag.py:3036} INFO - Sync 1 DAGs
[2024-02-11T12:59:10.948+0000] {logging_mixin.py:188} INFO - [2024-02-11T12:59:10.947+0000] {dag.py:3823} INFO - Setting next_dagrun for example_short_circuit_operator to 2024-02-10 00:00:00+00:00, run_after=2024-02-11 00:00:00+00:00
[2024-02-11T12:59:11.003+0000] {processor.py:183} INFO - Processing /home/airflow/.local/lib/python3.8/site-packages/airflow/example_dags/example_short_circuit_operator.py took 0.207 seconds
[2024-02-11T12:59:41.588+0000] {processor.py:161} INFO - Started process (PID=576) to work on /home/airflow/.local/lib/python3.8/site-packages/airflow/example_dags/example_short_circuit_operator.py
[2024-02-11T12:59:41.590+0000] {processor.py:830} INFO - Processing file /home/airflow/.local/lib/python3.8/site-packages/airflow/example_dags/example_short_circuit_operator.py for tasks to queue
[2024-02-11T12:59:41.594+0000] {logging_mixin.py:188} INFO - [2024-02-11T12:59:41.593+0000] {dagbag.py:538} INFO - Filling up the DagBag from /home/airflow/.local/lib/python3.8/site-packages/airflow/example_dags/example_short_circuit_operator.py
[2024-02-11T12:59:41.611+0000] {processor.py:840} INFO - DAG(s) 'example_short_circuit_operator' retrieved from /home/airflow/.local/lib/python3.8/site-packages/airflow/example_dags/example_short_circuit_operator.py
[2024-02-11T12:59:41.688+0000] {logging_mixin.py:188} INFO - [2024-02-11T12:59:41.687+0000] {dag.py:3036} INFO - Sync 1 DAGs
[2024-02-11T12:59:41.773+0000] {logging_mixin.py:188} INFO - [2024-02-11T12:59:41.772+0000] {dag.py:3823} INFO - Setting next_dagrun for example_short_circuit_operator to 2024-02-10 00:00:00+00:00, run_after=2024-02-11 00:00:00+00:00
[2024-02-11T12:59:41.836+0000] {processor.py:183} INFO - Processing /home/airflow/.local/lib/python3.8/site-packages/airflow/example_dags/example_short_circuit_operator.py took 0.255 seconds
[2024-02-11T13:00:12.059+0000] {processor.py:161} INFO - Started process (PID=631) to work on /home/airflow/.local/lib/python3.8/site-packages/airflow/example_dags/example_short_circuit_operator.py
[2024-02-11T13:00:12.061+0000] {processor.py:830} INFO - Processing file /home/airflow/.local/lib/python3.8/site-packages/airflow/example_dags/example_short_circuit_operator.py for tasks to queue
[2024-02-11T13:00:12.066+0000] {logging_mixin.py:188} INFO - [2024-02-11T13:00:12.065+0000] {dagbag.py:538} INFO - Filling up the DagBag from /home/airflow/.local/lib/python3.8/site-packages/airflow/example_dags/example_short_circuit_operator.py
[2024-02-11T13:00:12.090+0000] {processor.py:840} INFO - DAG(s) 'example_short_circuit_operator' retrieved from /home/airflow/.local/lib/python3.8/site-packages/airflow/example_dags/example_short_circuit_operator.py
[2024-02-11T13:00:12.165+0000] {logging_mixin.py:188} INFO - [2024-02-11T13:00:12.164+0000] {dag.py:3036} INFO - Sync 1 DAGs
[2024-02-11T13:00:12.232+0000] {logging_mixin.py:188} INFO - [2024-02-11T13:00:12.231+0000] {dag.py:3823} INFO - Setting next_dagrun for example_short_circuit_operator to 2024-02-10 00:00:00+00:00, run_after=2024-02-11 00:00:00+00:00
[2024-02-11T13:00:12.292+0000] {processor.py:183} INFO - Processing /home/airflow/.local/lib/python3.8/site-packages/airflow/example_dags/example_short_circuit_operator.py took 0.243 seconds
[2024-02-11T13:00:42.492+0000] {processor.py:161} INFO - Started process (PID=686) to work on /home/airflow/.local/lib/python3.8/site-packages/airflow/example_dags/example_short_circuit_operator.py
[2024-02-11T13:00:42.494+0000] {processor.py:830} INFO - Processing file /home/airflow/.local/lib/python3.8/site-packages/airflow/example_dags/example_short_circuit_operator.py for tasks to queue
[2024-02-11T13:00:42.497+0000] {logging_mixin.py:188} INFO - [2024-02-11T13:00:42.496+0000] {dagbag.py:538} INFO - Filling up the DagBag from /home/airflow/.local/lib/python3.8/site-packages/airflow/example_dags/example_short_circuit_operator.py
[2024-02-11T13:00:42.510+0000] {processor.py:840} INFO - DAG(s) 'example_short_circuit_operator' retrieved from /home/airflow/.local/lib/python3.8/site-packages/airflow/example_dags/example_short_circuit_operator.py
[2024-02-11T13:00:42.548+0000] {logging_mixin.py:188} INFO - [2024-02-11T13:00:42.548+0000] {dag.py:3036} INFO - Sync 1 DAGs
[2024-02-11T13:00:42.565+0000] {logging_mixin.py:188} INFO - [2024-02-11T13:00:42.565+0000] {dag.py:3823} INFO - Setting next_dagrun for example_short_circuit_operator to 2024-02-10 00:00:00+00:00, run_after=2024-02-11 00:00:00+00:00
[2024-02-11T13:00:42.584+0000] {processor.py:183} INFO - Processing /home/airflow/.local/lib/python3.8/site-packages/airflow/example_dags/example_short_circuit_operator.py took 0.097 seconds
[2024-02-11T13:06:07.255+0000] {processor.py:161} INFO - Started process (PID=72) to work on /home/airflow/.local/lib/python3.8/site-packages/airflow/example_dags/example_short_circuit_operator.py
[2024-02-11T13:06:07.256+0000] {processor.py:830} INFO - Processing file /home/airflow/.local/lib/python3.8/site-packages/airflow/example_dags/example_short_circuit_operator.py for tasks to queue
[2024-02-11T13:06:07.258+0000] {logging_mixin.py:188} INFO - [2024-02-11T13:06:07.258+0000] {dagbag.py:538} INFO - Filling up the DagBag from /home/airflow/.local/lib/python3.8/site-packages/airflow/example_dags/example_short_circuit_operator.py
[2024-02-11T13:06:07.267+0000] {processor.py:840} INFO - DAG(s) 'example_short_circuit_operator' retrieved from /home/airflow/.local/lib/python3.8/site-packages/airflow/example_dags/example_short_circuit_operator.py
[2024-02-11T13:06:07.282+0000] {logging_mixin.py:188} INFO - [2024-02-11T13:06:07.282+0000] {dag.py:3036} INFO - Sync 1 DAGs
[2024-02-11T13:06:07.307+0000] {logging_mixin.py:188} INFO - [2024-02-11T13:06:07.307+0000] {dag.py:3823} INFO - Setting next_dagrun for example_short_circuit_operator to 2024-02-10 00:00:00+00:00, run_after=2024-02-11 00:00:00+00:00
[2024-02-11T13:06:07.329+0000] {processor.py:183} INFO - Processing /home/airflow/.local/lib/python3.8/site-packages/airflow/example_dags/example_short_circuit_operator.py took 0.077 seconds
[2024-02-11T13:06:38.273+0000] {processor.py:161} INFO - Started process (PID=127) to work on /home/airflow/.local/lib/python3.8/site-packages/airflow/example_dags/example_short_circuit_operator.py
[2024-02-11T13:06:38.275+0000] {processor.py:830} INFO - Processing file /home/airflow/.local/lib/python3.8/site-packages/airflow/example_dags/example_short_circuit_operator.py for tasks to queue
[2024-02-11T13:06:38.277+0000] {logging_mixin.py:188} INFO - [2024-02-11T13:06:38.277+0000] {dagbag.py:538} INFO - Filling up the DagBag from /home/airflow/.local/lib/python3.8/site-packages/airflow/example_dags/example_short_circuit_operator.py
[2024-02-11T13:06:38.287+0000] {processor.py:840} INFO - DAG(s) 'example_short_circuit_operator' retrieved from /home/airflow/.local/lib/python3.8/site-packages/airflow/example_dags/example_short_circuit_operator.py
[2024-02-11T13:06:38.307+0000] {logging_mixin.py:188} INFO - [2024-02-11T13:06:38.306+0000] {dag.py:3036} INFO - Sync 1 DAGs
[2024-02-11T13:06:38.341+0000] {logging_mixin.py:188} INFO - [2024-02-11T13:06:38.341+0000] {dag.py:3823} INFO - Setting next_dagrun for example_short_circuit_operator to 2024-02-10 00:00:00+00:00, run_after=2024-02-11 00:00:00+00:00
[2024-02-11T13:06:38.374+0000] {processor.py:183} INFO - Processing /home/airflow/.local/lib/python3.8/site-packages/airflow/example_dags/example_short_circuit_operator.py took 0.105 seconds
