[2024-02-11T12:55:00.303+0000] {processor.py:161} INFO - Started process (PID=81) to work on /home/airflow/.local/lib/python3.8/site-packages/airflow/example_dags/example_bash_operator.py
[2024-02-11T12:55:00.304+0000] {processor.py:830} INFO - Processing file /home/airflow/.local/lib/python3.8/site-packages/airflow/example_dags/example_bash_operator.py for tasks to queue
[2024-02-11T12:55:00.305+0000] {logging_mixin.py:188} INFO - [2024-02-11T12:55:00.305+0000] {dagbag.py:538} INFO - Filling up the DagBag from /home/airflow/.local/lib/python3.8/site-packages/airflow/example_dags/example_bash_operator.py
[2024-02-11T12:55:00.315+0000] {processor.py:840} INFO - DAG(s) 'example_bash_operator' retrieved from /home/airflow/.local/lib/python3.8/site-packages/airflow/example_dags/example_bash_operator.py
[2024-02-11T12:55:00.325+0000] {logging_mixin.py:188} INFO - [2024-02-11T12:55:00.325+0000] {dag.py:3036} INFO - Sync 1 DAGs
[2024-02-11T12:55:00.343+0000] {logging_mixin.py:188} INFO - [2024-02-11T12:55:00.342+0000] {dag.py:3823} INFO - Setting next_dagrun for example_bash_operator to 2024-02-10 00:00:00+00:00, run_after=2024-02-11 00:00:00+00:00
[2024-02-11T12:55:00.392+0000] {processor.py:183} INFO - Processing /home/airflow/.local/lib/python3.8/site-packages/airflow/example_dags/example_bash_operator.py took 0.091 seconds
[2024-02-11T12:55:32.499+0000] {processor.py:161} INFO - Started process (PID=136) to work on /home/airflow/.local/lib/python3.8/site-packages/airflow/example_dags/example_bash_operator.py
[2024-02-11T12:55:32.500+0000] {processor.py:830} INFO - Processing file /home/airflow/.local/lib/python3.8/site-packages/airflow/example_dags/example_bash_operator.py for tasks to queue
[2024-02-11T12:55:32.501+0000] {logging_mixin.py:188} INFO - [2024-02-11T12:55:32.501+0000] {dagbag.py:538} INFO - Filling up the DagBag from /home/airflow/.local/lib/python3.8/site-packages/airflow/example_dags/example_bash_operator.py
[2024-02-11T12:55:32.512+0000] {processor.py:840} INFO - DAG(s) 'example_bash_operator' retrieved from /home/airflow/.local/lib/python3.8/site-packages/airflow/example_dags/example_bash_operator.py
[2024-02-11T12:55:32.596+0000] {logging_mixin.py:188} INFO - [2024-02-11T12:55:32.596+0000] {dag.py:3036} INFO - Sync 1 DAGs
[2024-02-11T12:55:32.614+0000] {logging_mixin.py:188} INFO - [2024-02-11T12:55:32.614+0000] {dag.py:3823} INFO - Setting next_dagrun for example_bash_operator to 2024-02-10 00:00:00+00:00, run_after=2024-02-11 00:00:00+00:00
[2024-02-11T12:55:32.645+0000] {processor.py:183} INFO - Processing /home/airflow/.local/lib/python3.8/site-packages/airflow/example_dags/example_bash_operator.py took 0.149 seconds
[2024-02-11T12:56:03.153+0000] {processor.py:161} INFO - Started process (PID=191) to work on /home/airflow/.local/lib/python3.8/site-packages/airflow/example_dags/example_bash_operator.py
[2024-02-11T12:56:03.154+0000] {processor.py:830} INFO - Processing file /home/airflow/.local/lib/python3.8/site-packages/airflow/example_dags/example_bash_operator.py for tasks to queue
[2024-02-11T12:56:03.155+0000] {logging_mixin.py:188} INFO - [2024-02-11T12:56:03.155+0000] {dagbag.py:538} INFO - Filling up the DagBag from /home/airflow/.local/lib/python3.8/site-packages/airflow/example_dags/example_bash_operator.py
[2024-02-11T12:56:03.162+0000] {processor.py:840} INFO - DAG(s) 'example_bash_operator' retrieved from /home/airflow/.local/lib/python3.8/site-packages/airflow/example_dags/example_bash_operator.py
[2024-02-11T12:56:03.183+0000] {logging_mixin.py:188} INFO - [2024-02-11T12:56:03.183+0000] {dag.py:3036} INFO - Sync 1 DAGs
[2024-02-11T12:56:03.199+0000] {logging_mixin.py:188} INFO - [2024-02-11T12:56:03.199+0000] {dag.py:3823} INFO - Setting next_dagrun for example_bash_operator to 2024-02-10 00:00:00+00:00, run_after=2024-02-11 00:00:00+00:00
[2024-02-11T12:56:03.214+0000] {processor.py:183} INFO - Processing /home/airflow/.local/lib/python3.8/site-packages/airflow/example_dags/example_bash_operator.py took 0.062 seconds
[2024-02-11T12:56:34.949+0000] {processor.py:161} INFO - Started process (PID=246) to work on /home/airflow/.local/lib/python3.8/site-packages/airflow/example_dags/example_bash_operator.py
[2024-02-11T12:56:34.952+0000] {processor.py:830} INFO - Processing file /home/airflow/.local/lib/python3.8/site-packages/airflow/example_dags/example_bash_operator.py for tasks to queue
[2024-02-11T12:56:34.956+0000] {logging_mixin.py:188} INFO - [2024-02-11T12:56:34.955+0000] {dagbag.py:538} INFO - Filling up the DagBag from /home/airflow/.local/lib/python3.8/site-packages/airflow/example_dags/example_bash_operator.py
[2024-02-11T12:56:34.994+0000] {processor.py:840} INFO - DAG(s) 'example_bash_operator' retrieved from /home/airflow/.local/lib/python3.8/site-packages/airflow/example_dags/example_bash_operator.py
[2024-02-11T12:56:35.068+0000] {logging_mixin.py:188} INFO - [2024-02-11T12:56:35.067+0000] {dag.py:3036} INFO - Sync 1 DAGs
[2024-02-11T12:56:35.132+0000] {logging_mixin.py:188} INFO - [2024-02-11T12:56:35.131+0000] {dag.py:3823} INFO - Setting next_dagrun for example_bash_operator to 2024-02-10 00:00:00+00:00, run_after=2024-02-11 00:00:00+00:00
[2024-02-11T12:56:35.190+0000] {processor.py:183} INFO - Processing /home/airflow/.local/lib/python3.8/site-packages/airflow/example_dags/example_bash_operator.py took 0.249 seconds
[2024-02-11T12:57:05.688+0000] {processor.py:161} INFO - Started process (PID=301) to work on /home/airflow/.local/lib/python3.8/site-packages/airflow/example_dags/example_bash_operator.py
[2024-02-11T12:57:05.690+0000] {processor.py:830} INFO - Processing file /home/airflow/.local/lib/python3.8/site-packages/airflow/example_dags/example_bash_operator.py for tasks to queue
[2024-02-11T12:57:05.693+0000] {logging_mixin.py:188} INFO - [2024-02-11T12:57:05.692+0000] {dagbag.py:538} INFO - Filling up the DagBag from /home/airflow/.local/lib/python3.8/site-packages/airflow/example_dags/example_bash_operator.py
[2024-02-11T12:57:05.716+0000] {processor.py:840} INFO - DAG(s) 'example_bash_operator' retrieved from /home/airflow/.local/lib/python3.8/site-packages/airflow/example_dags/example_bash_operator.py
[2024-02-11T12:57:05.749+0000] {logging_mixin.py:188} INFO - [2024-02-11T12:57:05.748+0000] {dag.py:3036} INFO - Sync 1 DAGs
[2024-02-11T12:57:05.815+0000] {logging_mixin.py:188} INFO - [2024-02-11T12:57:05.814+0000] {dag.py:3823} INFO - Setting next_dagrun for example_bash_operator to 2024-02-10 00:00:00+00:00, run_after=2024-02-11 00:00:00+00:00
[2024-02-11T12:57:05.862+0000] {processor.py:183} INFO - Processing /home/airflow/.local/lib/python3.8/site-packages/airflow/example_dags/example_bash_operator.py took 0.180 seconds
[2024-02-11T12:57:40.321+0000] {processor.py:161} INFO - Started process (PID=362) to work on /home/airflow/.local/lib/python3.8/site-packages/airflow/example_dags/example_bash_operator.py
[2024-02-11T12:57:40.322+0000] {processor.py:830} INFO - Processing file /home/airflow/.local/lib/python3.8/site-packages/airflow/example_dags/example_bash_operator.py for tasks to queue
[2024-02-11T12:57:40.325+0000] {logging_mixin.py:188} INFO - [2024-02-11T12:57:40.325+0000] {dagbag.py:538} INFO - Filling up the DagBag from /home/airflow/.local/lib/python3.8/site-packages/airflow/example_dags/example_bash_operator.py
[2024-02-11T12:57:40.345+0000] {processor.py:840} INFO - DAG(s) 'example_bash_operator' retrieved from /home/airflow/.local/lib/python3.8/site-packages/airflow/example_dags/example_bash_operator.py
[2024-02-11T12:57:40.578+0000] {logging_mixin.py:188} INFO - [2024-02-11T12:57:40.578+0000] {dag.py:3036} INFO - Sync 1 DAGs
[2024-02-11T12:57:40.636+0000] {logging_mixin.py:188} INFO - [2024-02-11T12:57:40.636+0000] {dag.py:3823} INFO - Setting next_dagrun for example_bash_operator to 2024-02-10 00:00:00+00:00, run_after=2024-02-11 00:00:00+00:00
[2024-02-11T12:57:40.686+0000] {processor.py:183} INFO - Processing /home/airflow/.local/lib/python3.8/site-packages/airflow/example_dags/example_bash_operator.py took 0.370 seconds
[2024-02-11T12:58:11.561+0000] {processor.py:161} INFO - Started process (PID=417) to work on /home/airflow/.local/lib/python3.8/site-packages/airflow/example_dags/example_bash_operator.py
[2024-02-11T12:58:11.563+0000] {processor.py:830} INFO - Processing file /home/airflow/.local/lib/python3.8/site-packages/airflow/example_dags/example_bash_operator.py for tasks to queue
[2024-02-11T12:58:11.565+0000] {logging_mixin.py:188} INFO - [2024-02-11T12:58:11.565+0000] {dagbag.py:538} INFO - Filling up the DagBag from /home/airflow/.local/lib/python3.8/site-packages/airflow/example_dags/example_bash_operator.py
[2024-02-11T12:58:11.588+0000] {processor.py:840} INFO - DAG(s) 'example_bash_operator' retrieved from /home/airflow/.local/lib/python3.8/site-packages/airflow/example_dags/example_bash_operator.py
[2024-02-11T12:58:11.661+0000] {logging_mixin.py:188} INFO - [2024-02-11T12:58:11.661+0000] {dag.py:3036} INFO - Sync 1 DAGs
[2024-02-11T12:58:11.711+0000] {logging_mixin.py:188} INFO - [2024-02-11T12:58:11.710+0000] {dag.py:3823} INFO - Setting next_dagrun for example_bash_operator to 2024-02-10 00:00:00+00:00, run_after=2024-02-11 00:00:00+00:00
[2024-02-11T12:58:11.751+0000] {processor.py:183} INFO - Processing /home/airflow/.local/lib/python3.8/site-packages/airflow/example_dags/example_bash_operator.py took 0.195 seconds
[2024-02-11T12:58:41.948+0000] {processor.py:161} INFO - Started process (PID=472) to work on /home/airflow/.local/lib/python3.8/site-packages/airflow/example_dags/example_bash_operator.py
[2024-02-11T12:58:41.949+0000] {processor.py:830} INFO - Processing file /home/airflow/.local/lib/python3.8/site-packages/airflow/example_dags/example_bash_operator.py for tasks to queue
[2024-02-11T12:58:41.952+0000] {logging_mixin.py:188} INFO - [2024-02-11T12:58:41.951+0000] {dagbag.py:538} INFO - Filling up the DagBag from /home/airflow/.local/lib/python3.8/site-packages/airflow/example_dags/example_bash_operator.py
[2024-02-11T12:58:41.971+0000] {processor.py:840} INFO - DAG(s) 'example_bash_operator' retrieved from /home/airflow/.local/lib/python3.8/site-packages/airflow/example_dags/example_bash_operator.py
[2024-02-11T12:58:42.034+0000] {logging_mixin.py:188} INFO - [2024-02-11T12:58:42.033+0000] {dag.py:3036} INFO - Sync 1 DAGs
[2024-02-11T12:58:42.092+0000] {logging_mixin.py:188} INFO - [2024-02-11T12:58:42.092+0000] {dag.py:3823} INFO - Setting next_dagrun for example_bash_operator to 2024-02-10 00:00:00+00:00, run_after=2024-02-11 00:00:00+00:00
[2024-02-11T12:58:42.133+0000] {processor.py:183} INFO - Processing /home/airflow/.local/lib/python3.8/site-packages/airflow/example_dags/example_bash_operator.py took 0.191 seconds
[2024-02-11T12:59:12.700+0000] {processor.py:161} INFO - Started process (PID=528) to work on /home/airflow/.local/lib/python3.8/site-packages/airflow/example_dags/example_bash_operator.py
[2024-02-11T12:59:12.703+0000] {processor.py:830} INFO - Processing file /home/airflow/.local/lib/python3.8/site-packages/airflow/example_dags/example_bash_operator.py for tasks to queue
[2024-02-11T12:59:12.711+0000] {logging_mixin.py:188} INFO - [2024-02-11T12:59:12.709+0000] {dagbag.py:538} INFO - Filling up the DagBag from /home/airflow/.local/lib/python3.8/site-packages/airflow/example_dags/example_bash_operator.py
[2024-02-11T12:59:12.749+0000] {processor.py:840} INFO - DAG(s) 'example_bash_operator' retrieved from /home/airflow/.local/lib/python3.8/site-packages/airflow/example_dags/example_bash_operator.py
[2024-02-11T12:59:12.859+0000] {logging_mixin.py:188} INFO - [2024-02-11T12:59:12.858+0000] {dag.py:3036} INFO - Sync 1 DAGs
[2024-02-11T12:59:12.941+0000] {logging_mixin.py:188} INFO - [2024-02-11T12:59:12.940+0000] {dag.py:3823} INFO - Setting next_dagrun for example_bash_operator to 2024-02-10 00:00:00+00:00, run_after=2024-02-11 00:00:00+00:00
[2024-02-11T12:59:12.999+0000] {processor.py:183} INFO - Processing /home/airflow/.local/lib/python3.8/site-packages/airflow/example_dags/example_bash_operator.py took 0.308 seconds
[2024-02-11T12:59:43.735+0000] {processor.py:161} INFO - Started process (PID=584) to work on /home/airflow/.local/lib/python3.8/site-packages/airflow/example_dags/example_bash_operator.py
[2024-02-11T12:59:43.738+0000] {processor.py:830} INFO - Processing file /home/airflow/.local/lib/python3.8/site-packages/airflow/example_dags/example_bash_operator.py for tasks to queue
[2024-02-11T12:59:43.743+0000] {logging_mixin.py:188} INFO - [2024-02-11T12:59:43.742+0000] {dagbag.py:538} INFO - Filling up the DagBag from /home/airflow/.local/lib/python3.8/site-packages/airflow/example_dags/example_bash_operator.py
[2024-02-11T12:59:43.782+0000] {processor.py:840} INFO - DAG(s) 'example_bash_operator' retrieved from /home/airflow/.local/lib/python3.8/site-packages/airflow/example_dags/example_bash_operator.py
[2024-02-11T12:59:43.863+0000] {logging_mixin.py:188} INFO - [2024-02-11T12:59:43.862+0000] {dag.py:3036} INFO - Sync 1 DAGs
[2024-02-11T12:59:43.940+0000] {logging_mixin.py:188} INFO - [2024-02-11T12:59:43.939+0000] {dag.py:3823} INFO - Setting next_dagrun for example_bash_operator to 2024-02-10 00:00:00+00:00, run_after=2024-02-11 00:00:00+00:00
[2024-02-11T12:59:43.995+0000] {processor.py:183} INFO - Processing /home/airflow/.local/lib/python3.8/site-packages/airflow/example_dags/example_bash_operator.py took 0.269 seconds
[2024-02-11T13:00:14.168+0000] {processor.py:161} INFO - Started process (PID=639) to work on /home/airflow/.local/lib/python3.8/site-packages/airflow/example_dags/example_bash_operator.py
[2024-02-11T13:00:14.170+0000] {processor.py:830} INFO - Processing file /home/airflow/.local/lib/python3.8/site-packages/airflow/example_dags/example_bash_operator.py for tasks to queue
[2024-02-11T13:00:14.175+0000] {logging_mixin.py:188} INFO - [2024-02-11T13:00:14.174+0000] {dagbag.py:538} INFO - Filling up the DagBag from /home/airflow/.local/lib/python3.8/site-packages/airflow/example_dags/example_bash_operator.py
[2024-02-11T13:00:14.213+0000] {processor.py:840} INFO - DAG(s) 'example_bash_operator' retrieved from /home/airflow/.local/lib/python3.8/site-packages/airflow/example_dags/example_bash_operator.py
[2024-02-11T13:00:14.307+0000] {logging_mixin.py:188} INFO - [2024-02-11T13:00:14.307+0000] {dag.py:3036} INFO - Sync 1 DAGs
[2024-02-11T13:00:14.395+0000] {logging_mixin.py:188} INFO - [2024-02-11T13:00:14.394+0000] {dag.py:3823} INFO - Setting next_dagrun for example_bash_operator to 2024-02-10 00:00:00+00:00, run_after=2024-02-11 00:00:00+00:00
[2024-02-11T13:00:14.460+0000] {processor.py:183} INFO - Processing /home/airflow/.local/lib/python3.8/site-packages/airflow/example_dags/example_bash_operator.py took 0.302 seconds
[2024-02-11T13:00:44.750+0000] {processor.py:161} INFO - Started process (PID=694) to work on /home/airflow/.local/lib/python3.8/site-packages/airflow/example_dags/example_bash_operator.py
[2024-02-11T13:00:44.751+0000] {processor.py:830} INFO - Processing file /home/airflow/.local/lib/python3.8/site-packages/airflow/example_dags/example_bash_operator.py for tasks to queue
[2024-02-11T13:00:44.752+0000] {logging_mixin.py:188} INFO - [2024-02-11T13:00:44.752+0000] {dagbag.py:538} INFO - Filling up the DagBag from /home/airflow/.local/lib/python3.8/site-packages/airflow/example_dags/example_bash_operator.py
[2024-02-11T13:00:44.760+0000] {processor.py:840} INFO - DAG(s) 'example_bash_operator' retrieved from /home/airflow/.local/lib/python3.8/site-packages/airflow/example_dags/example_bash_operator.py
[2024-02-11T13:00:44.783+0000] {logging_mixin.py:188} INFO - [2024-02-11T13:00:44.783+0000] {dag.py:3036} INFO - Sync 1 DAGs
[2024-02-11T13:00:44.803+0000] {logging_mixin.py:188} INFO - [2024-02-11T13:00:44.803+0000] {dag.py:3823} INFO - Setting next_dagrun for example_bash_operator to 2024-02-10 00:00:00+00:00, run_after=2024-02-11 00:00:00+00:00
[2024-02-11T13:00:44.825+0000] {processor.py:183} INFO - Processing /home/airflow/.local/lib/python3.8/site-packages/airflow/example_dags/example_bash_operator.py took 0.078 seconds
[2024-02-11T13:06:07.712+0000] {processor.py:161} INFO - Started process (PID=80) to work on /home/airflow/.local/lib/python3.8/site-packages/airflow/example_dags/example_bash_operator.py
[2024-02-11T13:06:07.713+0000] {processor.py:830} INFO - Processing file /home/airflow/.local/lib/python3.8/site-packages/airflow/example_dags/example_bash_operator.py for tasks to queue
[2024-02-11T13:06:07.715+0000] {logging_mixin.py:188} INFO - [2024-02-11T13:06:07.714+0000] {dagbag.py:538} INFO - Filling up the DagBag from /home/airflow/.local/lib/python3.8/site-packages/airflow/example_dags/example_bash_operator.py
[2024-02-11T13:06:07.727+0000] {processor.py:840} INFO - DAG(s) 'example_bash_operator' retrieved from /home/airflow/.local/lib/python3.8/site-packages/airflow/example_dags/example_bash_operator.py
[2024-02-11T13:06:07.739+0000] {logging_mixin.py:188} INFO - [2024-02-11T13:06:07.739+0000] {dag.py:3036} INFO - Sync 1 DAGs
[2024-02-11T13:06:07.763+0000] {logging_mixin.py:188} INFO - [2024-02-11T13:06:07.762+0000] {dag.py:3823} INFO - Setting next_dagrun for example_bash_operator to 2024-02-10 00:00:00+00:00, run_after=2024-02-11 00:00:00+00:00
[2024-02-11T13:06:07.780+0000] {processor.py:183} INFO - Processing /home/airflow/.local/lib/python3.8/site-packages/airflow/example_dags/example_bash_operator.py took 0.070 seconds
[2024-02-11T13:06:38.838+0000] {processor.py:161} INFO - Started process (PID=135) to work on /home/airflow/.local/lib/python3.8/site-packages/airflow/example_dags/example_bash_operator.py
[2024-02-11T13:06:38.840+0000] {processor.py:830} INFO - Processing file /home/airflow/.local/lib/python3.8/site-packages/airflow/example_dags/example_bash_operator.py for tasks to queue
[2024-02-11T13:06:38.842+0000] {logging_mixin.py:188} INFO - [2024-02-11T13:06:38.841+0000] {dagbag.py:538} INFO - Filling up the DagBag from /home/airflow/.local/lib/python3.8/site-packages/airflow/example_dags/example_bash_operator.py
[2024-02-11T13:06:38.857+0000] {processor.py:840} INFO - DAG(s) 'example_bash_operator' retrieved from /home/airflow/.local/lib/python3.8/site-packages/airflow/example_dags/example_bash_operator.py
[2024-02-11T13:06:39.304+0000] {logging_mixin.py:188} INFO - [2024-02-11T13:06:39.304+0000] {process_utils.py:262} INFO - Waiting up to 5 seconds for processes to exit...
