[2024-02-11T12:54:58.551+0000] {processor.py:161} INFO - Started process (PID=57) to work on /home/airflow/.local/lib/python3.8/site-packages/airflow/example_dags/example_latest_only.py
[2024-02-11T12:54:58.552+0000] {processor.py:830} INFO - Processing file /home/airflow/.local/lib/python3.8/site-packages/airflow/example_dags/example_latest_only.py for tasks to queue
[2024-02-11T12:54:58.553+0000] {logging_mixin.py:188} INFO - [2024-02-11T12:54:58.553+0000] {dagbag.py:538} INFO - Filling up the DagBag from /home/airflow/.local/lib/python3.8/site-packages/airflow/example_dags/example_latest_only.py
[2024-02-11T12:54:58.570+0000] {processor.py:840} INFO - DAG(s) 'latest_only' retrieved from /home/airflow/.local/lib/python3.8/site-packages/airflow/example_dags/example_latest_only.py
[2024-02-11T12:54:58.605+0000] {logging_mixin.py:188} INFO - [2024-02-11T12:54:58.605+0000] {dag.py:3036} INFO - Sync 1 DAGs
[2024-02-11T12:54:58.628+0000] {logging_mixin.py:188} INFO - [2024-02-11T12:54:58.627+0000] {dag.py:3823} INFO - Setting next_dagrun for latest_only to 2024-02-11 08:00:00+00:00, run_after=2024-02-11 12:00:00+00:00
[2024-02-11T12:54:58.647+0000] {processor.py:183} INFO - Processing /home/airflow/.local/lib/python3.8/site-packages/airflow/example_dags/example_latest_only.py took 0.099 seconds
[2024-02-11T12:55:29.839+0000] {processor.py:161} INFO - Started process (PID=112) to work on /home/airflow/.local/lib/python3.8/site-packages/airflow/example_dags/example_latest_only.py
[2024-02-11T12:55:29.840+0000] {processor.py:830} INFO - Processing file /home/airflow/.local/lib/python3.8/site-packages/airflow/example_dags/example_latest_only.py for tasks to queue
[2024-02-11T12:55:29.841+0000] {logging_mixin.py:188} INFO - [2024-02-11T12:55:29.840+0000] {dagbag.py:538} INFO - Filling up the DagBag from /home/airflow/.local/lib/python3.8/site-packages/airflow/example_dags/example_latest_only.py
[2024-02-11T12:55:29.844+0000] {processor.py:840} INFO - DAG(s) 'latest_only' retrieved from /home/airflow/.local/lib/python3.8/site-packages/airflow/example_dags/example_latest_only.py
[2024-02-11T12:55:29.940+0000] {logging_mixin.py:188} INFO - [2024-02-11T12:55:29.939+0000] {dag.py:3036} INFO - Sync 1 DAGs
[2024-02-11T12:55:29.957+0000] {logging_mixin.py:188} INFO - [2024-02-11T12:55:29.957+0000] {dag.py:3823} INFO - Setting next_dagrun for latest_only to 2024-02-11 08:00:00+00:00, run_after=2024-02-11 12:00:00+00:00
[2024-02-11T12:55:29.973+0000] {processor.py:183} INFO - Processing /home/airflow/.local/lib/python3.8/site-packages/airflow/example_dags/example_latest_only.py took 0.136 seconds
[2024-02-11T12:56:00.169+0000] {processor.py:161} INFO - Started process (PID=167) to work on /home/airflow/.local/lib/python3.8/site-packages/airflow/example_dags/example_latest_only.py
[2024-02-11T12:56:00.170+0000] {processor.py:830} INFO - Processing file /home/airflow/.local/lib/python3.8/site-packages/airflow/example_dags/example_latest_only.py for tasks to queue
[2024-02-11T12:56:00.171+0000] {logging_mixin.py:188} INFO - [2024-02-11T12:56:00.171+0000] {dagbag.py:538} INFO - Filling up the DagBag from /home/airflow/.local/lib/python3.8/site-packages/airflow/example_dags/example_latest_only.py
[2024-02-11T12:56:00.174+0000] {processor.py:840} INFO - DAG(s) 'latest_only' retrieved from /home/airflow/.local/lib/python3.8/site-packages/airflow/example_dags/example_latest_only.py
[2024-02-11T12:56:00.187+0000] {logging_mixin.py:188} INFO - [2024-02-11T12:56:00.187+0000] {dag.py:3036} INFO - Sync 1 DAGs
[2024-02-11T12:56:00.201+0000] {logging_mixin.py:188} INFO - [2024-02-11T12:56:00.201+0000] {dag.py:3823} INFO - Setting next_dagrun for latest_only to 2024-02-11 08:00:00+00:00, run_after=2024-02-11 12:00:00+00:00
[2024-02-11T12:56:00.213+0000] {processor.py:183} INFO - Processing /home/airflow/.local/lib/python3.8/site-packages/airflow/example_dags/example_latest_only.py took 0.046 seconds
[2024-02-11T12:56:31.439+0000] {processor.py:161} INFO - Started process (PID=222) to work on /home/airflow/.local/lib/python3.8/site-packages/airflow/example_dags/example_latest_only.py
[2024-02-11T12:56:31.440+0000] {processor.py:830} INFO - Processing file /home/airflow/.local/lib/python3.8/site-packages/airflow/example_dags/example_latest_only.py for tasks to queue
[2024-02-11T12:56:31.444+0000] {logging_mixin.py:188} INFO - [2024-02-11T12:56:31.443+0000] {dagbag.py:538} INFO - Filling up the DagBag from /home/airflow/.local/lib/python3.8/site-packages/airflow/example_dags/example_latest_only.py
[2024-02-11T12:56:31.453+0000] {processor.py:840} INFO - DAG(s) 'latest_only' retrieved from /home/airflow/.local/lib/python3.8/site-packages/airflow/example_dags/example_latest_only.py
[2024-02-11T12:56:31.511+0000] {logging_mixin.py:188} INFO - [2024-02-11T12:56:31.510+0000] {dag.py:3036} INFO - Sync 1 DAGs
[2024-02-11T12:56:31.578+0000] {logging_mixin.py:188} INFO - [2024-02-11T12:56:31.578+0000] {dag.py:3823} INFO - Setting next_dagrun for latest_only to 2024-02-11 08:00:00+00:00, run_after=2024-02-11 12:00:00+00:00
[2024-02-11T12:56:31.642+0000] {processor.py:183} INFO - Processing /home/airflow/.local/lib/python3.8/site-packages/airflow/example_dags/example_latest_only.py took 0.209 seconds
[2024-02-11T12:57:01.748+0000] {processor.py:161} INFO - Started process (PID=277) to work on /home/airflow/.local/lib/python3.8/site-packages/airflow/example_dags/example_latest_only.py
[2024-02-11T12:57:01.750+0000] {processor.py:830} INFO - Processing file /home/airflow/.local/lib/python3.8/site-packages/airflow/example_dags/example_latest_only.py for tasks to queue
[2024-02-11T12:57:01.754+0000] {logging_mixin.py:188} INFO - [2024-02-11T12:57:01.754+0000] {dagbag.py:538} INFO - Filling up the DagBag from /home/airflow/.local/lib/python3.8/site-packages/airflow/example_dags/example_latest_only.py
[2024-02-11T12:57:01.769+0000] {processor.py:840} INFO - DAG(s) 'latest_only' retrieved from /home/airflow/.local/lib/python3.8/site-packages/airflow/example_dags/example_latest_only.py
[2024-02-11T12:57:01.799+0000] {logging_mixin.py:188} INFO - [2024-02-11T12:57:01.798+0000] {dag.py:3036} INFO - Sync 1 DAGs
[2024-02-11T12:57:01.869+0000] {logging_mixin.py:188} INFO - [2024-02-11T12:57:01.868+0000] {dag.py:3823} INFO - Setting next_dagrun for latest_only to 2024-02-11 08:00:00+00:00, run_after=2024-02-11 12:00:00+00:00
[2024-02-11T12:57:01.932+0000] {processor.py:183} INFO - Processing /home/airflow/.local/lib/python3.8/site-packages/airflow/example_dags/example_latest_only.py took 0.193 seconds
[2024-02-11T12:57:34.820+0000] {processor.py:161} INFO - Started process (PID=332) to work on /home/airflow/.local/lib/python3.8/site-packages/airflow/example_dags/example_latest_only.py
[2024-02-11T12:57:34.823+0000] {processor.py:830} INFO - Processing file /home/airflow/.local/lib/python3.8/site-packages/airflow/example_dags/example_latest_only.py for tasks to queue
[2024-02-11T12:57:34.827+0000] {logging_mixin.py:188} INFO - [2024-02-11T12:57:34.826+0000] {dagbag.py:538} INFO - Filling up the DagBag from /home/airflow/.local/lib/python3.8/site-packages/airflow/example_dags/example_latest_only.py
[2024-02-11T12:57:34.841+0000] {processor.py:840} INFO - DAG(s) 'latest_only' retrieved from /home/airflow/.local/lib/python3.8/site-packages/airflow/example_dags/example_latest_only.py
[2024-02-11T12:57:35.211+0000] {logging_mixin.py:188} INFO - [2024-02-11T12:57:35.210+0000] {dag.py:3036} INFO - Sync 1 DAGs
[2024-02-11T12:57:35.268+0000] {logging_mixin.py:188} INFO - [2024-02-11T12:57:35.268+0000] {dag.py:3823} INFO - Setting next_dagrun for latest_only to 2024-02-11 08:00:00+00:00, run_after=2024-02-11 12:00:00+00:00
[2024-02-11T12:57:35.324+0000] {processor.py:183} INFO - Processing /home/airflow/.local/lib/python3.8/site-packages/airflow/example_dags/example_latest_only.py took 0.512 seconds
[2024-02-11T12:58:05.449+0000] {processor.py:161} INFO - Started process (PID=387) to work on /home/airflow/.local/lib/python3.8/site-packages/airflow/example_dags/example_latest_only.py
[2024-02-11T12:58:05.453+0000] {processor.py:830} INFO - Processing file /home/airflow/.local/lib/python3.8/site-packages/airflow/example_dags/example_latest_only.py for tasks to queue
[2024-02-11T12:58:05.458+0000] {logging_mixin.py:188} INFO - [2024-02-11T12:58:05.457+0000] {dagbag.py:538} INFO - Filling up the DagBag from /home/airflow/.local/lib/python3.8/site-packages/airflow/example_dags/example_latest_only.py
[2024-02-11T12:58:05.472+0000] {processor.py:840} INFO - DAG(s) 'latest_only' retrieved from /home/airflow/.local/lib/python3.8/site-packages/airflow/example_dags/example_latest_only.py
[2024-02-11T12:58:05.534+0000] {logging_mixin.py:188} INFO - [2024-02-11T12:58:05.534+0000] {dag.py:3036} INFO - Sync 1 DAGs
[2024-02-11T12:58:05.605+0000] {logging_mixin.py:188} INFO - [2024-02-11T12:58:05.604+0000] {dag.py:3823} INFO - Setting next_dagrun for latest_only to 2024-02-11 08:00:00+00:00, run_after=2024-02-11 12:00:00+00:00
[2024-02-11T12:58:05.659+0000] {processor.py:183} INFO - Processing /home/airflow/.local/lib/python3.8/site-packages/airflow/example_dags/example_latest_only.py took 0.219 seconds
[2024-02-11T12:58:36.342+0000] {processor.py:161} INFO - Started process (PID=442) to work on /home/airflow/.local/lib/python3.8/site-packages/airflow/example_dags/example_latest_only.py
[2024-02-11T12:58:36.344+0000] {processor.py:830} INFO - Processing file /home/airflow/.local/lib/python3.8/site-packages/airflow/example_dags/example_latest_only.py for tasks to queue
[2024-02-11T12:58:36.347+0000] {logging_mixin.py:188} INFO - [2024-02-11T12:58:36.346+0000] {dagbag.py:538} INFO - Filling up the DagBag from /home/airflow/.local/lib/python3.8/site-packages/airflow/example_dags/example_latest_only.py
[2024-02-11T12:58:36.355+0000] {processor.py:840} INFO - DAG(s) 'latest_only' retrieved from /home/airflow/.local/lib/python3.8/site-packages/airflow/example_dags/example_latest_only.py
[2024-02-11T12:58:36.393+0000] {logging_mixin.py:188} INFO - [2024-02-11T12:58:36.393+0000] {dag.py:3036} INFO - Sync 1 DAGs
[2024-02-11T12:58:36.446+0000] {logging_mixin.py:188} INFO - [2024-02-11T12:58:36.446+0000] {dag.py:3823} INFO - Setting next_dagrun for latest_only to 2024-02-11 08:00:00+00:00, run_after=2024-02-11 12:00:00+00:00
[2024-02-11T12:58:36.499+0000] {processor.py:183} INFO - Processing /home/airflow/.local/lib/python3.8/site-packages/airflow/example_dags/example_latest_only.py took 0.162 seconds
[2024-02-11T12:59:07.283+0000] {processor.py:161} INFO - Started process (PID=497) to work on /home/airflow/.local/lib/python3.8/site-packages/airflow/example_dags/example_latest_only.py
[2024-02-11T12:59:07.285+0000] {processor.py:830} INFO - Processing file /home/airflow/.local/lib/python3.8/site-packages/airflow/example_dags/example_latest_only.py for tasks to queue
[2024-02-11T12:59:07.288+0000] {logging_mixin.py:188} INFO - [2024-02-11T12:59:07.288+0000] {dagbag.py:538} INFO - Filling up the DagBag from /home/airflow/.local/lib/python3.8/site-packages/airflow/example_dags/example_latest_only.py
[2024-02-11T12:59:07.298+0000] {processor.py:840} INFO - DAG(s) 'latest_only' retrieved from /home/airflow/.local/lib/python3.8/site-packages/airflow/example_dags/example_latest_only.py
[2024-02-11T12:59:07.354+0000] {logging_mixin.py:188} INFO - [2024-02-11T12:59:07.354+0000] {dag.py:3036} INFO - Sync 1 DAGs
[2024-02-11T12:59:07.411+0000] {logging_mixin.py:188} INFO - [2024-02-11T12:59:07.411+0000] {dag.py:3823} INFO - Setting next_dagrun for latest_only to 2024-02-11 08:00:00+00:00, run_after=2024-02-11 12:00:00+00:00
[2024-02-11T12:59:07.467+0000] {processor.py:183} INFO - Processing /home/airflow/.local/lib/python3.8/site-packages/airflow/example_dags/example_latest_only.py took 0.192 seconds
[2024-02-11T12:59:37.592+0000] {processor.py:161} INFO - Started process (PID=553) to work on /home/airflow/.local/lib/python3.8/site-packages/airflow/example_dags/example_latest_only.py
[2024-02-11T12:59:37.595+0000] {processor.py:830} INFO - Processing file /home/airflow/.local/lib/python3.8/site-packages/airflow/example_dags/example_latest_only.py for tasks to queue
[2024-02-11T12:59:37.599+0000] {logging_mixin.py:188} INFO - [2024-02-11T12:59:37.598+0000] {dagbag.py:538} INFO - Filling up the DagBag from /home/airflow/.local/lib/python3.8/site-packages/airflow/example_dags/example_latest_only.py
[2024-02-11T12:59:37.613+0000] {processor.py:840} INFO - DAG(s) 'latest_only' retrieved from /home/airflow/.local/lib/python3.8/site-packages/airflow/example_dags/example_latest_only.py
[2024-02-11T12:59:37.674+0000] {logging_mixin.py:188} INFO - [2024-02-11T12:59:37.673+0000] {dag.py:3036} INFO - Sync 1 DAGs
[2024-02-11T12:59:37.756+0000] {logging_mixin.py:188} INFO - [2024-02-11T12:59:37.756+0000] {dag.py:3823} INFO - Setting next_dagrun for latest_only to 2024-02-11 08:00:00+00:00, run_after=2024-02-11 12:00:00+00:00
[2024-02-11T12:59:37.820+0000] {processor.py:183} INFO - Processing /home/airflow/.local/lib/python3.8/site-packages/airflow/example_dags/example_latest_only.py took 0.236 seconds
[2024-02-11T13:00:08.449+0000] {processor.py:161} INFO - Started process (PID=609) to work on /home/airflow/.local/lib/python3.8/site-packages/airflow/example_dags/example_latest_only.py
[2024-02-11T13:00:08.452+0000] {processor.py:830} INFO - Processing file /home/airflow/.local/lib/python3.8/site-packages/airflow/example_dags/example_latest_only.py for tasks to queue
[2024-02-11T13:00:08.457+0000] {logging_mixin.py:188} INFO - [2024-02-11T13:00:08.456+0000] {dagbag.py:538} INFO - Filling up the DagBag from /home/airflow/.local/lib/python3.8/site-packages/airflow/example_dags/example_latest_only.py
[2024-02-11T13:00:08.469+0000] {processor.py:840} INFO - DAG(s) 'latest_only' retrieved from /home/airflow/.local/lib/python3.8/site-packages/airflow/example_dags/example_latest_only.py
[2024-02-11T13:00:08.530+0000] {logging_mixin.py:188} INFO - [2024-02-11T13:00:08.529+0000] {dag.py:3036} INFO - Sync 1 DAGs
[2024-02-11T13:00:08.609+0000] {logging_mixin.py:188} INFO - [2024-02-11T13:00:08.608+0000] {dag.py:3823} INFO - Setting next_dagrun for latest_only to 2024-02-11 08:00:00+00:00, run_after=2024-02-11 12:00:00+00:00
[2024-02-11T13:00:08.670+0000] {processor.py:183} INFO - Processing /home/airflow/.local/lib/python3.8/site-packages/airflow/example_dags/example_latest_only.py took 0.226 seconds
[2024-02-11T13:00:38.796+0000] {processor.py:161} INFO - Started process (PID=664) to work on /home/airflow/.local/lib/python3.8/site-packages/airflow/example_dags/example_latest_only.py
[2024-02-11T13:00:38.798+0000] {processor.py:830} INFO - Processing file /home/airflow/.local/lib/python3.8/site-packages/airflow/example_dags/example_latest_only.py for tasks to queue
[2024-02-11T13:00:38.802+0000] {logging_mixin.py:188} INFO - [2024-02-11T13:00:38.801+0000] {dagbag.py:538} INFO - Filling up the DagBag from /home/airflow/.local/lib/python3.8/site-packages/airflow/example_dags/example_latest_only.py
[2024-02-11T13:00:38.815+0000] {processor.py:840} INFO - DAG(s) 'latest_only' retrieved from /home/airflow/.local/lib/python3.8/site-packages/airflow/example_dags/example_latest_only.py
[2024-02-11T13:00:38.874+0000] {logging_mixin.py:188} INFO - [2024-02-11T13:00:38.873+0000] {dag.py:3036} INFO - Sync 1 DAGs
[2024-02-11T13:00:38.940+0000] {logging_mixin.py:188} INFO - [2024-02-11T13:00:38.939+0000] {dag.py:3823} INFO - Setting next_dagrun for latest_only to 2024-02-11 08:00:00+00:00, run_after=2024-02-11 12:00:00+00:00
[2024-02-11T13:00:38.997+0000] {processor.py:183} INFO - Processing /home/airflow/.local/lib/python3.8/site-packages/airflow/example_dags/example_latest_only.py took 0.208 seconds
[2024-02-11T13:01:09.911+0000] {processor.py:161} INFO - Started process (PID=725) to work on /home/airflow/.local/lib/python3.8/site-packages/airflow/example_dags/example_latest_only.py
[2024-02-11T13:01:09.913+0000] {processor.py:830} INFO - Processing file /home/airflow/.local/lib/python3.8/site-packages/airflow/example_dags/example_latest_only.py for tasks to queue
[2024-02-11T13:01:09.917+0000] {logging_mixin.py:188} INFO - [2024-02-11T13:01:09.916+0000] {dagbag.py:538} INFO - Filling up the DagBag from /home/airflow/.local/lib/python3.8/site-packages/airflow/example_dags/example_latest_only.py
[2024-02-11T13:01:09.922+0000] {processor.py:840} INFO - DAG(s) 'latest_only' retrieved from /home/airflow/.local/lib/python3.8/site-packages/airflow/example_dags/example_latest_only.py
[2024-02-11T13:01:09.940+0000] {logging_mixin.py:188} INFO - [2024-02-11T13:01:09.939+0000] {dag.py:3036} INFO - Sync 1 DAGs
[2024-02-11T13:01:09.959+0000] {logging_mixin.py:188} INFO - [2024-02-11T13:01:09.959+0000] {dag.py:3823} INFO - Setting next_dagrun for latest_only to 2024-02-11 08:00:00+00:00, run_after=2024-02-11 12:00:00+00:00
[2024-02-11T13:01:09.977+0000] {processor.py:183} INFO - Processing /home/airflow/.local/lib/python3.8/site-packages/airflow/example_dags/example_latest_only.py took 0.068 seconds
[2024-02-11T13:06:06.371+0000] {processor.py:161} INFO - Started process (PID=56) to work on /home/airflow/.local/lib/python3.8/site-packages/airflow/example_dags/example_latest_only.py
[2024-02-11T13:06:06.372+0000] {processor.py:830} INFO - Processing file /home/airflow/.local/lib/python3.8/site-packages/airflow/example_dags/example_latest_only.py for tasks to queue
[2024-02-11T13:06:06.374+0000] {logging_mixin.py:188} INFO - [2024-02-11T13:06:06.373+0000] {dagbag.py:538} INFO - Filling up the DagBag from /home/airflow/.local/lib/python3.8/site-packages/airflow/example_dags/example_latest_only.py
[2024-02-11T13:06:06.381+0000] {processor.py:840} INFO - DAG(s) 'latest_only' retrieved from /home/airflow/.local/lib/python3.8/site-packages/airflow/example_dags/example_latest_only.py
[2024-02-11T13:06:06.395+0000] {logging_mixin.py:188} INFO - [2024-02-11T13:06:06.395+0000] {dag.py:3036} INFO - Sync 1 DAGs
[2024-02-11T13:06:06.422+0000] {logging_mixin.py:188} INFO - [2024-02-11T13:06:06.422+0000] {dag.py:3823} INFO - Setting next_dagrun for latest_only to 2024-02-11 08:00:00+00:00, run_after=2024-02-11 12:00:00+00:00
[2024-02-11T13:06:06.443+0000] {processor.py:183} INFO - Processing /home/airflow/.local/lib/python3.8/site-packages/airflow/example_dags/example_latest_only.py took 0.075 seconds
[2024-02-11T13:06:36.764+0000] {processor.py:161} INFO - Started process (PID=111) to work on /home/airflow/.local/lib/python3.8/site-packages/airflow/example_dags/example_latest_only.py
[2024-02-11T13:06:36.765+0000] {processor.py:830} INFO - Processing file /home/airflow/.local/lib/python3.8/site-packages/airflow/example_dags/example_latest_only.py for tasks to queue
[2024-02-11T13:06:36.766+0000] {logging_mixin.py:188} INFO - [2024-02-11T13:06:36.766+0000] {dagbag.py:538} INFO - Filling up the DagBag from /home/airflow/.local/lib/python3.8/site-packages/airflow/example_dags/example_latest_only.py
[2024-02-11T13:06:36.770+0000] {processor.py:840} INFO - DAG(s) 'latest_only' retrieved from /home/airflow/.local/lib/python3.8/site-packages/airflow/example_dags/example_latest_only.py
[2024-02-11T13:06:36.781+0000] {logging_mixin.py:188} INFO - [2024-02-11T13:06:36.780+0000] {dag.py:3036} INFO - Sync 1 DAGs
[2024-02-11T13:06:36.796+0000] {logging_mixin.py:188} INFO - [2024-02-11T13:06:36.796+0000] {dag.py:3823} INFO - Setting next_dagrun for latest_only to 2024-02-11 08:00:00+00:00, run_after=2024-02-11 12:00:00+00:00
[2024-02-11T13:06:36.809+0000] {processor.py:183} INFO - Processing /home/airflow/.local/lib/python3.8/site-packages/airflow/example_dags/example_latest_only.py took 0.047 seconds
