[2024-02-11T12:54:59.769+0000] {processor.py:161} INFO - Started process (PID=75) to work on /home/airflow/.local/lib/python3.8/site-packages/airflow/example_dags/example_datasets.py
[2024-02-11T12:54:59.770+0000] {processor.py:830} INFO - Processing file /home/airflow/.local/lib/python3.8/site-packages/airflow/example_dags/example_datasets.py for tasks to queue
[2024-02-11T12:54:59.772+0000] {logging_mixin.py:188} INFO - [2024-02-11T12:54:59.771+0000] {dagbag.py:538} INFO - Filling up the DagBag from /home/airflow/.local/lib/python3.8/site-packages/airflow/example_dags/example_datasets.py
[2024-02-11T12:54:59.782+0000] {processor.py:840} INFO - DAG(s) 'dataset_produces_1', 'dataset_consumes_1', 'dataset_consumes_1_never_scheduled', 'dataset_produces_2', 'dataset_consumes_1_and_2', 'dataset_consumes_unknown_never_scheduled' retrieved from /home/airflow/.local/lib/python3.8/site-packages/airflow/example_dags/example_datasets.py
[2024-02-11T12:54:59.798+0000] {logging_mixin.py:188} INFO - [2024-02-11T12:54:59.798+0000] {dag.py:3036} INFO - Sync 6 DAGs
[2024-02-11T12:54:59.866+0000] {logging_mixin.py:188} INFO - [2024-02-11T12:54:59.866+0000] {dag.py:3823} INFO - Setting next_dagrun for dataset_consumes_1 to None, run_after=None
[2024-02-11T12:54:59.870+0000] {logging_mixin.py:188} INFO - [2024-02-11T12:54:59.870+0000] {dag.py:3823} INFO - Setting next_dagrun for dataset_consumes_1_and_2 to None, run_after=None
[2024-02-11T12:54:59.871+0000] {logging_mixin.py:188} INFO - [2024-02-11T12:54:59.871+0000] {dag.py:3823} INFO - Setting next_dagrun for dataset_consumes_1_never_scheduled to None, run_after=None
[2024-02-11T12:54:59.872+0000] {logging_mixin.py:188} INFO - [2024-02-11T12:54:59.872+0000] {dag.py:3823} INFO - Setting next_dagrun for dataset_consumes_unknown_never_scheduled to None, run_after=None
[2024-02-11T12:54:59.875+0000] {logging_mixin.py:188} INFO - [2024-02-11T12:54:59.875+0000] {dag.py:3823} INFO - Setting next_dagrun for dataset_produces_1 to 2024-02-10 00:00:00+00:00, run_after=2024-02-11 00:00:00+00:00
[2024-02-11T12:54:59.876+0000] {logging_mixin.py:188} INFO - [2024-02-11T12:54:59.876+0000] {dag.py:3823} INFO - Setting next_dagrun for dataset_produces_2 to None, run_after=None
[2024-02-11T12:54:59.902+0000] {processor.py:183} INFO - Processing /home/airflow/.local/lib/python3.8/site-packages/airflow/example_dags/example_datasets.py took 0.136 seconds
[2024-02-11T12:55:31.773+0000] {processor.py:161} INFO - Started process (PID=130) to work on /home/airflow/.local/lib/python3.8/site-packages/airflow/example_dags/example_datasets.py
[2024-02-11T12:55:31.774+0000] {processor.py:830} INFO - Processing file /home/airflow/.local/lib/python3.8/site-packages/airflow/example_dags/example_datasets.py for tasks to queue
[2024-02-11T12:55:31.775+0000] {logging_mixin.py:188} INFO - [2024-02-11T12:55:31.775+0000] {dagbag.py:538} INFO - Filling up the DagBag from /home/airflow/.local/lib/python3.8/site-packages/airflow/example_dags/example_datasets.py
[2024-02-11T12:55:31.782+0000] {processor.py:840} INFO - DAG(s) 'dataset_consumes_1_and_2', 'dataset_produces_1', 'dataset_produces_2', 'dataset_consumes_1', 'dataset_consumes_1_never_scheduled', 'dataset_consumes_unknown_never_scheduled' retrieved from /home/airflow/.local/lib/python3.8/site-packages/airflow/example_dags/example_datasets.py
[2024-02-11T12:55:31.956+0000] {logging_mixin.py:188} INFO - [2024-02-11T12:55:31.954+0000] {dag.py:3036} INFO - Sync 6 DAGs
[2024-02-11T12:55:32.008+0000] {logging_mixin.py:188} INFO - [2024-02-11T12:55:32.007+0000] {dag.py:3823} INFO - Setting next_dagrun for dataset_consumes_1 to None, run_after=None
[2024-02-11T12:55:32.010+0000] {logging_mixin.py:188} INFO - [2024-02-11T12:55:32.010+0000] {dag.py:3823} INFO - Setting next_dagrun for dataset_consumes_1_and_2 to None, run_after=None
[2024-02-11T12:55:32.011+0000] {logging_mixin.py:188} INFO - [2024-02-11T12:55:32.011+0000] {dag.py:3823} INFO - Setting next_dagrun for dataset_consumes_1_never_scheduled to None, run_after=None
[2024-02-11T12:55:32.012+0000] {logging_mixin.py:188} INFO - [2024-02-11T12:55:32.012+0000] {dag.py:3823} INFO - Setting next_dagrun for dataset_consumes_unknown_never_scheduled to None, run_after=None
[2024-02-11T12:55:32.015+0000] {logging_mixin.py:188} INFO - [2024-02-11T12:55:32.015+0000] {dag.py:3823} INFO - Setting next_dagrun for dataset_produces_1 to 2024-02-10 00:00:00+00:00, run_after=2024-02-11 00:00:00+00:00
[2024-02-11T12:55:32.016+0000] {logging_mixin.py:188} INFO - [2024-02-11T12:55:32.016+0000] {dag.py:3823} INFO - Setting next_dagrun for dataset_produces_2 to None, run_after=None
[2024-02-11T12:55:32.046+0000] {processor.py:183} INFO - Processing /home/airflow/.local/lib/python3.8/site-packages/airflow/example_dags/example_datasets.py took 0.275 seconds
[2024-02-11T12:56:02.959+0000] {processor.py:161} INFO - Started process (PID=185) to work on /home/airflow/.local/lib/python3.8/site-packages/airflow/example_dags/example_datasets.py
[2024-02-11T12:56:02.961+0000] {processor.py:830} INFO - Processing file /home/airflow/.local/lib/python3.8/site-packages/airflow/example_dags/example_datasets.py for tasks to queue
[2024-02-11T12:56:02.962+0000] {logging_mixin.py:188} INFO - [2024-02-11T12:56:02.962+0000] {dagbag.py:538} INFO - Filling up the DagBag from /home/airflow/.local/lib/python3.8/site-packages/airflow/example_dags/example_datasets.py
[2024-02-11T12:56:02.968+0000] {processor.py:840} INFO - DAG(s) 'dataset_consumes_1_never_scheduled', 'dataset_produces_2', 'dataset_produces_1', 'dataset_consumes_unknown_never_scheduled', 'dataset_consumes_1', 'dataset_consumes_1_and_2' retrieved from /home/airflow/.local/lib/python3.8/site-packages/airflow/example_dags/example_datasets.py
[2024-02-11T12:56:02.992+0000] {logging_mixin.py:188} INFO - [2024-02-11T12:56:02.992+0000] {dag.py:3036} INFO - Sync 6 DAGs
[2024-02-11T12:56:03.007+0000] {logging_mixin.py:188} INFO - [2024-02-11T12:56:03.007+0000] {dag.py:3823} INFO - Setting next_dagrun for dataset_consumes_1 to None, run_after=None
[2024-02-11T12:56:03.010+0000] {logging_mixin.py:188} INFO - [2024-02-11T12:56:03.009+0000] {dag.py:3823} INFO - Setting next_dagrun for dataset_consumes_1_and_2 to None, run_after=None
[2024-02-11T12:56:03.010+0000] {logging_mixin.py:188} INFO - [2024-02-11T12:56:03.010+0000] {dag.py:3823} INFO - Setting next_dagrun for dataset_consumes_1_never_scheduled to None, run_after=None
[2024-02-11T12:56:03.011+0000] {logging_mixin.py:188} INFO - [2024-02-11T12:56:03.011+0000] {dag.py:3823} INFO - Setting next_dagrun for dataset_consumes_unknown_never_scheduled to None, run_after=None
[2024-02-11T12:56:03.013+0000] {logging_mixin.py:188} INFO - [2024-02-11T12:56:03.013+0000] {dag.py:3823} INFO - Setting next_dagrun for dataset_produces_1 to 2024-02-10 00:00:00+00:00, run_after=2024-02-11 00:00:00+00:00
[2024-02-11T12:56:03.014+0000] {logging_mixin.py:188} INFO - [2024-02-11T12:56:03.014+0000] {dag.py:3823} INFO - Setting next_dagrun for dataset_produces_2 to None, run_after=None
[2024-02-11T12:56:03.040+0000] {processor.py:183} INFO - Processing /home/airflow/.local/lib/python3.8/site-packages/airflow/example_dags/example_datasets.py took 0.084 seconds
[2024-02-11T12:56:34.199+0000] {processor.py:161} INFO - Started process (PID=240) to work on /home/airflow/.local/lib/python3.8/site-packages/airflow/example_dags/example_datasets.py
[2024-02-11T12:56:34.201+0000] {processor.py:830} INFO - Processing file /home/airflow/.local/lib/python3.8/site-packages/airflow/example_dags/example_datasets.py for tasks to queue
[2024-02-11T12:56:34.204+0000] {logging_mixin.py:188} INFO - [2024-02-11T12:56:34.203+0000] {dagbag.py:538} INFO - Filling up the DagBag from /home/airflow/.local/lib/python3.8/site-packages/airflow/example_dags/example_datasets.py
[2024-02-11T12:56:34.224+0000] {processor.py:840} INFO - DAG(s) 'dataset_consumes_1_and_2', 'dataset_produces_1', 'dataset_produces_2', 'dataset_consumes_1_never_scheduled', 'dataset_consumes_unknown_never_scheduled', 'dataset_consumes_1' retrieved from /home/airflow/.local/lib/python3.8/site-packages/airflow/example_dags/example_datasets.py
[2024-02-11T12:56:34.304+0000] {logging_mixin.py:188} INFO - [2024-02-11T12:56:34.304+0000] {dag.py:3036} INFO - Sync 6 DAGs
[2024-02-11T12:56:34.359+0000] {logging_mixin.py:188} INFO - [2024-02-11T12:56:34.358+0000] {dag.py:3823} INFO - Setting next_dagrun for dataset_consumes_1 to None, run_after=None
[2024-02-11T12:56:34.372+0000] {logging_mixin.py:188} INFO - [2024-02-11T12:56:34.371+0000] {dag.py:3823} INFO - Setting next_dagrun for dataset_consumes_1_and_2 to None, run_after=None
[2024-02-11T12:56:34.377+0000] {logging_mixin.py:188} INFO - [2024-02-11T12:56:34.376+0000] {dag.py:3823} INFO - Setting next_dagrun for dataset_consumes_1_never_scheduled to None, run_after=None
[2024-02-11T12:56:34.381+0000] {logging_mixin.py:188} INFO - [2024-02-11T12:56:34.380+0000] {dag.py:3823} INFO - Setting next_dagrun for dataset_consumes_unknown_never_scheduled to None, run_after=None
[2024-02-11T12:56:34.392+0000] {logging_mixin.py:188} INFO - [2024-02-11T12:56:34.391+0000] {dag.py:3823} INFO - Setting next_dagrun for dataset_produces_1 to 2024-02-10 00:00:00+00:00, run_after=2024-02-11 00:00:00+00:00
[2024-02-11T12:56:34.396+0000] {logging_mixin.py:188} INFO - [2024-02-11T12:56:34.396+0000] {dag.py:3823} INFO - Setting next_dagrun for dataset_produces_2 to None, run_after=None
[2024-02-11T12:56:34.489+0000] {processor.py:183} INFO - Processing /home/airflow/.local/lib/python3.8/site-packages/airflow/example_dags/example_datasets.py took 0.296 seconds
[2024-02-11T12:57:05.054+0000] {processor.py:161} INFO - Started process (PID=295) to work on /home/airflow/.local/lib/python3.8/site-packages/airflow/example_dags/example_datasets.py
[2024-02-11T12:57:05.056+0000] {processor.py:830} INFO - Processing file /home/airflow/.local/lib/python3.8/site-packages/airflow/example_dags/example_datasets.py for tasks to queue
[2024-02-11T12:57:05.059+0000] {logging_mixin.py:188} INFO - [2024-02-11T12:57:05.059+0000] {dagbag.py:538} INFO - Filling up the DagBag from /home/airflow/.local/lib/python3.8/site-packages/airflow/example_dags/example_datasets.py
[2024-02-11T12:57:05.079+0000] {processor.py:840} INFO - DAG(s) 'dataset_produces_1', 'dataset_consumes_1_never_scheduled', 'dataset_consumes_1', 'dataset_consumes_1_and_2', 'dataset_produces_2', 'dataset_consumes_unknown_never_scheduled' retrieved from /home/airflow/.local/lib/python3.8/site-packages/airflow/example_dags/example_datasets.py
[2024-02-11T12:57:05.118+0000] {logging_mixin.py:188} INFO - [2024-02-11T12:57:05.118+0000] {dag.py:3036} INFO - Sync 6 DAGs
[2024-02-11T12:57:05.178+0000] {logging_mixin.py:188} INFO - [2024-02-11T12:57:05.177+0000] {dag.py:3823} INFO - Setting next_dagrun for dataset_consumes_1 to None, run_after=None
[2024-02-11T12:57:05.188+0000] {logging_mixin.py:188} INFO - [2024-02-11T12:57:05.188+0000] {dag.py:3823} INFO - Setting next_dagrun for dataset_consumes_1_and_2 to None, run_after=None
[2024-02-11T12:57:05.191+0000] {logging_mixin.py:188} INFO - [2024-02-11T12:57:05.190+0000] {dag.py:3823} INFO - Setting next_dagrun for dataset_consumes_1_never_scheduled to None, run_after=None
[2024-02-11T12:57:05.193+0000] {logging_mixin.py:188} INFO - [2024-02-11T12:57:05.193+0000] {dag.py:3823} INFO - Setting next_dagrun for dataset_consumes_unknown_never_scheduled to None, run_after=None
[2024-02-11T12:57:05.199+0000] {logging_mixin.py:188} INFO - [2024-02-11T12:57:05.199+0000] {dag.py:3823} INFO - Setting next_dagrun for dataset_produces_1 to 2024-02-10 00:00:00+00:00, run_after=2024-02-11 00:00:00+00:00
[2024-02-11T12:57:05.202+0000] {logging_mixin.py:188} INFO - [2024-02-11T12:57:05.202+0000] {dag.py:3823} INFO - Setting next_dagrun for dataset_produces_2 to None, run_after=None
[2024-02-11T12:57:05.285+0000] {processor.py:183} INFO - Processing /home/airflow/.local/lib/python3.8/site-packages/airflow/example_dags/example_datasets.py took 0.237 seconds
[2024-02-11T12:57:39.098+0000] {processor.py:161} INFO - Started process (PID=356) to work on /home/airflow/.local/lib/python3.8/site-packages/airflow/example_dags/example_datasets.py
[2024-02-11T12:57:39.100+0000] {processor.py:830} INFO - Processing file /home/airflow/.local/lib/python3.8/site-packages/airflow/example_dags/example_datasets.py for tasks to queue
[2024-02-11T12:57:39.103+0000] {logging_mixin.py:188} INFO - [2024-02-11T12:57:39.103+0000] {dagbag.py:538} INFO - Filling up the DagBag from /home/airflow/.local/lib/python3.8/site-packages/airflow/example_dags/example_datasets.py
[2024-02-11T12:57:39.119+0000] {processor.py:840} INFO - DAG(s) 'dataset_consumes_1', 'dataset_consumes_1_never_scheduled', 'dataset_produces_1', 'dataset_consumes_1_and_2', 'dataset_consumes_unknown_never_scheduled', 'dataset_produces_2' retrieved from /home/airflow/.local/lib/python3.8/site-packages/airflow/example_dags/example_datasets.py
[2024-02-11T12:57:39.488+0000] {logging_mixin.py:188} INFO - [2024-02-11T12:57:39.488+0000] {dag.py:3036} INFO - Sync 6 DAGs
[2024-02-11T12:57:39.517+0000] {logging_mixin.py:188} INFO - [2024-02-11T12:57:39.516+0000] {dag.py:3058} INFO - Creating ORM DAG for dataset_consumes_1_and_2
[2024-02-11T12:57:39.519+0000] {logging_mixin.py:188} INFO - [2024-02-11T12:57:39.518+0000] {dag.py:3058} INFO - Creating ORM DAG for dataset_consumes_1
[2024-02-11T12:57:39.549+0000] {logging_mixin.py:188} INFO - [2024-02-11T12:57:39.548+0000] {dag.py:3823} INFO - Setting next_dagrun for dataset_consumes_1 to None, run_after=None
[2024-02-11T12:57:39.551+0000] {logging_mixin.py:188} INFO - [2024-02-11T12:57:39.551+0000] {dag.py:3823} INFO - Setting next_dagrun for dataset_consumes_1_and_2 to None, run_after=None
[2024-02-11T12:57:39.553+0000] {logging_mixin.py:188} INFO - [2024-02-11T12:57:39.553+0000] {dag.py:3823} INFO - Setting next_dagrun for dataset_consumes_1_never_scheduled to None, run_after=None
[2024-02-11T12:57:39.564+0000] {logging_mixin.py:188} INFO - [2024-02-11T12:57:39.563+0000] {dag.py:3823} INFO - Setting next_dagrun for dataset_consumes_unknown_never_scheduled to None, run_after=None
[2024-02-11T12:57:39.574+0000] {logging_mixin.py:188} INFO - [2024-02-11T12:57:39.573+0000] {dag.py:3823} INFO - Setting next_dagrun for dataset_produces_1 to 2024-02-10 00:00:00+00:00, run_after=2024-02-11 00:00:00+00:00
[2024-02-11T12:57:39.578+0000] {logging_mixin.py:188} INFO - [2024-02-11T12:57:39.578+0000] {dag.py:3823} INFO - Setting next_dagrun for dataset_produces_2 to None, run_after=None
[2024-02-11T12:57:39.682+0000] {processor.py:183} INFO - Processing /home/airflow/.local/lib/python3.8/site-packages/airflow/example_dags/example_datasets.py took 0.593 seconds
[2024-02-11T12:58:10.019+0000] {processor.py:161} INFO - Started process (PID=411) to work on /home/airflow/.local/lib/python3.8/site-packages/airflow/example_dags/example_datasets.py
[2024-02-11T12:58:10.020+0000] {processor.py:830} INFO - Processing file /home/airflow/.local/lib/python3.8/site-packages/airflow/example_dags/example_datasets.py for tasks to queue
[2024-02-11T12:58:10.023+0000] {logging_mixin.py:188} INFO - [2024-02-11T12:58:10.022+0000] {dagbag.py:538} INFO - Filling up the DagBag from /home/airflow/.local/lib/python3.8/site-packages/airflow/example_dags/example_datasets.py
[2024-02-11T12:58:10.039+0000] {processor.py:840} INFO - DAG(s) 'dataset_consumes_unknown_never_scheduled', 'dataset_consumes_1_and_2', 'dataset_produces_2', 'dataset_produces_1', 'dataset_consumes_1_never_scheduled', 'dataset_consumes_1' retrieved from /home/airflow/.local/lib/python3.8/site-packages/airflow/example_dags/example_datasets.py
[2024-02-11T12:58:10.134+0000] {logging_mixin.py:188} INFO - [2024-02-11T12:58:10.133+0000] {dag.py:3036} INFO - Sync 6 DAGs
[2024-02-11T12:58:10.208+0000] {logging_mixin.py:188} INFO - [2024-02-11T12:58:10.207+0000] {dag.py:3823} INFO - Setting next_dagrun for dataset_consumes_1 to None, run_after=None
[2024-02-11T12:58:10.218+0000] {logging_mixin.py:188} INFO - [2024-02-11T12:58:10.217+0000] {dag.py:3823} INFO - Setting next_dagrun for dataset_consumes_1_and_2 to None, run_after=None
[2024-02-11T12:58:10.221+0000] {logging_mixin.py:188} INFO - [2024-02-11T12:58:10.220+0000] {dag.py:3823} INFO - Setting next_dagrun for dataset_consumes_1_never_scheduled to None, run_after=None
[2024-02-11T12:58:10.224+0000] {logging_mixin.py:188} INFO - [2024-02-11T12:58:10.223+0000] {dag.py:3823} INFO - Setting next_dagrun for dataset_consumes_unknown_never_scheduled to None, run_after=None
[2024-02-11T12:58:10.229+0000] {logging_mixin.py:188} INFO - [2024-02-11T12:58:10.229+0000] {dag.py:3823} INFO - Setting next_dagrun for dataset_produces_1 to 2024-02-10 00:00:00+00:00, run_after=2024-02-11 00:00:00+00:00
[2024-02-11T12:58:10.233+0000] {logging_mixin.py:188} INFO - [2024-02-11T12:58:10.232+0000] {dag.py:3823} INFO - Setting next_dagrun for dataset_produces_2 to None, run_after=None
[2024-02-11T12:58:10.317+0000] {processor.py:183} INFO - Processing /home/airflow/.local/lib/python3.8/site-packages/airflow/example_dags/example_datasets.py took 0.303 seconds
[2024-02-11T12:58:40.509+0000] {processor.py:161} INFO - Started process (PID=467) to work on /home/airflow/.local/lib/python3.8/site-packages/airflow/example_dags/example_datasets.py
[2024-02-11T12:58:40.510+0000] {processor.py:830} INFO - Processing file /home/airflow/.local/lib/python3.8/site-packages/airflow/example_dags/example_datasets.py for tasks to queue
[2024-02-11T12:58:40.513+0000] {logging_mixin.py:188} INFO - [2024-02-11T12:58:40.512+0000] {dagbag.py:538} INFO - Filling up the DagBag from /home/airflow/.local/lib/python3.8/site-packages/airflow/example_dags/example_datasets.py
[2024-02-11T12:58:40.529+0000] {processor.py:840} INFO - DAG(s) 'dataset_consumes_1_never_scheduled', 'dataset_produces_1', 'dataset_consumes_1', 'dataset_consumes_1_and_2', 'dataset_produces_2', 'dataset_consumes_unknown_never_scheduled' retrieved from /home/airflow/.local/lib/python3.8/site-packages/airflow/example_dags/example_datasets.py
[2024-02-11T12:58:40.637+0000] {logging_mixin.py:188} INFO - [2024-02-11T12:58:40.637+0000] {dag.py:3036} INFO - Sync 6 DAGs
[2024-02-11T12:58:40.697+0000] {logging_mixin.py:188} INFO - [2024-02-11T12:58:40.697+0000] {dag.py:3823} INFO - Setting next_dagrun for dataset_consumes_1 to None, run_after=None
[2024-02-11T12:58:40.706+0000] {logging_mixin.py:188} INFO - [2024-02-11T12:58:40.705+0000] {dag.py:3823} INFO - Setting next_dagrun for dataset_consumes_1_and_2 to None, run_after=None
[2024-02-11T12:58:40.710+0000] {logging_mixin.py:188} INFO - [2024-02-11T12:58:40.709+0000] {dag.py:3823} INFO - Setting next_dagrun for dataset_consumes_1_never_scheduled to None, run_after=None
[2024-02-11T12:58:40.714+0000] {logging_mixin.py:188} INFO - [2024-02-11T12:58:40.713+0000] {dag.py:3823} INFO - Setting next_dagrun for dataset_consumes_unknown_never_scheduled to None, run_after=None
[2024-02-11T12:58:40.722+0000] {logging_mixin.py:188} INFO - [2024-02-11T12:58:40.721+0000] {dag.py:3823} INFO - Setting next_dagrun for dataset_produces_1 to 2024-02-10 00:00:00+00:00, run_after=2024-02-11 00:00:00+00:00
[2024-02-11T12:58:40.725+0000] {logging_mixin.py:188} INFO - [2024-02-11T12:58:40.725+0000] {dag.py:3823} INFO - Setting next_dagrun for dataset_produces_2 to None, run_after=None
[2024-02-11T12:58:40.815+0000] {processor.py:183} INFO - Processing /home/airflow/.local/lib/python3.8/site-packages/airflow/example_dags/example_datasets.py took 0.314 seconds
[2024-02-11T12:59:11.252+0000] {processor.py:161} INFO - Started process (PID=523) to work on /home/airflow/.local/lib/python3.8/site-packages/airflow/example_dags/example_datasets.py
[2024-02-11T12:59:11.254+0000] {processor.py:830} INFO - Processing file /home/airflow/.local/lib/python3.8/site-packages/airflow/example_dags/example_datasets.py for tasks to queue
[2024-02-11T12:59:11.256+0000] {logging_mixin.py:188} INFO - [2024-02-11T12:59:11.256+0000] {dagbag.py:538} INFO - Filling up the DagBag from /home/airflow/.local/lib/python3.8/site-packages/airflow/example_dags/example_datasets.py
[2024-02-11T12:59:11.284+0000] {processor.py:840} INFO - DAG(s) 'dataset_produces_1', 'dataset_consumes_1_never_scheduled', 'dataset_consumes_unknown_never_scheduled', 'dataset_produces_2', 'dataset_consumes_1_and_2', 'dataset_consumes_1' retrieved from /home/airflow/.local/lib/python3.8/site-packages/airflow/example_dags/example_datasets.py
[2024-02-11T12:59:11.383+0000] {logging_mixin.py:188} INFO - [2024-02-11T12:59:11.382+0000] {dag.py:3036} INFO - Sync 6 DAGs
[2024-02-11T12:59:11.444+0000] {logging_mixin.py:188} INFO - [2024-02-11T12:59:11.444+0000] {dag.py:3823} INFO - Setting next_dagrun for dataset_consumes_1 to None, run_after=None
[2024-02-11T12:59:11.459+0000] {logging_mixin.py:188} INFO - [2024-02-11T12:59:11.458+0000] {dag.py:3823} INFO - Setting next_dagrun for dataset_consumes_1_and_2 to None, run_after=None
[2024-02-11T12:59:11.462+0000] {logging_mixin.py:188} INFO - [2024-02-11T12:59:11.462+0000] {dag.py:3823} INFO - Setting next_dagrun for dataset_consumes_1_never_scheduled to None, run_after=None
[2024-02-11T12:59:11.465+0000] {logging_mixin.py:188} INFO - [2024-02-11T12:59:11.465+0000] {dag.py:3823} INFO - Setting next_dagrun for dataset_consumes_unknown_never_scheduled to None, run_after=None
[2024-02-11T12:59:11.471+0000] {logging_mixin.py:188} INFO - [2024-02-11T12:59:11.471+0000] {dag.py:3823} INFO - Setting next_dagrun for dataset_produces_1 to 2024-02-10 00:00:00+00:00, run_after=2024-02-11 00:00:00+00:00
[2024-02-11T12:59:11.474+0000] {logging_mixin.py:188} INFO - [2024-02-11T12:59:11.474+0000] {dag.py:3823} INFO - Setting next_dagrun for dataset_produces_2 to None, run_after=None
[2024-02-11T12:59:11.563+0000] {processor.py:183} INFO - Processing /home/airflow/.local/lib/python3.8/site-packages/airflow/example_dags/example_datasets.py took 0.317 seconds
[2024-02-11T12:59:41.954+0000] {processor.py:161} INFO - Started process (PID=579) to work on /home/airflow/.local/lib/python3.8/site-packages/airflow/example_dags/example_datasets.py
[2024-02-11T12:59:41.957+0000] {processor.py:830} INFO - Processing file /home/airflow/.local/lib/python3.8/site-packages/airflow/example_dags/example_datasets.py for tasks to queue
[2024-02-11T12:59:41.961+0000] {logging_mixin.py:188} INFO - [2024-02-11T12:59:41.961+0000] {dagbag.py:538} INFO - Filling up the DagBag from /home/airflow/.local/lib/python3.8/site-packages/airflow/example_dags/example_datasets.py
[2024-02-11T12:59:41.992+0000] {processor.py:840} INFO - DAG(s) 'dataset_consumes_1_never_scheduled', 'dataset_produces_2', 'dataset_consumes_1_and_2', 'dataset_consumes_unknown_never_scheduled', 'dataset_consumes_1', 'dataset_produces_1' retrieved from /home/airflow/.local/lib/python3.8/site-packages/airflow/example_dags/example_datasets.py
[2024-02-11T12:59:42.132+0000] {logging_mixin.py:188} INFO - [2024-02-11T12:59:42.131+0000] {dag.py:3036} INFO - Sync 6 DAGs
[2024-02-11T12:59:42.212+0000] {logging_mixin.py:188} INFO - [2024-02-11T12:59:42.211+0000] {dag.py:3823} INFO - Setting next_dagrun for dataset_consumes_1 to None, run_after=None
[2024-02-11T12:59:42.225+0000] {logging_mixin.py:188} INFO - [2024-02-11T12:59:42.225+0000] {dag.py:3823} INFO - Setting next_dagrun for dataset_consumes_1_and_2 to None, run_after=None
[2024-02-11T12:59:42.230+0000] {logging_mixin.py:188} INFO - [2024-02-11T12:59:42.230+0000] {dag.py:3823} INFO - Setting next_dagrun for dataset_consumes_1_never_scheduled to None, run_after=None
[2024-02-11T12:59:42.236+0000] {logging_mixin.py:188} INFO - [2024-02-11T12:59:42.235+0000] {dag.py:3823} INFO - Setting next_dagrun for dataset_consumes_unknown_never_scheduled to None, run_after=None
[2024-02-11T12:59:42.248+0000] {logging_mixin.py:188} INFO - [2024-02-11T12:59:42.247+0000] {dag.py:3823} INFO - Setting next_dagrun for dataset_produces_1 to 2024-02-10 00:00:00+00:00, run_after=2024-02-11 00:00:00+00:00
[2024-02-11T12:59:42.253+0000] {logging_mixin.py:188} INFO - [2024-02-11T12:59:42.252+0000] {dag.py:3823} INFO - Setting next_dagrun for dataset_produces_2 to None, run_after=None
[2024-02-11T12:59:42.370+0000] {processor.py:183} INFO - Processing /home/airflow/.local/lib/python3.8/site-packages/airflow/example_dags/example_datasets.py took 0.426 seconds
[2024-02-11T13:00:12.606+0000] {processor.py:161} INFO - Started process (PID=634) to work on /home/airflow/.local/lib/python3.8/site-packages/airflow/example_dags/example_datasets.py
[2024-02-11T13:00:12.609+0000] {processor.py:830} INFO - Processing file /home/airflow/.local/lib/python3.8/site-packages/airflow/example_dags/example_datasets.py for tasks to queue
[2024-02-11T13:00:12.614+0000] {logging_mixin.py:188} INFO - [2024-02-11T13:00:12.613+0000] {dagbag.py:538} INFO - Filling up the DagBag from /home/airflow/.local/lib/python3.8/site-packages/airflow/example_dags/example_datasets.py
[2024-02-11T13:00:12.646+0000] {processor.py:840} INFO - DAG(s) 'dataset_consumes_unknown_never_scheduled', 'dataset_consumes_1_never_scheduled', 'dataset_consumes_1', 'dataset_consumes_1_and_2', 'dataset_produces_1', 'dataset_produces_2' retrieved from /home/airflow/.local/lib/python3.8/site-packages/airflow/example_dags/example_datasets.py
[2024-02-11T13:00:12.774+0000] {logging_mixin.py:188} INFO - [2024-02-11T13:00:12.773+0000] {dag.py:3036} INFO - Sync 6 DAGs
[2024-02-11T13:00:12.858+0000] {logging_mixin.py:188} INFO - [2024-02-11T13:00:12.857+0000] {dag.py:3823} INFO - Setting next_dagrun for dataset_consumes_1 to None, run_after=None
[2024-02-11T13:00:12.872+0000] {logging_mixin.py:188} INFO - [2024-02-11T13:00:12.871+0000] {dag.py:3823} INFO - Setting next_dagrun for dataset_consumes_1_and_2 to None, run_after=None
[2024-02-11T13:00:12.877+0000] {logging_mixin.py:188} INFO - [2024-02-11T13:00:12.876+0000] {dag.py:3823} INFO - Setting next_dagrun for dataset_consumes_1_never_scheduled to None, run_after=None
[2024-02-11T13:00:12.882+0000] {logging_mixin.py:188} INFO - [2024-02-11T13:00:12.881+0000] {dag.py:3823} INFO - Setting next_dagrun for dataset_consumes_unknown_never_scheduled to None, run_after=None
[2024-02-11T13:00:12.895+0000] {logging_mixin.py:188} INFO - [2024-02-11T13:00:12.894+0000] {dag.py:3823} INFO - Setting next_dagrun for dataset_produces_1 to 2024-02-10 00:00:00+00:00, run_after=2024-02-11 00:00:00+00:00
[2024-02-11T13:00:12.901+0000] {logging_mixin.py:188} INFO - [2024-02-11T13:00:12.899+0000] {dag.py:3823} INFO - Setting next_dagrun for dataset_produces_2 to None, run_after=None
[2024-02-11T13:00:13.023+0000] {processor.py:183} INFO - Processing /home/airflow/.local/lib/python3.8/site-packages/airflow/example_dags/example_datasets.py took 0.426 seconds
[2024-02-11T13:00:43.614+0000] {processor.py:161} INFO - Started process (PID=689) to work on /home/airflow/.local/lib/python3.8/site-packages/airflow/example_dags/example_datasets.py
[2024-02-11T13:00:43.616+0000] {processor.py:830} INFO - Processing file /home/airflow/.local/lib/python3.8/site-packages/airflow/example_dags/example_datasets.py for tasks to queue
[2024-02-11T13:00:43.618+0000] {logging_mixin.py:188} INFO - [2024-02-11T13:00:43.617+0000] {dagbag.py:538} INFO - Filling up the DagBag from /home/airflow/.local/lib/python3.8/site-packages/airflow/example_dags/example_datasets.py
[2024-02-11T13:00:43.625+0000] {processor.py:840} INFO - DAG(s) 'dataset_consumes_1', 'dataset_produces_2', 'dataset_consumes_1_and_2', 'dataset_consumes_unknown_never_scheduled', 'dataset_consumes_1_never_scheduled', 'dataset_produces_1' retrieved from /home/airflow/.local/lib/python3.8/site-packages/airflow/example_dags/example_datasets.py
[2024-02-11T13:00:43.659+0000] {logging_mixin.py:188} INFO - [2024-02-11T13:00:43.659+0000] {dag.py:3036} INFO - Sync 6 DAGs
[2024-02-11T13:00:43.677+0000] {logging_mixin.py:188} INFO - [2024-02-11T13:00:43.676+0000] {dag.py:3823} INFO - Setting next_dagrun for dataset_consumes_1 to None, run_after=None
[2024-02-11T13:00:43.679+0000] {logging_mixin.py:188} INFO - [2024-02-11T13:00:43.679+0000] {dag.py:3823} INFO - Setting next_dagrun for dataset_consumes_1_and_2 to None, run_after=None
[2024-02-11T13:00:43.680+0000] {logging_mixin.py:188} INFO - [2024-02-11T13:00:43.680+0000] {dag.py:3823} INFO - Setting next_dagrun for dataset_consumes_1_never_scheduled to None, run_after=None
[2024-02-11T13:00:43.681+0000] {logging_mixin.py:188} INFO - [2024-02-11T13:00:43.681+0000] {dag.py:3823} INFO - Setting next_dagrun for dataset_consumes_unknown_never_scheduled to None, run_after=None
[2024-02-11T13:00:43.683+0000] {logging_mixin.py:188} INFO - [2024-02-11T13:00:43.683+0000] {dag.py:3823} INFO - Setting next_dagrun for dataset_produces_1 to 2024-02-10 00:00:00+00:00, run_after=2024-02-11 00:00:00+00:00
[2024-02-11T13:00:43.685+0000] {logging_mixin.py:188} INFO - [2024-02-11T13:00:43.685+0000] {dag.py:3823} INFO - Setting next_dagrun for dataset_produces_2 to None, run_after=None
[2024-02-11T13:00:43.711+0000] {processor.py:183} INFO - Processing /home/airflow/.local/lib/python3.8/site-packages/airflow/example_dags/example_datasets.py took 0.099 seconds
[2024-02-11T13:06:07.461+0000] {processor.py:161} INFO - Started process (PID=74) to work on /home/airflow/.local/lib/python3.8/site-packages/airflow/example_dags/example_datasets.py
[2024-02-11T13:06:07.462+0000] {processor.py:830} INFO - Processing file /home/airflow/.local/lib/python3.8/site-packages/airflow/example_dags/example_datasets.py for tasks to queue
[2024-02-11T13:06:07.463+0000] {logging_mixin.py:188} INFO - [2024-02-11T13:06:07.463+0000] {dagbag.py:538} INFO - Filling up the DagBag from /home/airflow/.local/lib/python3.8/site-packages/airflow/example_dags/example_datasets.py
[2024-02-11T13:06:07.484+0000] {processor.py:840} INFO - DAG(s) 'dataset_consumes_1_and_2', 'dataset_consumes_unknown_never_scheduled', 'dataset_consumes_1', 'dataset_consumes_1_never_scheduled', 'dataset_produces_1', 'dataset_produces_2' retrieved from /home/airflow/.local/lib/python3.8/site-packages/airflow/example_dags/example_datasets.py
[2024-02-11T13:06:07.499+0000] {logging_mixin.py:188} INFO - [2024-02-11T13:06:07.499+0000] {dag.py:3036} INFO - Sync 6 DAGs
[2024-02-11T13:06:07.525+0000] {logging_mixin.py:188} INFO - [2024-02-11T13:06:07.525+0000] {dag.py:3823} INFO - Setting next_dagrun for dataset_consumes_1 to None, run_after=None
[2024-02-11T13:06:07.529+0000] {logging_mixin.py:188} INFO - [2024-02-11T13:06:07.529+0000] {dag.py:3823} INFO - Setting next_dagrun for dataset_consumes_1_and_2 to None, run_after=None
[2024-02-11T13:06:07.531+0000] {logging_mixin.py:188} INFO - [2024-02-11T13:06:07.530+0000] {dag.py:3823} INFO - Setting next_dagrun for dataset_consumes_1_never_scheduled to None, run_after=None
[2024-02-11T13:06:07.532+0000] {logging_mixin.py:188} INFO - [2024-02-11T13:06:07.532+0000] {dag.py:3823} INFO - Setting next_dagrun for dataset_consumes_unknown_never_scheduled to None, run_after=None
[2024-02-11T13:06:07.536+0000] {logging_mixin.py:188} INFO - [2024-02-11T13:06:07.536+0000] {dag.py:3823} INFO - Setting next_dagrun for dataset_produces_1 to 2024-02-10 00:00:00+00:00, run_after=2024-02-11 00:00:00+00:00
[2024-02-11T13:06:07.538+0000] {logging_mixin.py:188} INFO - [2024-02-11T13:06:07.538+0000] {dag.py:3823} INFO - Setting next_dagrun for dataset_produces_2 to None, run_after=None
[2024-02-11T13:06:07.577+0000] {processor.py:183} INFO - Processing /home/airflow/.local/lib/python3.8/site-packages/airflow/example_dags/example_datasets.py took 0.122 seconds
[2024-02-11T13:06:38.520+0000] {processor.py:161} INFO - Started process (PID=129) to work on /home/airflow/.local/lib/python3.8/site-packages/airflow/example_dags/example_datasets.py
[2024-02-11T13:06:38.522+0000] {processor.py:830} INFO - Processing file /home/airflow/.local/lib/python3.8/site-packages/airflow/example_dags/example_datasets.py for tasks to queue
[2024-02-11T13:06:38.524+0000] {logging_mixin.py:188} INFO - [2024-02-11T13:06:38.523+0000] {dagbag.py:538} INFO - Filling up the DagBag from /home/airflow/.local/lib/python3.8/site-packages/airflow/example_dags/example_datasets.py
[2024-02-11T13:06:38.536+0000] {processor.py:840} INFO - DAG(s) 'dataset_produces_2', 'dataset_produces_1', 'dataset_consumes_1_never_scheduled', 'dataset_consumes_1', 'dataset_consumes_1_and_2', 'dataset_consumes_unknown_never_scheduled' retrieved from /home/airflow/.local/lib/python3.8/site-packages/airflow/example_dags/example_datasets.py
[2024-02-11T13:06:38.556+0000] {logging_mixin.py:188} INFO - [2024-02-11T13:06:38.556+0000] {dag.py:3036} INFO - Sync 6 DAGs
[2024-02-11T13:06:38.587+0000] {logging_mixin.py:188} INFO - [2024-02-11T13:06:38.586+0000] {dag.py:3823} INFO - Setting next_dagrun for dataset_consumes_1 to None, run_after=None
[2024-02-11T13:06:38.591+0000] {logging_mixin.py:188} INFO - [2024-02-11T13:06:38.591+0000] {dag.py:3823} INFO - Setting next_dagrun for dataset_consumes_1_and_2 to None, run_after=None
[2024-02-11T13:06:38.594+0000] {logging_mixin.py:188} INFO - [2024-02-11T13:06:38.594+0000] {dag.py:3823} INFO - Setting next_dagrun for dataset_consumes_1_never_scheduled to None, run_after=None
[2024-02-11T13:06:38.596+0000] {logging_mixin.py:188} INFO - [2024-02-11T13:06:38.596+0000] {dag.py:3823} INFO - Setting next_dagrun for dataset_consumes_unknown_never_scheduled to None, run_after=None
[2024-02-11T13:06:38.600+0000] {logging_mixin.py:188} INFO - [2024-02-11T13:06:38.600+0000] {dag.py:3823} INFO - Setting next_dagrun for dataset_produces_1 to 2024-02-10 00:00:00+00:00, run_after=2024-02-11 00:00:00+00:00
[2024-02-11T13:06:38.602+0000] {logging_mixin.py:188} INFO - [2024-02-11T13:06:38.602+0000] {dag.py:3823} INFO - Setting next_dagrun for dataset_produces_2 to None, run_after=None
[2024-02-11T13:06:38.650+0000] {processor.py:183} INFO - Processing /home/airflow/.local/lib/python3.8/site-packages/airflow/example_dags/example_datasets.py took 0.135 seconds
