[2024-02-11T12:55:00.505+0000] {processor.py:161} INFO - Started process (PID=83) to work on /home/airflow/.local/lib/python3.8/site-packages/airflow/example_dags/example_branch_python_dop_operator_3.py
[2024-02-11T12:55:00.506+0000] {processor.py:830} INFO - Processing file /home/airflow/.local/lib/python3.8/site-packages/airflow/example_dags/example_branch_python_dop_operator_3.py for tasks to queue
[2024-02-11T12:55:00.507+0000] {logging_mixin.py:188} INFO - [2024-02-11T12:55:00.507+0000] {dagbag.py:538} INFO - Filling up the DagBag from /home/airflow/.local/lib/python3.8/site-packages/airflow/example_dags/example_branch_python_dop_operator_3.py
[2024-02-11T12:55:00.515+0000] {processor.py:840} INFO - DAG(s) 'example_branch_dop_operator_v3' retrieved from /home/airflow/.local/lib/python3.8/site-packages/airflow/example_dags/example_branch_python_dop_operator_3.py
[2024-02-11T12:55:00.526+0000] {logging_mixin.py:188} INFO - [2024-02-11T12:55:00.526+0000] {dag.py:3036} INFO - Sync 1 DAGs
[2024-02-11T12:55:00.589+0000] {logging_mixin.py:188} INFO - [2024-02-11T12:55:00.589+0000] {dag.py:3823} INFO - Setting next_dagrun for example_branch_dop_operator_v3 to 2024-02-11 12:54:00+00:00, run_after=2024-02-11 12:55:00+00:00
[2024-02-11T12:55:00.610+0000] {processor.py:183} INFO - Processing /home/airflow/.local/lib/python3.8/site-packages/airflow/example_dags/example_branch_python_dop_operator_3.py took 0.107 seconds
[2024-02-11T12:55:32.676+0000] {processor.py:161} INFO - Started process (PID=138) to work on /home/airflow/.local/lib/python3.8/site-packages/airflow/example_dags/example_branch_python_dop_operator_3.py
[2024-02-11T12:55:32.677+0000] {processor.py:830} INFO - Processing file /home/airflow/.local/lib/python3.8/site-packages/airflow/example_dags/example_branch_python_dop_operator_3.py for tasks to queue
[2024-02-11T12:55:32.678+0000] {logging_mixin.py:188} INFO - [2024-02-11T12:55:32.678+0000] {dagbag.py:538} INFO - Filling up the DagBag from /home/airflow/.local/lib/python3.8/site-packages/airflow/example_dags/example_branch_python_dop_operator_3.py
[2024-02-11T12:55:32.685+0000] {processor.py:840} INFO - DAG(s) 'example_branch_dop_operator_v3' retrieved from /home/airflow/.local/lib/python3.8/site-packages/airflow/example_dags/example_branch_python_dop_operator_3.py
[2024-02-11T12:55:32.821+0000] {logging_mixin.py:188} INFO - [2024-02-11T12:55:32.821+0000] {dag.py:3036} INFO - Sync 1 DAGs
[2024-02-11T12:55:32.846+0000] {logging_mixin.py:188} INFO - [2024-02-11T12:55:32.846+0000] {dag.py:3823} INFO - Setting next_dagrun for example_branch_dop_operator_v3 to 2024-02-11 12:54:00+00:00, run_after=2024-02-11 12:55:00+00:00
[2024-02-11T12:55:32.866+0000] {processor.py:183} INFO - Processing /home/airflow/.local/lib/python3.8/site-packages/airflow/example_dags/example_branch_python_dop_operator_3.py took 0.192 seconds
[2024-02-11T12:56:03.228+0000] {processor.py:161} INFO - Started process (PID=193) to work on /home/airflow/.local/lib/python3.8/site-packages/airflow/example_dags/example_branch_python_dop_operator_3.py
[2024-02-11T12:56:03.229+0000] {processor.py:830} INFO - Processing file /home/airflow/.local/lib/python3.8/site-packages/airflow/example_dags/example_branch_python_dop_operator_3.py for tasks to queue
[2024-02-11T12:56:03.230+0000] {logging_mixin.py:188} INFO - [2024-02-11T12:56:03.230+0000] {dagbag.py:538} INFO - Filling up the DagBag from /home/airflow/.local/lib/python3.8/site-packages/airflow/example_dags/example_branch_python_dop_operator_3.py
[2024-02-11T12:56:03.235+0000] {processor.py:840} INFO - DAG(s) 'example_branch_dop_operator_v3' retrieved from /home/airflow/.local/lib/python3.8/site-packages/airflow/example_dags/example_branch_python_dop_operator_3.py
[2024-02-11T12:56:03.250+0000] {logging_mixin.py:188} INFO - [2024-02-11T12:56:03.250+0000] {dag.py:3036} INFO - Sync 1 DAGs
[2024-02-11T12:56:03.272+0000] {logging_mixin.py:188} INFO - [2024-02-11T12:56:03.271+0000] {dag.py:3823} INFO - Setting next_dagrun for example_branch_dop_operator_v3 to 2024-02-11 12:55:00+00:00, run_after=2024-02-11 12:56:00+00:00
[2024-02-11T12:56:03.288+0000] {processor.py:183} INFO - Processing /home/airflow/.local/lib/python3.8/site-packages/airflow/example_dags/example_branch_python_dop_operator_3.py took 0.062 seconds
[2024-02-11T12:56:35.235+0000] {processor.py:161} INFO - Started process (PID=248) to work on /home/airflow/.local/lib/python3.8/site-packages/airflow/example_dags/example_branch_python_dop_operator_3.py
[2024-02-11T12:56:35.237+0000] {processor.py:830} INFO - Processing file /home/airflow/.local/lib/python3.8/site-packages/airflow/example_dags/example_branch_python_dop_operator_3.py for tasks to queue
[2024-02-11T12:56:35.241+0000] {logging_mixin.py:188} INFO - [2024-02-11T12:56:35.241+0000] {dagbag.py:538} INFO - Filling up the DagBag from /home/airflow/.local/lib/python3.8/site-packages/airflow/example_dags/example_branch_python_dop_operator_3.py
[2024-02-11T12:56:35.263+0000] {processor.py:840} INFO - DAG(s) 'example_branch_dop_operator_v3' retrieved from /home/airflow/.local/lib/python3.8/site-packages/airflow/example_dags/example_branch_python_dop_operator_3.py
[2024-02-11T12:56:35.322+0000] {logging_mixin.py:188} INFO - [2024-02-11T12:56:35.321+0000] {dag.py:3036} INFO - Sync 1 DAGs
[2024-02-11T12:56:35.399+0000] {logging_mixin.py:188} INFO - [2024-02-11T12:56:35.399+0000] {dag.py:3823} INFO - Setting next_dagrun for example_branch_dop_operator_v3 to 2024-02-11 12:55:00+00:00, run_after=2024-02-11 12:56:00+00:00
[2024-02-11T12:56:35.446+0000] {processor.py:183} INFO - Processing /home/airflow/.local/lib/python3.8/site-packages/airflow/example_dags/example_branch_python_dop_operator_3.py took 0.218 seconds
[2024-02-11T12:57:05.918+0000] {processor.py:161} INFO - Started process (PID=303) to work on /home/airflow/.local/lib/python3.8/site-packages/airflow/example_dags/example_branch_python_dop_operator_3.py
[2024-02-11T12:57:05.920+0000] {processor.py:830} INFO - Processing file /home/airflow/.local/lib/python3.8/site-packages/airflow/example_dags/example_branch_python_dop_operator_3.py for tasks to queue
[2024-02-11T12:57:05.924+0000] {logging_mixin.py:188} INFO - [2024-02-11T12:57:05.924+0000] {dagbag.py:538} INFO - Filling up the DagBag from /home/airflow/.local/lib/python3.8/site-packages/airflow/example_dags/example_branch_python_dop_operator_3.py
[2024-02-11T12:57:05.953+0000] {processor.py:840} INFO - DAG(s) 'example_branch_dop_operator_v3' retrieved from /home/airflow/.local/lib/python3.8/site-packages/airflow/example_dags/example_branch_python_dop_operator_3.py
[2024-02-11T12:57:05.986+0000] {logging_mixin.py:188} INFO - [2024-02-11T12:57:05.985+0000] {dag.py:3036} INFO - Sync 1 DAGs
[2024-02-11T12:57:06.087+0000] {logging_mixin.py:188} INFO - [2024-02-11T12:57:06.086+0000] {dag.py:3823} INFO - Setting next_dagrun for example_branch_dop_operator_v3 to 2024-02-11 12:56:00+00:00, run_after=2024-02-11 12:57:00+00:00
[2024-02-11T12:57:06.150+0000] {processor.py:183} INFO - Processing /home/airflow/.local/lib/python3.8/site-packages/airflow/example_dags/example_branch_python_dop_operator_3.py took 0.241 seconds
[2024-02-11T12:57:40.723+0000] {processor.py:161} INFO - Started process (PID=364) to work on /home/airflow/.local/lib/python3.8/site-packages/airflow/example_dags/example_branch_python_dop_operator_3.py
[2024-02-11T12:57:40.725+0000] {processor.py:830} INFO - Processing file /home/airflow/.local/lib/python3.8/site-packages/airflow/example_dags/example_branch_python_dop_operator_3.py for tasks to queue
[2024-02-11T12:57:40.728+0000] {logging_mixin.py:188} INFO - [2024-02-11T12:57:40.727+0000] {dagbag.py:538} INFO - Filling up the DagBag from /home/airflow/.local/lib/python3.8/site-packages/airflow/example_dags/example_branch_python_dop_operator_3.py
[2024-02-11T12:57:40.743+0000] {processor.py:840} INFO - DAG(s) 'example_branch_dop_operator_v3' retrieved from /home/airflow/.local/lib/python3.8/site-packages/airflow/example_dags/example_branch_python_dop_operator_3.py
[2024-02-11T12:57:40.969+0000] {logging_mixin.py:188} INFO - [2024-02-11T12:57:40.968+0000] {dag.py:3036} INFO - Sync 1 DAGs
[2024-02-11T12:57:41.038+0000] {logging_mixin.py:188} INFO - [2024-02-11T12:57:41.037+0000] {dag.py:3823} INFO - Setting next_dagrun for example_branch_dop_operator_v3 to 2024-02-11 12:56:00+00:00, run_after=2024-02-11 12:57:00+00:00
[2024-02-11T12:57:41.092+0000] {processor.py:183} INFO - Processing /home/airflow/.local/lib/python3.8/site-packages/airflow/example_dags/example_branch_python_dop_operator_3.py took 0.374 seconds
[2024-02-11T12:58:11.833+0000] {processor.py:161} INFO - Started process (PID=419) to work on /home/airflow/.local/lib/python3.8/site-packages/airflow/example_dags/example_branch_python_dop_operator_3.py
[2024-02-11T12:58:11.834+0000] {processor.py:830} INFO - Processing file /home/airflow/.local/lib/python3.8/site-packages/airflow/example_dags/example_branch_python_dop_operator_3.py for tasks to queue
[2024-02-11T12:58:11.837+0000] {logging_mixin.py:188} INFO - [2024-02-11T12:58:11.837+0000] {dagbag.py:538} INFO - Filling up the DagBag from /home/airflow/.local/lib/python3.8/site-packages/airflow/example_dags/example_branch_python_dop_operator_3.py
[2024-02-11T12:58:11.852+0000] {processor.py:840} INFO - DAG(s) 'example_branch_dop_operator_v3' retrieved from /home/airflow/.local/lib/python3.8/site-packages/airflow/example_dags/example_branch_python_dop_operator_3.py
[2024-02-11T12:58:11.897+0000] {logging_mixin.py:188} INFO - [2024-02-11T12:58:11.896+0000] {dag.py:3036} INFO - Sync 1 DAGs
[2024-02-11T12:58:11.968+0000] {logging_mixin.py:188} INFO - [2024-02-11T12:58:11.967+0000] {dag.py:3823} INFO - Setting next_dagrun for example_branch_dop_operator_v3 to 2024-02-11 12:57:00+00:00, run_after=2024-02-11 12:58:00+00:00
[2024-02-11T12:58:12.020+0000] {processor.py:183} INFO - Processing /home/airflow/.local/lib/python3.8/site-packages/airflow/example_dags/example_branch_python_dop_operator_3.py took 0.192 seconds
[2024-02-11T12:58:42.399+0000] {processor.py:161} INFO - Started process (PID=475) to work on /home/airflow/.local/lib/python3.8/site-packages/airflow/example_dags/example_branch_python_dop_operator_3.py
[2024-02-11T12:58:42.401+0000] {processor.py:830} INFO - Processing file /home/airflow/.local/lib/python3.8/site-packages/airflow/example_dags/example_branch_python_dop_operator_3.py for tasks to queue
[2024-02-11T12:58:42.403+0000] {logging_mixin.py:188} INFO - [2024-02-11T12:58:42.403+0000] {dagbag.py:538} INFO - Filling up the DagBag from /home/airflow/.local/lib/python3.8/site-packages/airflow/example_dags/example_branch_python_dop_operator_3.py
[2024-02-11T12:58:42.418+0000] {processor.py:840} INFO - DAG(s) 'example_branch_dop_operator_v3' retrieved from /home/airflow/.local/lib/python3.8/site-packages/airflow/example_dags/example_branch_python_dop_operator_3.py
[2024-02-11T12:58:42.458+0000] {logging_mixin.py:188} INFO - [2024-02-11T12:58:42.457+0000] {dag.py:3036} INFO - Sync 1 DAGs
[2024-02-11T12:58:42.525+0000] {logging_mixin.py:188} INFO - [2024-02-11T12:58:42.525+0000] {dag.py:3823} INFO - Setting next_dagrun for example_branch_dop_operator_v3 to 2024-02-11 12:57:00+00:00, run_after=2024-02-11 12:58:00+00:00
[2024-02-11T12:58:42.571+0000] {processor.py:183} INFO - Processing /home/airflow/.local/lib/python3.8/site-packages/airflow/example_dags/example_branch_python_dop_operator_3.py took 0.177 seconds
[2024-02-11T12:59:13.064+0000] {processor.py:161} INFO - Started process (PID=530) to work on /home/airflow/.local/lib/python3.8/site-packages/airflow/example_dags/example_branch_python_dop_operator_3.py
[2024-02-11T12:59:13.067+0000] {processor.py:830} INFO - Processing file /home/airflow/.local/lib/python3.8/site-packages/airflow/example_dags/example_branch_python_dop_operator_3.py for tasks to queue
[2024-02-11T12:59:13.072+0000] {logging_mixin.py:188} INFO - [2024-02-11T12:59:13.071+0000] {dagbag.py:538} INFO - Filling up the DagBag from /home/airflow/.local/lib/python3.8/site-packages/airflow/example_dags/example_branch_python_dop_operator_3.py
[2024-02-11T12:59:13.102+0000] {processor.py:840} INFO - DAG(s) 'example_branch_dop_operator_v3' retrieved from /home/airflow/.local/lib/python3.8/site-packages/airflow/example_dags/example_branch_python_dop_operator_3.py
[2024-02-11T12:59:13.183+0000] {logging_mixin.py:188} INFO - [2024-02-11T12:59:13.182+0000] {dag.py:3036} INFO - Sync 1 DAGs
[2024-02-11T12:59:13.276+0000] {logging_mixin.py:188} INFO - [2024-02-11T12:59:13.276+0000] {dag.py:3823} INFO - Setting next_dagrun for example_branch_dop_operator_v3 to 2024-02-11 12:58:00+00:00, run_after=2024-02-11 12:59:00+00:00
[2024-02-11T12:59:13.342+0000] {processor.py:183} INFO - Processing /home/airflow/.local/lib/python3.8/site-packages/airflow/example_dags/example_branch_python_dop_operator_3.py took 0.288 seconds
[2024-02-11T12:59:44.074+0000] {processor.py:161} INFO - Started process (PID=586) to work on /home/airflow/.local/lib/python3.8/site-packages/airflow/example_dags/example_branch_python_dop_operator_3.py
[2024-02-11T12:59:44.076+0000] {processor.py:830} INFO - Processing file /home/airflow/.local/lib/python3.8/site-packages/airflow/example_dags/example_branch_python_dop_operator_3.py for tasks to queue
[2024-02-11T12:59:44.080+0000] {logging_mixin.py:188} INFO - [2024-02-11T12:59:44.078+0000] {dagbag.py:538} INFO - Filling up the DagBag from /home/airflow/.local/lib/python3.8/site-packages/airflow/example_dags/example_branch_python_dop_operator_3.py
[2024-02-11T12:59:44.101+0000] {processor.py:840} INFO - DAG(s) 'example_branch_dop_operator_v3' retrieved from /home/airflow/.local/lib/python3.8/site-packages/airflow/example_dags/example_branch_python_dop_operator_3.py
[2024-02-11T12:59:44.161+0000] {logging_mixin.py:188} INFO - [2024-02-11T12:59:44.160+0000] {dag.py:3036} INFO - Sync 1 DAGs
[2024-02-11T12:59:44.258+0000] {logging_mixin.py:188} INFO - [2024-02-11T12:59:44.257+0000] {dag.py:3823} INFO - Setting next_dagrun for example_branch_dop_operator_v3 to 2024-02-11 12:58:00+00:00, run_after=2024-02-11 12:59:00+00:00
[2024-02-11T12:59:44.327+0000] {processor.py:183} INFO - Processing /home/airflow/.local/lib/python3.8/site-packages/airflow/example_dags/example_branch_python_dop_operator_3.py took 0.260 seconds
[2024-02-11T13:00:14.751+0000] {processor.py:161} INFO - Started process (PID=641) to work on /home/airflow/.local/lib/python3.8/site-packages/airflow/example_dags/example_branch_python_dop_operator_3.py
[2024-02-11T13:00:14.753+0000] {processor.py:830} INFO - Processing file /home/airflow/.local/lib/python3.8/site-packages/airflow/example_dags/example_branch_python_dop_operator_3.py for tasks to queue
[2024-02-11T13:00:14.758+0000] {logging_mixin.py:188} INFO - [2024-02-11T13:00:14.757+0000] {dagbag.py:538} INFO - Filling up the DagBag from /home/airflow/.local/lib/python3.8/site-packages/airflow/example_dags/example_branch_python_dop_operator_3.py
[2024-02-11T13:00:14.786+0000] {processor.py:840} INFO - DAG(s) 'example_branch_dop_operator_v3' retrieved from /home/airflow/.local/lib/python3.8/site-packages/airflow/example_dags/example_branch_python_dop_operator_3.py
[2024-02-11T13:00:14.853+0000] {logging_mixin.py:188} INFO - [2024-02-11T13:00:14.853+0000] {dag.py:3036} INFO - Sync 1 DAGs
[2024-02-11T13:00:14.969+0000] {logging_mixin.py:188} INFO - [2024-02-11T13:00:14.968+0000] {dag.py:3823} INFO - Setting next_dagrun for example_branch_dop_operator_v3 to 2024-02-11 12:59:00+00:00, run_after=2024-02-11 13:00:00+00:00
[2024-02-11T13:00:15.028+0000] {processor.py:183} INFO - Processing /home/airflow/.local/lib/python3.8/site-packages/airflow/example_dags/example_branch_python_dop_operator_3.py took 0.286 seconds
[2024-02-11T13:00:45.924+0000] {processor.py:161} INFO - Started process (PID=697) to work on /home/airflow/.local/lib/python3.8/site-packages/airflow/example_dags/example_branch_python_dop_operator_3.py
[2024-02-11T13:00:45.925+0000] {processor.py:830} INFO - Processing file /home/airflow/.local/lib/python3.8/site-packages/airflow/example_dags/example_branch_python_dop_operator_3.py for tasks to queue
[2024-02-11T13:00:45.927+0000] {logging_mixin.py:188} INFO - [2024-02-11T13:00:45.927+0000] {dagbag.py:538} INFO - Filling up the DagBag from /home/airflow/.local/lib/python3.8/site-packages/airflow/example_dags/example_branch_python_dop_operator_3.py
[2024-02-11T13:00:45.933+0000] {processor.py:840} INFO - DAG(s) 'example_branch_dop_operator_v3' retrieved from /home/airflow/.local/lib/python3.8/site-packages/airflow/example_dags/example_branch_python_dop_operator_3.py
[2024-02-11T13:00:45.952+0000] {logging_mixin.py:188} INFO - [2024-02-11T13:00:45.951+0000] {dag.py:3036} INFO - Sync 1 DAGs
[2024-02-11T13:00:45.975+0000] {logging_mixin.py:188} INFO - [2024-02-11T13:00:45.974+0000] {dag.py:3823} INFO - Setting next_dagrun for example_branch_dop_operator_v3 to 2024-02-11 12:59:00+00:00, run_after=2024-02-11 13:00:00+00:00
[2024-02-11T13:00:45.991+0000] {processor.py:183} INFO - Processing /home/airflow/.local/lib/python3.8/site-packages/airflow/example_dags/example_branch_python_dop_operator_3.py took 0.069 seconds
[2024-02-11T13:06:07.927+0000] {processor.py:161} INFO - Started process (PID=82) to work on /home/airflow/.local/lib/python3.8/site-packages/airflow/example_dags/example_branch_python_dop_operator_3.py
[2024-02-11T13:06:07.928+0000] {processor.py:830} INFO - Processing file /home/airflow/.local/lib/python3.8/site-packages/airflow/example_dags/example_branch_python_dop_operator_3.py for tasks to queue
[2024-02-11T13:06:07.929+0000] {logging_mixin.py:188} INFO - [2024-02-11T13:06:07.929+0000] {dagbag.py:538} INFO - Filling up the DagBag from /home/airflow/.local/lib/python3.8/site-packages/airflow/example_dags/example_branch_python_dop_operator_3.py
[2024-02-11T13:06:07.939+0000] {processor.py:840} INFO - DAG(s) 'example_branch_dop_operator_v3' retrieved from /home/airflow/.local/lib/python3.8/site-packages/airflow/example_dags/example_branch_python_dop_operator_3.py
[2024-02-11T13:06:07.949+0000] {logging_mixin.py:188} INFO - [2024-02-11T13:06:07.949+0000] {dag.py:3036} INFO - Sync 1 DAGs
[2024-02-11T13:06:07.980+0000] {logging_mixin.py:188} INFO - [2024-02-11T13:06:07.980+0000] {dag.py:3823} INFO - Setting next_dagrun for example_branch_dop_operator_v3 to 2024-02-11 13:05:00+00:00, run_after=2024-02-11 13:06:00+00:00
[2024-02-11T13:06:08.003+0000] {processor.py:183} INFO - Processing /home/airflow/.local/lib/python3.8/site-packages/airflow/example_dags/example_branch_python_dop_operator_3.py took 0.079 seconds
