[2024-02-11T12:54:57.821+0000] {processor.py:161} INFO - Started process (PID=46) to work on /home/airflow/.local/lib/python3.8/site-packages/airflow/example_dags/tutorial.py
[2024-02-11T12:54:57.821+0000] {processor.py:830} INFO - Processing file /home/airflow/.local/lib/python3.8/site-packages/airflow/example_dags/tutorial.py for tasks to queue
[2024-02-11T12:54:57.822+0000] {logging_mixin.py:188} INFO - [2024-02-11T12:54:57.822+0000] {dagbag.py:538} INFO - Filling up the DagBag from /home/airflow/.local/lib/python3.8/site-packages/airflow/example_dags/tutorial.py
[2024-02-11T12:54:57.828+0000] {processor.py:840} INFO - DAG(s) 'tutorial' retrieved from /home/airflow/.local/lib/python3.8/site-packages/airflow/example_dags/tutorial.py
[2024-02-11T12:54:57.839+0000] {logging_mixin.py:188} INFO - [2024-02-11T12:54:57.839+0000] {dag.py:3036} INFO - Sync 1 DAGs
[2024-02-11T12:54:57.909+0000] {logging_mixin.py:188} INFO - [2024-02-11T12:54:57.909+0000] {dag.py:3823} INFO - Setting next_dagrun for tutorial to 2024-02-10 00:00:00+00:00, run_after=2024-02-11 00:00:00+00:00
[2024-02-11T12:54:57.930+0000] {processor.py:183} INFO - Processing /home/airflow/.local/lib/python3.8/site-packages/airflow/example_dags/tutorial.py took 0.112 seconds
[2024-02-11T12:55:28.536+0000] {processor.py:161} INFO - Started process (PID=101) to work on /home/airflow/.local/lib/python3.8/site-packages/airflow/example_dags/tutorial.py
[2024-02-11T12:55:28.537+0000] {processor.py:830} INFO - Processing file /home/airflow/.local/lib/python3.8/site-packages/airflow/example_dags/tutorial.py for tasks to queue
[2024-02-11T12:55:28.538+0000] {logging_mixin.py:188} INFO - [2024-02-11T12:55:28.538+0000] {dagbag.py:538} INFO - Filling up the DagBag from /home/airflow/.local/lib/python3.8/site-packages/airflow/example_dags/tutorial.py
[2024-02-11T12:55:28.543+0000] {processor.py:840} INFO - DAG(s) 'tutorial' retrieved from /home/airflow/.local/lib/python3.8/site-packages/airflow/example_dags/tutorial.py
[2024-02-11T12:55:28.658+0000] {logging_mixin.py:188} INFO - [2024-02-11T12:55:28.658+0000] {dag.py:3036} INFO - Sync 1 DAGs
[2024-02-11T12:55:28.705+0000] {logging_mixin.py:188} INFO - [2024-02-11T12:55:28.705+0000] {dag.py:3823} INFO - Setting next_dagrun for tutorial to 2024-02-10 00:00:00+00:00, run_after=2024-02-11 00:00:00+00:00
[2024-02-11T12:55:28.723+0000] {processor.py:183} INFO - Processing /home/airflow/.local/lib/python3.8/site-packages/airflow/example_dags/tutorial.py took 0.190 seconds
[2024-02-11T12:55:58.748+0000] {processor.py:161} INFO - Started process (PID=156) to work on /home/airflow/.local/lib/python3.8/site-packages/airflow/example_dags/tutorial.py
[2024-02-11T12:55:58.748+0000] {processor.py:830} INFO - Processing file /home/airflow/.local/lib/python3.8/site-packages/airflow/example_dags/tutorial.py for tasks to queue
[2024-02-11T12:55:58.750+0000] {logging_mixin.py:188} INFO - [2024-02-11T12:55:58.749+0000] {dagbag.py:538} INFO - Filling up the DagBag from /home/airflow/.local/lib/python3.8/site-packages/airflow/example_dags/tutorial.py
[2024-02-11T12:55:58.754+0000] {processor.py:840} INFO - DAG(s) 'tutorial' retrieved from /home/airflow/.local/lib/python3.8/site-packages/airflow/example_dags/tutorial.py
[2024-02-11T12:55:58.769+0000] {logging_mixin.py:188} INFO - [2024-02-11T12:55:58.769+0000] {dag.py:3036} INFO - Sync 1 DAGs
[2024-02-11T12:55:58.785+0000] {logging_mixin.py:188} INFO - [2024-02-11T12:55:58.785+0000] {dag.py:3823} INFO - Setting next_dagrun for tutorial to 2024-02-10 00:00:00+00:00, run_after=2024-02-11 00:00:00+00:00
[2024-02-11T12:55:58.801+0000] {processor.py:183} INFO - Processing /home/airflow/.local/lib/python3.8/site-packages/airflow/example_dags/tutorial.py took 0.056 seconds
[2024-02-11T12:56:29.856+0000] {processor.py:161} INFO - Started process (PID=211) to work on /home/airflow/.local/lib/python3.8/site-packages/airflow/example_dags/tutorial.py
[2024-02-11T12:56:29.858+0000] {processor.py:830} INFO - Processing file /home/airflow/.local/lib/python3.8/site-packages/airflow/example_dags/tutorial.py for tasks to queue
[2024-02-11T12:56:29.863+0000] {logging_mixin.py:188} INFO - [2024-02-11T12:56:29.862+0000] {dagbag.py:538} INFO - Filling up the DagBag from /home/airflow/.local/lib/python3.8/site-packages/airflow/example_dags/tutorial.py
[2024-02-11T12:56:29.879+0000] {processor.py:840} INFO - DAG(s) 'tutorial' retrieved from /home/airflow/.local/lib/python3.8/site-packages/airflow/example_dags/tutorial.py
[2024-02-11T12:56:29.940+0000] {logging_mixin.py:188} INFO - [2024-02-11T12:56:29.939+0000] {dag.py:3036} INFO - Sync 1 DAGs
[2024-02-11T12:56:30.008+0000] {logging_mixin.py:188} INFO - [2024-02-11T12:56:30.007+0000] {dag.py:3823} INFO - Setting next_dagrun for tutorial to 2024-02-10 00:00:00+00:00, run_after=2024-02-11 00:00:00+00:00
[2024-02-11T12:56:30.067+0000] {processor.py:183} INFO - Processing /home/airflow/.local/lib/python3.8/site-packages/airflow/example_dags/tutorial.py took 0.220 seconds
[2024-02-11T12:57:00.153+0000] {processor.py:161} INFO - Started process (PID=266) to work on /home/airflow/.local/lib/python3.8/site-packages/airflow/example_dags/tutorial.py
[2024-02-11T12:57:00.156+0000] {processor.py:830} INFO - Processing file /home/airflow/.local/lib/python3.8/site-packages/airflow/example_dags/tutorial.py for tasks to queue
[2024-02-11T12:57:00.160+0000] {logging_mixin.py:188} INFO - [2024-02-11T12:57:00.159+0000] {dagbag.py:538} INFO - Filling up the DagBag from /home/airflow/.local/lib/python3.8/site-packages/airflow/example_dags/tutorial.py
[2024-02-11T12:57:00.171+0000] {processor.py:840} INFO - DAG(s) 'tutorial' retrieved from /home/airflow/.local/lib/python3.8/site-packages/airflow/example_dags/tutorial.py
[2024-02-11T12:57:00.203+0000] {logging_mixin.py:188} INFO - [2024-02-11T12:57:00.202+0000] {dag.py:3036} INFO - Sync 1 DAGs
[2024-02-11T12:57:00.274+0000] {logging_mixin.py:188} INFO - [2024-02-11T12:57:00.273+0000] {dag.py:3823} INFO - Setting next_dagrun for tutorial to 2024-02-10 00:00:00+00:00, run_after=2024-02-11 00:00:00+00:00
[2024-02-11T12:57:00.326+0000] {processor.py:183} INFO - Processing /home/airflow/.local/lib/python3.8/site-packages/airflow/example_dags/tutorial.py took 0.180 seconds
[2024-02-11T12:57:31.576+0000] {processor.py:161} INFO - Started process (PID=321) to work on /home/airflow/.local/lib/python3.8/site-packages/airflow/example_dags/tutorial.py
[2024-02-11T12:57:31.578+0000] {processor.py:830} INFO - Processing file /home/airflow/.local/lib/python3.8/site-packages/airflow/example_dags/tutorial.py for tasks to queue
[2024-02-11T12:57:31.581+0000] {logging_mixin.py:188} INFO - [2024-02-11T12:57:31.580+0000] {dagbag.py:538} INFO - Filling up the DagBag from /home/airflow/.local/lib/python3.8/site-packages/airflow/example_dags/tutorial.py
[2024-02-11T12:57:31.591+0000] {processor.py:840} INFO - DAG(s) 'tutorial' retrieved from /home/airflow/.local/lib/python3.8/site-packages/airflow/example_dags/tutorial.py
[2024-02-11T12:57:31.861+0000] {logging_mixin.py:188} INFO - [2024-02-11T12:57:31.860+0000] {dag.py:3036} INFO - Sync 1 DAGs
[2024-02-11T12:57:31.920+0000] {logging_mixin.py:188} INFO - [2024-02-11T12:57:31.919+0000] {dag.py:3823} INFO - Setting next_dagrun for tutorial to 2024-02-10 00:00:00+00:00, run_after=2024-02-11 00:00:00+00:00
[2024-02-11T12:57:31.980+0000] {processor.py:183} INFO - Processing /home/airflow/.local/lib/python3.8/site-packages/airflow/example_dags/tutorial.py took 0.410 seconds
[2024-02-11T12:58:02.951+0000] {processor.py:161} INFO - Started process (PID=376) to work on /home/airflow/.local/lib/python3.8/site-packages/airflow/example_dags/tutorial.py
[2024-02-11T12:58:02.952+0000] {processor.py:830} INFO - Processing file /home/airflow/.local/lib/python3.8/site-packages/airflow/example_dags/tutorial.py for tasks to queue
[2024-02-11T12:58:02.955+0000] {logging_mixin.py:188} INFO - [2024-02-11T12:58:02.955+0000] {dagbag.py:538} INFO - Filling up the DagBag from /home/airflow/.local/lib/python3.8/site-packages/airflow/example_dags/tutorial.py
[2024-02-11T12:58:02.966+0000] {processor.py:840} INFO - DAG(s) 'tutorial' retrieved from /home/airflow/.local/lib/python3.8/site-packages/airflow/example_dags/tutorial.py
[2024-02-11T12:58:03.021+0000] {logging_mixin.py:188} INFO - [2024-02-11T12:58:03.020+0000] {dag.py:3036} INFO - Sync 1 DAGs
[2024-02-11T12:58:03.075+0000] {logging_mixin.py:188} INFO - [2024-02-11T12:58:03.074+0000] {dag.py:3823} INFO - Setting next_dagrun for tutorial to 2024-02-10 00:00:00+00:00, run_after=2024-02-11 00:00:00+00:00
[2024-02-11T12:58:03.122+0000] {processor.py:183} INFO - Processing /home/airflow/.local/lib/python3.8/site-packages/airflow/example_dags/tutorial.py took 0.176 seconds
[2024-02-11T12:58:33.889+0000] {processor.py:161} INFO - Started process (PID=431) to work on /home/airflow/.local/lib/python3.8/site-packages/airflow/example_dags/tutorial.py
[2024-02-11T12:58:33.891+0000] {processor.py:830} INFO - Processing file /home/airflow/.local/lib/python3.8/site-packages/airflow/example_dags/tutorial.py for tasks to queue
[2024-02-11T12:58:33.896+0000] {logging_mixin.py:188} INFO - [2024-02-11T12:58:33.895+0000] {dagbag.py:538} INFO - Filling up the DagBag from /home/airflow/.local/lib/python3.8/site-packages/airflow/example_dags/tutorial.py
[2024-02-11T12:58:33.911+0000] {processor.py:840} INFO - DAG(s) 'tutorial' retrieved from /home/airflow/.local/lib/python3.8/site-packages/airflow/example_dags/tutorial.py
[2024-02-11T12:58:33.972+0000] {logging_mixin.py:188} INFO - [2024-02-11T12:58:33.971+0000] {dag.py:3036} INFO - Sync 1 DAGs
[2024-02-11T12:58:34.045+0000] {logging_mixin.py:188} INFO - [2024-02-11T12:58:34.044+0000] {dag.py:3823} INFO - Setting next_dagrun for tutorial to 2024-02-10 00:00:00+00:00, run_after=2024-02-11 00:00:00+00:00
[2024-02-11T12:58:34.104+0000] {processor.py:183} INFO - Processing /home/airflow/.local/lib/python3.8/site-packages/airflow/example_dags/tutorial.py took 0.223 seconds
[2024-02-11T12:59:04.272+0000] {processor.py:161} INFO - Started process (PID=485) to work on /home/airflow/.local/lib/python3.8/site-packages/airflow/example_dags/tutorial.py
[2024-02-11T12:59:04.275+0000] {processor.py:830} INFO - Processing file /home/airflow/.local/lib/python3.8/site-packages/airflow/example_dags/tutorial.py for tasks to queue
[2024-02-11T12:59:04.277+0000] {logging_mixin.py:188} INFO - [2024-02-11T12:59:04.277+0000] {dagbag.py:538} INFO - Filling up the DagBag from /home/airflow/.local/lib/python3.8/site-packages/airflow/example_dags/tutorial.py
[2024-02-11T12:59:04.286+0000] {processor.py:840} INFO - DAG(s) 'tutorial' retrieved from /home/airflow/.local/lib/python3.8/site-packages/airflow/example_dags/tutorial.py
[2024-02-11T12:59:04.331+0000] {logging_mixin.py:188} INFO - [2024-02-11T12:59:04.331+0000] {dag.py:3036} INFO - Sync 1 DAGs
[2024-02-11T12:59:04.387+0000] {logging_mixin.py:188} INFO - [2024-02-11T12:59:04.386+0000] {dag.py:3823} INFO - Setting next_dagrun for tutorial to 2024-02-10 00:00:00+00:00, run_after=2024-02-11 00:00:00+00:00
[2024-02-11T12:59:04.438+0000] {processor.py:183} INFO - Processing /home/airflow/.local/lib/python3.8/site-packages/airflow/example_dags/tutorial.py took 0.173 seconds
[2024-02-11T12:59:34.575+0000] {processor.py:161} INFO - Started process (PID=541) to work on /home/airflow/.local/lib/python3.8/site-packages/airflow/example_dags/tutorial.py
[2024-02-11T12:59:34.577+0000] {processor.py:830} INFO - Processing file /home/airflow/.local/lib/python3.8/site-packages/airflow/example_dags/tutorial.py for tasks to queue
[2024-02-11T12:59:34.581+0000] {logging_mixin.py:188} INFO - [2024-02-11T12:59:34.581+0000] {dagbag.py:538} INFO - Filling up the DagBag from /home/airflow/.local/lib/python3.8/site-packages/airflow/example_dags/tutorial.py
[2024-02-11T12:59:34.597+0000] {processor.py:840} INFO - DAG(s) 'tutorial' retrieved from /home/airflow/.local/lib/python3.8/site-packages/airflow/example_dags/tutorial.py
[2024-02-11T12:59:34.649+0000] {logging_mixin.py:188} INFO - [2024-02-11T12:59:34.648+0000] {dag.py:3036} INFO - Sync 1 DAGs
[2024-02-11T12:59:34.718+0000] {logging_mixin.py:188} INFO - [2024-02-11T12:59:34.717+0000] {dag.py:3823} INFO - Setting next_dagrun for tutorial to 2024-02-10 00:00:00+00:00, run_after=2024-02-11 00:00:00+00:00
[2024-02-11T12:59:34.769+0000] {processor.py:183} INFO - Processing /home/airflow/.local/lib/python3.8/site-packages/airflow/example_dags/tutorial.py took 0.204 seconds
[2024-02-11T13:00:05.554+0000] {processor.py:161} INFO - Started process (PID=597) to work on /home/airflow/.local/lib/python3.8/site-packages/airflow/example_dags/tutorial.py
[2024-02-11T13:00:05.557+0000] {processor.py:830} INFO - Processing file /home/airflow/.local/lib/python3.8/site-packages/airflow/example_dags/tutorial.py for tasks to queue
[2024-02-11T13:00:05.560+0000] {logging_mixin.py:188} INFO - [2024-02-11T13:00:05.560+0000] {dagbag.py:538} INFO - Filling up the DagBag from /home/airflow/.local/lib/python3.8/site-packages/airflow/example_dags/tutorial.py
[2024-02-11T13:00:05.570+0000] {processor.py:840} INFO - DAG(s) 'tutorial' retrieved from /home/airflow/.local/lib/python3.8/site-packages/airflow/example_dags/tutorial.py
[2024-02-11T13:00:05.632+0000] {logging_mixin.py:188} INFO - [2024-02-11T13:00:05.631+0000] {dag.py:3036} INFO - Sync 1 DAGs
[2024-02-11T13:00:05.705+0000] {logging_mixin.py:188} INFO - [2024-02-11T13:00:05.704+0000] {dag.py:3823} INFO - Setting next_dagrun for tutorial to 2024-02-10 00:00:00+00:00, run_after=2024-02-11 00:00:00+00:00
[2024-02-11T13:00:05.762+0000] {processor.py:183} INFO - Processing /home/airflow/.local/lib/python3.8/site-packages/airflow/example_dags/tutorial.py took 0.214 seconds
[2024-02-11T13:00:35.867+0000] {processor.py:161} INFO - Started process (PID=652) to work on /home/airflow/.local/lib/python3.8/site-packages/airflow/example_dags/tutorial.py
[2024-02-11T13:00:35.870+0000] {processor.py:830} INFO - Processing file /home/airflow/.local/lib/python3.8/site-packages/airflow/example_dags/tutorial.py for tasks to queue
[2024-02-11T13:00:35.874+0000] {logging_mixin.py:188} INFO - [2024-02-11T13:00:35.873+0000] {dagbag.py:538} INFO - Filling up the DagBag from /home/airflow/.local/lib/python3.8/site-packages/airflow/example_dags/tutorial.py
[2024-02-11T13:00:35.884+0000] {processor.py:840} INFO - DAG(s) 'tutorial' retrieved from /home/airflow/.local/lib/python3.8/site-packages/airflow/example_dags/tutorial.py
[2024-02-11T13:00:35.929+0000] {logging_mixin.py:188} INFO - [2024-02-11T13:00:35.928+0000] {dag.py:3036} INFO - Sync 1 DAGs
[2024-02-11T13:00:35.979+0000] {logging_mixin.py:188} INFO - [2024-02-11T13:00:35.979+0000] {dag.py:3823} INFO - Setting next_dagrun for tutorial to 2024-02-10 00:00:00+00:00, run_after=2024-02-11 00:00:00+00:00
[2024-02-11T13:00:36.032+0000] {processor.py:183} INFO - Processing /home/airflow/.local/lib/python3.8/site-packages/airflow/example_dags/tutorial.py took 0.171 seconds
[2024-02-11T13:01:06.337+0000] {processor.py:161} INFO - Started process (PID=707) to work on /home/airflow/.local/lib/python3.8/site-packages/airflow/example_dags/tutorial.py
[2024-02-11T13:01:06.337+0000] {processor.py:830} INFO - Processing file /home/airflow/.local/lib/python3.8/site-packages/airflow/example_dags/tutorial.py for tasks to queue
[2024-02-11T13:01:06.338+0000] {logging_mixin.py:188} INFO - [2024-02-11T13:01:06.338+0000] {dagbag.py:538} INFO - Filling up the DagBag from /home/airflow/.local/lib/python3.8/site-packages/airflow/example_dags/tutorial.py
[2024-02-11T13:01:06.342+0000] {processor.py:840} INFO - DAG(s) 'tutorial' retrieved from /home/airflow/.local/lib/python3.8/site-packages/airflow/example_dags/tutorial.py
[2024-02-11T13:01:06.359+0000] {logging_mixin.py:188} INFO - [2024-02-11T13:01:06.359+0000] {dag.py:3036} INFO - Sync 1 DAGs
[2024-02-11T13:01:06.376+0000] {logging_mixin.py:188} INFO - [2024-02-11T13:01:06.376+0000] {dag.py:3823} INFO - Setting next_dagrun for tutorial to 2024-02-10 00:00:00+00:00, run_after=2024-02-11 00:00:00+00:00
[2024-02-11T13:01:06.394+0000] {processor.py:183} INFO - Processing /home/airflow/.local/lib/python3.8/site-packages/airflow/example_dags/tutorial.py took 0.059 seconds
[2024-02-11T13:06:05.843+0000] {processor.py:161} INFO - Started process (PID=45) to work on /home/airflow/.local/lib/python3.8/site-packages/airflow/example_dags/tutorial.py
[2024-02-11T13:06:05.844+0000] {processor.py:830} INFO - Processing file /home/airflow/.local/lib/python3.8/site-packages/airflow/example_dags/tutorial.py for tasks to queue
[2024-02-11T13:06:05.845+0000] {logging_mixin.py:188} INFO - [2024-02-11T13:06:05.845+0000] {dagbag.py:538} INFO - Filling up the DagBag from /home/airflow/.local/lib/python3.8/site-packages/airflow/example_dags/tutorial.py
[2024-02-11T13:06:05.855+0000] {processor.py:840} INFO - DAG(s) 'tutorial' retrieved from /home/airflow/.local/lib/python3.8/site-packages/airflow/example_dags/tutorial.py
[2024-02-11T13:06:05.869+0000] {logging_mixin.py:188} INFO - [2024-02-11T13:06:05.869+0000] {dag.py:3036} INFO - Sync 1 DAGs
[2024-02-11T13:06:05.895+0000] {logging_mixin.py:188} INFO - [2024-02-11T13:06:05.895+0000] {dag.py:3823} INFO - Setting next_dagrun for tutorial to 2024-02-10 00:00:00+00:00, run_after=2024-02-11 00:00:00+00:00
[2024-02-11T13:06:05.918+0000] {processor.py:183} INFO - Processing /home/airflow/.local/lib/python3.8/site-packages/airflow/example_dags/tutorial.py took 0.079 seconds
[2024-02-11T13:06:36.285+0000] {processor.py:161} INFO - Started process (PID=100) to work on /home/airflow/.local/lib/python3.8/site-packages/airflow/example_dags/tutorial.py
[2024-02-11T13:06:36.286+0000] {processor.py:830} INFO - Processing file /home/airflow/.local/lib/python3.8/site-packages/airflow/example_dags/tutorial.py for tasks to queue
[2024-02-11T13:06:36.287+0000] {logging_mixin.py:188} INFO - [2024-02-11T13:06:36.287+0000] {dagbag.py:538} INFO - Filling up the DagBag from /home/airflow/.local/lib/python3.8/site-packages/airflow/example_dags/tutorial.py
[2024-02-11T13:06:36.291+0000] {processor.py:840} INFO - DAG(s) 'tutorial' retrieved from /home/airflow/.local/lib/python3.8/site-packages/airflow/example_dags/tutorial.py
[2024-02-11T13:06:36.301+0000] {logging_mixin.py:188} INFO - [2024-02-11T13:06:36.300+0000] {dag.py:3036} INFO - Sync 1 DAGs
[2024-02-11T13:06:36.322+0000] {logging_mixin.py:188} INFO - [2024-02-11T13:06:36.322+0000] {dag.py:3823} INFO - Setting next_dagrun for tutorial to 2024-02-10 00:00:00+00:00, run_after=2024-02-11 00:00:00+00:00
[2024-02-11T13:06:36.340+0000] {processor.py:183} INFO - Processing /home/airflow/.local/lib/python3.8/site-packages/airflow/example_dags/tutorial.py took 0.057 seconds
